#
# There is insufficient memory for the Java Runtime Environment to continue.
# Native memory allocation (mmap) failed to map 65536 bytes for Failed to commit metaspace.
# Possible reasons:
#   The system is out of physical RAM or swap space
#   The process is running with CompressedOops enabled, and the Java Heap may be blocking the growth of the native heap
# Possible solutions:
#   Reduce memory load on the system
#   Increase physical memory or swap space
#   Check if swap backing store is full
#   Decrease Java heap size (-Xmx/-Xms)
#   Decrease number of Java threads
#   Decrease Java thread stack sizes (-Xss)
#   Set larger code cache with -XX:ReservedCodeCacheSize=
#
#  Out of Memory Error (virtualSpaceNode.cpp:110), pid=7232, tid=13764
#
# JRE version: OpenJDK Runtime Environment Microsoft-8902769 (17.0.10+7) (build 17.0.10+7-LTS)
# Java VM: OpenJDK 64-Bit Server VM Microsoft-8902769 (17.0.10+7-LTS, mixed mode, sharing, tiered, compressed oops, compressed class ptrs, g1 gc, windows-amd64)
# No core dump will be written. Minidumps are not enabled by default on client versions of Windows
#

---------------  S U M M A R Y ------------

Command Line: -Xmx64m -Xms64m -Dorg.gradle.appname=gradlew org.gradle.wrapper.GradleWrapperMain assembleRelease

Host: Intel(R) Core(TM) i5-3320M CPU @ 2.60GHz, 4 cores, 3G,  Windows 10 , 64 bit Build 19041 (10.0.19041.3636)
Time: Fri Apr  5 12:50:02 2024 Pakistan Standard Time elapsed time: 463.809202 seconds (0d 0h 7m 43s)

---------------  T H R E A D  ---------------

Current thread (0x0000028303b2ddd0):  JavaThread "main" [_thread_in_vm, id=13764, stack(0x0000008f39b00000,0x0000008f39c00000)]

Stack: [0x0000008f39b00000,0x0000008f39c00000]
Native frames: (J=compiled Java code, j=interpreted, Vv=VM code, C=native code)
V  [jvm.dll+0x67f829]
V  [jvm.dll+0x83750a]
V  [jvm.dll+0x838fce]
V  [jvm.dll+0x839633]
V  [jvm.dll+0x247cbf]
V  [jvm.dll+0x8331cb]
V  [jvm.dll+0x624286]
V  [jvm.dll+0x1c1a8e]
V  [jvm.dll+0x626be1]
V  [jvm.dll+0x624c26]
V  [jvm.dll+0x62eb17]
V  [jvm.dll+0x1eba6b]
V  [jvm.dll+0x1ebfa5]
V  [jvm.dll+0x1eca60]
V  [jvm.dll+0x1e1e61]
V  [jvm.dll+0x544cee]
V  [jvm.dll+0x7b1578]
V  [jvm.dll+0x7b1664]
V  [jvm.dll+0x412e15]
V  [jvm.dll+0x418f99]
C  [java.dll+0x17ec]

Java frames: (J=compiled Java code, j=interpreted, Vv=VM code)
J 793  java.lang.ClassLoader.defineClass1(Ljava/lang/ClassLoader;Ljava/lang/String;[BIILjava/security/ProtectionDomain;Ljava/lang/String;)Ljava/lang/Class; java.base@17.0.10 (0 bytes) @ 0x0000028313166663 [0x00000283131665a0+0x00000000000000c3]
J 953 c1 java.lang.ClassLoader.defineClass(Ljava/lang/String;[BIILjava/security/ProtectionDomain;)Ljava/lang/Class; java.base@17.0.10 (43 bytes) @ 0x000002830b819b54 [0x000002830b819800+0x0000000000000354]
J 819 c1 java.security.SecureClassLoader.defineClass(Ljava/lang/String;[BIILjava/security/CodeSource;)Ljava/lang/Class; java.base@17.0.10 (16 bytes) @ 0x000002830b7ce98c [0x000002830b7ce8c0+0x00000000000000cc]
J 904 c1 java.net.URLClassLoader.defineClass(Ljava/lang/String;Ljdk/internal/loader/Resource;)Ljava/lang/Class; java.base@17.0.10 (224 bytes) @ 0x000002830b800e44 [0x000002830b7ff3c0+0x0000000000001a84]
J 785 c1 java.net.URLClassLoader$1.run()Ljava/lang/Class; java.base@17.0.10 (81 bytes) @ 0x000002830b7be604 [0x000002830b7bd9a0+0x0000000000000c64]
J 784 c1 java.net.URLClassLoader$1.run()Ljava/lang/Object; java.base@17.0.10 (5 bytes) @ 0x000002830b7bd494 [0x000002830b7bd420+0x0000000000000074]
J 631 c1 java.security.AccessController.doPrivileged(Ljava/security/PrivilegedExceptionAction;Ljava/security/AccessControlContext;)Ljava/lang/Object; java.base@17.0.10 (26 bytes) @ 0x000002830b75a7fc [0x000002830b75a620+0x00000000000001dc]
J 768 c1 java.net.URLClassLoader.findClass(Ljava/lang/String;)Ljava/lang/Class; java.base@17.0.10 (47 bytes) @ 0x000002830b7a961c [0x000002830b7a9480+0x000000000000019c]
J 612 c1 java.lang.ClassLoader.loadClass(Ljava/lang/String;Z)Ljava/lang/Class; java.base@17.0.10 (121 bytes) @ 0x000002830b7529f4 [0x000002830b752440+0x00000000000005b4]
J 716 c1 java.lang.ClassLoader.loadClass(Ljava/lang/String;)Ljava/lang/Class; java.base@17.0.10 (7 bytes) @ 0x000002830b7943cc [0x000002830b7942c0+0x000000000000010c]
v  ~StubRoutines::call_stub
J 793  java.lang.ClassLoader.defineClass1(Ljava/lang/ClassLoader;Ljava/lang/String;[BIILjava/security/ProtectionDomain;Ljava/lang/String;)Ljava/lang/Class; java.base@17.0.10 (0 bytes) @ 0x0000028313166663 [0x00000283131665a0+0x00000000000000c3]
J 953 c1 java.lang.ClassLoader.defineClass(Ljava/lang/String;[BIILjava/security/ProtectionDomain;)Ljava/lang/Class; java.base@17.0.10 (43 bytes) @ 0x000002830b819b54 [0x000002830b819800+0x0000000000000354]
J 819 c1 java.security.SecureClassLoader.defineClass(Ljava/lang/String;[BIILjava/security/CodeSource;)Ljava/lang/Class; java.base@17.0.10 (16 bytes) @ 0x000002830b7ce98c [0x000002830b7ce8c0+0x00000000000000cc]
J 904 c1 java.net.URLClassLoader.defineClass(Ljava/lang/String;Ljdk/internal/loader/Resource;)Ljava/lang/Class; java.base@17.0.10 (224 bytes) @ 0x000002830b800e44 [0x000002830b7ff3c0+0x0000000000001a84]
J 785 c1 java.net.URLClassLoader$1.run()Ljava/lang/Class; java.base@17.0.10 (81 bytes) @ 0x000002830b7be604 [0x000002830b7bd9a0+0x0000000000000c64]
J 784 c1 java.net.URLClassLoader$1.run()Ljava/lang/Object; java.base@17.0.10 (5 bytes) @ 0x000002830b7bd494 [0x000002830b7bd420+0x0000000000000074]
J 631 c1 java.security.AccessController.doPrivileged(Ljava/security/PrivilegedExceptionAction;Ljava/security/AccessControlContext;)Ljava/lang/Object; java.base@17.0.10 (26 bytes) @ 0x000002830b75a7fc [0x000002830b75a620+0x00000000000001dc]
J 768 c1 java.net.URLClassLoader.findClass(Ljava/lang/String;)Ljava/lang/Class; java.base@17.0.10 (47 bytes) @ 0x000002830b7a961c [0x000002830b7a9480+0x000000000000019c]
J 612 c1 java.lang.ClassLoader.loadClass(Ljava/lang/String;Z)Ljava/lang/Class; java.base@17.0.10 (121 bytes) @ 0x000002830b7529f4 [0x000002830b752440+0x00000000000005b4]
J 716 c1 java.lang.ClassLoader.loadClass(Ljava/lang/String;)Ljava/lang/Class; java.base@17.0.10 (7 bytes) @ 0x000002830b7943cc [0x000002830b7942c0+0x000000000000010c]
v  ~StubRoutines::call_stub
j  java.lang.Class.forName0(Ljava/lang/String;ZLjava/lang/ClassLoader;Ljava/lang/Class;)Ljava/lang/Class;+0 java.base@17.0.10
j  java.lang.Class.forName(Ljava/lang/String;ZLjava/lang/ClassLoader;)Ljava/lang/Class;+43 java.base@17.0.10
j  org.gradle.internal.io.ClassLoaderObjectInputStream.resolveClass(Ljava/io/ObjectStreamClass;)Ljava/lang/Class;+9
j  java.io.ObjectInputStream.readNonProxyDesc(Z)Ljava/io/ObjectStreamClass;+106 java.base@17.0.10
j  java.io.ObjectInputStream.readClassDesc(Z)Ljava/io/ObjectStreamClass;+72 java.base@17.0.10
j  java.io.ObjectInputStream.readOrdinaryObject(Z)Ljava/lang/Object;+22 java.base@17.0.10
j  java.io.ObjectInputStream.readObject0(Ljava/lang/Class;Z)Ljava/lang/Object;+494 java.base@17.0.10
j  java.io.ObjectInputStream.readObject(Ljava/lang/Class;)Ljava/lang/Object;+42 java.base@17.0.10
j  java.io.ObjectInputStream.readObject()Ljava/lang/Object;+3 java.base@17.0.10
j  org.gradle.internal.serialize.Message.receive(Ljava/io/InputStream;Ljava/lang/ClassLoader;)Ljava/lang/Object;+11
J 1918 c1 org.gradle.internal.serialize.BaseSerializerFactory$ThrowableSerializer.read(Lorg/gradle/internal/serialize/Decoder;)Ljava/lang/Object; (6 bytes) @ 0x000002830b9c7bec [0x000002830b9c7820+0x00000000000003cc]
J 1917 c1 org.gradle.internal.logging.serializer.LogEventSerializer.read(Lorg/gradle/internal/serialize/Decoder;)Lorg/gradle/internal/logging/events/LogEvent; (100 bytes) @ 0x000002830b9c6b24 [0x000002830b9c6600+0x0000000000000524]
J 1916 c1 org.gradle.internal.logging.serializer.LogEventSerializer.read(Lorg/gradle/internal/serialize/Decoder;)Ljava/lang/Object; (6 bytes) @ 0x000002830b9c6244 [0x000002830b9c61c0+0x0000000000000084]
J 1760 c2 org.gradle.internal.serialize.DefaultSerializerRegistry$TaggedTypeSerializer.read(Lorg/gradle/internal/serialize/Decoder;)Ljava/lang/Object; (69 bytes) @ 0x00000283131b78f8 [0x00000283131b7800+0x00000000000000f8]
J 1493 c1 org.gradle.launcher.daemon.protocol.DaemonMessageSerializer$OutputMessageSerializer.read(Lorg/gradle/internal/serialize/Decoder;)Ljava/lang/Object; (6 bytes) @ 0x000002830b90190c [0x000002830b901760+0x00000000000001ac]
J 1760 c2 org.gradle.internal.serialize.DefaultSerializerRegistry$TaggedTypeSerializer.read(Lorg/gradle/internal/serialize/Decoder;)Ljava/lang/Object; (69 bytes) @ 0x00000283131b78f8 [0x00000283131b7800+0x00000000000000f8]
J 1568 c1 org.gradle.internal.remote.internal.inet.SocketConnection.receive()Ljava/lang/Object; (142 bytes) @ 0x000002830b92f86c [0x000002830b92f6c0+0x00000000000001ac]
J 1567 c1 org.gradle.launcher.daemon.client.DaemonClientConnection.receive()Lorg/gradle/launcher/daemon/protocol/Message; (81 bytes) @ 0x000002830b92de5c [0x000002830b92dda0+0x00000000000000bc]
J 1574 c1 org.gradle.launcher.daemon.client.DaemonClientConnection.receive()Ljava/lang/Object; (5 bytes) @ 0x000002830b939c94 [0x000002830b939c20+0x0000000000000074]
j  org.gradle.launcher.daemon.client.DaemonClient.monitorBuild(Lorg/gradle/launcher/daemon/protocol/Build;Lorg/gradle/launcher/daemon/diagnostics/DaemonDiagnostics;Lorg/gradle/internal/remote/internal/Connection;Lorg/gradle/initialization/BuildCancellationToken;Lorg/gradle/initialization/BuildEventConsumer;)Ljava/lang/Object;+44
j  org.gradle.launcher.daemon.client.DaemonClient.executeBuild(Lorg/gradle/launcher/daemon/protocol/Build;Lorg/gradle/launcher/daemon/client/DaemonClientConnection;Lorg/gradle/initialization/BuildCancellationToken;Lorg/gradle/initialization/BuildEventConsumer;)Lorg/gradle/launcher/exec/BuildActionResult;+128
j  org.gradle.launcher.daemon.client.DaemonClient.execute(Lorg/gradle/internal/invocation/BuildAction;Lorg/gradle/launcher/exec/BuildActionParameters;Lorg/gradle/initialization/BuildRequestContext;)Lorg/gradle/launcher/exec/BuildActionResult;+135
j  org.gradle.launcher.daemon.client.DaemonClient.execute(Lorg/gradle/internal/invocation/BuildAction;Ljava/lang/Object;Ljava/lang/Object;)Lorg/gradle/launcher/exec/BuildActionResult;+10
j  org.gradle.launcher.cli.RunBuildAction.run()V+74
j  org.gradle.internal.Actions$RunnableActionAdapter.execute(Ljava/lang/Object;)V+4
j  org.gradle.launcher.cli.DefaultCommandLineActionFactory$ParseAndBuildAction.execute(Lorg/gradle/launcher/bootstrap/ExecutionListener;)V+60
j  org.gradle.launcher.cli.DefaultCommandLineActionFactory$ParseAndBuildAction.execute(Ljava/lang/Object;)V+5
j  org.gradle.launcher.cli.DebugLoggerWarningAction.execute(Lorg/gradle/launcher/bootstrap/ExecutionListener;)V+9
j  org.gradle.launcher.cli.DebugLoggerWarningAction.execute(Ljava/lang/Object;)V+5
j  org.gradle.launcher.cli.WelcomeMessageAction.execute(Lorg/gradle/launcher/bootstrap/ExecutionListener;)V+218
j  org.gradle.launcher.cli.WelcomeMessageAction.execute(Ljava/lang/Object;)V+5
j  org.gradle.launcher.cli.NativeServicesInitializingAction.execute(Lorg/gradle/launcher/bootstrap/ExecutionListener;)V+35
j  org.gradle.launcher.cli.NativeServicesInitializingAction.execute(Ljava/lang/Object;)V+5
j  org.gradle.launcher.cli.ExceptionReportingAction.execute(Lorg/gradle/launcher/bootstrap/ExecutionListener;)V+5
j  org.gradle.launcher.cli.ExceptionReportingAction.execute(Ljava/lang/Object;)V+5
j  org.gradle.launcher.cli.DefaultCommandLineActionFactory$WithLogging.execute(Lorg/gradle/launcher/bootstrap/ExecutionListener;)V+299
j  org.gradle.launcher.Main.doAction([Ljava/lang/String;Lorg/gradle/launcher/bootstrap/ExecutionListener;)V+14
j  org.gradle.launcher.bootstrap.EntryPoint.run([Ljava/lang/String;)V+12
v  ~StubRoutines::call_stub
j  jdk.internal.reflect.NativeMethodAccessorImpl.invoke0(Ljava/lang/reflect/Method;Ljava/lang/Object;[Ljava/lang/Object;)Ljava/lang/Object;+0 java.base@17.0.10
j  jdk.internal.reflect.NativeMethodAccessorImpl.invoke(Ljava/lang/Object;[Ljava/lang/Object;)Ljava/lang/Object;+133 java.base@17.0.10
j  jdk.internal.reflect.DelegatingMethodAccessorImpl.invoke(Ljava/lang/Object;[Ljava/lang/Object;)Ljava/lang/Object;+6 java.base@17.0.10
j  java.lang.reflect.Method.invoke(Ljava/lang/Object;[Ljava/lang/Object;)Ljava/lang/Object;+59 java.base@17.0.10
j  org.gradle.launcher.bootstrap.ProcessBootstrap.runNoExit(Ljava/lang/String;[Ljava/lang/String;)V+155
j  org.gradle.launcher.bootstrap.ProcessBootstrap.run(Ljava/lang/String;[Ljava/lang/String;)V+2
v  ~StubRoutines::call_stub
j  jdk.internal.reflect.NativeMethodAccessorImpl.invoke0(Ljava/lang/reflect/Method;Ljava/lang/Object;[Ljava/lang/Object;)Ljava/lang/Object;+0 java.base@17.0.10
j  jdk.internal.reflect.NativeMethodAccessorImpl.invoke(Ljava/lang/Object;[Ljava/lang/Object;)Ljava/lang/Object;+133 java.base@17.0.10
j  jdk.internal.reflect.DelegatingMethodAccessorImpl.invoke(Ljava/lang/Object;[Ljava/lang/Object;)Ljava/lang/Object;+6 java.base@17.0.10
j  java.lang.reflect.Method.invoke(Ljava/lang/Object;[Ljava/lang/Object;)Ljava/lang/Object;+59 java.base@17.0.10
j  org.gradle.launcher.GradleMain.main([Ljava/lang/String;)V+100
v  ~StubRoutines::call_stub
j  jdk.internal.reflect.NativeMethodAccessorImpl.invoke0(Ljava/lang/reflect/Method;Ljava/lang/Object;[Ljava/lang/Object;)Ljava/lang/Object;+0 java.base@17.0.10
j  jdk.internal.reflect.NativeMethodAccessorImpl.invoke(Ljava/lang/Object;[Ljava/lang/Object;)Ljava/lang/Object;+133 java.base@17.0.10
j  jdk.internal.reflect.DelegatingMethodAccessorImpl.invoke(Ljava/lang/Object;[Ljava/lang/Object;)Ljava/lang/Object;+6 java.base@17.0.10
j  java.lang.reflect.Method.invoke(Ljava/lang/Object;[Ljava/lang/Object;)Ljava/lang/Object;+59 java.base@17.0.10
j  org.gradle.wrapper.BootstrapMainStarter.start([Ljava/lang/String;Ljava/io/File;)V+105
j  org.gradle.wrapper.WrapperExecutor.execute([Ljava/lang/String;Lorg/gradle/wrapper/Install;Lorg/gradle/wrapper/BootstrapMainStarter;)V+14
j  org.gradle.wrapper.GradleWrapperMain.main([Ljava/lang/String;)V+206
v  ~StubRoutines::call_stub

Compiled method (n/a)  463959  793     n 0       java.lang.ClassLoader::defineClass1 (native)
 total in heap  [0x0000028313166410,0x00000283131668f0] = 1248
 relocation     [0x0000028313166568,0x00000283131665a0] = 56
 main code      [0x00000283131665a0,0x00000283131668f0] = 848

[Constant Pool (empty)]

[MachCode]
[Entry Point]
  # {method} {0x000002831d010f28} 'defineClass1' '(Ljava/lang/ClassLoader;Ljava/lang/String;[BIILjava/security/ProtectionDomain;Ljava/lang/String;)Ljava/lang/Class;' in 'java/lang/ClassLoader'
  # parm0:    rdx:rdx   = 'java/lang/ClassLoader'
  # parm1:    r8:r8     = 'java/lang/String'
  # parm2:    r9:r9     = '[B'
  # parm3:    rdi       = int
  # parm4:    rsi       = int
  # parm5:    rcx:rcx   = 'java/security/ProtectionDomain'
  # parm6:    [sp+0xa0]   = 'java/lang/String'  (sp of caller)
  0x00000283131665a0: 448b 5208 | 49bb 0000 | 001d 8302 | 0000 4d03 | d349 3bc2 | 0f84 0600 

  0x00000283131665b8: ;   {runtime_call ic_miss_stub}
  0x00000283131665b8: 0000 e9c1 | aaa6 ff90 
[Verified Entry Point]
  0x00000283131665c0: 8984 2400 | 90ff ff55 | 488b ec48 | 81ec 9000 | 0000 4881 | 7d10 0000 | 0000 488d | 4510 480f 
  0x00000283131665e0: 4445 1048 | 8944 2440 | 4889 4c24 | 7048 83f9 | 0048 8d44 | 2470 480f | 4444 2470 | 4889 4424 
  0x0000028313166600: 3848 8974 | 2430 4889 | 7c24 284c | 894c 2458 | 4983 f900 | 488d 4424 | 5848 0f44 | 4424 5848 
  0x0000028313166620: 8944 2420 | 4c89 4424 | 5049 83f8 | 004c 8d4c | 2450 4c0f | 444c 2450 | 4889 5424 | 4848 83fa 
  0x0000028313166640: 004c 8d44 | 2448 4c0f | 4444 2448 

  0x000002831316664c: ;   {oop(a 'java/lang/Class'{0x00000000fc133120} = 'java/lang/ClassLoader')}
  0x000002831316664c: 49be 2031 | 13fc 0000 | 0000 4c89 | 7424 784c | 8d74 2478 | 498b d6c5 

  0x0000028313166664: ;   {internal_word}
  0x0000028313166664: f877 49ba | 6366 1613 | 8302 0000 | 4d89 97a0 | 0200 0049 | 89a7 9802 

  0x000002831316667c: ;   {external_word}
  0x000002831316667c: 0000 49ba | 3966 c9c6 | fb7f 0000 | 4180 3a00 | 0f84 5200 | 0000 5241 

  0x0000028313166694: ;   {metadata({method} {0x000002831d010f28} 'defineClass1' '(Ljava/lang/ClassLoader;Ljava/lang/String;[BIILjava/security/ProtectionDomain;Ljava/lang/String;)Ljava/lang/Class;' in 'java/lang/ClassLoader')}
  0x0000028313166694: 5041 5148 | ba20 0f01 | 1d83 0200 | 0049 8bcf | 4883 ec20 | f7c4 0f00 | 0000 0f84 | 1a00 0000 
  0x00000283131666b4: 4883 ec08 

  0x00000283131666b8: ;   {runtime_call}
  0x00000283131666b8: 49ba b059 | 7fc6 fb7f | 0000 41ff | d248 83c4 | 08e9 0d00 

  0x00000283131666cc: ;   {runtime_call}
  0x00000283131666cc: 0000 49ba | b059 7fc6 | fb7f 0000 | 41ff d248 | 83c4 2041 | 5941 585a | 498d 8fb8 | 0200 0041 
  0x00000283131666ec: c787 4803 | 0000 0400 

  0x00000283131666f4: ;   {runtime_call}
  0x00000283131666f4: 0000 49ba | ac16 0afa | fb7f 0000 | 41ff d2c5 | f877 41c7 | 8748 0300 | 0005 0000 | 00f0 8344 
  0x0000028313166714: 24c0 0049 | 3baf 5003 | 0000 0f87 | 1100 0000 | 4181 bf38 | 0300 0000 | 0000 000f | 842c 0000 
  0x0000028313166734: 00c5 f877 | 4889 45f8 | 498b cf4c | 8be4 4883 | ec20 4883 

  0x0000028313166748: ;   {runtime_call}
  0x0000028313166748: e4f0 49ba | 906e 8fc6 | fb7f 0000 | 41ff d249 | 8be4 4d33 | e448 8b45 | f841 c787 | 4803 0000 
  0x0000028313166768: 0800 0000 | 4181 bfb8 | 0300 0002 | 0000 000f | 843f 0100 

  0x000002831316677c: ;   {external_word}
  0x000002831316677c: 0049 ba39 | 66c9 c6fb | 7f00 0041 | 803a 000f | 8450 0000 | 0048 8945 

  0x0000028313166794: ;   {metadata({method} {0x000002831d010f28} 'defineClass1' '(Ljava/lang/ClassLoader;Ljava/lang/String;[BIILjava/security/ProtectionDomain;Ljava/lang/String;)Ljava/lang/Class;' in 'java/lang/ClassLoader')}
  0x0000028313166794: f848 ba20 | 0f01 1d83 | 0200 0049 | 8bcf 4883 | ec20 f7c4 | 0f00 0000 | 0f84 1a00 | 0000 4883 
  0x00000283131667b4: ;   {runtime_call}
  0x00000283131667b4: ec08 49ba | b059 7fc6 | fb7f 0000 | 41ff d248 | 83c4 08e9 | 0d00 0000 

  0x00000283131667cc: ;   {runtime_call}
  0x00000283131667cc: 49ba b059 | 7fc6 fb7f | 0000 41ff | d248 83c4 | 2048 8b45 | f849 c787 | 9802 0000 | 0000 0000 
  0x00000283131667ec: 49c7 87a0 | 0200 0000 | 0000 00c5 | f877 4885 | c00f 8493 | 0000 0048 | f7c0 0100 | 0000 0f84 
  0x000002831316680c: 8300 0000 | 488b 40ff | 4180 7f38 | 000f 846f | 0000 0048 | 83f8 000f | 8465 0000 | 0049 8b4f 
  0x000002831316682c: 2048 83f9 | 000f 8414 | 0000 0048 | 83e9 0849 | 894f 2049 | 034f 3048 | 8901 e943 | 0000 0050 
  0x000002831316684c: 498b d748 | 8bc8 4883 | ec20 f7c4 | 0f00 0000 | 0f84 1a00 | 0000 4883 

  0x0000028313166864: ;   {runtime_call}
  0x0000028313166864: ec08 49ba | e06d 3ec6 | fb7f 0000 | 41ff d248 | 83c4 08e9 | 0d00 0000 

  0x000002831316687c: ;   {runtime_call}
  0x000002831316687c: 49ba e06d | 3ec6 fb7f | 0000 41ff | d248 83c4 | 2058 e903 | 0000 0048 | 8b00 498b | 8fd8 0000 
  0x000002831316689c: 00c7 8100 | 0100 0000 | 0000 00c9 | 4981 7f08 | 0000 0000 | 0f85 0100 

  0x00000283131668b4: ;   {runtime_call StubRoutines (1)}
  0x00000283131668b4: 0000 c3e9 | 44a6 a1ff | c5f8 7748 | 8945 f84c | 8be4 4883 | ec20 4883 

  0x00000283131668cc: ;   {runtime_call}
  0x00000283131668cc: e4f0 49ba | 308a 7fc6 | fb7f 0000 | 41ff d249 | 8be4 4d33 | e448 8b45 | f8e9 93fe | ffff f4f4 
  0x00000283131668ec: f4f4 f4f4 
[/MachCode]


Compiled method (c1)  463976  953       3       java.lang.ClassLoader::defineClass (43 bytes)
 total in heap  [0x000002830b819610,0x000002830b819f48] = 2360
 relocation     [0x000002830b819768,0x000002830b8197f8] = 144
 main code      [0x000002830b819800,0x000002830b819ca0] = 1184
 stub code      [0x000002830b819ca0,0x000002830b819d18] = 120
 metadata       [0x000002830b819d18,0x000002830b819d48] = 48
 scopes data    [0x000002830b819d48,0x000002830b819e38] = 240
 scopes pcs     [0x000002830b819e38,0x000002830b819f18] = 224
 dependencies   [0x000002830b819f18,0x000002830b819f20] = 8
 nul chk table  [0x000002830b819f20,0x000002830b819f48] = 40

[Constant Pool (empty)]

[MachCode]
[Entry Point]
  # {method} {0x000002831d010cc0} 'defineClass' '(Ljava/lang/String;[BIILjava/security/ProtectionDomain;)Ljava/lang/Class;' in 'java/lang/ClassLoader'
  # this:     rdx:rdx   = 'java/lang/ClassLoader'
  # parm0:    r8:r8     = 'java/lang/String'
  # parm1:    r9:r9     = '[B'
  # parm2:    rdi       = int
  # parm3:    rsi       = int
  # parm4:    rcx:rcx   = 'java/security/ProtectionDomain'
  #           [sp+0xc0]  (sp of caller)
  0x000002830b819800: 448b 5208 | 49bb 0000 | 001d 8302 | 0000 4d03 | d34c 3bd0 

  0x000002830b819814: ;   {runtime_call ic_miss_stub}
  0x000002830b819814: 0f85 6678 | 3b07 660f | 1f44 0000 
[Verified Entry Point]
  0x000002830b819820: 8984 2400 | 90ff ff55 | 4881 ecb0 | 0000 0048 | 8954 2478 

  0x000002830b819834: ;   {metadata(method data for {method} {0x000002831d010cc0} 'defineClass' '(Ljava/lang/String;[BIILjava/security/ProtectionDomain;)Ljava/lang/Class;' in 'java/lang/ClassLoader')}
  0x000002830b819834: 48bb d884 | 1b5e 8302 | 0000 8b83 | cc00 0000 | 83c0 0289 | 83cc 0000 | 0081 e0fe | 0700 0083 
  0x000002830b819854: f800 0f84 | 4e03 0000 | 89b4 2494 | 0000 0089 | bc24 9000 | 0000 4c89 | 8c24 8800 | 0000 488b 
  0x000002830b819874: ;   {metadata(method data for {method} {0x000002831d010cc0} 'defineClass' '(Ljava/lang/String;[BIILjava/security/ProtectionDomain;)Ljava/lang/Class;' in 'java/lang/ClassLoader')}
  0x000002830b819874: da48 b8d8 | 841b 5e83 | 0200 0048 | 8380 1001 | 0000 0149 | 8bd8 4c8b | c34c 8bc9 | 488b ca48 
  0x000002830b819894: 8bd1 4889 | 9c24 8000 

  0x000002830b81989c: ;   {optimized virtual_call}
  0x000002830b81989c: 0000 90e8 

  0x000002830b8198a0: ; ImmutableOopMap {[120]=Oop [136]=Oop [128]=Oop }
                      ;*invokevirtual preDefineClass {reexecute=0 rethrow=0 return_oop=0}
                      ; - java.lang.ClassLoader::defineClass@4 (line 1015)
  0x000002830b8198a0: fc1c ffff | 4889 8424 | 9800 0000 | 488b 5424 

  0x000002830b8198b0: ;   {metadata(method data for {method} {0x000002831d010cc0} 'defineClass' '(Ljava/lang/String;[BIILjava/security/ProtectionDomain;)Ljava/lang/Class;' in 'java/lang/ClassLoader')}
  0x000002830b8198b0: 7849 b8d8 | 841b 5e83 | 0200 0049 | 8380 4801 

  0x000002830b8198c0: ;   {metadata(method data for {method} {0x000002831d010ed0} 'defineClassSourceLocation' '(Ljava/security/ProtectionDomain;)Ljava/lang/String;' in 'java/lang/ClassLoader')}
  0x000002830b8198c0: 0000 0149 | b848 611e | 5e83 0200 | 0041 8b90 | cc00 0000 | 83c2 0241 | 8990 cc00 | 0000 81e2 
  0x000002830b8198e0: feff 1f00 | 83fa 000f | 84de 0200 | 0048 3b00 

  0x000002830b8198f0: ;   {metadata(method data for {method} {0x000002831d010ed0} 'defineClassSourceLocation' '(Ljava/security/ProtectionDomain;)Ljava/lang/String;' in 'java/lang/ClassLoader')}
  0x000002830b8198f0: 4c8b c048 | ba48 611e | 5e83 0200 | 0048 8382 | 1001 0000 | 0144 8b40 | 1049 83f8 

  0x000002830b81990c: ;   {metadata(method data for {method} {0x000002831d010ed0} 'defineClassSourceLocation' '(Ljava/security/ProtectionDomain;)Ljava/lang/String;' in 'java/lang/ClassLoader')}
  0x000002830b81990c: 0048 ba48 | 611e 5e83 | 0200 0048 | be58 0100 | 0000 0000 | 000f 850a | 0000 0048 | be48 0100 
  0x000002830b81992c: 0000 0000 | 0048 8b3c | 3248 8d7f | 0148 893c | 320f 850f 

  0x000002830b819940: ;   {oop(NULL)}
  0x000002830b819940: 0000 0048 | bb00 0000 | 0000 0000 | 00e9 ad01 | 0000 493b | 0049 8bd0 

  0x000002830b819958: ;   {metadata(method data for {method} {0x000002831d010ed0} 'defineClassSourceLocation' '(Ljava/security/ProtectionDomain;)Ljava/lang/String;' in 'java/lang/ClassLoader')}
  0x000002830b819958: 48be 4861 | 1e5e 8302 | 0000 4883 | 8668 0100 | 0001 418b | 500c 4883 

  0x000002830b819970: ;   {metadata(method data for {method} {0x000002831d010ed0} 'defineClassSourceLocation' '(Ljava/security/ProtectionDomain;)Ljava/lang/String;' in 'java/lang/ClassLoader')}
  0x000002830b819970: fa00 48be | 4861 1e5e | 8302 0000 | 48bf b001 | 0000 0000 | 0000 0f85 | 0a00 0000 | 48bf a001 
  0x000002830b819990: 0000 0000 | 0000 488b | 1c3e 488d | 5b01 4889 | 1c3e 0f85 | 0f00 0000 

  0x000002830b8199a8: ;   {oop(NULL)}
  0x000002830b8199a8: 48bb 0000 | 0000 0000 | 0000 e948 

  0x000002830b8199b4: ;   {metadata(method data for {method} {0x000002831d010ed0} 'defineClassSourceLocation' '(Ljava/security/ProtectionDomain;)Ljava/lang/String;' in 'java/lang/ClassLoader')}
  0x000002830b8199b4: 0100 0048 | be48 611e | 5e83 0200 | 0048 8386 | c001 0000 | 0148 3b02 

  0x000002830b8199cc: ;   {metadata(method data for {method} {0x000002831d010ed0} 'defineClassSourceLocation' '(Ljava/security/ProtectionDomain;)Ljava/lang/String;' in 'java/lang/ClassLoader')}
  0x000002830b8199cc: 4c8b c248 | be48 611e | 5e83 0200 | 0048 8386 | f801 0000 

  0x000002830b8199e0: ;   {metadata(method data for {method} {0x000002831d069930} 'toString' '()Ljava/lang/String;' in 'java/net/URL')}
  0x000002830b8199e0: 0149 b850 | e516 5e83 | 0200 0041 | 8bb0 cc00 | 0000 83c6 | 0241 89b0 | cc00 0000 | 81e6 feff 
  0x000002830b819a00: 1f00 83fe | 000f 84f0 | 0100 004c 

  0x000002830b819a0c: ;   {metadata(method data for {method} {0x000002831d069930} 'toString' '()Ljava/lang/String;' in 'java/net/URL')}
  0x000002830b819a0c: 8bc2 48be | 50e5 165e | 8302 0000 | 4883 8610 | 0100 0001 

  0x000002830b819a20: ;   {metadata(method data for {method} {0x000002831d06a1c8} 'toExternalForm' '()Ljava/lang/String;' in 'java/net/URL')}
  0x000002830b819a20: 49b8 d8e6 | 165e 8302 | 0000 418b | b0cc 0000 | 0083 c602 | 4189 b0cc | 0000 0081 | e6fe ff1f 
  0x000002830b819a40: 0083 fe00 | 0f84 d201 | 0000 8b72 | 3848 3b06 

  0x000002830b819a50: ;   {metadata(method data for {method} {0x000002831d06a1c8} 'toExternalForm' '()Ljava/lang/String;' in 'java/net/URL')}
  0x000002830b819a50: 4c8b c648 | bfd8 e616 | 5e83 0200 | 0045 8b40 | 0849 ba00 | 0000 1d83 | 0200 004d | 03c2 4c3b 
  0x000002830b819a70: 8720 0100 | 0075 0d48 | 8387 2801 | 0000 01e9 | 6600 0000 | 4c3b 8730 | 0100 0075 | 0d48 8387 
  0x000002830b819a90: 3801 0000 | 01e9 5000 | 0000 4881 | bf20 0100 | 0000 0000 | 0075 174c | 8987 2001 | 0000 48c7 
  0x000002830b819ab0: 8728 0100 | 0001 0000 | 00e9 2c00 | 0000 4881 | bf30 0100 | 0000 0000 | 0075 174c | 8987 3001 
  0x000002830b819ad0: 0000 48c7 | 8738 0100 | 0001 0000 | 00e9 0800 | 0000 4883 | 8710 0100 | 0001 4c8b | c248 8bd6 
  0x000002830b819af0: 0f1f 8000 

  0x000002830b819af4: ;   {optimized virtual_call}
  0x000002830b819af4: 0000 00e8 

  0x000002830b819af8: ; ImmutableOopMap {[120]=Oop [136]=Oop [128]=Oop [152]=Oop }
                      ;*invokevirtual toExternalForm {reexecute=0 rethrow=0 return_oop=0}
                      ; - java.net.URL::toExternalForm@5 (line 1039)
                      ; - java.net.URL::toString@1 (line 1025)
                      ; - java.lang.ClassLoader::defineClassSourceLocation@22 (line 917)
                      ; - java.lang.ClassLoader::defineClass@12 (line 1016)
  0x000002830b819af8: c401 f5ff | 488b d848 | 8b84 2498 | 0000 008b | b424 9400 | 0000 8bbc | 2490 0000 | 004c 8b8c 
  0x000002830b819b18: 2488 0000 | 004c 8b84 | 2480 0000 | 0048 8b54 

  0x000002830b819b28: ;   {metadata(method data for {method} {0x000002831d010cc0} 'defineClass' '(Ljava/lang/String;[BIILjava/security/ProtectionDomain;)Ljava/lang/Class;' in 'java/lang/ClassLoader')}
  0x000002830b819b28: 2478 48b9 | d884 1b5e | 8302 0000 | 4883 8180 | 0100 0001 | 4c8b da49 | 8bd3 488b | c848 891c 
  0x000002830b819b48: 2466 0f1f 

  0x000002830b819b4c: ;   {static_call}
  0x000002830b819b4c: 4400 00e8 

  0x000002830b819b50: ; ImmutableOopMap {[152]=Oop [120]=Oop }
                      ;*invokestatic defineClass1 {reexecute=0 rethrow=0 return_oop=0}
                      ; - java.lang.ClassLoader::defineClass@27 (line 1017)
  0x000002830b819b50: 6cca 9407 | 488b 5424 

  0x000002830b819b58: ;   {metadata(method data for {method} {0x000002831d010cc0} 'defineClass' '(Ljava/lang/String;[BIILjava/security/ProtectionDomain;)Ljava/lang/Class;' in 'java/lang/ClassLoader')}
  0x000002830b819b58: 7849 b8d8 | 841b 5e83 | 0200 0049 | 8380 9001 | 0000 014c | 8bc0 4c8b | 8c24 9800 | 0000 488b 
  0x000002830b819b78: 5424 7848 | 8984 24a0 | 0000 000f 

  0x000002830b819b84: ;   {optimized virtual_call}
  0x000002830b819b84: 1f40 00e8 

  0x000002830b819b88: ; ImmutableOopMap {[160]=Oop }
                      ;*invokevirtual postDefineClass {reexecute=0 rethrow=0 return_oop=0}
                      ; - java.lang.ClassLoader::defineClass@37 (line 1018)
  0x000002830b819b88: 145e f9ff | 488b 8424 | a000 0000 | 4881 c4b0 | 0000 005d 

  0x000002830b819b9c: ;   {poll_return}
  0x000002830b819b9c: 493b a750 | 0300 000f | 8799 0000 

  0x000002830b819ba8: ;   {metadata({method} {0x000002831d010cc0} 'defineClass' '(Ljava/lang/String;[BIILjava/security/ProtectionDomain;)Ljava/lang/Class;' in 'java/lang/ClassLoader')}
  0x000002830b819ba8: 00c3 49ba | b80c 011d | 8302 0000 | 4c89 5424 | 0848 c704 | 24ff ffff 

  0x000002830b819bc0: ;   {runtime_call counter_overflow Runtime1 stub}
  0x000002830b819bc0: ffe8 ba13 

  0x000002830b819bc4: ; ImmutableOopMap {rdx=Oop [120]=Oop r8=Oop r9=Oop rcx=Oop }
                      ;*synchronization entry
                      ; - java.lang.ClassLoader::defineClass@-1 (line 1015)
  0x000002830b819bc4: 4607 e991 

  0x000002830b819bc8: ;   {metadata({method} {0x000002831d010ed0} 'defineClassSourceLocation' '(Ljava/security/ProtectionDomain;)Ljava/lang/String;' in 'java/lang/ClassLoader')}
  0x000002830b819bc8: fcff ff49 | bac8 0e01 | 1d83 0200 | 004c 8954 | 2408 48c7 | 0424 ffff 

  0x000002830b819be0: ;   {runtime_call counter_overflow Runtime1 stub}
  0x000002830b819be0: ffff e899 

  0x000002830b819be4: ; ImmutableOopMap {[120]=Oop [136]=Oop [128]=Oop rax=Oop [152]=Oop }
                      ;*synchronization entry
                      ; - java.lang.ClassLoader::defineClassSourceLocation@-1 (line 914)
                      ; - java.lang.ClassLoader::defineClass@12 (line 1016)
  0x000002830b819be4: 1346 07e9 | 01fd ffff 

  0x000002830b819bec: ;   {runtime_call throw_null_pointer_exception Runtime1 stub}
  0x000002830b819bec: e8af bc45 

  0x000002830b819bf0: ; ImmutableOopMap {[120]=Oop [136]=Oop [128]=Oop rax=Oop [152]=Oop }
                      ;*invokevirtual getCodeSource {reexecute=0 rethrow=0 return_oop=0}
                      ; - java.lang.ClassLoader::defineClassSourceLocation@1 (line 914)
                      ; - java.lang.ClassLoader::defineClass@12 (line 1016)
                      ;   {runtime_call throw_null_pointer_exception Runtime1 stub}
  0x000002830b819bf0: 07e8 aabc 

  0x000002830b819bf4: ; ImmutableOopMap {[120]=Oop [136]=Oop [128]=Oop rax=Oop [152]=Oop r8=Oop }
                      ;*invokevirtual getLocation {reexecute=0 rethrow=0 return_oop=0}
                      ; - java.lang.ClassLoader::defineClassSourceLocation@12 (line 916)
                      ; - java.lang.ClassLoader::defineClass@12 (line 1016)
                      ;   {runtime_call throw_null_pointer_exception Runtime1 stub}
  0x000002830b819bf4: 4507 e8a5 

  0x000002830b819bf8: ; ImmutableOopMap {[120]=Oop [136]=Oop [128]=Oop [152]=Oop rdx=Oop }
                      ;*invokevirtual toString {reexecute=0 rethrow=0 return_oop=0}
                      ; - java.lang.ClassLoader::defineClassSourceLocation@22 (line 917)
                      ; - java.lang.ClassLoader::defineClass@12 (line 1016)
                      ;   {metadata({method} {0x000002831d069930} 'toString' '()Ljava/lang/String;' in 'java/net/URL')}
  0x000002830b819bf8: bc45 0749 | ba28 9906 | 1d83 0200 | 004c 8954 | 2408 48c7 | 0424 ffff 

  0x000002830b819c10: ;   {runtime_call counter_overflow Runtime1 stub}
  0x000002830b819c10: ffff e869 

  0x000002830b819c14: ; ImmutableOopMap {[120]=Oop [136]=Oop [128]=Oop [152]=Oop rdx=Oop }
                      ;*synchronization entry
                      ; - java.net.URL::toString@-1 (line 1025)
                      ; - java.lang.ClassLoader::defineClassSourceLocation@22 (line 917)
                      ; - java.lang.ClassLoader::defineClass@12 (line 1016)
  0x000002830b819c14: 1346 07e9 | effd ffff 

  0x000002830b819c1c: ;   {metadata({method} {0x000002831d06a1c8} 'toExternalForm' '()Ljava/lang/String;' in 'java/net/URL')}
  0x000002830b819c1c: 49ba c0a1 | 061d 8302 | 0000 4c89 | 5424 0848 | c704 24ff 

  0x000002830b819c30: ;   {runtime_call counter_overflow Runtime1 stub}
  0x000002830b819c30: ffff ffe8 

  0x000002830b819c34: ; ImmutableOopMap {[120]=Oop [136]=Oop [128]=Oop [152]=Oop rdx=Oop }
                      ;*synchronization entry
                      ; - java.net.URL::toExternalForm@-1 (line 1039)
                      ; - java.net.URL::toString@1 (line 1025)
                      ; - java.lang.ClassLoader::defineClassSourceLocation@22 (line 917)
                      ; - java.lang.ClassLoader::defineClass@12 (line 1016)
  0x000002830b819c34: 4813 4607 | e90d feff 

  0x000002830b819c3c: ;   {runtime_call throw_null_pointer_exception Runtime1 stub}
  0x000002830b819c3c: ffe8 5ebc 

  0x000002830b819c40: ; ImmutableOopMap {[120]=Oop [136]=Oop [128]=Oop [152]=Oop rdx=Oop rsi=Oop }
                      ;*invokevirtual toExternalForm {reexecute=0 rethrow=0 return_oop=0}
                      ; - java.net.URL::toExternalForm@5 (line 1039)
                      ; - java.net.URL::toString@1 (line 1025)
                      ; - java.lang.ClassLoader::defineClassSourceLocation@22 (line 917)
                      ; - java.lang.ClassLoader::defineClass@12 (line 1016)
                      ;   {internal_word}
  0x000002830b819c40: 4507 49ba | 9c9b 810b | 8302 0000 | 4d89 9768 

  0x000002830b819c50: ;   {runtime_call SafepointBlob}
  0x000002830b819c50: 0300 00e9 | a8dd 3b07 | 9090 498b | 87e0 0300 | 0049 c787 | e003 0000 | 0000 0000 | 49c7 87e8 
  0x000002830b819c70: 0300 0000 | 0000 0048 | 81c4 b000 

  0x000002830b819c7c: ;   {runtime_call unwind_exception Runtime1 stub}
  0x000002830b819c7c: 0000 5de9 | fca9 4507 | f4f4 f4f4 | f4f4 f4f4 | f4f4 f4f4 | f4f4 f4f4 | f4f4 f4f4 | f4f4 f4f4 
  0x000002830b819c9c: f4f4 f4f4 
[Stub Code]
  0x000002830b819ca0: ;   {no_reloc}
  0x000002830b819ca0: 0f1f 4400 

  0x000002830b819ca4: ;   {static_stub}
  0x000002830b819ca4: 0048 bb00 | 0000 0000 

  0x000002830b819cac: ;   {runtime_call}
  0x000002830b819cac: 0000 00e9 | fbff ffff 

  0x000002830b819cb4: ;   {static_stub}
  0x000002830b819cb4: 9048 bb00 | 0000 0000 

  0x000002830b819cbc: ;   {runtime_call}
  0x000002830b819cbc: 0000 00e9 | fbff ffff 

  0x000002830b819cc4: ;   {static_stub}
  0x000002830b819cc4: 9048 bb00 | 0000 0000 

  0x000002830b819ccc: ;   {runtime_call}
  0x000002830b819ccc: 0000 00e9 | fbff ffff 

  0x000002830b819cd4: ;   {static_stub}
  0x000002830b819cd4: 9048 bb00 | 0000 0000 

  0x000002830b819cdc: ;   {runtime_call}
  0x000002830b819cdc: 0000 00e9 | fbff ffff 
[Exception Handler]
  0x000002830b819ce4: ;   {runtime_call handle_exception_from_callee Runtime1 stub}
  0x000002830b819ce4: e897 df45 

  0x000002830b819ce8: ;   {external_word}
  0x000002830b819ce8: 0748 b940 | caa3 c6fb | 7f00 0048 

  0x000002830b819cf4: ;   {runtime_call}
  0x000002830b819cf4: 83e4 f049 | ba00 536c | c6fb 7f00 | 0041 ffd2 

  0x000002830b819d04: ;   {section_word}
  0x000002830b819d04: f449 ba05 | 9d81 0b83 | 0200 0041 

  0x000002830b819d10: ;   {runtime_call DeoptimizationBlob}
  0x000002830b819d10: 52e9 8acf | 3b07 f4f4 
[/MachCode]


Compiled method (c1)  464017  819       3       java.security.SecureClassLoader::defineClass (16 bytes)
 total in heap  [0x000002830b7ce710,0x000002830b7ceb00] = 1008
 relocation     [0x000002830b7ce868,0x000002830b7ce8b0] = 72
 main code      [0x000002830b7ce8c0,0x000002830b7cea00] = 320
 stub code      [0x000002830b7cea00,0x000002830b7cea58] = 88
 metadata       [0x000002830b7cea58,0x000002830b7cea60] = 8
 scopes data    [0x000002830b7cea60,0x000002830b7ceaa8] = 72
 scopes pcs     [0x000002830b7ceaa8,0x000002830b7ceaf8] = 80
 dependencies   [0x000002830b7ceaf8,0x000002830b7ceb00] = 8

[Constant Pool (empty)]

[MachCode]
[Entry Point]
  # {method} {0x000002831d434328} 'defineClass' '(Ljava/lang/String;[BIILjava/security/CodeSource;)Ljava/lang/Class;' in 'java/security/SecureClassLoader'
  # this:     rdx:rdx   = 'java/security/SecureClassLoader'
  # parm0:    r8:r8     = 'java/lang/String'
  # parm1:    r9:r9     = '[B'
  # parm2:    rdi       = int
  # parm3:    rsi       = int
  # parm4:    rcx:rcx   = 'java/security/CodeSource'
  #           [sp+0x80]  (sp of caller)
  0x000002830b7ce8c0: 448b 5208 | 49bb 0000 | 001d 8302 | 0000 4d03 | d34c 3bd0 

  0x000002830b7ce8d4: ;   {runtime_call ic_miss_stub}
  0x000002830b7ce8d4: 0f85 a627 | 4007 660f | 1f44 0000 
[Verified Entry Point]
  0x000002830b7ce8e0: 8984 2400 | 90ff ff55 | 4883 ec70 

  0x000002830b7ce8ec: ;   {metadata(method data for {method} {0x000002831d434328} 'defineClass' '(Ljava/lang/String;[BIILjava/security/CodeSource;)Ljava/lang/Class;' in 'java/security/SecureClassLoader')}
  0x000002830b7ce8ec: 48bb 8006 | 1b5e 8302 | 0000 8b83 | cc00 0000 | 83c0 0289 | 83cc 0000 | 0081 e0fe | 0700 0083 
  0x000002830b7ce90c: f800 0f84 | 8b00 0000 | 8974 245c | 897c 2458 | 4c89 4c24 | 504c 8944 | 2448 488b 

  0x000002830b7ce928: ;   {metadata(method data for {method} {0x000002831d434328} 'defineClass' '(Ljava/lang/String;[BIILjava/security/CodeSource;)Ljava/lang/Class;' in 'java/security/SecureClassLoader')}
  0x000002830b7ce928: da48 b880 | 061b 5e83 | 0200 0048 | 8380 1001 | 0000 014c | 8bc1 488b | c248 8bd0 | 4889 4424 
  0x000002830b7ce948: 4066 0f1f 

  0x000002830b7ce94c: ;   {optimized virtual_call}
  0x000002830b7ce94c: 4400 00e8 

  0x000002830b7ce950: ; ImmutableOopMap {[80]=Oop [64]=Oop [72]=Oop }
                      ;*invokevirtual getProtectionDomain {reexecute=0 rethrow=0 return_oop=0}
                      ; - java.security.SecureClassLoader::defineClass@9 (line 150)
  0x000002830b7ce950: cc95 0300 | 488b 5424 

  0x000002830b7ce958: ;   {metadata(method data for {method} {0x000002831d434328} 'defineClass' '(Ljava/lang/String;[BIILjava/security/CodeSource;)Ljava/lang/Class;' in 'java/security/SecureClassLoader')}
  0x000002830b7ce958: 4049 b880 | 061b 5e83 | 0200 0049 | 8380 4801 | 0000 014c | 8b44 2448 | 4c8b 4c24 | 508b 7c24 
  0x000002830b7ce978: 588b 7424 | 5c48 8bc8 | 488b 5424 

  0x000002830b7ce984: ;   {optimized virtual_call}
  0x000002830b7ce984: 4066 90e8 

  0x000002830b7ce988: ; ImmutableOopMap {}
                      ;*invokevirtual defineClass {reexecute=0 rethrow=0 return_oop=0}
                      ; - java.security.SecureClassLoader::defineClass@12 (line 150)
  0x000002830b7ce988: 94ae 0400 | 4883 c470 

  0x000002830b7ce990: ;   {poll_return}
  0x000002830b7ce990: 5d49 3ba7 | 5003 0000 | 0f87 2200 

  0x000002830b7ce99c: ;   {metadata({method} {0x000002831d434328} 'defineClass' '(Ljava/lang/String;[BIILjava/security/CodeSource;)Ljava/lang/Class;' in 'java/security/SecureClassLoader')}
  0x000002830b7ce99c: 0000 c349 | ba20 4343 | 1d83 0200 | 004c 8954 | 2408 48c7 | 0424 ffff 

  0x000002830b7ce9b4: ;   {runtime_call counter_overflow Runtime1 stub}
  0x000002830b7ce9b4: ffff e8c5 

  0x000002830b7ce9b8: ; ImmutableOopMap {rdx=Oop r8=Oop r9=Oop rcx=Oop }
                      ;*synchronization entry
                      ; - java.security.SecureClassLoader::defineClass@-1 (line 150)
  0x000002830b7ce9b8: c54a 07e9 | 54ff ffff 

  0x000002830b7ce9c0: ;   {internal_word}
  0x000002830b7ce9c0: 49ba 91e9 | 7c0b 8302 | 0000 4d89 | 9768 0300 

  0x000002830b7ce9d0: ;   {runtime_call SafepointBlob}
  0x000002830b7ce9d0: 00e9 2a90 | 4007 9090 | 498b 87e0 | 0300 0049 | c787 e003 | 0000 0000 | 0000 49c7 | 87e8 0300 
  0x000002830b7ce9f0: 0000 0000 | 0048 83c4 

  0x000002830b7ce9f8: ;   {runtime_call unwind_exception Runtime1 stub}
  0x000002830b7ce9f8: 705d e981 | 5c4a 07f4 
[Stub Code]
  0x000002830b7cea00: ;   {no_reloc}
  0x000002830b7cea00: 0f1f 4400 

  0x000002830b7cea04: ;   {static_stub}
  0x000002830b7cea04: 0048 bbd0 | 4343 1d83 

  0x000002830b7cea0c: ;   {runtime_call I2C/C2I adapters}
  0x000002830b7cea0c: 0200 00e9 | 497c 4007 

  0x000002830b7cea14: ;   {static_stub}
  0x000002830b7cea14: 9048 bbb8 | 0c01 1d83 

  0x000002830b7cea1c: ;   {runtime_call I2C/C2I adapters}
  0x000002830b7cea1c: 0200 00e9 | c78c 3f07 
[Exception Handler]
  0x000002830b7cea24: ;   {runtime_call handle_exception_from_callee Runtime1 stub}
  0x000002830b7cea24: e857 924a 

  0x000002830b7cea28: ;   {external_word}
  0x000002830b7cea28: 0748 b940 | caa3 c6fb | 7f00 0048 

  0x000002830b7cea34: ;   {runtime_call}
  0x000002830b7cea34: 83e4 f049 | ba00 536c | c6fb 7f00 | 0041 ffd2 

  0x000002830b7cea44: ;   {section_word}
  0x000002830b7cea44: f449 ba45 | ea7c 0b83 | 0200 0041 

  0x000002830b7cea50: ;   {runtime_call DeoptimizationBlob}
  0x000002830b7cea50: 52e9 4a82 | 4007 f4f4 
[/MachCode]


---------------  P R O C E S S  ---------------

Threads class SMR info:
_java_thread_list=0x0000028362fe4b10, length=15, elements={
0x0000028303b2ddd0, 0x0000028303bc2b50, 0x0000028303bc39d0, 0x0000028303bd89c0,
0x0000028303bd9840, 0x0000028303bdd320, 0x0000028303bddce0, 0x0000028303be1ed0,
0x0000028303bea8e0, 0x0000028303beeae0, 0x000002836204e4c0, 0x0000028362051820,
0x00000283626d7290, 0x0000028362e36580, 0x0000028362caa460
}

Java Threads: ( => current thread )
=>0x0000028303b2ddd0 JavaThread "main" [_thread_in_vm, id=13764, stack(0x0000008f39b00000,0x0000008f39c00000)]
  0x0000028303bc2b50 JavaThread "Reference Handler" daemon [_thread_blocked, id=6416, stack(0x0000008f3a200000,0x0000008f3a300000)]
  0x0000028303bc39d0 JavaThread "Finalizer" daemon [_thread_blocked, id=13876, stack(0x0000008f3a300000,0x0000008f3a400000)]
  0x0000028303bd89c0 JavaThread "Signal Dispatcher" daemon [_thread_blocked, id=8980, stack(0x0000008f3a400000,0x0000008f3a500000)]
  0x0000028303bd9840 JavaThread "Attach Listener" daemon [_thread_blocked, id=14196, stack(0x0000008f3a500000,0x0000008f3a600000)]
  0x0000028303bdd320 JavaThread "Service Thread" daemon [_thread_blocked, id=10884, stack(0x0000008f3a600000,0x0000008f3a700000)]
  0x0000028303bddce0 JavaThread "Monitor Deflation Thread" daemon [_thread_blocked, id=2332, stack(0x0000008f3a700000,0x0000008f3a800000)]
  0x0000028303be1ed0 JavaThread "C2 CompilerThread0" daemon [_thread_blocked, id=3160, stack(0x0000008f3a800000,0x0000008f3a900000)]
  0x0000028303bea8e0 JavaThread "C1 CompilerThread0" daemon [_thread_blocked, id=15456, stack(0x0000008f3a900000,0x0000008f3aa00000)]
  0x0000028303beeae0 JavaThread "Sweeper thread" daemon [_thread_blocked, id=12440, stack(0x0000008f3aa00000,0x0000008f3ab00000)]
  0x000002836204e4c0 JavaThread "Notification Thread" daemon [_thread_blocked, id=11984, stack(0x0000008f3ab00000,0x0000008f3ac00000)]
  0x0000028362051820 JavaThread "Common-Cleaner" daemon [_thread_blocked, id=9144, stack(0x0000008f3ad00000,0x0000008f3ae00000)]
  0x00000283626d7290 JavaThread "pool-1-thread-1" [_thread_in_native, id=14012, stack(0x0000008f3b200000,0x0000008f3b300000)]
  0x0000028362e36580 JavaThread "DisconnectableInputStream source reader" daemon [_thread_in_native, id=15008, stack(0x0000008f3b300000,0x0000008f3b400000)]
  0x0000028362caa460 JavaThread "Forward input" [_thread_blocked, id=16244, stack(0x0000008f3b400000,0x0000008f3b500000)]

Other Threads:
  0x0000028303bbff50 VMThread "VM Thread" [stack: 0x0000008f3a100000,0x0000008f3a200000] [id=5400]
  0x000002836204e9a0 WatcherThread [stack: 0x0000008f3ac00000,0x0000008f3ad00000] [id=1392]
  0x0000028303b4d5b0 GCTaskThread "GC Thread#0" [stack: 0x0000008f39c00000,0x0000008f39d00000] [id=1972]
  0x0000028362367400 GCTaskThread "GC Thread#1" [stack: 0x0000008f3ae00000,0x0000008f3af00000] [id=5668]
  0x00000283623561d0 GCTaskThread "GC Thread#2" [stack: 0x0000008f3af00000,0x0000008f3b000000] [id=4880]
  0x0000028362228480 GCTaskThread "GC Thread#3" [stack: 0x0000008f3b000000,0x0000008f3b100000] [id=6140]
  0x0000028303b4ed00 ConcurrentGCThread "G1 Main Marker" [stack: 0x0000008f39d00000,0x0000008f39e00000] [id=4824]
  0x0000028303b4f720 ConcurrentGCThread "G1 Conc#0" [stack: 0x0000008f39e00000,0x0000008f39f00000] [id=16184]
  0x0000028303b9fbf0 ConcurrentGCThread "G1 Refine#0" [stack: 0x0000008f39f00000,0x0000008f3a000000] [id=6748]
  0x0000028303ba0620 ConcurrentGCThread "G1 Service" [stack: 0x0000008f3a000000,0x0000008f3a100000] [id=12104]

Threads with active compile tasks:

VM state: not at safepoint (normal execution)

VM Mutex/Monitor currently owned by a thread:  ([mutex/lock_event])
[0x0000028303b27c90] Metaspace_lock - owner thread: 0x0000028303b2ddd0

Heap address: 0x00000000fc000000, size: 64 MB, Compressed Oops mode: 32-bit

CDS archive(s) mapped at: [0x000002831d000000-0x000002831dbb0000-0x000002831dbb0000), size 12255232, SharedBaseAddress: 0x000002831d000000, ArchiveRelocationMode: 1.
Compressed class space mapped at: 0x000002831e000000-0x000002835e000000, reserved size: 1073741824
Narrow klass base: 0x000002831d000000, Narrow klass shift: 0, Narrow klass range: 0x100000000

GC Precious Log:
 CPUs: 4 total, 4 available
 Memory: 3793M
 Large Page Support: Disabled
 NUMA Support: Disabled
 Compressed Oops: Enabled (32-bit)
 Heap Region Size: 1M
 Heap Min Capacity: 64M
 Heap Initial Capacity: 64M
 Heap Max Capacity: 64M
 Pre-touch: Disabled
 Parallel Workers: 4
 Concurrent Workers: 1
 Concurrent Refinement Workers: 4
 Periodic GC: Disabled

Heap:
 garbage-first heap   total 65536K, used 14479K [0x00000000fc000000, 0x0000000100000000)
  region size 1024K, 5 young (5120K), 2 survivors (2048K)
 Metaspace       used 9503K, committed 9728K, reserved 1114112K
  class space    used 1224K, committed 1344K, reserved 1048576K

Heap Regions: E=young(eden), S=young(survivor), O=old, HS=humongous(starts), HC=humongous(continues), CS=collection set, F=free, OA=open archive, CA=closed archive, TAMS=top-at-mark-start (previous, next)
|   0|0x00000000fc000000, 0x00000000fc100000, 0x00000000fc100000|100%| O|  |TAMS 0x00000000fc000000, 0x00000000fc000000| Untracked 
|   1|0x00000000fc100000, 0x00000000fc200000, 0x00000000fc200000|100%| O|  |TAMS 0x00000000fc100000, 0x00000000fc100000| Untracked 
|   2|0x00000000fc200000, 0x00000000fc300000, 0x00000000fc300000|100%|HS|  |TAMS 0x00000000fc200000, 0x00000000fc200000| Complete 
|   3|0x00000000fc300000, 0x00000000fc400000, 0x00000000fc400000|100%|HC|  |TAMS 0x00000000fc300000, 0x00000000fc300000| Complete 
|   4|0x00000000fc400000, 0x00000000fc500000, 0x00000000fc500000|100%|HC|  |TAMS 0x00000000fc400000, 0x00000000fc400000| Complete 
|   5|0x00000000fc500000, 0x00000000fc600000, 0x00000000fc600000|100%|HC|  |TAMS 0x00000000fc500000, 0x00000000fc500000| Complete 
|   6|0x00000000fc600000, 0x00000000fc700000, 0x00000000fc700000|100%| O|  |TAMS 0x00000000fc600000, 0x00000000fc600000| Untracked 
|   7|0x00000000fc700000, 0x00000000fc800000, 0x00000000fc800000|100%| O|  |TAMS 0x00000000fc700000, 0x00000000fc700000| Untracked 
|   8|0x00000000fc800000, 0x00000000fc900000, 0x00000000fc900000|100%| O|  |TAMS 0x00000000fc800000, 0x00000000fc800000| Untracked 
|   9|0x00000000fc900000, 0x00000000fca00000, 0x00000000fca00000|100%| O|  |TAMS 0x00000000fc900000, 0x00000000fc900000| Untracked 
|  10|0x00000000fca00000, 0x00000000fcb00000, 0x00000000fcb00000|100%| O|  |TAMS 0x00000000fca00000, 0x00000000fca00000| Untracked 
|  11|0x00000000fcb00000, 0x00000000fcb02200, 0x00000000fcc00000|  0%| O|  |TAMS 0x00000000fcb00000, 0x00000000fcb00000| Untracked 
|  12|0x00000000fcc00000, 0x00000000fcc00000, 0x00000000fcd00000|  0%| F|  |TAMS 0x00000000fcc00000, 0x00000000fcc00000| Untracked 
|  13|0x00000000fcd00000, 0x00000000fcd00000, 0x00000000fce00000|  0%| F|  |TAMS 0x00000000fcd00000, 0x00000000fcd00000| Untracked 
|  14|0x00000000fce00000, 0x00000000fce00000, 0x00000000fcf00000|  0%| F|  |TAMS 0x00000000fce00000, 0x00000000fce00000| Untracked 
|  15|0x00000000fcf00000, 0x00000000fcf00000, 0x00000000fd000000|  0%| F|  |TAMS 0x00000000fcf00000, 0x00000000fcf00000| Untracked 
|  16|0x00000000fd000000, 0x00000000fd000000, 0x00000000fd100000|  0%| F|  |TAMS 0x00000000fd000000, 0x00000000fd000000| Untracked 
|  17|0x00000000fd100000, 0x00000000fd100000, 0x00000000fd200000|  0%| F|  |TAMS 0x00000000fd100000, 0x00000000fd100000| Untracked 
|  18|0x00000000fd200000, 0x00000000fd200000, 0x00000000fd300000|  0%| F|  |TAMS 0x00000000fd200000, 0x00000000fd200000| Untracked 
|  19|0x00000000fd300000, 0x00000000fd300000, 0x00000000fd400000|  0%| F|  |TAMS 0x00000000fd300000, 0x00000000fd300000| Untracked 
|  20|0x00000000fd400000, 0x00000000fd400000, 0x00000000fd500000|  0%| F|  |TAMS 0x00000000fd400000, 0x00000000fd400000| Untracked 
|  21|0x00000000fd500000, 0x00000000fd500000, 0x00000000fd600000|  0%| F|  |TAMS 0x00000000fd500000, 0x00000000fd500000| Untracked 
|  22|0x00000000fd600000, 0x00000000fd600000, 0x00000000fd700000|  0%| F|  |TAMS 0x00000000fd600000, 0x00000000fd600000| Untracked 
|  23|0x00000000fd700000, 0x00000000fd700000, 0x00000000fd800000|  0%| F|  |TAMS 0x00000000fd700000, 0x00000000fd700000| Untracked 
|  24|0x00000000fd800000, 0x00000000fd800000, 0x00000000fd900000|  0%| F|  |TAMS 0x00000000fd800000, 0x00000000fd800000| Untracked 
|  25|0x00000000fd900000, 0x00000000fd900000, 0x00000000fda00000|  0%| F|  |TAMS 0x00000000fd900000, 0x00000000fd900000| Untracked 
|  26|0x00000000fda00000, 0x00000000fda00000, 0x00000000fdb00000|  0%| F|  |TAMS 0x00000000fda00000, 0x00000000fda00000| Untracked 
|  27|0x00000000fdb00000, 0x00000000fdb00000, 0x00000000fdc00000|  0%| F|  |TAMS 0x00000000fdb00000, 0x00000000fdb00000| Untracked 
|  28|0x00000000fdc00000, 0x00000000fdc00000, 0x00000000fdd00000|  0%| F|  |TAMS 0x00000000fdc00000, 0x00000000fdc00000| Untracked 
|  29|0x00000000fdd00000, 0x00000000fdd00000, 0x00000000fde00000|  0%| F|  |TAMS 0x00000000fdd00000, 0x00000000fdd00000| Untracked 
|  30|0x00000000fde00000, 0x00000000fde00000, 0x00000000fdf00000|  0%| F|  |TAMS 0x00000000fde00000, 0x00000000fde00000| Untracked 
|  31|0x00000000fdf00000, 0x00000000fdf00000, 0x00000000fe000000|  0%| F|  |TAMS 0x00000000fdf00000, 0x00000000fdf00000| Untracked 
|  32|0x00000000fe000000, 0x00000000fe000000, 0x00000000fe100000|  0%| F|  |TAMS 0x00000000fe000000, 0x00000000fe000000| Untracked 
|  33|0x00000000fe100000, 0x00000000fe100000, 0x00000000fe200000|  0%| F|  |TAMS 0x00000000fe100000, 0x00000000fe100000| Untracked 
|  34|0x00000000fe200000, 0x00000000fe200000, 0x00000000fe300000|  0%| F|  |TAMS 0x00000000fe200000, 0x00000000fe200000| Untracked 
|  35|0x00000000fe300000, 0x00000000fe300000, 0x00000000fe400000|  0%| F|  |TAMS 0x00000000fe300000, 0x00000000fe300000| Untracked 
|  36|0x00000000fe400000, 0x00000000fe400000, 0x00000000fe500000|  0%| F|  |TAMS 0x00000000fe400000, 0x00000000fe400000| Untracked 
|  37|0x00000000fe500000, 0x00000000fe500000, 0x00000000fe600000|  0%| F|  |TAMS 0x00000000fe500000, 0x00000000fe500000| Untracked 
|  38|0x00000000fe600000, 0x00000000fe600000, 0x00000000fe700000|  0%| F|  |TAMS 0x00000000fe600000, 0x00000000fe600000| Untracked 
|  39|0x00000000fe700000, 0x00000000fe721b40, 0x00000000fe800000| 13%| S|CS|TAMS 0x00000000fe700000, 0x00000000fe700000| Complete 
|  40|0x00000000fe800000, 0x00000000fe900000, 0x00000000fe900000|100%| S|CS|TAMS 0x00000000fe800000, 0x00000000fe800000| Complete 
|  41|0x00000000fe900000, 0x00000000fe900000, 0x00000000fea00000|  0%| F|  |TAMS 0x00000000fe900000, 0x00000000fe900000| Untracked 
|  42|0x00000000fea00000, 0x00000000fea00000, 0x00000000feb00000|  0%| F|  |TAMS 0x00000000fea00000, 0x00000000fea00000| Untracked 
|  43|0x00000000feb00000, 0x00000000feb00000, 0x00000000fec00000|  0%| F|  |TAMS 0x00000000feb00000, 0x00000000feb00000| Untracked 
|  44|0x00000000fec00000, 0x00000000fec00000, 0x00000000fed00000|  0%| F|  |TAMS 0x00000000fec00000, 0x00000000fec00000| Untracked 
|  45|0x00000000fed00000, 0x00000000fed00000, 0x00000000fee00000|  0%| F|  |TAMS 0x00000000fed00000, 0x00000000fed00000| Untracked 
|  46|0x00000000fee00000, 0x00000000fee00000, 0x00000000fef00000|  0%| F|  |TAMS 0x00000000fee00000, 0x00000000fee00000| Untracked 
|  47|0x00000000fef00000, 0x00000000fef00000, 0x00000000ff000000|  0%| F|  |TAMS 0x00000000fef00000, 0x00000000fef00000| Untracked 
|  48|0x00000000ff000000, 0x00000000ff000000, 0x00000000ff100000|  0%| F|  |TAMS 0x00000000ff000000, 0x00000000ff000000| Untracked 
|  49|0x00000000ff100000, 0x00000000ff100000, 0x00000000ff200000|  0%| F|  |TAMS 0x00000000ff100000, 0x00000000ff100000| Untracked 
|  50|0x00000000ff200000, 0x00000000ff200000, 0x00000000ff300000|  0%| F|  |TAMS 0x00000000ff200000, 0x00000000ff200000| Untracked 
|  51|0x00000000ff300000, 0x00000000ff300000, 0x00000000ff400000|  0%| F|  |TAMS 0x00000000ff300000, 0x00000000ff300000| Untracked 
|  52|0x00000000ff400000, 0x00000000ff400000, 0x00000000ff500000|  0%| F|  |TAMS 0x00000000ff400000, 0x00000000ff400000| Untracked 
|  53|0x00000000ff500000, 0x00000000ff500000, 0x00000000ff600000|  0%| F|  |TAMS 0x00000000ff500000, 0x00000000ff500000| Untracked 
|  54|0x00000000ff600000, 0x00000000ff600000, 0x00000000ff700000|  0%| F|  |TAMS 0x00000000ff600000, 0x00000000ff600000| Untracked 
|  55|0x00000000ff700000, 0x00000000ff700000, 0x00000000ff800000|  0%| F|  |TAMS 0x00000000ff700000, 0x00000000ff700000| Untracked 
|  56|0x00000000ff800000, 0x00000000ff800000, 0x00000000ff900000|  0%| F|  |TAMS 0x00000000ff800000, 0x00000000ff800000| Untracked 
|  57|0x00000000ff900000, 0x00000000ff900000, 0x00000000ffa00000|  0%| F|  |TAMS 0x00000000ff900000, 0x00000000ff900000| Untracked 
|  58|0x00000000ffa00000, 0x00000000ffa00000, 0x00000000ffb00000|  0%| F|  |TAMS 0x00000000ffa00000, 0x00000000ffa00000| Untracked 
|  59|0x00000000ffb00000, 0x00000000ffb00000, 0x00000000ffc00000|  0%| F|  |TAMS 0x00000000ffb00000, 0x00000000ffb00000| Untracked 
|  60|0x00000000ffc00000, 0x00000000ffc00000, 0x00000000ffd00000|  0%| F|  |TAMS 0x00000000ffc00000, 0x00000000ffc00000| Untracked 
|  61|0x00000000ffd00000, 0x00000000ffdd75a8, 0x00000000ffe00000| 84%| E|  |TAMS 0x00000000ffd00000, 0x00000000ffd00000| Complete 
|  62|0x00000000ffe00000, 0x00000000fff00000, 0x00000000fff00000|100%| E|CS|TAMS 0x00000000ffe00000, 0x00000000ffe00000| Complete 
|  63|0x00000000fff00000, 0x0000000100000000, 0x0000000100000000|100%| E|CS|TAMS 0x00000000fff00000, 0x00000000fff00000| Complete 

Card table byte_map: [0x0000028301a90000,0x0000028301ab0000] _byte_map_base: 0x00000283012b0000

Marking Bits (Prev, Next): (CMBitMap*) 0x0000028303b4dbd0, (CMBitMap*) 0x0000028303b4dc10
 Prev Bits: [0x0000028303910000, 0x0000028303a10000)
 Next Bits: [0x000002831a650000, 0x000002831a750000)

Polling page: 0x0000028301940000

Metaspace:

Usage:
  Non-class:      8.08 MB used.
      Class:      1.20 MB used.
       Both:      9.28 MB used.

Virtual space:
  Non-class space:       64.00 MB reserved,       8.19 MB ( 13%) committed,  1 nodes.
      Class space:        1.00 GB reserved,       1.31 MB ( <1%) committed,  1 nodes.
             Both:        1.06 GB reserved,       9.50 MB ( <1%) committed. 

Chunk freelists:
   Non-Class:  7.67 MB
       Class:  14.61 MB
        Both:  22.28 MB

MaxMetaspaceSize: unlimited
CompressedClassSpaceSize: 1.00 GB
Initial GC threshold: 21.00 MB
Current GC threshold: 21.00 MB
CDS: on
MetaspaceReclaimPolicy: balanced
 - commit_granule_bytes: 65536.
 - commit_granule_words: 8192.
 - virtual_space_node_default_size: 8388608.
 - enlarge_chunks_in_place: 1.
 - new_chunks_are_fully_committed: 0.
 - uncommit_free_chunks: 1.
 - use_allocation_guard: 0.
 - handle_deallocations: 1.


Internal statistics:

num_allocs_failed_limit: 0.
num_arena_births: 78.
num_arena_deaths: 0.
num_vsnodes_births: 2.
num_vsnodes_deaths: 0.
num_space_committed: 152.
num_space_uncommitted: 0.
num_chunks_returned_to_freelist: 0.
num_chunks_taken_from_freelist: 324.
num_chunk_merges: 0.
num_chunk_splits: 227.
num_chunks_enlarged: 191.
num_inconsistent_stats: 0.

CodeHeap 'non-profiled nmethods': size=120000Kb used=864Kb max_used=864Kb free=119135Kb
 bounds [0x0000028313120000, 0x0000028313390000, 0x000002831a650000]
CodeHeap 'profiled nmethods': size=120000Kb used=3576Kb max_used=3576Kb free=116423Kb
 bounds [0x000002830b650000, 0x000002830b9d0000, 0x0000028312b80000]
CodeHeap 'non-nmethods': size=5760Kb used=1170Kb max_used=1205Kb free=4589Kb
 bounds [0x0000028312b80000, 0x0000028312df0000, 0x0000028313120000]
 total_blobs=2402 nmethods=1934 adapters=381
 compilation: enabled
              stopped_count=0, restarted_count=0
 full_count=0

Compilation events (20 events):
Event: 390.188 Thread 0x0000028303bea8e0 1927       3       com.google.common.collect.Lists$ReverseList$1::<init> (15 bytes)
Event: 390.189 Thread 0x0000028303bea8e0 nmethod 1927 0x000002830b9cb890 code [0x000002830b9cba40, 0x000002830b9cbc58]
Event: 412.882 Thread 0x0000028303be1ed0 1928 %     4       com.esotericsoftware.kryo.io.Input::readUtf8 @ 30 (90 bytes)
Event: 412.899 Thread 0x0000028303be1ed0 nmethod 1928% 0x00000283131f1190 code [0x00000283131f1320, 0x00000283131f17c8]
Event: 414.533 Thread 0x0000028303be1ed0 1929       4       com.esotericsoftware.kryo.io.Input::readString (127 bytes)
Event: 414.688 Thread 0x0000028303be1ed0 nmethod 1929 0x00000283131f1a10 code [0x00000283131f1c40, 0x00000283131f2f00]
Event: 420.726 Thread 0x0000028303bea8e0 1930       3       com.google.common.collect.Lists$ReverseList::listIterator (27 bytes)
Event: 420.745 Thread 0x0000028303bea8e0 nmethod 1930 0x000002830b9cbd10 code [0x000002830b9cbf00, 0x000002830b9cc588]
Event: 420.745 Thread 0x0000028303bea8e0 1931       3       java.util.ArrayList::listIterator (15 bytes)
Event: 420.756 Thread 0x0000028303bea8e0 nmethod 1931 0x000002830b9cc810 code [0x000002830b9cca00, 0x000002830b9ccf58]
Event: 420.756 Thread 0x0000028303bea8e0 1932       3       java.util.ArrayList$ListItr::<init> (16 bytes)
Event: 420.756 Thread 0x0000028303bea8e0 nmethod 1932 0x000002830b9cd190 code [0x000002830b9cd340, 0x000002830b9cd5d8]
Event: 420.756 Thread 0x0000028303bea8e0 1933       3       org.gradle.internal.logging.console.DefaultColorMap$ForegroundColor::off (9 bytes)
Event: 420.772 Thread 0x0000028303bea8e0 nmethod 1933 0x000002830b9cd710 code [0x000002830b9cd900, 0x000002830b9cdf58]
Event: 445.349 Thread 0x0000028303be1ed0 1934   !   4       org.gradle.internal.logging.console.DefaultAnsiExecutor::write (28 bytes)
Event: 445.552 Thread 0x0000028303be1ed0 nmethod 1934 0x00000283131f3b10 code [0x00000283131f3d40, 0x00000283131f5030]
Event: 445.552 Thread 0x0000028303be1ed0 1935       4       java.io.OutputStreamWriter::append (6 bytes)
Event: 445.589 Thread 0x0000028303be1ed0 nmethod 1935 0x00000283131f5d10 code [0x00000283131f5f20, 0x00000283131f6f48]
Event: 447.186 Thread 0x0000028303be1ed0 1936  s    4       java.io.BufferedOutputStream::flush (12 bytes)
Event: 447.195 Thread 0x0000028303be1ed0 nmethod 1936 0x00000283131f7a90 code [0x00000283131f7c20, 0x00000283131f7f88]

GC Heap History (6 events):
Event: 0.671 GC heap before
{Heap before GC invocations=0 (full 0):
 garbage-first heap   total 65536K, used 13312K [0x00000000fc000000, 0x0000000100000000)
  region size 1024K, 13 young (13312K), 0 survivors (0K)
 Metaspace       used 1825K, committed 1920K, reserved 1114112K
  class space    used 167K, committed 192K, reserved 1048576K
}
Event: 0.675 GC heap after
{Heap after GC invocations=1 (full 0):
 garbage-first heap   total 65536K, used 3144K [0x00000000fc000000, 0x0000000100000000)
  region size 1024K, 2 young (2048K), 2 survivors (2048K)
 Metaspace       used 1825K, committed 1920K, reserved 1114112K
  class space    used 167K, committed 192K, reserved 1048576K
}
Event: 1.394 GC heap before
{Heap before GC invocations=1 (full 0):
 garbage-first heap   total 65536K, used 23624K [0x00000000fc000000, 0x0000000100000000)
  region size 1024K, 18 young (18432K), 2 survivors (2048K)
 Metaspace       used 5336K, committed 5504K, reserved 1114112K
  class space    used 706K, committed 768K, reserved 1048576K
}
Event: 1.399 GC heap after
{Heap after GC invocations=2 (full 0):
 garbage-first heap   total 65536K, used 11124K [0x00000000fc000000, 0x0000000100000000)
  region size 1024K, 3 young (3072K), 3 survivors (3072K)
 Metaspace       used 5336K, committed 5504K, reserved 1114112K
  class space    used 706K, committed 768K, reserved 1048576K
}
Event: 369.303 GC heap before
{Heap before GC invocations=2 (full 0):
 garbage-first heap   total 65536K, used 31604K [0x00000000fc000000, 0x0000000100000000)
  region size 1024K, 23 young (23552K), 3 survivors (3072K)
 Metaspace       used 9441K, committed 9664K, reserved 1114112K
  class space    used 1224K, committed 1344K, reserved 1048576K
}
Event: 369.885 GC heap after
{Heap after GC invocations=3 (full 0):
 garbage-first heap   total 65536K, used 12431K [0x00000000fc000000, 0x0000000100000000)
  region size 1024K, 2 young (2048K), 2 survivors (2048K)
 Metaspace       used 9441K, committed 9664K, reserved 1114112K
  class space    used 1224K, committed 1344K, reserved 1048576K
}

Dll operation events (13 events):
Event: 0.024 Loaded shared library C:\Program Files\Microsoft\jdk-17.0.10.7-hotspot\bin\java.dll
Event: 0.062 Loaded shared library C:\Program Files\Microsoft\jdk-17.0.10.7-hotspot\bin\jsvml.dll
Event: 0.125 Loaded shared library C:\Program Files\Microsoft\jdk-17.0.10.7-hotspot\bin\net.dll
Event: 0.128 Loaded shared library C:\Program Files\Microsoft\jdk-17.0.10.7-hotspot\bin\nio.dll
Event: 0.133 Loaded shared library C:\Program Files\Microsoft\jdk-17.0.10.7-hotspot\bin\zip.dll
Event: 0.588 Loaded shared library C:\Program Files\Microsoft\jdk-17.0.10.7-hotspot\bin\jimage.dll
Event: 0.735 Loaded shared library C:\Program Files\Microsoft\jdk-17.0.10.7-hotspot\bin\verify.dll
Event: 1.224 Loaded shared library C:\Users\LENOVO\.gradle\native\68d5fa5c4cc2d200863cafc0d521ce42e7d3e7ee720ec0a83991735586a16f82\windows-amd64\native-platform.dll
Event: 1.256 Loaded shared library C:\Users\LENOVO\.gradle\native\jansi\1.18\windows64\jansi.dll
Event: 1.480 Loaded shared library C:\Program Files\Microsoft\jdk-17.0.10.7-hotspot\bin\management.dll
Event: 1.491 Loaded shared library C:\Program Files\Microsoft\jdk-17.0.10.7-hotspot\bin\management_ext.dll
Event: 1.777 Loaded shared library C:\Program Files\Microsoft\jdk-17.0.10.7-hotspot\bin\extnet.dll
Event: 1.848 Loaded shared library C:\Program Files\Microsoft\jdk-17.0.10.7-hotspot\bin\sunmscapi.dll

Deoptimization events (20 events):
Event: 53.101 Thread 0x00000283626d7290 Uncommon trap: trap_request=0xffffff45 fr.pc=0x00000283131a6838 relative=0x00000000000004d8
Event: 53.101 Thread 0x00000283626d7290 Uncommon trap: reason=unstable_if action=reinterpret pc=0x00000283131a6838 method=org.gradle.internal.logging.text.AbstractLineChoppingStyledTextOutput$2.execute(Lorg/gradle/internal/logging/text/AbstractLineChoppingStyledTextOutput$StateContext;)V @ 34 c
Event: 53.101 Thread 0x00000283626d7290 DEOPT PACKING pc=0x00000283131a6838 sp=0x0000008f3b2fe460
Event: 53.101 Thread 0x00000283626d7290 DEOPT UNPACKING pc=0x0000028312bd69a3 sp=0x0000008f3b2fe360 mode 2
Event: 53.102 Thread 0x00000283626d7290 Uncommon trap: trap_request=0xffffff45 fr.pc=0x00000283131a7468 relative=0x0000000000000388
Event: 53.102 Thread 0x00000283626d7290 Uncommon trap: reason=unstable_if action=reinterpret pc=0x00000283131a7468 method=org.gradle.internal.logging.text.AbstractLineChoppingStyledTextOutput$2.execute(Lorg/gradle/internal/logging/text/AbstractLineChoppingStyledTextOutput$StateContext;)V @ 34 c
Event: 53.102 Thread 0x00000283626d7290 DEOPT PACKING pc=0x00000283131a7468 sp=0x0000008f3b2fe750
Event: 53.102 Thread 0x00000283626d7290 DEOPT UNPACKING pc=0x0000028312bd69a3 sp=0x0000008f3b2fe710 mode 2
Event: 119.229 Thread 0x00000283626d7290 DEOPT PACKING pc=0x000002830b8c6183 sp=0x0000008f3b2fe570
Event: 119.231 Thread 0x00000283626d7290 DEOPT UNPACKING pc=0x0000028312bd7143 sp=0x0000008f3b2fd9e0 mode 0
Event: 133.845 Thread 0x00000283626d7290 DEOPT PACKING pc=0x000002830b8c4574 sp=0x0000008f3b2fe870
Event: 133.845 Thread 0x00000283626d7290 DEOPT UNPACKING pc=0x0000028312bd7143 sp=0x0000008f3b2fdd40 mode 0
Event: 370.086 Thread 0x0000028303b2ddd0 Uncommon trap: trap_request=0xffffff45 fr.pc=0x00000283131af29c relative=0x00000000000004fc
Event: 370.086 Thread 0x0000028303b2ddd0 Uncommon trap: reason=unstable_if action=reinterpret pc=0x00000283131af29c method=com.esotericsoftware.kryo.io.Input.readUtf8(I)V @ 79 c2
Event: 370.086 Thread 0x0000028303b2ddd0 DEOPT PACKING pc=0x00000283131af29c sp=0x0000008f39bfc540
Event: 370.092 Thread 0x0000028303b2ddd0 DEOPT UNPACKING pc=0x0000028312bd69a3 sp=0x0000008f39bfc4d8 mode 2
Event: 373.262 Thread 0x0000028303b2ddd0 Uncommon trap: trap_request=0xffffff45 fr.pc=0x00000283131ac4c4 relative=0x00000000000001a4
Event: 373.262 Thread 0x0000028303b2ddd0 Uncommon trap: reason=unstable_if action=reinterpret pc=0x00000283131ac4c4 method=com.esotericsoftware.kryo.io.Input.require(I)I @ 65 c2
Event: 373.262 Thread 0x0000028303b2ddd0 DEOPT PACKING pc=0x00000283131ac4c4 sp=0x0000008f39bfc550
Event: 373.265 Thread 0x0000028303b2ddd0 DEOPT UNPACKING pc=0x0000028312bd69a3 sp=0x0000008f39bfc500 mode 2

Classes unloaded (0 events):
No events

Classes redefined (0 events):
No events

Internal exceptions (18 events):
Event: 0.320 Thread 0x0000028303b2ddd0 Exception <a 'java/lang/NoSuchMethodError'{0x00000000ffc62768}: 'int java.lang.invoke.DirectMethodHandle$Holder.invokeStaticInit(java.lang.Object, java.lang.Object)'> (0x00000000ffc62768) 
thrown [s\src\hotspot\share\interpreter\linkResolver.cpp, line 759]
Event: 1.108 Thread 0x0000028303b2ddd0 Exception <a 'java/lang/NoSuchMethodError'{0x00000000ff651268}: 'void java.lang.invoke.DirectMethodHandle$Holder.invokeStatic(java.lang.Object, java.lang.Object)'> (0x00000000ff651268) 
thrown [s\src\hotspot\share\interpreter\linkResolver.cpp, line 759]
Event: 1.143 Thread 0x0000028303b2ddd0 Exception <a 'java/lang/NoClassDefFoundError'{0x00000000ff6d5700}: org/slf4j/impl/StaticMarkerBinder> (0x00000000ff6d5700) 
thrown [s\src\hotspot\share\classfile\systemDictionary.cpp, line 245]
Event: 1.177 Thread 0x0000028303b2ddd0 Exception <a 'java/lang/NoSuchMethodError'{0x00000000ff5767f8}: 'java.lang.Object java.lang.invoke.DirectMethodHandle$Holder.invokeVirtual(java.lang.Object, java.lang.Object, java.lang.Object, java.lang.Object, java.lang.Object, java.lang.Object, java.lang.Object)'> (0x00000000ff5767f8) 
thrown [s\src\hotspot\share\interpreter\linkResolver.cpp, line 759]
Event: 1.182 Thread 0x0000028303b2ddd0 Exception <a 'java/lang/NoSuchMethodError'{0x00000000ff587db8}: 'java.lang.Object java.lang.invoke.Invokers$Holder.invoker(java.lang.Object, java.lang.Object, java.lang.Object)'> (0x00000000ff587db8) 
thrown [s\src\hotspot\share\interpreter\linkResolver.cpp, line 759]
Event: 1.185 Thread 0x0000028303b2ddd0 Exception <a 'java/lang/NoSuchMethodError'{0x00000000ff590f10}: 'java.lang.Object java.lang.invoke.DirectMethodHandle$Holder.invokeStatic(java.lang.Object, java.lang.Object, int)'> (0x00000000ff590f10) 
thrown [s\src\hotspot\share\interpreter\linkResolver.cpp, line 759]
Event: 1.188 Thread 0x0000028303b2ddd0 Exception <a 'java/lang/NoSuchMethodError'{0x00000000ff59cc00}: 'void java.lang.invoke.DelegatingMethodHandle$Holder.delegate(java.lang.Object, java.lang.Object, int, java.lang.Object)'> (0x00000000ff59cc00) 
thrown [s\src\hotspot\share\interpreter\linkResolver.cpp, line 759]
Event: 1.189 Thread 0x0000028303b2ddd0 Exception <a 'java/lang/NoSuchMethodError'{0x00000000ff5a0d48}: 'int java.lang.invoke.DirectMethodHandle$Holder.invokeSpecial(java.lang.Object, java.lang.Object, java.lang.Object)'> (0x00000000ff5a0d48) 
thrown [s\src\hotspot\share\interpreter\linkResolver.cpp, line 759]
Event: 1.195 Thread 0x0000028303b2ddd0 Exception <a 'java/lang/NoSuchMethodError'{0x00000000ff5b40f0}: 'java.lang.Object java.lang.invoke.Invokers$Holder.invokeExact_MT(java.lang.Object, java.lang.Object, java.lang.Object, java.lang.Object)'> (0x00000000ff5b40f0) 
thrown [s\src\hotspot\share\interpreter\linkResolver.cpp, line 759]
Event: 1.428 Thread 0x0000028303b2ddd0 Exception <a 'java/lang/NoSuchMethodError'{0x00000000ffe1ce10}: 'void java.lang.invoke.DirectMethodHandle$Holder.invokeSpecial(java.lang.Object, java.lang.Object, java.lang.Object)'> (0x00000000ffe1ce10) 
thrown [s\src\hotspot\share\interpreter\linkResolver.cpp, line 759]
Event: 1.442 Thread 0x0000028303b2ddd0 Implicit null exception at 0x0000028313178f8f to 0x00000283131794a0
Event: 1.442 Thread 0x0000028303b2ddd0 Implicit null exception at 0x000002831315d18a to 0x000002831315d698
Event: 1.475 Thread 0x0000028303b2ddd0 Exception <a 'java/lang/NoSuchMethodError'{0x00000000ffd642d8}: 'java.lang.Object java.lang.invoke.DirectMethodHandle$Holder.invokeStaticInit(java.lang.Object)'> (0x00000000ffd642d8) 
thrown [s\src\hotspot\share\interpreter\linkResolver.cpp, line 759]
Event: 1.608 Thread 0x0000028303b2ddd0 Exception <a 'java/lang/NoSuchMethodError'{0x00000000ff93d860}: 'java.lang.Object java.lang.invoke.DirectMethodHandle$Holder.invokeStaticInit(java.lang.Object, int, int, int, int)'> (0x00000000ff93d860) 
thrown [s\src\hotspot\share\interpreter\linkResolver.cpp, line 759]
Event: 1.667 Thread 0x0000028303b2ddd0 Exception <a 'java/lang/NoSuchMethodError'{0x00000000ff96e390}: 'java.lang.Object java.lang.invoke.DirectMethodHandle$Holder.invokeStaticInit(java.lang.Object, java.lang.Object, int, int, int, int)'> (0x00000000ff96e390) 
thrown [s\src\hotspot\share\interpreter\linkResolver.cpp, line 759]
Event: 1.781 Thread 0x0000028303b2ddd0 Exception <a 'java/lang/NoSuchMethodError'{0x00000000ff99c0e8}: 'void java.lang.invoke.DirectMethodHandle$Holder.invokeStatic(java.lang.Object, java.lang.Object, java.lang.Object)'> (0x00000000ff99c0e8) 
thrown [s\src\hotspot\share\interpreter\linkResolver.cpp, line 759]
Event: 1.807 Thread 0x0000028303b2ddd0 Implicit null exception at 0x0000028313156bf2 to 0x000002831315718c
Event: 1.807 Thread 0x0000028303b2ddd0 Implicit null exception at 0x000002831315df72 to 0x000002831315e520

VM Operations (20 events):
Event: 327.996 Executing VM operation: Cleanup
Event: 327.996 Executing VM operation: Cleanup done
Event: 331.016 Executing VM operation: Cleanup
Event: 331.016 Executing VM operation: Cleanup done
Event: 361.065 Executing VM operation: HandshakeAllThreads
Event: 361.066 Executing VM operation: HandshakeAllThreads done
Event: 369.156 Executing VM operation: Cleanup
Event: 369.170 Executing VM operation: Cleanup done
Event: 369.284 Executing VM operation: G1CollectForAllocation
Event: 369.885 Executing VM operation: G1CollectForAllocation done
Event: 370.886 Executing VM operation: Cleanup
Event: 370.886 Executing VM operation: Cleanup done
Event: 373.904 Executing VM operation: Cleanup
Event: 373.904 Executing VM operation: Cleanup done
Event: 400.111 Executing VM operation: Cleanup
Event: 400.111 Executing VM operation: Cleanup done
Event: 447.480 Executing VM operation: Cleanup
Event: 447.495 Executing VM operation: Cleanup done
Event: 448.509 Executing VM operation: Cleanup
Event: 448.509 Executing VM operation: Cleanup done

Events (20 events):
Event: 53.018 loading class jdk/internal/logger/LoggerFinderLoader
Event: 53.020 loading class jdk/internal/logger/LoggerFinderLoader done
Event: 53.054 loading class jdk/internal/logger/LoggerFinderLoader$TemporaryLoggerFinder
Event: 53.059 loading class jdk/internal/logger/LoggerFinderLoader$TemporaryLoggerFinder done
Event: 53.067 loading class sun/util/logging/internal/LoggingProviderImpl$JULWrapper
Event: 53.070 loading class sun/util/logging/PlatformLogger$ConfigurableBridge$LoggerConfiguration
Event: 53.071 loading class sun/util/logging/PlatformLogger$ConfigurableBridge$LoggerConfiguration done
Event: 53.071 loading class sun/util/logging/internal/LoggingProviderImpl$JULWrapper done
Event: 53.072 loading class java/io/ObjectInputFilter
Event: 53.073 loading class java/io/ObjectInputFilter done
Event: 53.076 loading class java/io/ObjectInputFilter$Config$BuiltinFilterFactory
Event: 53.077 loading class java/io/ObjectInputFilter$Config$BuiltinFilterFactory done
Event: 53.077 loading class jdk/internal/access/JavaObjectInputFilterAccess
Event: 53.077 loading class jdk/internal/access/JavaObjectInputFilterAccess done
Event: 53.079 loading class java/lang/System$Logger$Level
Event: 53.080 loading class java/lang/System$Logger$Level done
Event: 53.081 loading class java/io/Bits
Event: 53.082 loading class java/io/Bits done
Event: 463.506 loading class java/io/ObjectStreamClass
Event: 463.559 loading class java/io/ObjectStreamClass done


Dynamic libraries:
0x00007ff701d30000 - 0x00007ff701d3e000 	C:\Program Files\Microsoft\jdk-17.0.10.7-hotspot\bin\java.exe
0x00007ffc1f130000 - 0x00007ffc1f328000 	C:\Windows\SYSTEM32\ntdll.dll
0x00007ffc1e610000 - 0x00007ffc1e6cd000 	C:\Windows\System32\KERNEL32.DLL
0x00007ffc1ca80000 - 0x00007ffc1cd76000 	C:\Windows\System32\KERNELBASE.dll
0x00007ffc1cfa0000 - 0x00007ffc1d0a0000 	C:\Windows\System32\ucrtbase.dll
0x00007ffbffe80000 - 0x00007ffbffe9b000 	C:\Program Files\Microsoft\jdk-17.0.10.7-hotspot\bin\VCRUNTIME140.dll
0x00007ffc05cb0000 - 0x00007ffc05cc7000 	C:\Program Files\Microsoft\jdk-17.0.10.7-hotspot\bin\jli.dll
0x00007ffc1d7e0000 - 0x00007ffc1d97e000 	C:\Windows\System32\USER32.dll
0x00007ffc1c7e0000 - 0x00007ffc1c802000 	C:\Windows\System32\win32u.dll
0x00007ffc1bbb0000 - 0x00007ffc1be4a000 	C:\Windows\WinSxS\amd64_microsoft.windows.common-controls_6595b64144ccf1df_6.0.19041.3636_none_60b6a03d71f818d5\COMCTL32.dll
0x00007ffc1e5e0000 - 0x00007ffc1e60b000 	C:\Windows\System32\GDI32.dll
0x00007ffc1e760000 - 0x00007ffc1e7fe000 	C:\Windows\System32\msvcrt.dll
0x00007ffc1cd80000 - 0x00007ffc1ce97000 	C:\Windows\System32\gdi32full.dll
0x00007ffc1c810000 - 0x00007ffc1c8ad000 	C:\Windows\System32\msvcp_win.dll
0x00007ffc1d7a0000 - 0x00007ffc1d7d2000 	C:\Windows\System32\IMM32.DLL
0x00007ffc05bb0000 - 0x00007ffc05bbc000 	C:\Program Files\Microsoft\jdk-17.0.10.7-hotspot\bin\vcruntime140_1.dll
0x00007ffbc8860000 - 0x00007ffbc88ed000 	C:\Program Files\Microsoft\jdk-17.0.10.7-hotspot\bin\msvcp140.dll
0x00007ffbc6110000 - 0x00007ffbc6d75000 	C:\Program Files\Microsoft\jdk-17.0.10.7-hotspot\bin\server\jvm.dll
0x00007ffc1e870000 - 0x00007ffc1e920000 	C:\Windows\System32\ADVAPI32.dll
0x00007ffc1d300000 - 0x00007ffc1d3a0000 	C:\Windows\System32\sechost.dll
0x00007ffc1e4b0000 - 0x00007ffc1e5d5000 	C:\Windows\System32\RPCRT4.dll
0x00007ffc1d0a0000 - 0x00007ffc1d0c7000 	C:\Windows\System32\bcrypt.dll
0x00007ffc05250000 - 0x00007ffc05259000 	C:\Windows\SYSTEM32\WSOCK32.dll
0x00007ffc1c230000 - 0x00007ffc1c27b000 	C:\Windows\SYSTEM32\POWRPROF.dll
0x00007ffc0c050000 - 0x00007ffc0c077000 	C:\Windows\SYSTEM32\WINMM.dll
0x00007ffc1e800000 - 0x00007ffc1e86b000 	C:\Windows\System32\WS2_32.dll
0x00007ffc0ca20000 - 0x00007ffc0ca2a000 	C:\Windows\SYSTEM32\VERSION.dll
0x00007ffc1be50000 - 0x00007ffc1be62000 	C:\Windows\SYSTEM32\UMPDC.dll
0x00007ffc1a020000 - 0x00007ffc1a032000 	C:\Windows\SYSTEM32\kernel.appcore.dll
0x00007ffc029d0000 - 0x00007ffc029da000 	C:\Program Files\Microsoft\jdk-17.0.10.7-hotspot\bin\jimage.dll
0x00007ffc1c040000 - 0x00007ffc1c224000 	C:\Windows\SYSTEM32\DBGHELP.DLL
0x00007ffc1bf80000 - 0x00007ffc1bfb4000 	C:\Windows\SYSTEM32\dbgcore.DLL
0x00007ffc1d0d0000 - 0x00007ffc1d152000 	C:\Windows\System32\bcryptPrimitives.dll
0x00007ffbfa0a0000 - 0x00007ffbfa0c5000 	C:\Program Files\Microsoft\jdk-17.0.10.7-hotspot\bin\java.dll
0x00007ffbc5e60000 - 0x00007ffbc5f37000 	C:\Program Files\Microsoft\jdk-17.0.10.7-hotspot\bin\jsvml.dll
0x00007ffc1e920000 - 0x00007ffc1f08b000 	C:\Windows\System32\SHELL32.dll
0x00007ffc1a220000 - 0x00007ffc1a9be000 	C:\Windows\SYSTEM32\windows.storage.dll
0x00007ffc1e150000 - 0x00007ffc1e4a3000 	C:\Windows\System32\combase.dll
0x00007ffc1bb10000 - 0x00007ffc1bb3e000 	C:\Windows\SYSTEM32\Wldp.dll
0x00007ffc1da50000 - 0x00007ffc1db1d000 	C:\Windows\System32\OLEAUT32.dll
0x00007ffc1d980000 - 0x00007ffc1da2d000 	C:\Windows\System32\SHCORE.dll
0x00007ffc1d740000 - 0x00007ffc1d795000 	C:\Windows\System32\shlwapi.dll
0x00007ffc1c710000 - 0x00007ffc1c735000 	C:\Windows\SYSTEM32\profapi.dll
0x00007ffbfda40000 - 0x00007ffbfda59000 	C:\Program Files\Microsoft\jdk-17.0.10.7-hotspot\bin\net.dll
0x00007ffc120d0000 - 0x00007ffc121da000 	C:\Windows\SYSTEM32\WINHTTP.dll
0x00007ffc1b9e0000 - 0x00007ffc1ba4a000 	C:\Windows\system32\mswsock.dll
0x00007ffbfa670000 - 0x00007ffbfa686000 	C:\Program Files\Microsoft\jdk-17.0.10.7-hotspot\bin\nio.dll
0x00007ffbfa080000 - 0x00007ffbfa098000 	C:\Program Files\Microsoft\jdk-17.0.10.7-hotspot\bin\zip.dll
0x00007ffc17ce0000 - 0x00007ffc17cf0000 	C:\Program Files\Microsoft\jdk-17.0.10.7-hotspot\bin\verify.dll
0x00007ffc107d0000 - 0x00007ffc107f7000 	C:\Users\LENOVO\.gradle\native\68d5fa5c4cc2d200863cafc0d521ce42e7d3e7ee720ec0a83991735586a16f82\windows-amd64\native-platform.dll
0x00007ffc16f20000 - 0x00007ffc16f2a000 	C:\Users\LENOVO\.gradle\native\jansi\1.18\windows64\jansi.dll
0x00007ffc018d0000 - 0x00007ffc018d9000 	C:\Program Files\Microsoft\jdk-17.0.10.7-hotspot\bin\management.dll
0x00007ffbffc60000 - 0x00007ffbffc6b000 	C:\Program Files\Microsoft\jdk-17.0.10.7-hotspot\bin\management_ext.dll
0x00007ffc1e750000 - 0x00007ffc1e758000 	C:\Windows\System32\PSAPI.DLL
0x00007ffc1c550000 - 0x00007ffc1c568000 	C:\Windows\SYSTEM32\CRYPTSP.dll
0x00007ffc1b1a0000 - 0x00007ffc1b1d4000 	C:\Windows\system32\rsaenh.dll
0x00007ffc1c6d0000 - 0x00007ffc1c6fe000 	C:\Windows\SYSTEM32\USERENV.dll
0x00007ffc1bab0000 - 0x00007ffc1babc000 	C:\Windows\SYSTEM32\CRYPTBASE.dll
0x00007ffc1b560000 - 0x00007ffc1b59b000 	C:\Windows\SYSTEM32\IPHLPAPI.DLL
0x00007ffc1d600000 - 0x00007ffc1d608000 	C:\Windows\System32\NSI.dll
0x00007ffc13430000 - 0x00007ffc13447000 	C:\Windows\SYSTEM32\dhcpcsvc6.DLL
0x00007ffc13fa0000 - 0x00007ffc13fbd000 	C:\Windows\SYSTEM32\dhcpcsvc.DLL
0x00007ffc1b5a0000 - 0x00007ffc1b66b000 	C:\Windows\SYSTEM32\DNSAPI.dll
0x00007ffc05bf0000 - 0x00007ffc05bf9000 	C:\Program Files\Microsoft\jdk-17.0.10.7-hotspot\bin\extnet.dll
0x00007ffbfefa0000 - 0x00007ffbfefae000 	C:\Program Files\Microsoft\jdk-17.0.10.7-hotspot\bin\sunmscapi.dll
0x00007ffc1c8b0000 - 0x00007ffc1ca0d000 	C:\Windows\System32\CRYPT32.dll
0x00007ffc1bb80000 - 0x00007ffc1bba8000 	C:\Windows\SYSTEM32\ncrypt.dll
0x00007ffc1bb40000 - 0x00007ffc1bb7b000 	C:\Windows\SYSTEM32\NTASN1.dll
0x00007ffbfeb90000 - 0x00007ffbfeb97000 	C:\Windows\system32\wshunix.dll

dbghelp: loaded successfully - version: 4.0.5 - missing functions: none
symbol engine: initialized successfully - sym options: 0x614 - pdb path: .;C:\Program Files\Microsoft\jdk-17.0.10.7-hotspot\bin;C:\Windows\SYSTEM32;C:\Windows\WinSxS\amd64_microsoft.windows.common-controls_6595b64144ccf1df_6.0.19041.3636_none_60b6a03d71f818d5;C:\Program Files\Microsoft\jdk-17.0.10.7-hotspot\bin\server;C:\Users\LENOVO\.gradle\native\68d5fa5c4cc2d200863cafc0d521ce42e7d3e7ee720ec0a83991735586a16f82\windows-amd64;C:\Users\LENOVO\.gradle\native\jansi\1.18\windows64

VM Arguments:
jvm_args: -Xmx64m -Xms64m -Dorg.gradle.appname=gradlew 
java_command: org.gradle.wrapper.GradleWrapperMain assembleRelease
java_class_path (initial): D:\bootcamp\secondtask with react native ts\Eventlister\android\\gradle\wrapper\gradle-wrapper.jar
Launcher Type: SUN_STANDARD

[Global flags]
     intx CICompilerCount                          = 3                                         {product} {ergonomic}
     uint ConcGCThreads                            = 1                                         {product} {ergonomic}
     uint G1ConcRefinementThreads                  = 4                                         {product} {ergonomic}
   size_t G1HeapRegionSize                         = 1048576                                   {product} {ergonomic}
    uintx GCDrainStackTargetSize                   = 64                                        {product} {ergonomic}
   size_t InitialHeapSize                          = 67108864                                  {product} {command line}
   size_t MarkStackSize                            = 4194304                                   {product} {ergonomic}
   size_t MaxHeapSize                              = 67108864                                  {product} {command line}
   size_t MaxNewSize                               = 39845888                                  {product} {ergonomic}
   size_t MinHeapDeltaBytes                        = 1048576                                   {product} {ergonomic}
   size_t MinHeapSize                              = 67108864                                  {product} {command line}
    uintx NonNMethodCodeHeapSize                   = 5832780                                {pd product} {ergonomic}
    uintx NonProfiledCodeHeapSize                  = 122912730                              {pd product} {ergonomic}
    uintx ProfiledCodeHeapSize                     = 122912730                              {pd product} {ergonomic}
    uintx ReservedCodeCacheSize                    = 251658240                              {pd product} {ergonomic}
     bool SegmentedCodeCache                       = true                                      {product} {ergonomic}
   size_t SoftMaxHeapSize                          = 67108864                               {manageable} {ergonomic}
     bool UseCompressedClassPointers               = true                           {product lp64_product} {ergonomic}
     bool UseCompressedOops                        = true                           {product lp64_product} {ergonomic}
     bool UseG1GC                                  = true                                      {product} {ergonomic}
     bool UseLargePagesIndividualAllocation        = false                                  {pd product} {ergonomic}

Logging:
Log output configuration:
 #0: stdout all=warning uptime,level,tags
 #1: stderr all=off uptime,level,tags

Environment Variables:
JAVA_HOME=C:\Program Files\Microsoft\jdk-17.0.10.7-hotspot\
CLASSPATH=D:\bootcamp\secondtask with react native ts\Eventlister\android\\gradle\wrapper\gradle-wrapper.jar
PATH=C:\Program Files\Microsoft\jdk-17.0.10.7-hotspot\bin;C:\Windows\system32;C:\Windows;C:\Windows\System32\Wbem;C:\Windows\System32\WindowsPowerShell\v1.0\;C:\Windows\System32\OpenSSH\;C:\Program Files\Git\cmd;C:\Program Files\nodejs\;C:\ProgramData\chocolatey\bin;C:\Users\LENOVO\.console-ninja\.bin;C:\Users\LENOVO\AppData\Local\Microsoft\WindowsApps;C:\Users\LENOVO\AppData\Local\Programs\Microsoft VS Code\bin;C:\Users\LENOVO\AppData\Roaming\npm;C:\Users\LENOVO\AppData\Local\Android\Sdk\platform-tools;
USERNAME=LENOVO
LANG=en_US.UTF-8
OS=Windows_NT
PROCESSOR_IDENTIFIER=Intel64 Family 6 Model 58 Stepping 9, GenuineIntel
TMP=C:\Users\LENOVO\AppData\Local\Temp
TEMP=C:\Users\LENOVO\AppData\Local\Temp



Periodic native trim disabled


---------------  S Y S T E M  ---------------

OS:
 Windows 10 , 64 bit Build 19041 (10.0.19041.3636)
OS uptime: 8 days 17:15 hours

CPU: total 4 (initial active 4) (2 cores per cpu, 2 threads per core) family 6 model 58 stepping 9 microcode 0x21, cx8, cmov, fxsr, ht, mmx, sse, sse2, sse3, ssse3, sse4.1, sse4.2, popcnt, tsc, tscinvbit, avx, aes, erms, clmul, vzeroupper, clflush
Processor Information for all 4 processors :
  Max Mhz: 2601, Current Mhz: 2601, Mhz Limit: 2601

Memory: 4k page, system-wide physical 3793M (79M free)
TotalPageFile size 12473M (AvailPageFile size 0M)
current process WorkingSet (physical memory assigned to process): 19M, peak: 89M
current process commit charge ("private bytes"): 155M, peak: 176M

vm_info: OpenJDK 64-Bit Server VM (17.0.10+7-LTS) for windows-amd64 JRE (17.0.10+7-LTS), built on Jan 10 2024 19:47:12 by "MicrosoftCorporation" with MS VC++ 16.10 / 16.11 (VS2019)

END.
