#
# There is insufficient memory for the Java Runtime Environment to continue.
# Native memory allocation (mmap) failed to map 58720256 bytes for G1 virtual space
# Possible reasons:
#   The system is out of physical RAM or swap space
#   The process is running with CompressedOops enabled, and the Java Heap may be blocking the growth of the native heap
# Possible solutions:
#   Reduce memory load on the system
#   Increase physical memory or swap space
#   Check if swap backing store is full
#   Decrease Java heap size (-Xmx/-Xms)
#   Decrease number of Java threads
#   Decrease Java thread stack sizes (-Xss)
#   Set larger code cache with -XX:ReservedCodeCacheSize=
#   JVM is running with Unscaled Compressed Oops mode in which the Java heap is
#     placed in the first 4GB address space. The Java Heap base address is the
#     maximum limit for the native heap growth. Please use -XX:HeapBaseMinAddress
#     to set the Java Heap base and to place the Java Heap above 4GB virtual address.
# This output file may be truncated or incomplete.
#
#  Out of Memory Error (os_windows.cpp:3613), pid=17240, tid=10484
#
# JRE version: OpenJDK Runtime Environment Microsoft-8902769 (17.0.10+7) (build 17.0.10+7-LTS)
# Java VM: OpenJDK 64-Bit Server VM Microsoft-8902769 (17.0.10+7-LTS, mixed mode, sharing, tiered, compressed oops, compressed class ptrs, g1 gc, windows-amd64)
# No core dump will be written. Minidumps are not enabled by default on client versions of Windows
#

---------------  S U M M A R Y ------------

Command Line: -XX:MaxMetaspaceSize=512m --add-opens=java.base/java.util=ALL-UNNAMED --add-opens=java.base/java.lang=ALL-UNNAMED --add-opens=java.base/java.lang.invoke=ALL-UNNAMED --add-opens=java.prefs/java.util.prefs=ALL-UNNAMED --add-opens=java.base/java.nio.charset=ALL-UNNAMED --add-opens=java.base/java.net=ALL-UNNAMED --add-opens=java.base/java.util.concurrent.atomic=ALL-UNNAMED -Xmx2048m -Dfile.encoding=windows-1252 -Duser.country=US -Duser.language=en -Duser.variant -javaagent:C:\Users\LENOVO\.gradle\wrapper\dists\gradle-8.3-all\6en3ugtfdg5xnpx44z4qbwgas\gradle-8.3\lib\agents\gradle-instrumentation-agent-8.3.jar org.gradle.launcher.daemon.bootstrap.GradleDaemon 8.3

Host: Intel(R) Core(TM) i5-3320M CPU @ 2.60GHz, 4 cores, 3G,  Windows 10 , 64 bit Build 19041 (10.0.19041.3636)
Time: Wed Mar 27 14:25:06 2024 Pakistan Standard Time elapsed time: 119.548653 seconds (0d 0h 1m 59s)

---------------  T H R E A D  ---------------

Current thread (0x0000027afe3b58b0):  VMThread "VM Thread" [stack: 0x000000e19e100000,0x000000e19e200000] [id=10484]

Stack: [0x000000e19e100000,0x000000e19e200000]
Native frames: (J=compiled Java code, j=interpreted, Vv=VM code, C=native code)
V  [jvm.dll+0x67f829]
V  [jvm.dll+0x83750a]
V  [jvm.dll+0x838fce]
V  [jvm.dll+0x839633]
V  [jvm.dll+0x247cbf]
V  [jvm.dll+0x67c669]
V  [jvm.dll+0x6710da]
V  [jvm.dll+0x309b8b]
V  [jvm.dll+0x311036]
V  [jvm.dll+0x360d5e]
V  [jvm.dll+0x360f8f]
V  [jvm.dll+0x2e0798]
V  [jvm.dll+0x2de974]
V  [jvm.dll+0x2ddf7c]
V  [jvm.dll+0x32200b]
V  [jvm.dll+0x83db2b]
V  [jvm.dll+0x83e871]
V  [jvm.dll+0x83ed8d]
V  [jvm.dll+0x83f164]
V  [jvm.dll+0x83f230]
V  [jvm.dll+0x7e69da]
V  [jvm.dll+0x67e715]
C  [ucrtbase.dll+0x21bb2]
C  [KERNEL32.DLL+0x17344]
C  [ntdll.dll+0x526b1]

VM_Operation (0x000000e19f7f3ab0): G1CollectForAllocation, mode: safepoint, requested by thread 0x0000027a9fba7ef0


---------------  P R O C E S S  ---------------

Threads class SMR info:
_java_thread_list=0x0000027aa0670c80, length=64, elements={
0x0000027ae08263b0, 0x0000027afe3b97d0, 0x0000027afe3bb570, 0x0000027afe3cf200,
0x0000027afe3cff90, 0x0000027afe3d3880, 0x0000027afe3d6160, 0x0000027afe3dee20,
0x0000027afe3df7e0, 0x0000027afe3e04f0, 0x0000027ae08dcda0, 0x0000027afe6d4f10,
0x0000027a9f95aa70, 0x0000027a9f1865a0, 0x0000027a9f062240, 0x0000027a9f94b290,
0x0000027afeeb7040, 0x0000027a9fba9840, 0x0000027a9fba7ef0, 0x0000027a9fba9d50,
0x0000027a9fbaa770, 0x0000027a9fbaa260, 0x0000027a9fba8400, 0x0000027a9fba6fc0,
0x0000027a9fba8910, 0x0000027a9fba8e20, 0x0000027a9fba74d0, 0x0000027a9fba79e0,
0x0000027aff13ff00, 0x0000027aff13e5b0, 0x0000027aff140410, 0x0000027aff13e0a0,
0x0000027aff140e30, 0x0000027aff13db90, 0x0000027aff140920, 0x0000027aff13f4e0,
0x0000027aff13efd0, 0x0000027aff13f9f0, 0x0000027a9ffa2170, 0x0000027a9ff9dfa0,
0x0000027a9ffa1240, 0x0000027a9ffa0820, 0x0000027a9ff9d070, 0x0000027a9ffa35b0,
0x0000027a9ff9d580, 0x0000027a9ff9e4b0, 0x0000027a9ffa0310, 0x0000027a9ffa1c60,
0x0000027a9ff9f3e0, 0x0000027a9ffa1750, 0x0000027a9ffa49f0, 0x0000027a9ffa3fd0,
0x0000027a9ffa30a0, 0x0000027a9ffa2680, 0x0000027a9ffa0d30, 0x0000027a9ff9da90,
0x0000027a9ff9f8f0, 0x0000027a9ff9e9c0, 0x0000027a9ff9eed0, 0x0000027a9ff9fe00,
0x0000027aa0fc2950, 0x0000027aa0fc7030, 0x0000027aa0fc2440, 0x0000027aa0fc1a20
}

Java Threads: ( => current thread )
  0x0000027ae08263b0 JavaThread "main" [_thread_blocked, id=18000, stack(0x000000e19db00000,0x000000e19dc00000)]
  0x0000027afe3b97d0 JavaThread "Reference Handler" daemon [_thread_blocked, id=14868, stack(0x000000e19e200000,0x000000e19e300000)]
  0x0000027afe3bb570 JavaThread "Finalizer" daemon [_thread_blocked, id=1396, stack(0x000000e19e300000,0x000000e19e400000)]
  0x0000027afe3cf200 JavaThread "Signal Dispatcher" daemon [_thread_blocked, id=16044, stack(0x000000e19e400000,0x000000e19e500000)]
  0x0000027afe3cff90 JavaThread "Attach Listener" daemon [_thread_blocked, id=11336, stack(0x000000e19e500000,0x000000e19e600000)]
  0x0000027afe3d3880 JavaThread "Service Thread" daemon [_thread_blocked, id=15460, stack(0x000000e19e600000,0x000000e19e700000)]
  0x0000027afe3d6160 JavaThread "Monitor Deflation Thread" daemon [_thread_blocked, id=16920, stack(0x000000e19e700000,0x000000e19e800000)]
  0x0000027afe3dee20 JavaThread "C2 CompilerThread0" daemon [_thread_blocked, id=6220, stack(0x000000e19e800000,0x000000e19e900000)]
  0x0000027afe3df7e0 JavaThread "C1 CompilerThread0" daemon [_thread_blocked, id=12444, stack(0x000000e19e900000,0x000000e19ea00000)]
  0x0000027afe3e04f0 JavaThread "Sweeper thread" daemon [_thread_blocked, id=17928, stack(0x000000e19ea00000,0x000000e19eb00000)]
  0x0000027ae08dcda0 JavaThread "Common-Cleaner" daemon [_thread_blocked, id=20572, stack(0x000000e19eb00000,0x000000e19ec00000)]
  0x0000027afe6d4f10 JavaThread "Notification Thread" daemon [_thread_blocked, id=18340, stack(0x000000e19ec00000,0x000000e19ed00000)]
  0x0000027a9f95aa70 JavaThread "Daemon health stats" [_thread_blocked, id=16292, stack(0x000000e19f100000,0x000000e19f200000)]
  0x0000027a9f1865a0 JavaThread "Incoming local TCP Connector on port 65222" [_thread_in_native, id=17032, stack(0x000000e19f200000,0x000000e19f300000)]
  0x0000027a9f062240 JavaThread "Daemon periodic checks" [_thread_blocked, id=22056, stack(0x000000e19f300000,0x000000e19f400000)]
  0x0000027a9f94b290 JavaThread "Daemon" [_thread_blocked, id=3912, stack(0x000000e19f400000,0x000000e19f500000)]
  0x0000027afeeb7040 JavaThread "Handler for socket connection from /127.0.0.1:65222 to /127.0.0.1:65223" [_thread_in_native, id=17756, stack(0x000000e19f500000,0x000000e19f600000)]
  0x0000027a9fba9840 JavaThread "Cancel handler" [_thread_blocked, id=6136, stack(0x000000e19f600000,0x000000e19f700000)]
  0x0000027a9fba7ef0 JavaThread "Daemon worker" [_thread_blocked, id=17340, stack(0x000000e19f700000,0x000000e19f800000)]
  0x0000027a9fba9d50 JavaThread "Asynchronous log dispatcher for DefaultDaemonConnection: socket connection from /127.0.0.1:65222 to /127.0.0.1:65223" [_thread_blocked, id=15952, stack(0x000000e19f800000,0x000000e19f900000)]
  0x0000027a9fbaa770 JavaThread "Stdin handler" [_thread_blocked, id=6172, stack(0x000000e19f900000,0x000000e19fa00000)]
  0x0000027a9fbaa260 JavaThread "Daemon client event forwarder" [_thread_blocked, id=16968, stack(0x000000e19fa00000,0x000000e19fb00000)]
  0x0000027a9fba8400 JavaThread "Cache worker for journal cache (C:\Users\LENOVO\.gradle\caches\journal-1)" [_thread_blocked, id=5636, stack(0x000000e19fb00000,0x000000e19fc00000)]
  0x0000027a9fba6fc0 JavaThread "File lock request listener" [_thread_in_native, id=20224, stack(0x000000e19fc00000,0x000000e19fd00000)]
  0x0000027a9fba8910 JavaThread "Cache worker for file hash cache (C:\Users\LENOVO\.gradle\caches\8.3\fileHashes)" [_thread_blocked, id=10384, stack(0x000000e19fd00000,0x000000e19fe00000)]
  0x0000027a9fba8e20 JavaThread "File lock release action executor" [_thread_blocked, id=1016, stack(0x000000e19fe00000,0x000000e19ff00000)]
  0x0000027a9fba74d0 JavaThread "File watcher server" daemon [_thread_blocked, id=20076, stack(0x000000e19ff00000,0x000000e1a0000000)]
  0x0000027a9fba79e0 JavaThread "File watcher consumer" daemon [_thread_blocked, id=13880, stack(0x000000e1a0000000,0x000000e1a0100000)]
  0x0000027aff13ff00 JavaThread "Cache worker for checksums cache (D:\bootcamp\secondtask with react native ts\Eventlister\android\.gradle\8.3\checksums)" [_thread_blocked, id=4732, stack(0x000000e1a0100000,0x000000e1a0200000)]
  0x0000027aff13e5b0 JavaThread "Cache worker for file hash cache (D:\bootcamp\secondtask with react native ts\Eventlister\android\.gradle\8.3\fileHashes)" [_thread_blocked, id=12272, stack(0x000000e1a0200000,0x000000e1a0300000)]
  0x0000027aff140410 JavaThread "Cache worker for cache directory md-supplier (C:\Users\LENOVO\.gradle\caches\8.3\md-supplier)" [_thread_blocked, id=14940, stack(0x000000e1a0300000,0x000000e1a0400000)]
  0x0000027aff13e0a0 JavaThread "Cache worker for file content cache (C:\Users\LENOVO\.gradle\caches\8.3\fileContent)" [_thread_blocked, id=864, stack(0x000000e1a0400000,0x000000e1a0500000)]
  0x0000027aff140e30 JavaThread "Cache worker for cache directory md-rule (C:\Users\LENOVO\.gradle\caches\8.3\md-rule)" [_thread_blocked, id=16184, stack(0x000000e1a0500000,0x000000e1a0600000)]
  0x0000027aff13db90 JavaThread "Cache worker for execution history cache (C:\Users\LENOVO\.gradle\caches\8.3\executionHistory)" [_thread_blocked, id=10256, stack(0x000000e1a0600000,0x000000e1a0700000)]
  0x0000027aff140920 JavaThread "jar transforms" [_thread_blocked, id=12056, stack(0x000000e1a0700000,0x000000e1a0800000)]
  0x0000027aff13f4e0 JavaThread "jar transforms Thread 2" [_thread_blocked, id=10084, stack(0x000000e1a0800000,0x000000e1a0900000)]
  0x0000027aff13efd0 JavaThread "jar transforms Thread 3" [_thread_blocked, id=7844, stack(0x000000e1a0900000,0x000000e1a0a00000)]
  0x0000027aff13f9f0 JavaThread "jar transforms Thread 4" [_thread_blocked, id=5868, stack(0x000000e1a0a00000,0x000000e1a0b00000)]
  0x0000027a9ffa2170 JavaThread "Cache worker for kotlin-dsl (C:\Users\LENOVO\.gradle\caches\8.3\kotlin-dsl)" [_thread_blocked, id=21048, stack(0x000000e19d800000,0x000000e19d900000)]
  0x0000027a9ff9dfa0 JavaThread "Unconstrained build operations" [_thread_blocked, id=11456, stack(0x000000e19d900000,0x000000e19da00000)]
  0x0000027a9ffa1240 JavaThread "Unconstrained build operations Thread 2" [_thread_blocked, id=15316, stack(0x000000e19da00000,0x000000e19db00000)]
  0x0000027a9ffa0820 JavaThread "Cache worker for dependencies-accessors (D:\bootcamp\secondtask with react native ts\Eventlister\android\.gradle\8.3\dependencies-accessors)" [_thread_blocked, id=15404, stack(0x000000e1a0d00000,0x000000e1a0e00000)]
  0x0000027a9ff9d070 JavaThread "Cache worker for Build Output Cleanup Cache (D:\bootcamp\secondtask with react native ts\Eventlister\node_modules\@react-native\gradle-plugin\.gradle\buildOutputCleanup)" [_thread_blocked, id=16544, stack(0x000000e1a0e00000,0x000000e1a0f00000)]
  0x0000027a9ffa35b0 JavaThread "Unconstrained build operations Thread 3" [_thread_blocked, id=7648, stack(0x000000e1a0f00000,0x000000e1a1000000)]
  0x0000027a9ff9d580 JavaThread "Unconstrained build operations Thread 4" [_thread_blocked, id=20944, stack(0x000000e1a1000000,0x000000e1a1100000)]
  0x0000027a9ff9e4b0 JavaThread "Unconstrained build operations Thread 5" [_thread_blocked, id=13780, stack(0x000000e1a1100000,0x000000e1a1200000)]
  0x0000027a9ffa0310 JavaThread "Memory manager" [_thread_blocked, id=9240, stack(0x000000e1a1200000,0x000000e1a1300000)]
  0x0000027a9ffa1c60 JavaThread "Cache worker for Build Output Cleanup Cache (D:\bootcamp\secondtask with react native ts\Eventlister\android\.gradle\buildOutputCleanup)" [_thread_blocked, id=228, stack(0x000000e1a1300000,0x000000e1a1400000)]
  0x0000027a9ff9f3e0 JavaThread "ForkJoinPool.commonPool-worker-1" daemon [_thread_blocked, id=22200, stack(0x000000e1a1400000,0x000000e1a1500000)]
  0x0000027a9ffa1750 JavaThread "ForkJoinPool.commonPool-worker-2" daemon [_thread_blocked, id=14944, stack(0x000000e1a1500000,0x000000e1a1600000)]
  0x0000027a9ffa49f0 JavaThread "ForkJoinPool.commonPool-worker-3" daemon [_thread_blocked, id=14272, stack(0x000000e1a1600000,0x000000e1a1700000)]
  0x0000027a9ffa3fd0 JavaThread "included builds" [_thread_blocked, id=11592, stack(0x000000e1a1700000,0x000000e1a1800000)]
  0x0000027a9ffa30a0 JavaThread "Execution worker" [_thread_blocked, id=14784, stack(0x000000e1a1800000,0x000000e1a1900000)]
  0x0000027a9ffa2680 JavaThread "Execution worker Thread 2" [_thread_blocked, id=16944, stack(0x000000e1a1900000,0x000000e1a1a00000)]
  0x0000027a9ffa0d30 JavaThread "Execution worker Thread 3" [_thread_blocked, id=4460, stack(0x000000e1a1a00000,0x000000e1a1b00000)]
  0x0000027a9ff9da90 JavaThread "Cache worker for execution history cache (D:\bootcamp\secondtask with react native ts\Eventlister\node_modules\@react-native\gradle-plugin\.gradle\8.3\executionHistory)" [_thread_blocked, id=9688, stack(0x000000e1a1b00000,0x000000e1a1c00000)]
  0x0000027a9ff9f8f0 JavaThread "Unconstrained build operations Thread 6" [_thread_blocked, id=7652, stack(0x000000e1a1c00000,0x000000e1a1d00000)]
  0x0000027a9ff9e9c0 JavaThread "Unconstrained build operations Thread 7" [_thread_blocked, id=1276, stack(0x000000e1a1d00000,0x000000e1a1e00000)]
  0x0000027a9ff9eed0 JavaThread "Unconstrained build operations Thread 8" [_thread_blocked, id=10452, stack(0x000000e1a1e00000,0x000000e1a1f00000)]
  0x0000027a9ff9fe00 JavaThread "Unconstrained build operations Thread 9" [_thread_blocked, id=21752, stack(0x000000e1a1f00000,0x000000e1a2000000)]
  0x0000027aa0fc2950 JavaThread "Unconstrained build operations Thread 10" [_thread_blocked, id=20396, stack(0x000000e1a2000000,0x000000e1a2100000)]
  0x0000027aa0fc7030 JavaThread "Unconstrained build operations Thread 11" [_thread_blocked, id=10868, stack(0x000000e1a2100000,0x000000e1a2200000)]
  0x0000027aa0fc2440 JavaThread "Unconstrained build operations Thread 12" [_thread_blocked, id=10552, stack(0x000000e1a2200000,0x000000e1a2300000)]
  0x0000027aa0fc1a20 JavaThread "Unconstrained build operations Thread 13" [_thread_blocked, id=11644, stack(0x000000e1a2300000,0x000000e1a2400000)]

Other Threads:
=>0x0000027afe3b58b0 VMThread "VM Thread" [stack: 0x000000e19e100000,0x000000e19e200000] [id=10484]
  0x0000027afe66cd30 WatcherThread [stack: 0x000000e19ed00000,0x000000e19ee00000] [id=11676]
  0x0000027ae087c910 GCTaskThread "GC Thread#0" [stack: 0x000000e19dc00000,0x000000e19dd00000] [id=17664]
  0x0000027afe827a50 GCTaskThread "GC Thread#1" [stack: 0x000000e19ee00000,0x000000e19ef00000] [id=12720]
  0x0000027afe939e30 GCTaskThread "GC Thread#2" [stack: 0x000000e19ef00000,0x000000e19f000000] [id=21032]
  0x0000027a9f285250 GCTaskThread "GC Thread#3" [stack: 0x000000e19f000000,0x000000e19f100000] [id=5228]
  0x0000027ae088e0b0 ConcurrentGCThread "G1 Main Marker" [stack: 0x000000e19dd00000,0x000000e19de00000] [id=18856]
  0x0000027ae088f9f0 ConcurrentGCThread "G1 Conc#0" [stack: 0x000000e19de00000,0x000000e19df00000] [id=7824]
  0x0000027ae08d01b0 ConcurrentGCThread "G1 Refine#0" [stack: 0x000000e19df00000,0x000000e19e000000] [id=17636]
  0x0000027ae08d0af0 ConcurrentGCThread "G1 Service" [stack: 0x000000e19e000000,0x000000e19e100000] [id=10592]

Threads with active compile tasks:
C2 CompilerThread0   119632 8885       4       org.gradle.internal.service.DefaultServiceRegistry$OwnServices::getService (309 bytes)

VM state: at safepoint (normal execution)

VM Mutex/Monitor currently owned by a thread:  ([mutex/lock_event])
[0x0000027ae0822b90] Threads_lock - owner thread: 0x0000027afe3b58b0
[0x0000027ae0822dd0] Heap_lock - owner thread: 0x0000027a9fba7ef0

Heap address: 0x0000000080000000, size: 2048 MB, Compressed Oops mode: 32-bit

CDS archive(s) mapped at: [0x0000027a80000000-0x0000027a80bb0000-0x0000027a80bb0000), size 12255232, SharedBaseAddress: 0x0000027a80000000, ArchiveRelocationMode: 1.
Compressed class space mapped at: 0x0000027a81000000-0x0000027a9b000000, reserved size: 436207616
Narrow klass base: 0x0000027a80000000, Narrow klass shift: 0, Narrow klass range: 0x100000000

GC Precious Log:
 CPUs: 4 total, 4 available
 Memory: 3793M
 Large Page Support: Disabled
 NUMA Support: Disabled
 Compressed Oops: Enabled (32-bit)
 Heap Region Size: 1M
 Heap Min Capacity: 8M
 Heap Initial Capacity: 60M
 Heap Max Capacity: 2G
 Pre-touch: Disabled
 Parallel Workers: 4
 Concurrent Workers: 1
 Concurrent Refinement Workers: 4
 Periodic GC: Disabled

Heap:
 garbage-first heap   total 187392K, used 79084K [0x0000000080000000, 0x0000000100000000)
  region size 1024K, 1 young (1024K), 1 survivors (1024K)
 Metaspace       used 69047K, committed 69760K, reserved 491520K
  class space    used 9660K, committed 9984K, reserved 425984K

Heap Regions: E=young(eden), S=young(survivor), O=old, HS=humongous(starts), HC=humongous(continues), CS=collection set, F=free, OA=open archive, CA=closed archive, TAMS=top-at-mark-start (previous, next)
|   0|0x0000000080000000, 0x0000000080100000, 0x0000000080100000|100%| O|  |TAMS 0x0000000080100000, 0x0000000080000000| Untracked 
|   1|0x0000000080100000, 0x0000000080200000, 0x0000000080200000|100%| O|  |TAMS 0x0000000080200000, 0x0000000080100000| Untracked 
|   2|0x0000000080200000, 0x0000000080300000, 0x0000000080300000|100%|HS|  |TAMS 0x0000000080300000, 0x0000000080200000| Complete 
|   3|0x0000000080300000, 0x0000000080400000, 0x0000000080400000|100%|HC|  |TAMS 0x0000000080400000, 0x0000000080300000| Complete 
|   4|0x0000000080400000, 0x0000000080500000, 0x0000000080500000|100%|HC|  |TAMS 0x0000000080500000, 0x0000000080400000| Complete 
|   5|0x0000000080500000, 0x0000000080600000, 0x0000000080600000|100%|HC|  |TAMS 0x0000000080600000, 0x0000000080500000| Complete 
|   6|0x0000000080600000, 0x0000000080700000, 0x0000000080700000|100%| O|  |TAMS 0x0000000080700000, 0x0000000080600000| Untracked 
|   7|0x0000000080700000, 0x0000000080800000, 0x0000000080800000|100%| O|  |TAMS 0x0000000080800000, 0x0000000080700000| Untracked 
|   8|0x0000000080800000, 0x0000000080900000, 0x0000000080900000|100%| O|  |TAMS 0x0000000080900000, 0x0000000080800000| Untracked 
|   9|0x0000000080900000, 0x0000000080a00000, 0x0000000080a00000|100%| O|  |TAMS 0x0000000080a00000, 0x0000000080900000| Untracked 
|  10|0x0000000080a00000, 0x0000000080b00000, 0x0000000080b00000|100%| O|  |TAMS 0x0000000080b00000, 0x0000000080a00000| Untracked 
|  11|0x0000000080b00000, 0x0000000080c00000, 0x0000000080c00000|100%| O|  |TAMS 0x0000000080c00000, 0x0000000080b00000| Untracked 
|  12|0x0000000080c00000, 0x0000000080d00000, 0x0000000080d00000|100%| O|  |TAMS 0x0000000080d00000, 0x0000000080c00000| Untracked 
|  13|0x0000000080d00000, 0x0000000080e00000, 0x0000000080e00000|100%| O|  |TAMS 0x0000000080e00000, 0x0000000080d00000| Untracked 
|  14|0x0000000080e00000, 0x0000000080f00000, 0x0000000080f00000|100%| O|  |TAMS 0x0000000080f00000, 0x0000000080e00000| Untracked 
|  15|0x0000000080f00000, 0x0000000081000000, 0x0000000081000000|100%| O|  |TAMS 0x0000000081000000, 0x0000000080f00000| Untracked 
|  16|0x0000000081000000, 0x0000000081100000, 0x0000000081100000|100%| O|  |TAMS 0x0000000081100000, 0x0000000081000000| Untracked 
|  17|0x0000000081100000, 0x0000000081200000, 0x0000000081200000|100%| O|  |TAMS 0x0000000081200000, 0x0000000081100000| Untracked 
|  18|0x0000000081200000, 0x0000000081300000, 0x0000000081300000|100%| O|  |TAMS 0x0000000081300000, 0x0000000081200000| Untracked 
|  19|0x0000000081300000, 0x0000000081400000, 0x0000000081400000|100%| O|  |TAMS 0x0000000081400000, 0x0000000081300000| Untracked 
|  20|0x0000000081400000, 0x0000000081500000, 0x0000000081500000|100%| O|  |TAMS 0x0000000081500000, 0x0000000081400000| Untracked 
|  21|0x0000000081500000, 0x0000000081600000, 0x0000000081600000|100%| O|  |TAMS 0x0000000081600000, 0x0000000081500000| Untracked 
|  22|0x0000000081600000, 0x0000000081700000, 0x0000000081700000|100%| O|  |TAMS 0x0000000081700000, 0x0000000081600000| Untracked 
|  23|0x0000000081700000, 0x0000000081800000, 0x0000000081800000|100%| O|  |TAMS 0x0000000081800000, 0x0000000081700000| Untracked 
|  24|0x0000000081800000, 0x0000000081900000, 0x0000000081900000|100%| O|  |TAMS 0x0000000081900000, 0x0000000081800000| Untracked 
|  25|0x0000000081900000, 0x0000000081a00000, 0x0000000081a00000|100%| O|  |TAMS 0x0000000081a00000, 0x0000000081900000| Untracked 
|  26|0x0000000081a00000, 0x0000000081b00000, 0x0000000081b00000|100%| O|  |TAMS 0x0000000081b00000, 0x0000000081a00000| Untracked 
|  27|0x0000000081b00000, 0x0000000081c00000, 0x0000000081c00000|100%| O|  |TAMS 0x0000000081c00000, 0x0000000081b00000| Untracked 
|  28|0x0000000081c00000, 0x0000000081d00000, 0x0000000081d00000|100%| O|  |TAMS 0x0000000081d00000, 0x0000000081c00000| Untracked 
|  29|0x0000000081d00000, 0x0000000081e00000, 0x0000000081e00000|100%| O|  |TAMS 0x0000000081e00000, 0x0000000081d00000| Untracked 
|  30|0x0000000081e00000, 0x0000000081f00000, 0x0000000081f00000|100%| O|  |TAMS 0x0000000081f00000, 0x0000000081e00000| Untracked 
|  31|0x0000000081f00000, 0x0000000082000000, 0x0000000082000000|100%| O|  |TAMS 0x0000000082000000, 0x0000000081f00000| Untracked 
|  32|0x0000000082000000, 0x0000000082100000, 0x0000000082100000|100%| O|  |TAMS 0x0000000082100000, 0x0000000082000000| Untracked 
|  33|0x0000000082100000, 0x0000000082200000, 0x0000000082200000|100%| O|  |TAMS 0x0000000082200000, 0x0000000082100000| Untracked 
|  34|0x0000000082200000, 0x0000000082300000, 0x0000000082300000|100%|HS|  |TAMS 0x0000000082300000, 0x0000000082200000| Complete 
|  35|0x0000000082300000, 0x0000000082400000, 0x0000000082400000|100%|HS|  |TAMS 0x0000000082400000, 0x0000000082300000| Complete 
|  36|0x0000000082400000, 0x0000000082500000, 0x0000000082500000|100%|HC|  |TAMS 0x0000000082500000, 0x0000000082400000| Complete 
|  37|0x0000000082500000, 0x0000000082600000, 0x0000000082600000|100%|HS|  |TAMS 0x0000000082600000, 0x0000000082500000| Complete 
|  38|0x0000000082600000, 0x0000000082700000, 0x0000000082700000|100%|HC|  |TAMS 0x0000000082700000, 0x0000000082600000| Complete 
|  39|0x0000000082700000, 0x0000000082800000, 0x0000000082800000|100%| O|  |TAMS 0x0000000082800000, 0x0000000082700000| Untracked 
|  40|0x0000000082800000, 0x0000000082900000, 0x0000000082900000|100%| O|  |TAMS 0x0000000082900000, 0x0000000082800000| Untracked 
|  41|0x0000000082900000, 0x0000000082a00000, 0x0000000082a00000|100%| O|  |TAMS 0x0000000082a00000, 0x0000000082900000| Untracked 
|  42|0x0000000082a00000, 0x0000000082b00000, 0x0000000082b00000|100%| O|  |TAMS 0x0000000082b00000, 0x0000000082a00000| Untracked 
|  43|0x0000000082b00000, 0x0000000082c00000, 0x0000000082c00000|100%| O|  |TAMS 0x0000000082c00000, 0x0000000082b00000| Untracked 
|  44|0x0000000082c00000, 0x0000000082d00000, 0x0000000082d00000|100%| O|  |TAMS 0x0000000082d00000, 0x0000000082c00000| Untracked 
|  45|0x0000000082d00000, 0x0000000082e00000, 0x0000000082e00000|100%| O|  |TAMS 0x0000000082e00000, 0x0000000082d00000| Untracked 
|  46|0x0000000082e00000, 0x0000000082f00000, 0x0000000082f00000|100%| O|  |TAMS 0x0000000082f00000, 0x0000000082e00000| Untracked 
|  47|0x0000000082f00000, 0x0000000083000000, 0x0000000083000000|100%| O|  |TAMS 0x0000000083000000, 0x0000000082f00000| Untracked 
|  48|0x0000000083000000, 0x0000000083100000, 0x0000000083100000|100%| O|  |TAMS 0x0000000083100000, 0x0000000083000000| Untracked 
|  49|0x0000000083100000, 0x0000000083100000, 0x0000000083200000|  0%| F|  |TAMS 0x0000000083100000, 0x0000000083100000| Untracked 
|  50|0x0000000083200000, 0x0000000083300000, 0x0000000083300000|100%|HS|  |TAMS 0x0000000083300000, 0x0000000083200000| Complete 
|  51|0x0000000083300000, 0x0000000083400000, 0x0000000083400000|100%|HC|  |TAMS 0x0000000083400000, 0x0000000083300000| Complete 
|  52|0x0000000083400000, 0x0000000083500000, 0x0000000083500000|100%|HC|  |TAMS 0x0000000083500000, 0x0000000083400000| Complete 
|  53|0x0000000083500000, 0x0000000083600000, 0x0000000083600000|100%|HC|  |TAMS 0x0000000083600000, 0x0000000083500000| Complete 
|  54|0x0000000083600000, 0x0000000083700000, 0x0000000083700000|100%|HS|  |TAMS 0x0000000083700000, 0x0000000083600000| Complete 
|  55|0x0000000083700000, 0x0000000083800000, 0x0000000083800000|100%|HC|  |TAMS 0x0000000083800000, 0x0000000083700000| Complete 
|  56|0x0000000083800000, 0x0000000083900000, 0x0000000083900000|100%|HC|  |TAMS 0x0000000083900000, 0x0000000083800000| Complete 
|  57|0x0000000083900000, 0x0000000083a00000, 0x0000000083a00000|100%|HC|  |TAMS 0x0000000083a00000, 0x0000000083900000| Complete 
|  58|0x0000000083a00000, 0x0000000083b00000, 0x0000000083b00000|100%| O|  |TAMS 0x0000000083b00000, 0x0000000083a00000| Untracked 
|  59|0x0000000083b00000, 0x0000000083c00000, 0x0000000083c00000|100%| O|  |TAMS 0x0000000083c00000, 0x0000000083b00000| Untracked 
|  60|0x0000000083c00000, 0x0000000083d00000, 0x0000000083d00000|100%| O|  |TAMS 0x0000000083d00000, 0x0000000083c00000| Untracked 
|  61|0x0000000083d00000, 0x0000000083e00000, 0x0000000083e00000|100%| O|  |TAMS 0x0000000083e00000, 0x0000000083d00000| Untracked 
|  62|0x0000000083e00000, 0x0000000083f00000, 0x0000000083f00000|100%|HS|  |TAMS 0x0000000083f00000, 0x0000000083e00000| Complete 
|  63|0x0000000083f00000, 0x0000000084000000, 0x0000000084000000|100%|HS|  |TAMS 0x0000000084000000, 0x0000000083f00000| Complete 
|  64|0x0000000084000000, 0x0000000084100000, 0x0000000084100000|100%| O|  |TAMS 0x0000000084000000, 0x0000000084000000| Untracked 
|  65|0x0000000084100000, 0x0000000084200000, 0x0000000084200000|100%|HS|  |TAMS 0x0000000084200000, 0x0000000084100000| Complete 
|  66|0x0000000084200000, 0x0000000084300000, 0x0000000084300000|100%| O|  |TAMS 0x0000000084300000, 0x0000000084200000| Untracked 
|  67|0x0000000084300000, 0x0000000084400000, 0x0000000084400000|100%| O|  |TAMS 0x0000000084400000, 0x0000000084300000| Untracked 
|  68|0x0000000084400000, 0x0000000084500000, 0x0000000084500000|100%| O|  |TAMS 0x0000000084500000, 0x0000000084400000| Untracked 
|  69|0x0000000084500000, 0x0000000084600000, 0x0000000084600000|100%| O|  |TAMS 0x0000000084600000, 0x0000000084500000| Untracked 
|  70|0x0000000084600000, 0x0000000084700000, 0x0000000084700000|100%| O|  |TAMS 0x0000000084700000, 0x0000000084600000| Untracked 
|  71|0x0000000084700000, 0x0000000084800000, 0x0000000084800000|100%| O|  |TAMS 0x0000000084730a00, 0x0000000084700000| Untracked 
|  72|0x0000000084800000, 0x0000000084900000, 0x0000000084900000|100%| O|  |TAMS 0x0000000084800000, 0x0000000084800000| Untracked 
|  73|0x0000000084900000, 0x0000000084a00000, 0x0000000084a00000|100%| O|  |TAMS 0x0000000084900000, 0x0000000084900000| Untracked 
|  74|0x0000000084a00000, 0x0000000084b00000, 0x0000000084b00000|100%| O|  |TAMS 0x0000000084a00000, 0x0000000084a00000| Untracked 
|  75|0x0000000084b00000, 0x0000000084c00000, 0x0000000084c00000|100%| O|  |TAMS 0x0000000084b00000, 0x0000000084b00000| Untracked 
|  76|0x0000000084c00000, 0x0000000084d00000, 0x0000000084d00000|100%| O|  |TAMS 0x0000000084c00000, 0x0000000084c00000| Untracked 
|  77|0x0000000084d00000, 0x0000000084d97e00, 0x0000000084e00000| 59%| O|  |TAMS 0x0000000084d00000, 0x0000000084d00000| Untracked 
|  78|0x0000000084e00000, 0x0000000084e00000, 0x0000000084f00000|  0%| F|  |TAMS 0x0000000084e00000, 0x0000000084e00000| Untracked 
|  79|0x0000000084f00000, 0x0000000084f00000, 0x0000000085000000|  0%| F|  |TAMS 0x0000000084f00000, 0x0000000084f00000| Untracked 
|  80|0x0000000085000000, 0x0000000085000000, 0x0000000085100000|  0%| F|  |TAMS 0x0000000085000000, 0x0000000085000000| Untracked 
|  81|0x0000000085100000, 0x0000000085100000, 0x0000000085200000|  0%| F|  |TAMS 0x0000000085100000, 0x0000000085100000| Untracked 
|  82|0x0000000085200000, 0x0000000085200000, 0x0000000085300000|  0%| F|  |TAMS 0x0000000085200000, 0x0000000085200000| Untracked 
|  83|0x0000000085300000, 0x0000000085300000, 0x0000000085400000|  0%| F|  |TAMS 0x0000000085300000, 0x0000000085300000| Untracked 
|  84|0x0000000085400000, 0x0000000085400000, 0x0000000085500000|  0%| F|  |TAMS 0x0000000085400000, 0x0000000085400000| Untracked 
|  85|0x0000000085500000, 0x0000000085500000, 0x0000000085600000|  0%| F|  |TAMS 0x0000000085500000, 0x0000000085500000| Untracked 
|  86|0x0000000085600000, 0x0000000085600000, 0x0000000085700000|  0%| F|  |TAMS 0x0000000085600000, 0x0000000085600000| Untracked 
|  87|0x0000000085700000, 0x0000000085700000, 0x0000000085800000|  0%| F|  |TAMS 0x0000000085700000, 0x0000000085700000| Untracked 
|  88|0x0000000085800000, 0x0000000085800000, 0x0000000085900000|  0%| F|  |TAMS 0x0000000085800000, 0x0000000085800000| Untracked 
|  89|0x0000000085900000, 0x0000000085900000, 0x0000000085a00000|  0%| F|  |TAMS 0x0000000085900000, 0x0000000085900000| Untracked 
|  90|0x0000000085a00000, 0x0000000085a00000, 0x0000000085b00000|  0%| F|  |TAMS 0x0000000085a00000, 0x0000000085a00000| Untracked 
|  91|0x0000000085b00000, 0x0000000085b00000, 0x0000000085c00000|  0%| F|  |TAMS 0x0000000085b00000, 0x0000000085b00000| Untracked 
|  92|0x0000000085c00000, 0x0000000085c00000, 0x0000000085d00000|  0%| F|  |TAMS 0x0000000085c00000, 0x0000000085c00000| Untracked 
|  93|0x0000000085d00000, 0x0000000085d00000, 0x0000000085e00000|  0%| F|  |TAMS 0x0000000085d00000, 0x0000000085d00000| Untracked 
|  94|0x0000000085e00000, 0x0000000085e00000, 0x0000000085f00000|  0%| F|  |TAMS 0x0000000085e00000, 0x0000000085e00000| Untracked 
|  95|0x0000000085f00000, 0x0000000085f00000, 0x0000000086000000|  0%| F|  |TAMS 0x0000000085f00000, 0x0000000085f00000| Untracked 
|  96|0x0000000086000000, 0x0000000086000000, 0x0000000086100000|  0%| F|  |TAMS 0x0000000086000000, 0x0000000086000000| Untracked 
|  97|0x0000000086100000, 0x0000000086100000, 0x0000000086200000|  0%| F|  |TAMS 0x0000000086100000, 0x0000000086100000| Untracked 
|  98|0x0000000086200000, 0x0000000086200000, 0x0000000086300000|  0%| F|  |TAMS 0x0000000086200000, 0x0000000086200000| Untracked 
|  99|0x0000000086300000, 0x0000000086300000, 0x0000000086400000|  0%| F|  |TAMS 0x0000000086300000, 0x0000000086300000| Untracked 
| 100|0x0000000086400000, 0x0000000086400000, 0x0000000086500000|  0%| F|  |TAMS 0x0000000086400000, 0x0000000086400000| Untracked 
| 101|0x0000000086500000, 0x0000000086500000, 0x0000000086600000|  0%| F|  |TAMS 0x0000000086500000, 0x0000000086500000| Untracked 
| 102|0x0000000086600000, 0x0000000086600000, 0x0000000086700000|  0%| F|  |TAMS 0x0000000086600000, 0x0000000086600000| Untracked 
| 103|0x0000000086700000, 0x0000000086700000, 0x0000000086800000|  0%| F|  |TAMS 0x0000000086700000, 0x0000000086700000| Untracked 
| 104|0x0000000086800000, 0x0000000086800000, 0x0000000086900000|  0%| F|  |TAMS 0x0000000086800000, 0x0000000086800000| Untracked 
| 105|0x0000000086900000, 0x0000000086900000, 0x0000000086a00000|  0%| F|  |TAMS 0x0000000086900000, 0x0000000086900000| Untracked 
| 106|0x0000000086a00000, 0x0000000086a00000, 0x0000000086b00000|  0%| F|  |TAMS 0x0000000086a00000, 0x0000000086a00000| Untracked 
| 107|0x0000000086b00000, 0x0000000086b00000, 0x0000000086c00000|  0%| F|  |TAMS 0x0000000086b00000, 0x0000000086b00000| Untracked 
| 108|0x0000000086c00000, 0x0000000086c00000, 0x0000000086d00000|  0%| F|  |TAMS 0x0000000086c00000, 0x0000000086c00000| Untracked 
| 109|0x0000000086d00000, 0x0000000086d00000, 0x0000000086e00000|  0%| F|  |TAMS 0x0000000086d00000, 0x0000000086d00000| Untracked 
| 110|0x0000000086e00000, 0x0000000086e00000, 0x0000000086f00000|  0%| F|  |TAMS 0x0000000086e00000, 0x0000000086e00000| Untracked 
| 111|0x0000000086f00000, 0x0000000086f00000, 0x0000000087000000|  0%| F|  |TAMS 0x0000000086f00000, 0x0000000086f00000| Untracked 
| 112|0x0000000087000000, 0x0000000087000000, 0x0000000087100000|  0%| F|  |TAMS 0x0000000087000000, 0x0000000087000000| Untracked 
| 113|0x0000000087100000, 0x0000000087100000, 0x0000000087200000|  0%| F|  |TAMS 0x0000000087100000, 0x0000000087100000| Untracked 
| 114|0x0000000087200000, 0x0000000087200000, 0x0000000087300000|  0%| F|  |TAMS 0x0000000087200000, 0x0000000087200000| Untracked 
| 115|0x0000000087300000, 0x0000000087300000, 0x0000000087400000|  0%| F|  |TAMS 0x0000000087300000, 0x0000000087300000| Untracked 
| 116|0x0000000087400000, 0x0000000087400000, 0x0000000087500000|  0%| F|  |TAMS 0x0000000087400000, 0x0000000087400000| Untracked 
| 117|0x0000000087500000, 0x0000000087500000, 0x0000000087600000|  0%| F|  |TAMS 0x0000000087500000, 0x0000000087500000| Untracked 
| 118|0x0000000087600000, 0x0000000087600000, 0x0000000087700000|  0%| F|  |TAMS 0x0000000087600000, 0x0000000087600000| Untracked 
| 119|0x0000000087700000, 0x0000000087700000, 0x0000000087800000|  0%| F|  |TAMS 0x0000000087700000, 0x0000000087700000| Untracked 
| 120|0x0000000087800000, 0x0000000087800000, 0x0000000087900000|  0%| F|  |TAMS 0x0000000087800000, 0x0000000087800000| Untracked 
| 121|0x0000000087900000, 0x0000000087900000, 0x0000000087a00000|  0%| F|  |TAMS 0x0000000087900000, 0x0000000087900000| Untracked 
| 122|0x0000000087a00000, 0x0000000087a00000, 0x0000000087b00000|  0%| F|  |TAMS 0x0000000087a00000, 0x0000000087a00000| Untracked 
| 123|0x0000000087b00000, 0x0000000087b00000, 0x0000000087c00000|  0%| F|  |TAMS 0x0000000087b00000, 0x0000000087b00000| Untracked 
| 124|0x0000000087c00000, 0x0000000087c00000, 0x0000000087d00000|  0%| F|  |TAMS 0x0000000087c00000, 0x0000000087c00000| Untracked 
| 125|0x0000000087d00000, 0x0000000087d00000, 0x0000000087e00000|  0%| F|  |TAMS 0x0000000087d00000, 0x0000000087d00000| Untracked 
| 126|0x0000000087e00000, 0x0000000087e00000, 0x0000000087f00000|  0%| F|  |TAMS 0x0000000087e00000, 0x0000000087e00000| Untracked 
| 127|0x0000000087f00000, 0x0000000087f00000, 0x0000000088000000|  0%| F|  |TAMS 0x0000000087f00000, 0x0000000087f00000| Untracked 
| 128|0x0000000088000000, 0x00000000880a32a8, 0x0000000088100000| 63%| S|CS|TAMS 0x0000000088000000, 0x0000000088000000| Complete 
| 129|0x0000000088100000, 0x0000000088100000, 0x0000000088200000|  0%| F|  |TAMS 0x0000000088100000, 0x0000000088100000| Untracked 
| 130|0x0000000088200000, 0x0000000088200000, 0x0000000088300000|  0%| F|  |TAMS 0x0000000088200000, 0x0000000088200000| Untracked 
| 131|0x0000000088300000, 0x0000000088300000, 0x0000000088400000|  0%| F|  |TAMS 0x0000000088300000, 0x0000000088300000| Untracked 
| 132|0x0000000088400000, 0x0000000088400000, 0x0000000088500000|  0%| F|  |TAMS 0x0000000088400000, 0x0000000088400000| Untracked 
| 133|0x0000000088500000, 0x0000000088500000, 0x0000000088600000|  0%| F|  |TAMS 0x0000000088500000, 0x0000000088500000| Untracked 
| 134|0x0000000088600000, 0x0000000088600000, 0x0000000088700000|  0%| F|  |TAMS 0x0000000088600000, 0x0000000088600000| Untracked 
| 135|0x0000000088700000, 0x0000000088700000, 0x0000000088800000|  0%| F|  |TAMS 0x0000000088700000, 0x0000000088700000| Untracked 
| 136|0x0000000088800000, 0x0000000088800000, 0x0000000088900000|  0%| F|  |TAMS 0x0000000088800000, 0x0000000088800000| Untracked 
| 137|0x0000000088900000, 0x0000000088900000, 0x0000000088a00000|  0%| F|  |TAMS 0x0000000088900000, 0x0000000088900000| Untracked 
| 138|0x0000000088a00000, 0x0000000088a00000, 0x0000000088b00000|  0%| F|  |TAMS 0x0000000088a00000, 0x0000000088a00000| Untracked 
| 139|0x0000000088b00000, 0x0000000088b00000, 0x0000000088c00000|  0%| F|  |TAMS 0x0000000088b00000, 0x0000000088b00000| Untracked 
| 140|0x0000000088c00000, 0x0000000088c00000, 0x0000000088d00000|  0%| F|  |TAMS 0x0000000088c00000, 0x0000000088c00000| Untracked 
| 141|0x0000000088d00000, 0x0000000088d00000, 0x0000000088e00000|  0%| F|  |TAMS 0x0000000088d00000, 0x0000000088d00000| Untracked 
| 142|0x0000000088e00000, 0x0000000088e00000, 0x0000000088f00000|  0%| F|  |TAMS 0x0000000088e00000, 0x0000000088e00000| Untracked 
| 143|0x0000000088f00000, 0x0000000088f00000, 0x0000000089000000|  0%| F|  |TAMS 0x0000000088f00000, 0x0000000088f00000| Untracked 
| 144|0x0000000089000000, 0x0000000089000000, 0x0000000089100000|  0%| F|  |TAMS 0x0000000089000000, 0x0000000089000000| Untracked 
| 145|0x0000000089100000, 0x0000000089100000, 0x0000000089200000|  0%| F|  |TAMS 0x0000000089100000, 0x0000000089100000| Untracked 
| 146|0x0000000089200000, 0x0000000089200000, 0x0000000089300000|  0%| F|  |TAMS 0x0000000089200000, 0x0000000089200000| Untracked 
| 147|0x0000000089300000, 0x0000000089300000, 0x0000000089400000|  0%| F|  |TAMS 0x0000000089300000, 0x0000000089300000| Untracked 
| 148|0x0000000089400000, 0x0000000089400000, 0x0000000089500000|  0%| F|  |TAMS 0x0000000089400000, 0x0000000089400000| Untracked 
| 149|0x0000000089500000, 0x0000000089500000, 0x0000000089600000|  0%| F|  |TAMS 0x0000000089500000, 0x0000000089500000| Untracked 
| 150|0x0000000089600000, 0x0000000089600000, 0x0000000089700000|  0%| F|  |TAMS 0x0000000089600000, 0x0000000089600000| Untracked 
| 151|0x0000000089700000, 0x0000000089700000, 0x0000000089800000|  0%| F|  |TAMS 0x0000000089700000, 0x0000000089700000| Untracked 
| 152|0x0000000089800000, 0x0000000089800000, 0x0000000089900000|  0%| F|  |TAMS 0x0000000089800000, 0x0000000089800000| Untracked 
| 153|0x0000000089900000, 0x0000000089900000, 0x0000000089a00000|  0%| F|  |TAMS 0x0000000089900000, 0x0000000089900000| Untracked 
| 154|0x0000000089a00000, 0x0000000089a00000, 0x0000000089b00000|  0%| F|  |TAMS 0x0000000089a00000, 0x0000000089a00000| Untracked 
| 155|0x0000000089b00000, 0x0000000089b00000, 0x0000000089c00000|  0%| F|  |TAMS 0x0000000089b00000, 0x0000000089b00000| Untracked 
| 156|0x0000000089c00000, 0x0000000089c00000, 0x0000000089d00000|  0%| F|  |TAMS 0x0000000089c00000, 0x0000000089c00000| Untracked 
| 157|0x0000000089d00000, 0x0000000089d00000, 0x0000000089e00000|  0%| F|  |TAMS 0x0000000089d00000, 0x0000000089d00000| Untracked 
| 158|0x0000000089e00000, 0x0000000089e00000, 0x0000000089f00000|  0%| F|  |TAMS 0x0000000089e00000, 0x0000000089e00000| Untracked 
| 159|0x0000000089f00000, 0x0000000089f00000, 0x000000008a000000|  0%| F|  |TAMS 0x0000000089f00000, 0x0000000089f00000| Untracked 
| 160|0x000000008a000000, 0x000000008a000000, 0x000000008a100000|  0%| F|  |TAMS 0x000000008a000000, 0x000000008a000000| Untracked 
| 161|0x000000008a100000, 0x000000008a100000, 0x000000008a200000|  0%| F|  |TAMS 0x000000008a100000, 0x000000008a100000| Untracked 
| 162|0x000000008a200000, 0x000000008a200000, 0x000000008a300000|  0%| F|  |TAMS 0x000000008a200000, 0x000000008a200000| Untracked 
| 163|0x000000008a300000, 0x000000008a300000, 0x000000008a400000|  0%| F|  |TAMS 0x000000008a300000, 0x000000008a300000| Untracked 
| 164|0x000000008a400000, 0x000000008a400000, 0x000000008a500000|  0%| F|  |TAMS 0x000000008a400000, 0x000000008a400000| Untracked 
| 165|0x000000008a500000, 0x000000008a500000, 0x000000008a600000|  0%| F|  |TAMS 0x000000008a500000, 0x000000008a500000| Untracked 
| 166|0x000000008a600000, 0x000000008a600000, 0x000000008a700000|  0%| F|  |TAMS 0x000000008a600000, 0x000000008a600000| Untracked 
| 167|0x000000008a700000, 0x000000008a700000, 0x000000008a800000|  0%| F|  |TAMS 0x000000008a700000, 0x000000008a700000| Untracked 
| 168|0x000000008a800000, 0x000000008a800000, 0x000000008a900000|  0%| F|  |TAMS 0x000000008a800000, 0x000000008a800000| Untracked 
| 169|0x000000008a900000, 0x000000008a900000, 0x000000008aa00000|  0%| F|  |TAMS 0x000000008a900000, 0x000000008a900000| Untracked 
| 170|0x000000008aa00000, 0x000000008aa00000, 0x000000008ab00000|  0%| F|  |TAMS 0x000000008aa00000, 0x000000008aa00000| Untracked 
| 171|0x000000008ab00000, 0x000000008ab00000, 0x000000008ac00000|  0%| F|  |TAMS 0x000000008ab00000, 0x000000008ab00000| Untracked 
| 172|0x000000008ac00000, 0x000000008ac00000, 0x000000008ad00000|  0%| F|  |TAMS 0x000000008ac00000, 0x000000008ac00000| Untracked 
| 173|0x000000008ad00000, 0x000000008ad00000, 0x000000008ae00000|  0%| F|  |TAMS 0x000000008ad00000, 0x000000008ad00000| Untracked 
| 174|0x000000008ae00000, 0x000000008ae00000, 0x000000008af00000|  0%| F|  |TAMS 0x000000008ae00000, 0x000000008ae00000| Untracked 
| 175|0x000000008af00000, 0x000000008af00000, 0x000000008b000000|  0%| F|  |TAMS 0x000000008af00000, 0x000000008af00000| Untracked 
| 176|0x000000008b000000, 0x000000008b000000, 0x000000008b100000|  0%| F|  |TAMS 0x000000008b000000, 0x000000008b000000| Untracked 
| 177|0x000000008b100000, 0x000000008b100000, 0x000000008b200000|  0%| F|  |TAMS 0x000000008b100000, 0x000000008b100000| Untracked 
| 178|0x000000008b200000, 0x000000008b200000, 0x000000008b300000|  0%| F|  |TAMS 0x000000008b200000, 0x000000008b200000| Untracked 
| 179|0x000000008b300000, 0x000000008b300000, 0x000000008b400000|  0%| F|  |TAMS 0x000000008b300000, 0x000000008b300000| Untracked 
| 180|0x000000008b400000, 0x000000008b400000, 0x000000008b500000|  0%| F|  |TAMS 0x000000008b400000, 0x000000008b400000| Untracked 
| 181|0x000000008b500000, 0x000000008b500000, 0x000000008b600000|  0%| F|  |TAMS 0x000000008b500000, 0x000000008b500000| Untracked 
| 182|0x000000008b600000, 0x000000008b600000, 0x000000008b700000|  0%| F|  |TAMS 0x000000008b600000, 0x000000008b600000| Untracked 

Card table byte_map: [0x0000027af7740000,0x0000027af7b40000] _byte_map_base: 0x0000027af7340000

Marking Bits (Prev, Next): (CMBitMap*) 0x0000027ade7be8c0, (CMBitMap*) 0x0000027ade7be880
 Prev Bits: [0x0000027af9f40000, 0x0000027afbf40000)
 Next Bits: [0x0000027af7f40000, 0x0000027af9f40000)

Polling page: 0x0000027ade800000

Metaspace:

Usage:
  Non-class:     58.00 MB used.
      Class:      9.43 MB used.
       Both:     67.43 MB used.

Virtual space:
  Non-class space:       64.00 MB reserved,      58.38 MB ( 91%) committed,  1 nodes.
      Class space:      416.00 MB reserved,       9.75 MB (  2%) committed,  1 nodes.
             Both:      480.00 MB reserved,      68.12 MB ( 14%) committed. 

Chunk freelists:
   Non-Class:  5.56 MB
       Class:  6.27 MB
        Both:  11.83 MB

MaxMetaspaceSize: 512.00 MB
CompressedClassSpaceSize: 416.00 MB
Initial GC threshold: 21.00 MB
Current GC threshold: 110.12 MB
CDS: on
MetaspaceReclaimPolicy: balanced
 - commit_granule_bytes: 65536.
 - commit_granule_words: 8192.
 - virtual_space_node_default_size: 8388608.
 - enlarge_chunks_in_place: 1.
 - new_chunks_are_fully_committed: 0.
 - uncommit_free_chunks: 1.
 - use_allocation_guard: 0.
 - handle_deallocations: 1.


Internal statistics:

num_allocs_failed_limit: 3.
num_arena_births: 826.
num_arena_deaths: 0.
num_vsnodes_births: 2.
num_vsnodes_deaths: 0.
num_space_committed: 1090.
num_space_uncommitted: 0.
num_chunks_returned_to_freelist: 3.
num_chunks_taken_from_freelist: 3634.
num_chunk_merges: 3.
num_chunk_splits: 2440.
num_chunks_enlarged: 1635.
num_inconsistent_stats: 0.

CodeHeap 'non-profiled nmethods': size=120000Kb used=4905Kb max_used=4905Kb free=115094Kb
 bounds [0x0000027aefe10000, 0x0000027af02e0000, 0x0000027af7340000]
CodeHeap 'profiled nmethods': size=120000Kb used=15791Kb max_used=15791Kb free=104208Kb
 bounds [0x0000027ae8340000, 0x0000027ae92b0000, 0x0000027aef870000]
CodeHeap 'non-nmethods': size=5760Kb used=2366Kb max_used=2406Kb free=3393Kb
 bounds [0x0000027aef870000, 0x0000027aefae0000, 0x0000027aefe10000]
 total_blobs=9031 nmethods=8138 adapters=805
 compilation: enabled
              stopped_count=0, restarted_count=0
 full_count=0

Compilation events (20 events):
Event: 119.465 Thread 0x0000027afe3df7e0 8925       3       org.gradle.internal.instantiation.generator.DefaultInstantiationScheme::withServices (25 bytes)
Event: 119.465 Thread 0x0000027afe3df7e0 nmethod 8925 0x0000027ae92a4a90 code [0x0000027ae92a4c40, 0x0000027ae92a4e08]
Event: 119.466 Thread 0x0000027afe3df7e0 8926       3       com.google.common.reflect.TypeToken::someRawTypeIsSubclassOf (42 bytes)
Event: 119.467 Thread 0x0000027afe3df7e0 nmethod 8926 0x0000027ae92a4f10 code [0x0000027ae92a5120, 0x0000027ae92a5708]
Event: 119.467 Thread 0x0000027afe3df7e0 8927       3       com.google.common.reflect.TypeToken::getCovariantTypeResolver (24 bytes)
Event: 119.467 Thread 0x0000027afe3df7e0 nmethod 8927 0x0000027ae92a5910 code [0x0000027ae92a5b20, 0x0000027ae92a62f8]
Event: 119.467 Thread 0x0000027afe3df7e0 8928       3       com.google.common.reflect.TypeToken::of (9 bytes)
Event: 119.468 Thread 0x0000027afe3df7e0 nmethod 8928 0x0000027ae92a6590 code [0x0000027ae92a6760, 0x0000027ae92a6c48]
Event: 119.468 Thread 0x0000027afe3df7e0 8929       3       com.google.common.collect.AbstractIndexedListIterator::hasNext (17 bytes)
Event: 119.469 Thread 0x0000027afe3df7e0 nmethod 8929 0x0000027ae92a6e90 code [0x0000027ae92a7020, 0x0000027ae92a7198]
Event: 119.470 Thread 0x0000027afe3df7e0 8931       1       com.android.build.gradle.options.BooleanOption::getPropertyName (5 bytes)
Event: 119.471 Thread 0x0000027afe3df7e0 nmethod 8931 0x0000027af02da210 code [0x0000027af02da3a0, 0x0000027af02da478]
Event: 119.522 Thread 0x0000027afe3df7e0 8932       3       org.gradle.internal.concurrent.CompositeStoppable::stoppable (12 bytes)
Event: 119.523 Thread 0x0000027afe3df7e0 nmethod 8932 0x0000027ae92a7210 code [0x0000027ae92a7400, 0x0000027ae92a78e8]
Event: 119.523 Thread 0x0000027afe3df7e0 8933       3       org.gradle.internal.concurrent.CompositeStoppable::add (35 bytes)
Event: 119.524 Thread 0x0000027afe3df7e0 nmethod 8933 0x0000027ae92a7a90 code [0x0000027ae92a7c60, 0x0000027ae92a8098]
Event: 119.524 Thread 0x0000027afe3df7e0 8934       3       org.gradle.internal.service.DefaultServiceRegistry::<init> (153 bytes)
Event: 119.525 Thread 0x0000027afe3df7e0 nmethod 8934 0x0000027ae92a8290 code [0x0000027ae92a8580, 0x0000027ae92a9c28]
Event: 119.525 Thread 0x0000027afe3df7e0 8935       3       org.gradle.internal.service.DefaultServiceRegistry$OwnServices::<init> (82 bytes)
Event: 119.526 Thread 0x0000027afe3df7e0 nmethod 8935 0x0000027ae92aa190 code [0x0000027ae92aa480, 0x0000027ae92ab748]

GC Heap History (20 events):
Event: 80.856 GC heap after
{Heap after GC invocations=27 (full 0):
 garbage-first heap   total 122880K, used 44420K [0x0000000080000000, 0x0000000100000000)
  region size 1024K, 1 young (1024K), 1 survivors (1024K)
 Metaspace       used 46556K, committed 47168K, reserved 491520K
  class space    used 6557K, committed 6848K, reserved 425984K
}
Event: 87.175 GC heap before
{Heap before GC invocations=27 (full 0):
 garbage-first heap   total 122880K, used 98692K [0x0000000080000000, 0x0000000100000000)
  region size 1024K, 51 young (52224K), 1 survivors (1024K)
 Metaspace       used 51685K, committed 52352K, reserved 491520K
  class space    used 7288K, committed 7616K, reserved 425984K
}
Event: 87.182 GC heap after
{Heap after GC invocations=28 (full 0):
 garbage-first heap   total 122880K, used 51787K [0x0000000080000000, 0x0000000100000000)
  region size 1024K, 5 young (5120K), 5 survivors (5120K)
 Metaspace       used 51685K, committed 52352K, reserved 491520K
  class space    used 7288K, committed 7616K, reserved 425984K
}
Event: 91.863 GC heap before
{Heap before GC invocations=28 (full 0):
 garbage-first heap   total 122880K, used 101963K [0x0000000080000000, 0x0000000100000000)
  region size 1024K, 50 young (51200K), 5 survivors (5120K)
 Metaspace       used 55107K, committed 55808K, reserved 491520K
  class space    used 7765K, committed 8064K, reserved 425984K
}
Event: 91.877 GC heap after
{Heap after GC invocations=29 (full 0):
 garbage-first heap   total 122880K, used 58308K [0x0000000080000000, 0x0000000100000000)
  region size 1024K, 3 young (3072K), 3 survivors (3072K)
 Metaspace       used 55107K, committed 55808K, reserved 491520K
  class space    used 7765K, committed 8064K, reserved 425984K
}
Event: 97.008 GC heap before
{Heap before GC invocations=29 (full 0):
 garbage-first heap   total 122880K, used 101316K [0x0000000080000000, 0x0000000100000000)
  region size 1024K, 45 young (46080K), 3 survivors (3072K)
 Metaspace       used 58930K, committed 59584K, reserved 491520K
  class space    used 8259K, committed 8576K, reserved 425984K
}
Event: 97.024 GC heap after
{Heap after GC invocations=30 (full 0):
 garbage-first heap   total 122880K, used 61599K [0x0000000080000000, 0x0000000100000000)
  region size 1024K, 6 young (6144K), 6 survivors (6144K)
 Metaspace       used 58930K, committed 59584K, reserved 491520K
  class space    used 8259K, committed 8576K, reserved 425984K
}
Event: 105.164 GC heap before
{Heap before GC invocations=31 (full 0):
 garbage-first heap   total 122880K, used 100511K [0x0000000080000000, 0x0000000100000000)
  region size 1024K, 44 young (45056K), 6 survivors (6144K)
 Metaspace       used 61440K, committed 62144K, reserved 491520K
  class space    used 8654K, committed 8960K, reserved 425984K
}
Event: 105.502 GC heap after
{Heap after GC invocations=32 (full 0):
 garbage-first heap   total 122880K, used 62529K [0x0000000080000000, 0x0000000100000000)
  region size 1024K, 3 young (3072K), 3 survivors (3072K)
 Metaspace       used 61440K, committed 62144K, reserved 491520K
  class space    used 8654K, committed 8960K, reserved 425984K
}
Event: 105.995 GC heap before
{Heap before GC invocations=32 (full 0):
 garbage-first heap   total 122880K, used 65601K [0x0000000080000000, 0x0000000100000000)
  region size 1024K, 6 young (6144K), 3 survivors (3072K)
 Metaspace       used 61732K, committed 62400K, reserved 491520K
  class space    used 8714K, committed 9024K, reserved 425984K
}
Event: 106.021 GC heap after
{Heap after GC invocations=33 (full 0):
 garbage-first heap   total 122880K, used 62407K [0x0000000080000000, 0x0000000100000000)
  region size 1024K, 1 young (1024K), 1 survivors (1024K)
 Metaspace       used 61732K, committed 62400K, reserved 491520K
  class space    used 8714K, committed 9024K, reserved 425984K
}
Event: 111.173 GC heap before
{Heap before GC invocations=33 (full 0):
 garbage-first heap   total 122880K, used 101319K [0x0000000080000000, 0x0000000100000000)
  region size 1024K, 39 young (39936K), 1 survivors (1024K)
 Metaspace       used 64300K, committed 64960K, reserved 491520K
  class space    used 9095K, committed 9408K, reserved 425984K
}
Event: 111.194 GC heap after
{Heap after GC invocations=34 (full 0):
 garbage-first heap   total 122880K, used 66531K [0x0000000080000000, 0x0000000100000000)
  region size 1024K, 5 young (5120K), 5 survivors (5120K)
 Metaspace       used 64300K, committed 64960K, reserved 491520K
  class space    used 9095K, committed 9408K, reserved 425984K
}
Event: 117.024 GC heap before
{Heap before GC invocations=34 (full 0):
 garbage-first heap   total 122880K, used 104419K [0x0000000080000000, 0x0000000100000000)
  region size 1024K, 38 young (38912K), 5 survivors (5120K)
 Metaspace       used 65223K, committed 65920K, reserved 491520K
  class space    used 9223K, committed 9536K, reserved 425984K
}
Event: 117.052 GC heap after
{Heap after GC invocations=35 (full 0):
 garbage-first heap   total 122880K, used 76994K [0x0000000080000000, 0x0000000100000000)
  region size 1024K, 5 young (5120K), 5 survivors (5120K)
 Metaspace       used 65223K, committed 65920K, reserved 491520K
  class space    used 9223K, committed 9536K, reserved 425984K
}
Event: 117.815 GC heap before
{Heap before GC invocations=35 (full 0):
 garbage-first heap   total 122880K, used 98498K [0x0000000080000000, 0x0000000100000000)
  region size 1024K, 27 young (27648K), 5 survivors (5120K)
 Metaspace       used 66804K, committed 67520K, reserved 491520K
  class space    used 9426K, committed 9792K, reserved 425984K
}
Event: 117.829 GC heap after
{Heap after GC invocations=36 (full 0):
 garbage-first heap   total 122880K, used 78893K [0x0000000080000000, 0x0000000100000000)
  region size 1024K, 2 young (2048K), 2 survivors (2048K)
 Metaspace       used 66804K, committed 67520K, reserved 491520K
  class space    used 9426K, committed 9792K, reserved 425984K
}
Event: 118.967 GC heap before
{Heap before GC invocations=37 (full 0):
 garbage-first heap   total 137216K, used 99373K [0x0000000080000000, 0x0000000100000000)
  region size 1024K, 23 young (23552K), 2 survivors (2048K)
 Metaspace       used 68762K, committed 69440K, reserved 491520K
  class space    used 9623K, committed 9984K, reserved 425984K
}
Event: 118.981 GC heap after
{Heap after GC invocations=38 (full 0):
 garbage-first heap   total 137216K, used 79581K [0x0000000080000000, 0x0000000100000000)
  region size 1024K, 1 young (1024K), 1 survivors (1024K)
 Metaspace       used 68762K, committed 69440K, reserved 491520K
  class space    used 9623K, committed 9984K, reserved 425984K
}
Event: 119.527 GC heap before
{Heap before GC invocations=38 (full 0):
 garbage-first heap   total 137216K, used 84701K [0x0000000080000000, 0x0000000100000000)
  region size 1024K, 6 young (6144K), 1 survivors (1024K)
 Metaspace       used 69047K, committed 69760K, reserved 491520K
  class space    used 9660K, committed 9984K, reserved 425984K
}

Dll operation events (15 events):
Event: 0.032 Loaded shared library C:\Program Files\Microsoft\jdk-17.0.10.7-hotspot\bin\java.dll
Event: 0.065 Loaded shared library C:\Program Files\Microsoft\jdk-17.0.10.7-hotspot\bin\jsvml.dll
Event: 0.220 Loaded shared library C:\Program Files\Microsoft\jdk-17.0.10.7-hotspot\bin\zip.dll
Event: 0.226 Loaded shared library C:\Program Files\Microsoft\jdk-17.0.10.7-hotspot\bin\instrument.dll
Event: 0.234 Loaded shared library C:\Program Files\Microsoft\jdk-17.0.10.7-hotspot\bin\net.dll
Event: 0.237 Loaded shared library C:\Program Files\Microsoft\jdk-17.0.10.7-hotspot\bin\nio.dll
Event: 0.245 Loaded shared library C:\Program Files\Microsoft\jdk-17.0.10.7-hotspot\bin\zip.dll
Event: 1.036 Loaded shared library C:\Program Files\Microsoft\jdk-17.0.10.7-hotspot\bin\jimage.dll
Event: 1.263 Loaded shared library C:\Program Files\Microsoft\jdk-17.0.10.7-hotspot\bin\verify.dll
Event: 2.100 Loaded shared library C:\Users\LENOVO\.gradle\native\68d5fa5c4cc2d200863cafc0d521ce42e7d3e7ee720ec0a83991735586a16f82\windows-amd64\native-platform.dll
Event: 2.134 Loaded shared library C:\Users\LENOVO\.gradle\native\e376f236ea51e6404a007f0833ffe2c6e607c4080706a723a18a27aeea778392\windows-amd64\native-platform-file-events.dll
Event: 6.958 Loaded shared library C:\Program Files\Microsoft\jdk-17.0.10.7-hotspot\bin\management.dll
Event: 6.984 Loaded shared library C:\Program Files\Microsoft\jdk-17.0.10.7-hotspot\bin\management_ext.dll
Event: 7.682 Loaded shared library C:\Program Files\Microsoft\jdk-17.0.10.7-hotspot\bin\extnet.dll
Event: 8.402 Loaded shared library C:\Program Files\Microsoft\jdk-17.0.10.7-hotspot\bin\sunmscapi.dll

Deoptimization events (20 events):
Event: 118.241 Thread 0x0000027a9fba7ef0 Uncommon trap: trap_request=0xffffffde fr.pc=0x0000027af0097998 relative=0x0000000000000498
Event: 118.241 Thread 0x0000027a9fba7ef0 Uncommon trap: reason=class_check action=maybe_recompile pc=0x0000027af0097998 method=org.gradle.internal.instantiation.generator.AbstractClassGenerator$InjectionAnnotationValidator.validateMethod(Ljava/lang/reflect/Method;Lorg/gradle/internal/reflect/Pro
Event: 118.244 Thread 0x0000027a9fba7ef0 DEOPT PACKING pc=0x0000027af0097998 sp=0x000000e19f7f3650
Event: 118.244 Thread 0x0000027a9fba7ef0 DEOPT UNPACKING pc=0x0000027aef8c69a3 sp=0x000000e19f7f35f8 mode 2
Event: 118.265 Thread 0x0000027a9fba7ef0 Uncommon trap: trap_request=0xffffffde fr.pc=0x0000027aefe91528 relative=0x0000000000002788
Event: 118.265 Thread 0x0000027a9fba7ef0 Uncommon trap: reason=class_check action=maybe_recompile pc=0x0000027aefe91528 method=java.util.jar.JarFile.getManifestFromReference()Ljava/util/jar/Manifest; @ 152 c2
Event: 118.265 Thread 0x0000027a9fba7ef0 DEOPT PACKING pc=0x0000027aefe91528 sp=0x000000e19f7f3770
Event: 118.265 Thread 0x0000027a9fba7ef0 DEOPT UNPACKING pc=0x0000027aef8c69a3 sp=0x000000e19f7f36e0 mode 2
Event: 118.335 Thread 0x0000027a9fba7ef0 Uncommon trap: trap_request=0xffffffcc fr.pc=0x0000027af02ccc28 relative=0x0000000000000288
Event: 118.335 Thread 0x0000027a9fba7ef0 Uncommon trap: reason=intrinsic_or_type_checked_inlining action=make_not_entrant pc=0x0000027af02ccc28 method=java.util.Arrays.copyOfRange([Ljava/lang/Object;IILjava/lang/Class;)[Ljava/lang/Object; @ 84 c2
Event: 118.335 Thread 0x0000027a9fba7ef0 DEOPT PACKING pc=0x0000027af02ccc28 sp=0x000000e19f7f3e90
Event: 118.335 Thread 0x0000027a9fba7ef0 DEOPT UNPACKING pc=0x0000027aef8c69a3 sp=0x000000e19f7f3e10 mode 2
Event: 118.830 Thread 0x0000027a9fba7ef0 Uncommon trap: trap_request=0xffffffbe fr.pc=0x0000027af0178844 relative=0x00000000000001a4
Event: 118.830 Thread 0x0000027a9fba7ef0 Uncommon trap: reason=profile_predicate action=maybe_recompile pc=0x0000027af0178844 method=java.util.LinkedHashMap.keysToArray([Ljava/lang/Object;)[Ljava/lang/Object; @ 12 c2
Event: 118.830 Thread 0x0000027a9fba7ef0 DEOPT PACKING pc=0x0000027af0178844 sp=0x000000e19f7f2040
Event: 118.830 Thread 0x0000027a9fba7ef0 DEOPT UNPACKING pc=0x0000027aef8c69a3 sp=0x000000e19f7f1ff8 mode 2
Event: 119.109 Thread 0x0000027a9fba7ef0 Uncommon trap: trap_request=0xffffffde fr.pc=0x0000027aefe71b2c relative=0x000000000000278c
Event: 119.109 Thread 0x0000027a9fba7ef0 Uncommon trap: reason=class_check action=maybe_recompile pc=0x0000027aefe71b2c method=java.util.jar.JarFile.getManifestFromReference()Ljava/util/jar/Manifest; @ 152 c2
Event: 119.109 Thread 0x0000027a9fba7ef0 DEOPT PACKING pc=0x0000027aefe71b2c sp=0x000000e19f7f25c0
Event: 119.109 Thread 0x0000027a9fba7ef0 DEOPT UNPACKING pc=0x0000027aef8c69a3 sp=0x000000e19f7f2590 mode 2

Classes unloaded (0 events):
No events

Classes redefined (0 events):
No events

Internal exceptions (20 events):
Event: 98.831 Thread 0x0000027a9fba7ef0 Exception <a 'java/lang/ClassNotFoundException'{0x00000000865b6ca0}: org/gradle/api/internal/artifacts/dsl/dependencies/DefaultDependencyHandlerBeanInfo> (0x00000000865b6ca0) 
thrown [s\src\hotspot\share\classfile\systemDictionary.cpp, line 256]
Event: 98.832 Thread 0x0000027a9fba7ef0 Exception <a 'java/lang/ClassNotFoundException'{0x00000000865ccea8}: org/gradle/api/internal/artifacts/dsl/dependencies/DefaultDependencyHandlerCustomizer> (0x00000000865ccea8) 
thrown [s\src\hotspot\share\classfile\systemDictionary.cpp, line 256]
Event: 98.846 Thread 0x0000027a9fba7ef0 Exception <a 'java/lang/ClassNotFoundException'{0x000000008640a280}: org/gradle/api/internal/artifacts/dsl/dependencies/DefaultDependencyHandler_DecoratedCustomizer> (0x000000008640a280) 
thrown [s\src\hotspot\share\classfile\systemDictionary.cpp, line 256]
Event: 109.214 Thread 0x0000027a9fba7ef0 Exception <a 'java/lang/NoSuchMethodError'{0x00000000860dcd58}: 'java.lang.Object java.lang.invoke.DirectMethodHandle$Holder.newInvokeSpecial(java.lang.Object, java.lang.Object, java.lang.Object, java.lang.Object, java.lang.Object, java.lang.Object, int)'> (0x00000000860dcd58) 
thrown [s\src\hotspot\share\interpreter\linkResolver.cpp, line 759]
Event: 109.220 Thread 0x0000027a9fba7ef0 Exception <a 'java/lang/NoSuchMethodError'{0x00000000860e2d40}: 'java.lang.Object java.lang.invoke.DirectMethodHandle$Holder.invokeSpecial(java.lang.Object, java.lang.Object, java.lang.Object, java.lang.Object, java.lang.Object, java.lang.Object, java.lang.Object, int)'> (0x00000000860e2d40) 
thrown [s\src\hotspot\share\interpreter\linkResolver.cpp, line 759]
Event: 109.221 Thread 0x0000027a9fba7ef0 Exception <a 'java/lang/NoSuchMethodError'{0x00000000860e8910}: 'java.lang.Object java.lang.invoke.Invokers$Holder.linkToTargetMethod(java.lang.Object, java.lang.Object, java.lang.Object, java.lang.Object, java.lang.Object, int, java.lang.Object)'> (0x00000000860e8910) 
thrown [s\src\hotspot\share\interpreter\linkResolver.cpp, line 759]
Event: 109.556 Thread 0x0000027a9ff9f3e0 Implicit null exception at 0x0000027af00cfb5d to 0x0000027af00cfbf8
Event: 109.583 Thread 0x0000027a9ffa49f0 Implicit null exception at 0x0000027aeffd4dcb to 0x0000027aeffd4df0
Event: 110.368 Thread 0x0000027a9ffa3fd0 Exception <a 'java/lang/NoSuchMethodError'{0x000000008558f668}: 'java.lang.Object java.lang.invoke.DirectMethodHandle$Holder.newInvokeSpecial(java.lang.Object, java.lang.Object, java.lang.Object, java.lang.Object, int, java.lang.Object)'> (0x000000008558f668) 
thrown [s\src\hotspot\share\interpreter\linkResolver.cpp, line 759]
Event: 110.369 Thread 0x0000027a9ffa3fd0 Exception <a 'java/lang/NoSuchMethodError'{0x0000000085593f08}: 'java.lang.Object java.lang.invoke.Invokers$Holder.linkToTargetMethod(java.lang.Object, java.lang.Object, java.lang.Object, int, java.lang.Object, java.lang.Object)'> (0x0000000085593f08) 
thrown [s\src\hotspot\share\interpreter\linkResolver.cpp, line 759]
Event: 110.415 Thread 0x0000027a9ffa3fd0 Exception <a 'java/lang/NoSuchMethodError'{0x0000000085414c40}: 'void java.lang.invoke.DirectMethodHandle$Holder.invokeInterface(java.lang.Object, java.lang.Object, java.lang.Object, java.lang.Object)'> (0x0000000085414c40) 
thrown [s\src\hotspot\share\interpreter\linkResolver.cpp, line 759]
Event: 110.852 Thread 0x0000027a9ffa3fd0 Exception <a 'java/lang/NoSuchMethodError'{0x00000000852370d8}: 'int java.lang.invoke.DirectMethodHandle$Holder.invokeSpecial(java.lang.Object, java.lang.Object, java.lang.Object, java.lang.Object, java.lang.Object)'> (0x00000000852370d8) 
thrown [s\src\hotspot\share\interpreter\linkResolver.cpp, line 759]
Event: 112.874 Thread 0x0000027a9ffa0d30 Exception <a 'sun/nio/fs/WindowsException'{0x00000000874275a0}> (0x00000000874275a0) 
thrown [s\src\hotspot\share\prims\jni.cpp, line 516]
Event: 112.875 Thread 0x0000027a9ffa0d30 Exception <a 'sun/nio/fs/WindowsException'{0x0000000087429d20}> (0x0000000087429d20) 
thrown [s\src\hotspot\share\prims\jni.cpp, line 516]
Event: 112.876 Thread 0x0000027a9ffa0d30 Exception <a 'sun/nio/fs/WindowsException'{0x00000000872f4690}> (0x00000000872f4690) 
thrown [s\src\hotspot\share\prims\jni.cpp, line 516]
Event: 112.880 Thread 0x0000027a9ffa0d30 Exception <a 'sun/nio/fs/WindowsException'{0x00000000872f6878}> (0x00000000872f6878) 
thrown [s\src\hotspot\share\prims\jni.cpp, line 516]
Event: 115.224 Thread 0x0000027a9fba7ef0 Exception <a 'java/lang/ClassNotFoundException'{0x000000008646ee08}: build_e7r3eh0rl6dgcvvx1ugoieekyBeanInfo> (0x000000008646ee08) 
thrown [s\src\hotspot\share\classfile\systemDictionary.cpp, line 256]
Event: 115.225 Thread 0x0000027a9fba7ef0 Exception <a 'java/lang/ClassNotFoundException'{0x00000000864757e8}: build_e7r3eh0rl6dgcvvx1ugoieekyCustomizer> (0x00000000864757e8) 
thrown [s\src\hotspot\share\classfile\systemDictionary.cpp, line 256]
Event: 116.780 Thread 0x0000027a9fba7ef0 Exception <a 'java/lang/ClassNotFoundException'{0x0000000085b06bf8}: build_7abgv7rarkjvseiq1zfk2y8rjBeanInfo> (0x0000000085b06bf8) 
thrown [s\src\hotspot\share\classfile\systemDictionary.cpp, line 256]
Event: 116.783 Thread 0x0000027a9fba7ef0 Exception <a 'java/lang/ClassNotFoundException'{0x0000000085b11fc0}: build_7abgv7rarkjvseiq1zfk2y8rjCustomizer> (0x0000000085b11fc0) 
thrown [s\src\hotspot\share\classfile\systemDictionary.cpp, line 256]

VM Operations (20 events):
Event: 112.848 Executing VM operation: HandshakeAllThreads done
Event: 113.860 Executing VM operation: Cleanup
Event: 113.877 Executing VM operation: Cleanup done
Event: 114.889 Executing VM operation: Cleanup
Event: 114.890 Executing VM operation: Cleanup done
Event: 115.895 Executing VM operation: Cleanup
Event: 115.895 Executing VM operation: Cleanup done
Event: 116.901 Executing VM operation: Cleanup
Event: 116.902 Executing VM operation: Cleanup done
Event: 117.024 Executing VM operation: G1CollectForAllocation
Event: 117.052 Executing VM operation: G1CollectForAllocation done
Event: 117.815 Executing VM operation: G1CollectForAllocation
Event: 117.829 Executing VM operation: G1CollectForAllocation done
Event: 118.168 Executing VM operation: G1PauseRemark
Event: 118.186 Executing VM operation: G1PauseRemark done
Event: 118.259 Executing VM operation: G1PauseCleanup
Event: 118.260 Executing VM operation: G1PauseCleanup done
Event: 118.967 Executing VM operation: G1CollectForAllocation
Event: 118.981 Executing VM operation: G1CollectForAllocation done
Event: 119.527 Executing VM operation: G1CollectForAllocation

Events (20 events):
Event: 110.314 Thread 0x0000027a9ffa30a0 Thread added: 0x0000027a9ffa30a0
Event: 110.314 Thread 0x0000027a9ffa2680 Thread added: 0x0000027a9ffa2680
Event: 110.314 Thread 0x0000027a9ffa0d30 Thread added: 0x0000027a9ffa0d30
Event: 110.433 Thread 0x0000027a9ff9da90 Thread added: 0x0000027a9ff9da90
Event: 112.028 Thread 0x0000027a9ff9f8f0 Thread added: 0x0000027a9ff9f8f0
Event: 112.032 Thread 0x0000027a9ff9e9c0 Thread added: 0x0000027a9ff9e9c0
Event: 112.032 Thread 0x0000027a9ff9eed0 Thread added: 0x0000027a9ff9eed0
Event: 112.653 Thread 0x0000027a9ff9fe00 Thread added: 0x0000027a9ff9fe00
Event: 112.653 Thread 0x0000027aa0fc2950 Thread added: 0x0000027aa0fc2950
Event: 113.046 loading class java/util/concurrent/ConcurrentLinkedQueue$Itr
Event: 113.047 loading class java/util/concurrent/ConcurrentLinkedQueue$Itr done
Event: 113.058 Thread 0x0000027aa0fc7030 Thread added: 0x0000027aa0fc7030
Event: 113.058 Thread 0x0000027aa0fc2440 Thread added: 0x0000027aa0fc2440
Event: 113.058 Thread 0x0000027aa0fc1a20 Thread added: 0x0000027aa0fc1a20
Event: 118.812 loading class java/util/Collections$SynchronizedRandomAccessList
Event: 118.824 loading class java/util/Collections$SynchronizedList
Event: 118.828 loading class java/util/Collections$SynchronizedList done
Event: 118.828 loading class java/util/Collections$SynchronizedRandomAccessList done
Event: 118.839 loading class java/util/concurrent/Executors$DefaultThreadFactory
Event: 118.840 loading class java/util/concurrent/Executors$DefaultThreadFactory done


Dynamic libraries:
0x00007ff778e30000 - 0x00007ff778e3e000 	C:\Program Files\Microsoft\jdk-17.0.10.7-hotspot\bin\java.exe
0x00007ff8ba550000 - 0x00007ff8ba748000 	C:\Windows\SYSTEM32\ntdll.dll
0x00007ff8ba1a0000 - 0x00007ff8ba25d000 	C:\Windows\System32\KERNEL32.DLL
0x00007ff8b7e50000 - 0x00007ff8b8146000 	C:\Windows\System32\KERNELBASE.dll
0x00007ff8b8150000 - 0x00007ff8b8250000 	C:\Windows\System32\ucrtbase.dll
0x00007ff8b2890000 - 0x00007ff8b28ab000 	C:\Program Files\Microsoft\jdk-17.0.10.7-hotspot\bin\VCRUNTIME140.dll
0x00007ff8b28b0000 - 0x00007ff8b28c7000 	C:\Program Files\Microsoft\jdk-17.0.10.7-hotspot\bin\jli.dll
0x00007ff8b8d60000 - 0x00007ff8b8efe000 	C:\Windows\System32\USER32.dll
0x00007ff8b7db0000 - 0x00007ff8b7dd2000 	C:\Windows\System32\win32u.dll
0x00007ff8aa020000 - 0x00007ff8aa2ba000 	C:\Windows\WinSxS\amd64_microsoft.windows.common-controls_6595b64144ccf1df_6.0.19041.3636_none_60b6a03d71f818d5\COMCTL32.dll
0x00007ff8ba040000 - 0x00007ff8ba06b000 	C:\Windows\System32\GDI32.dll
0x00007ff8b9e80000 - 0x00007ff8b9f1e000 	C:\Windows\System32\msvcrt.dll
0x00007ff8b8300000 - 0x00007ff8b8417000 	C:\Windows\System32\gdi32full.dll
0x00007ff8b7c00000 - 0x00007ff8b7c9d000 	C:\Windows\System32\msvcp_win.dll
0x00007ff8b9dc0000 - 0x00007ff8b9df2000 	C:\Windows\System32\IMM32.DLL
0x00007ff8b2880000 - 0x00007ff8b288c000 	C:\Program Files\Microsoft\jdk-17.0.10.7-hotspot\bin\vcruntime140_1.dll
0x00007ff8b12b0000 - 0x00007ff8b133d000 	C:\Program Files\Microsoft\jdk-17.0.10.7-hotspot\bin\msvcp140.dll
0x00007ff860cd0000 - 0x00007ff861935000 	C:\Program Files\Microsoft\jdk-17.0.10.7-hotspot\bin\server\jvm.dll
0x00007ff8b9b00000 - 0x00007ff8b9bb0000 	C:\Windows\System32\ADVAPI32.dll
0x00007ff8b8c40000 - 0x00007ff8b8ce0000 	C:\Windows\System32\sechost.dll
0x00007ff8ba350000 - 0x00007ff8ba475000 	C:\Windows\System32\RPCRT4.dll
0x00007ff8b7d80000 - 0x00007ff8b7da7000 	C:\Windows\System32\bcrypt.dll
0x00007ff8b7150000 - 0x00007ff8b719b000 	C:\Windows\SYSTEM32\POWRPROF.dll
0x00007ff8b2870000 - 0x00007ff8b2879000 	C:\Windows\SYSTEM32\WSOCK32.dll
0x00007ff8ba130000 - 0x00007ff8ba19b000 	C:\Windows\System32\WS2_32.dll
0x00007ff8a73f0000 - 0x00007ff8a7417000 	C:\Windows\SYSTEM32\WINMM.dll
0x00007ff8a7070000 - 0x00007ff8a707a000 	C:\Windows\SYSTEM32\VERSION.dll
0x00007ff8b7010000 - 0x00007ff8b7022000 	C:\Windows\SYSTEM32\UMPDC.dll
0x00007ff8b5ab0000 - 0x00007ff8b5ac2000 	C:\Windows\SYSTEM32\kernel.appcore.dll
0x00007ff8b2860000 - 0x00007ff8b286a000 	C:\Program Files\Microsoft\jdk-17.0.10.7-hotspot\bin\jimage.dll
0x00007ff8a7480000 - 0x00007ff8a7664000 	C:\Windows\SYSTEM32\DBGHELP.DLL
0x00007ff8a72d0000 - 0x00007ff8a7304000 	C:\Windows\SYSTEM32\dbgcore.DLL
0x00007ff8b7cf0000 - 0x00007ff8b7d72000 	C:\Windows\System32\bcryptPrimitives.dll
0x00007ff8af5c0000 - 0x00007ff8af5ce000 	C:\Program Files\Microsoft\jdk-17.0.10.7-hotspot\bin\instrument.dll
0x00007ff8b25e0000 - 0x00007ff8b2605000 	C:\Program Files\Microsoft\jdk-17.0.10.7-hotspot\bin\java.dll
0x00007ff8b11d0000 - 0x00007ff8b12a7000 	C:\Program Files\Microsoft\jdk-17.0.10.7-hotspot\bin\jsvml.dll
0x00007ff8b9030000 - 0x00007ff8b979b000 	C:\Windows\System32\SHELL32.dll
0x00007ff8b5cb0000 - 0x00007ff8b644e000 	C:\Windows\SYSTEM32\windows.storage.dll
0x00007ff8b97a0000 - 0x00007ff8b9af3000 	C:\Windows\System32\combase.dll
0x00007ff8b7630000 - 0x00007ff8b765e000 	C:\Windows\SYSTEM32\Wldp.dll
0x00007ff8ba260000 - 0x00007ff8ba32d000 	C:\Windows\System32\OLEAUT32.dll
0x00007ff8ba070000 - 0x00007ff8ba11d000 	C:\Windows\System32\SHCORE.dll
0x00007ff8b9bb0000 - 0x00007ff8b9c05000 	C:\Windows\System32\shlwapi.dll
0x00007ff8b7b30000 - 0x00007ff8b7b55000 	C:\Windows\SYSTEM32\profapi.dll
0x00007ff8b1190000 - 0x00007ff8b11a8000 	C:\Program Files\Microsoft\jdk-17.0.10.7-hotspot\bin\zip.dll
0x00007ff8b25c0000 - 0x00007ff8b25d9000 	C:\Program Files\Microsoft\jdk-17.0.10.7-hotspot\bin\net.dll
0x00007ff8aea60000 - 0x00007ff8aeb6a000 	C:\Windows\SYSTEM32\WINHTTP.dll
0x00007ff8b7390000 - 0x00007ff8b73fa000 	C:\Windows\system32\mswsock.dll
0x00007ff8b11b0000 - 0x00007ff8b11c6000 	C:\Program Files\Microsoft\jdk-17.0.10.7-hotspot\bin\nio.dll
0x00007ff8b27d0000 - 0x00007ff8b27e0000 	C:\Program Files\Microsoft\jdk-17.0.10.7-hotspot\bin\verify.dll
0x00007ff8aa3b0000 - 0x00007ff8aa3d7000 	C:\Users\LENOVO\.gradle\native\68d5fa5c4cc2d200863cafc0d521ce42e7d3e7ee720ec0a83991735586a16f82\windows-amd64\native-platform.dll
0x00007ff884d60000 - 0x00007ff884ea4000 	C:\Users\LENOVO\.gradle\native\e376f236ea51e6404a007f0833ffe2c6e607c4080706a723a18a27aeea778392\windows-amd64\native-platform-file-events.dll
0x00007ff8b23b0000 - 0x00007ff8b23b9000 	C:\Program Files\Microsoft\jdk-17.0.10.7-hotspot\bin\management.dll
0x00007ff8b1180000 - 0x00007ff8b118b000 	C:\Program Files\Microsoft\jdk-17.0.10.7-hotspot\bin\management_ext.dll
0x00007ff8ba120000 - 0x00007ff8ba128000 	C:\Windows\System32\PSAPI.DLL
0x00007ff8b7580000 - 0x00007ff8b7598000 	C:\Windows\SYSTEM32\CRYPTSP.dll
0x00007ff8b6c50000 - 0x00007ff8b6c84000 	C:\Windows\system32\rsaenh.dll
0x00007ff8b7ab0000 - 0x00007ff8b7ade000 	C:\Windows\SYSTEM32\USERENV.dll
0x00007ff8b75a0000 - 0x00007ff8b75ac000 	C:\Windows\SYSTEM32\CRYPTBASE.dll
0x00007ff8b7030000 - 0x00007ff8b706b000 	C:\Windows\SYSTEM32\IPHLPAPI.DLL
0x00007ff8b9e60000 - 0x00007ff8b9e68000 	C:\Windows\System32\NSI.dll
0x00007ff8af7e0000 - 0x00007ff8af7f7000 	C:\Windows\SYSTEM32\dhcpcsvc6.DLL
0x00007ff8b0a10000 - 0x00007ff8b0a2d000 	C:\Windows\SYSTEM32\dhcpcsvc.DLL
0x00007ff8b7080000 - 0x00007ff8b714b000 	C:\Windows\SYSTEM32\DNSAPI.dll
0x00007ff8a03d0000 - 0x00007ff8a03d9000 	C:\Program Files\Microsoft\jdk-17.0.10.7-hotspot\bin\extnet.dll
0x00007ff8ac7a0000 - 0x00007ff8ac7ae000 	C:\Program Files\Microsoft\jdk-17.0.10.7-hotspot\bin\sunmscapi.dll
0x00007ff8b8420000 - 0x00007ff8b857d000 	C:\Windows\System32\CRYPT32.dll
0x00007ff8b76a0000 - 0x00007ff8b76c8000 	C:\Windows\SYSTEM32\ncrypt.dll
0x00007ff8b7660000 - 0x00007ff8b769b000 	C:\Windows\SYSTEM32\NTASN1.dll
0x00007ff8a0a00000 - 0x00007ff8a0a07000 	C:\Windows\system32\wshunix.dll
0x00007ff8a53d0000 - 0x00007ff8a53e7000 	C:\Windows\system32\napinsp.dll
0x00007ff8a53b0000 - 0x00007ff8a53cb000 	C:\Windows\system32\pnrpnsp.dll
0x00007ff8a5390000 - 0x00007ff8a53a5000 	C:\Windows\system32\wshbth.dll
0x00007ff8b36d0000 - 0x00007ff8b36ed000 	C:\Windows\system32\NLAapi.dll
0x00007ff8a5370000 - 0x00007ff8a5382000 	C:\Windows\System32\winrnr.dll
0x00007ff8a9bc0000 - 0x00007ff8a9bca000 	C:\Windows\System32\rasadhlp.dll
0x00007ff8a9c20000 - 0x00007ff8a9ca0000 	C:\Windows\System32\fwpuclnt.dll

dbghelp: loaded successfully - version: 4.0.5 - missing functions: none
symbol engine: initialized successfully - sym options: 0x614 - pdb path: .;C:\Program Files\Microsoft\jdk-17.0.10.7-hotspot\bin;C:\Windows\SYSTEM32;C:\Windows\WinSxS\amd64_microsoft.windows.common-controls_6595b64144ccf1df_6.0.19041.3636_none_60b6a03d71f818d5;C:\Program Files\Microsoft\jdk-17.0.10.7-hotspot\bin\server;C:\Users\LENOVO\.gradle\native\68d5fa5c4cc2d200863cafc0d521ce42e7d3e7ee720ec0a83991735586a16f82\windows-amd64;C:\Users\LENOVO\.gradle\native\e376f236ea51e6404a007f0833ffe2c6e607c4080706a723a18a27aeea778392\windows-amd64

VM Arguments:
jvm_args: -XX:MaxMetaspaceSize=512m --add-opens=java.base/java.util=ALL-UNNAMED --add-opens=java.base/java.lang=ALL-UNNAMED --add-opens=java.base/java.lang.invoke=ALL-UNNAMED --add-opens=java.prefs/java.util.prefs=ALL-UNNAMED --add-opens=java.base/java.nio.charset=ALL-UNNAMED --add-opens=java.base/java.net=ALL-UNNAMED --add-opens=java.base/java.util.concurrent.atomic=ALL-UNNAMED -Xmx2048m -Dfile.encoding=windows-1252 -Duser.country=US -Duser.language=en -Duser.variant -javaagent:C:\Users\LENOVO\.gradle\wrapper\dists\gradle-8.3-all\6en3ugtfdg5xnpx44z4qbwgas\gradle-8.3\lib\agents\gradle-instrumentation-agent-8.3.jar 
java_command: org.gradle.launcher.daemon.bootstrap.GradleDaemon 8.3
java_class_path (initial): C:\Users\LENOVO\.gradle\wrapper\dists\gradle-8.3-all\6en3ugtfdg5xnpx44z4qbwgas\gradle-8.3\lib\gradle-launcher-8.3.jar
Launcher Type: SUN_STANDARD

[Global flags]
     intx CICompilerCount                          = 3                                         {product} {ergonomic}
   size_t CompressedClassSpaceSize                 = 436207616                                 {product} {ergonomic}
     uint ConcGCThreads                            = 1                                         {product} {ergonomic}
     uint G1ConcRefinementThreads                  = 4                                         {product} {ergonomic}
   size_t G1HeapRegionSize                         = 1048576                                   {product} {ergonomic}
    uintx GCDrainStackTargetSize                   = 64                                        {product} {ergonomic}
   size_t InitialHeapSize                          = 62914560                                  {product} {ergonomic}
   size_t MarkStackSize                            = 4194304                                   {product} {ergonomic}
   size_t MaxHeapSize                              = 2147483648                                {product} {command line}
   size_t MaxMetaspaceSize                         = 536870912                                 {product} {command line}
   size_t MaxNewSize                               = 1287651328                                {product} {ergonomic}
   size_t MinHeapDeltaBytes                        = 1048576                                   {product} {ergonomic}
   size_t MinHeapSize                              = 8388608                                   {product} {ergonomic}
    uintx NonNMethodCodeHeapSize                   = 5832780                                {pd product} {ergonomic}
    uintx NonProfiledCodeHeapSize                  = 122912730                              {pd product} {ergonomic}
    uintx ProfiledCodeHeapSize                     = 122912730                              {pd product} {ergonomic}
    uintx ReservedCodeCacheSize                    = 251658240                              {pd product} {ergonomic}
     bool SegmentedCodeCache                       = true                                      {product} {ergonomic}
   size_t SoftMaxHeapSize                          = 2147483648                             {manageable} {ergonomic}
     bool UseCompressedClassPointers               = true                           {product lp64_product} {ergonomic}
     bool UseCompressedOops                        = true                           {product lp64_product} {ergonomic}
     bool UseG1GC                                  = true                                      {product} {ergonomic}
     bool UseLargePagesIndividualAllocation        = false                                  {pd product} {ergonomic}

Logging:
Log output configuration:
 #0: stdout all=warning uptime,level,tags
 #1: stderr all=off uptime,level,tags

Environment Variables:
JAVA_HOME=C:\Program Files\Microsoft\jdk-17.0.10.7-hotspot\
CLASSPATH=D:\bootcamp\secondtask with react native ts\Eventlister\android\\gradle\wrapper\gradle-wrapper.jar
PATH=D:\bootcamp\secondtask with react native ts\Eventlister\node_modules\.bin;D:\bootcamp\secondtask with react native ts\Eventlister\node_modules\.bin;D:\bootcamp\secondtask with react native ts\node_modules\.bin;D:\bootcamp\node_modules\.bin;D:\node_modules\.bin;C:\Program Files\nodejs\node_modules\npm\node_modules\@npmcli\run-script\lib\node-gyp-bin;D:\bootcamp\secondtask with react native ts\Eventlister\node_modules\.bin;D:\bootcamp\secondtask with react native ts\Eventlister\node_modules\.bin;D:\bootcamp\secondtask with react native ts\node_modules\.bin;D:\bootcamp\node_modules\.bin;D:\node_modules\.bin;C:\Program Files\nodejs\node_modules\npm\node_modules\@npmcli\run-script\lib\node-gyp-bin;C:\Program Files\Microsoft\jdk-17.0.10.7-hotspot\bin;C:\Python312\Scripts\;C:\Python312\;C:\Windows\system32;C:\Windows;C:\Windows\System32\Wbem;C:\Windows\System32\WindowsPowerShell\v1.0\;C:\Windows\System32\OpenSSH\;C:\Program Files\Git\cmd;C:\Program Files\nodejs\;C:\ProgramData\chocolatey\bin;C:\Users\LENOVO\.console-ninja\.bin;C:\Users\LENOVO\AppData\Local\Microsoft\WindowsApps;C:\Users\LENOVO\AppData\Local\Programs\Microsoft VS Code\bin;C:\Users\LENOVO\AppData\Roaming\npm;C:\Users\LENOVO\AppData\Local\Android\Sdk\platform-tools;
USERNAME=LENOVO
OS=Windows_NT
PROCESSOR_IDENTIFIER=Intel64 Family 6 Model 58 Stepping 9, GenuineIntel
TMP=C:\Users\LENOVO\AppData\Local\Temp
TEMP=C:\Users\LENOVO\AppData\Local\Temp



Periodic native trim disabled


---------------  S Y S T E M  ---------------

OS:
 Windows 10 , 64 bit Build 19041 (10.0.19041.3636)
OS uptime: 13 days 7:53 hours

CPU: total 4 (initial active 4) (2 cores per cpu, 2 threads per core) family 6 model 58 stepping 9 microcode 0x21, cx8, cmov, fxsr, ht, mmx, sse, sse2, sse3, ssse3, sse4.1, sse4.2, popcnt, tsc, tscinvbit, avx, aes, erms, clmul, vzeroupper, clflush
Processor Information for all 4 processors :
  Max Mhz: 2601, Current Mhz: 2601, Mhz Limit: 2601

Memory: 4k page, system-wide physical 3793M (189M free)
TotalPageFile size 12472M (AvailPageFile size 25M)
current process WorkingSet (physical memory assigned to process): 245M, peak: 247M
current process commit charge ("private bytes"): 415M, peak: 471M

vm_info: OpenJDK 64-Bit Server VM (17.0.10+7-LTS) for windows-amd64 JRE (17.0.10+7-LTS), built on Jan 10 2024 19:47:12 by "MicrosoftCorporation" with MS VC++ 16.10 / 16.11 (VS2019)

END.
