#
# There is insufficient memory for the Java Runtime Environment to continue.
# Native memory allocation (malloc) failed to allocate 1024416 bytes for Chunk::new
# Possible reasons:
#   The system is out of physical RAM or swap space
#   The process is running with CompressedOops enabled, and the Java Heap may be blocking the growth of the native heap
# Possible solutions:
#   Reduce memory load on the system
#   Increase physical memory or swap space
#   Check if swap backing store is full
#   Decrease Java heap size (-Xmx/-Xms)
#   Decrease number of Java threads
#   Decrease Java thread stack sizes (-Xss)
#   Set larger code cache with -XX:ReservedCodeCacheSize=
#   JVM is running with Unscaled Compressed Oops mode in which the Java heap is
#     placed in the first 4GB address space. The Java Heap base address is the
#     maximum limit for the native heap growth. Please use -XX:HeapBaseMinAddress
#     to set the Java Heap base and to place the Java Heap above 4GB virtual address.
# This output file may be truncated or incomplete.
#
#  Out of Memory Error (arena.cpp:191), pid=4072, tid=12872
#
# JRE version: OpenJDK Runtime Environment Microsoft-8902769 (17.0.10+7) (build 17.0.10+7-LTS)
# Java VM: OpenJDK 64-Bit Server VM Microsoft-8902769 (17.0.10+7-LTS, mixed mode, sharing, tiered, compressed oops, compressed class ptrs, g1 gc, windows-amd64)
# No core dump will be written. Minidumps are not enabled by default on client versions of Windows
#

---------------  S U M M A R Y ------------

Command Line: -XX:MaxMetaspaceSize=512m --add-opens=java.base/java.util=ALL-UNNAMED --add-opens=java.base/java.lang=ALL-UNNAMED --add-opens=java.base/java.lang.invoke=ALL-UNNAMED --add-opens=java.prefs/java.util.prefs=ALL-UNNAMED --add-opens=java.base/java.nio.charset=ALL-UNNAMED --add-opens=java.base/java.net=ALL-UNNAMED --add-opens=java.base/java.util.concurrent.atomic=ALL-UNNAMED -Xmx2048m -Dfile.encoding=windows-1252 -Duser.country=US -Duser.language=en -Duser.variant -javaagent:C:\Users\LENOVO\.gradle\wrapper\dists\gradle-8.3-all\6en3ugtfdg5xnpx44z4qbwgas\gradle-8.3\lib\agents\gradle-instrumentation-agent-8.3.jar org.gradle.launcher.daemon.bootstrap.GradleDaemon 8.3

Host: Intel(R) Core(TM) i5-3320M CPU @ 2.60GHz, 4 cores, 3G,  Windows 10 , 64 bit Build 19041 (10.0.19041.3636)
Time: Sat Mar 23 12:14:28 2024 Pakistan Standard Time elapsed time: 107.244149 seconds (0d 0h 1m 47s)

---------------  T H R E A D  ---------------

Current thread (0x0000020c3b556070):  JavaThread "C2 CompilerThread0" daemon [_thread_in_native, id=12872, stack(0x000000d845c00000,0x000000d845d00000)]


Current CompileTask:
C2: 107244 9388       4       java.beans.MethodRef::set (58 bytes)

Stack: [0x000000d845c00000,0x000000d845d00000]
Native frames: (J=compiled Java code, j=interpreted, Vv=VM code, C=native code)
V  [jvm.dll+0x67f829]
V  [jvm.dll+0x83750a]
V  [jvm.dll+0x838fce]
V  [jvm.dll+0x839633]
V  [jvm.dll+0x247cbf]
V  [jvm.dll+0xac524]
V  [jvm.dll+0xacb6c]
V  [jvm.dll+0x2af70f]
V  [jvm.dll+0x587077]
V  [jvm.dll+0x222d32]
V  [jvm.dll+0x22311f]
V  [jvm.dll+0x21c1dc]
V  [jvm.dll+0x219711]
V  [jvm.dll+0x1a5176]
V  [jvm.dll+0x22957e]
V  [jvm.dll+0x22774c]
V  [jvm.dll+0x7ec5d7]
V  [jvm.dll+0x7e69da]
V  [jvm.dll+0x67e715]
C  [ucrtbase.dll+0x21bb2]
C  [KERNEL32.DLL+0x17344]
C  [ntdll.dll+0x526b1]


---------------  P R O C E S S  ---------------

Threads class SMR info:
_java_thread_list=0x0000020c5d4f0ab0, length=64, elements={
0x0000020c1d9916f0, 0x0000020c3b536b90, 0x0000020c3b5390d0, 0x0000020c3b54f3d0,
0x0000020c3b550160, 0x0000020c3b553340, 0x0000020c3b553c10, 0x0000020c3b556070,
0x0000020c3b55cef0, 0x0000020c3b59def0, 0x0000020c3b77a080, 0x0000020c3b82c220,
0x0000020c5b55aa70, 0x0000020c3b82a6e0, 0x0000020c5b903840, 0x0000020c5b049ff0,
0x0000020c3b5e1b90, 0x0000020c5b075a10, 0x0000020c5b077360, 0x0000020c5b076940,
0x0000020c5b076e50, 0x0000020c5b077d80, 0x0000020c5b078290, 0x0000020c5b075500,
0x0000020c5b0787a0, 0x0000020c5b075f20, 0x0000020c5b076430, 0x0000020c5b078cb0,
0x0000020c5d738ec0, 0x0000020c5d7384a0, 0x0000020c5d7398e0, 0x0000020c5d7393d0,
0x0000020c5d73a810, 0x0000020c5d73a300, 0x0000020c5d737a80, 0x0000020c5d737060,
0x0000020c5d737570, 0x0000020c5d7389b0, 0x0000020c5d680d20, 0x0000020c5d67df90,
0x0000020c5d681c50, 0x0000020c5d67f3d0, 0x0000020c5d682160, 0x0000020c5d67e9b0,
0x0000020c5d6849e0, 0x0000020c5d683fc0, 0x0000020c5d67fdf0, 0x0000020c5d67e4a0,
0x0000020c5d682670, 0x0000020c5d67f8e0, 0x0000020c5d681230, 0x0000020c5d682b80,
0x0000020c5d67da80, 0x0000020c5d6835a0, 0x0000020c5d67eec0, 0x0000020c5d680300,
0x0000020c5d680810, 0x0000020c5d683090, 0x0000020c5d681740, 0x0000020c5e89f2a0,
0x0000020c5e89d950, 0x0000020c5e89de60, 0x0000020c5e89d440, 0x0000020c5e89c000
}

Java Threads: ( => current thread )
  0x0000020c1d9916f0 JavaThread "main" [_thread_blocked, id=15336, stack(0x000000d844f00000,0x000000d845000000)]
  0x0000020c3b536b90 JavaThread "Reference Handler" daemon [_thread_blocked, id=13572, stack(0x000000d845600000,0x000000d845700000)]
  0x0000020c3b5390d0 JavaThread "Finalizer" daemon [_thread_blocked, id=4572, stack(0x000000d845700000,0x000000d845800000)]
  0x0000020c3b54f3d0 JavaThread "Signal Dispatcher" daemon [_thread_blocked, id=3012, stack(0x000000d845800000,0x000000d845900000)]
  0x0000020c3b550160 JavaThread "Attach Listener" daemon [_thread_blocked, id=9048, stack(0x000000d845900000,0x000000d845a00000)]
  0x0000020c3b553340 JavaThread "Service Thread" daemon [_thread_blocked, id=15548, stack(0x000000d845a00000,0x000000d845b00000)]
  0x0000020c3b553c10 JavaThread "Monitor Deflation Thread" daemon [_thread_blocked, id=16220, stack(0x000000d845b00000,0x000000d845c00000)]
=>0x0000020c3b556070 JavaThread "C2 CompilerThread0" daemon [_thread_in_native, id=12872, stack(0x000000d845c00000,0x000000d845d00000)]
  0x0000020c3b55cef0 JavaThread "C1 CompilerThread0" daemon [_thread_blocked, id=14580, stack(0x000000d845d00000,0x000000d845e00000)]
  0x0000020c3b59def0 JavaThread "Sweeper thread" daemon [_thread_blocked, id=7864, stack(0x000000d845e00000,0x000000d845f00000)]
  0x0000020c3b77a080 JavaThread "Common-Cleaner" daemon [_thread_blocked, id=17332, stack(0x000000d845f00000,0x000000d846000000)]
  0x0000020c3b82c220 JavaThread "Notification Thread" daemon [_thread_blocked, id=12736, stack(0x000000d846000000,0x000000d846100000)]
  0x0000020c5b55aa70 JavaThread "Daemon health stats" [_thread_blocked, id=18456, stack(0x000000d846500000,0x000000d846600000)]
  0x0000020c3b82a6e0 JavaThread "Incoming local TCP Connector on port 57973" [_thread_in_native, id=8828, stack(0x000000d846600000,0x000000d846700000)]
  0x0000020c5b903840 JavaThread "Daemon periodic checks" [_thread_blocked, id=11360, stack(0x000000d846700000,0x000000d846800000)]
  0x0000020c5b049ff0 JavaThread "Daemon" [_thread_blocked, id=13992, stack(0x000000d846800000,0x000000d846900000)]
  0x0000020c3b5e1b90 JavaThread "Handler for socket connection from /127.0.0.1:57973 to /127.0.0.1:57974" [_thread_in_native, id=17392, stack(0x000000d846900000,0x000000d846a00000)]
  0x0000020c5b075a10 JavaThread "Cancel handler" [_thread_blocked, id=8024, stack(0x000000d846a00000,0x000000d846b00000)]
  0x0000020c5b077360 JavaThread "Daemon worker" [_thread_in_vm, id=1008, stack(0x000000d846b00000,0x000000d846c00000)]
  0x0000020c5b076940 JavaThread "Asynchronous log dispatcher for DefaultDaemonConnection: socket connection from /127.0.0.1:57973 to /127.0.0.1:57974" [_thread_blocked, id=16380, stack(0x000000d846c00000,0x000000d846d00000)]
  0x0000020c5b076e50 JavaThread "Stdin handler" [_thread_blocked, id=9756, stack(0x000000d846d00000,0x000000d846e00000)]
  0x0000020c5b077d80 JavaThread "Daemon client event forwarder" [_thread_blocked, id=20120, stack(0x000000d846e00000,0x000000d846f00000)]
  0x0000020c5b078290 JavaThread "Cache worker for journal cache (C:\Users\LENOVO\.gradle\caches\journal-1)" [_thread_blocked, id=4560, stack(0x000000d846f00000,0x000000d847000000)]
  0x0000020c5b075500 JavaThread "File lock request listener" [_thread_in_native, id=19708, stack(0x000000d847000000,0x000000d847100000)]
  0x0000020c5b0787a0 JavaThread "Cache worker for file hash cache (C:\Users\LENOVO\.gradle\caches\8.3\fileHashes)" [_thread_blocked, id=19572, stack(0x000000d847100000,0x000000d847200000)]
  0x0000020c5b075f20 JavaThread "File watcher server" daemon [_thread_in_native, id=20368, stack(0x000000d847200000,0x000000d847300000)]
  0x0000020c5b076430 JavaThread "File watcher consumer" daemon [_thread_blocked, id=5312, stack(0x000000d847300000,0x000000d847400000)]
  0x0000020c5b078cb0 JavaThread "Cache worker for checksums cache (D:\bootcamp\secondtask with react native ts\Eventlister\android\.gradle\8.3\checksums)" [_thread_blocked, id=20228, stack(0x000000d847400000,0x000000d847500000)]
  0x0000020c5d738ec0 JavaThread "Cache worker for file hash cache (D:\bootcamp\secondtask with react native ts\Eventlister\android\.gradle\8.3\fileHashes)" [_thread_blocked, id=5508, stack(0x000000d847500000,0x000000d847600000)]
  0x0000020c5d7384a0 JavaThread "Cache worker for cache directory md-supplier (C:\Users\LENOVO\.gradle\caches\8.3\md-supplier)" [_thread_blocked, id=20088, stack(0x000000d847600000,0x000000d847700000)]
  0x0000020c5d7398e0 JavaThread "Cache worker for file content cache (C:\Users\LENOVO\.gradle\caches\8.3\fileContent)" [_thread_blocked, id=8688, stack(0x000000d847700000,0x000000d847800000)]
  0x0000020c5d7393d0 JavaThread "Cache worker for cache directory md-rule (C:\Users\LENOVO\.gradle\caches\8.3\md-rule)" [_thread_blocked, id=13808, stack(0x000000d847800000,0x000000d847900000)]
  0x0000020c5d73a810 JavaThread "Cache worker for execution history cache (C:\Users\LENOVO\.gradle\caches\8.3\executionHistory)" [_thread_blocked, id=2060, stack(0x000000d847900000,0x000000d847a00000)]
  0x0000020c5d73a300 JavaThread "File lock release action executor" [_thread_blocked, id=2616, stack(0x000000d847a00000,0x000000d847b00000)]
  0x0000020c5d737a80 JavaThread "jar transforms" [_thread_blocked, id=14780, stack(0x000000d847b00000,0x000000d847c00000)]
  0x0000020c5d737060 JavaThread "jar transforms Thread 2" [_thread_blocked, id=2252, stack(0x000000d847c00000,0x000000d847d00000)]
  0x0000020c5d737570 JavaThread "jar transforms Thread 3" [_thread_blocked, id=18212, stack(0x000000d847d00000,0x000000d847e00000)]
  0x0000020c5d7389b0 JavaThread "jar transforms Thread 4" [_thread_blocked, id=15072, stack(0x000000d847e00000,0x000000d847f00000)]
  0x0000020c5d680d20 JavaThread "Cache worker for kotlin-dsl (C:\Users\LENOVO\.gradle\caches\8.3\kotlin-dsl)" [_thread_blocked, id=3992, stack(0x000000d844d00000,0x000000d844e00000)]
  0x0000020c5d67df90 JavaThread "Unconstrained build operations" [_thread_blocked, id=17416, stack(0x000000d844e00000,0x000000d844f00000)]
  0x0000020c5d681c50 JavaThread "Unconstrained build operations Thread 2" [_thread_blocked, id=17384, stack(0x000000d848100000,0x000000d848200000)]
  0x0000020c5d67f3d0 JavaThread "Cache worker for dependencies-accessors (D:\bootcamp\secondtask with react native ts\Eventlister\android\.gradle\8.3\dependencies-accessors)" [_thread_blocked, id=15896, stack(0x000000d848200000,0x000000d848300000)]
  0x0000020c5d682160 JavaThread "Cache worker for Build Output Cleanup Cache (D:\bootcamp\secondtask with react native ts\Eventlister\node_modules\@react-native\gradle-plugin\.gradle\buildOutputCleanup)" [_thread_blocked, id=8592, stack(0x000000d848300000,0x000000d848400000)]
  0x0000020c5d67e9b0 JavaThread "Unconstrained build operations Thread 3" [_thread_blocked, id=5004, stack(0x000000d848400000,0x000000d848500000)]
  0x0000020c5d6849e0 JavaThread "Unconstrained build operations Thread 4" [_thread_blocked, id=11664, stack(0x000000d848500000,0x000000d848600000)]
  0x0000020c5d683fc0 JavaThread "Unconstrained build operations Thread 5" [_thread_blocked, id=17828, stack(0x000000d848600000,0x000000d848700000)]
  0x0000020c5d67fdf0 JavaThread "Memory manager" [_thread_blocked, id=992, stack(0x000000d848700000,0x000000d848800000)]
  0x0000020c5d67e4a0 JavaThread "Cache worker for Build Output Cleanup Cache (D:\bootcamp\secondtask with react native ts\Eventlister\android\.gradle\buildOutputCleanup)" [_thread_blocked, id=19220, stack(0x000000d848800000,0x000000d848900000)]
  0x0000020c5d682670 JavaThread "ForkJoinPool.commonPool-worker-1" daemon [_thread_blocked, id=16104, stack(0x000000d848900000,0x000000d848a00000)]
  0x0000020c5d67f8e0 JavaThread "ForkJoinPool.commonPool-worker-2" daemon [_thread_blocked, id=8112, stack(0x000000d848a00000,0x000000d848b00000)]
  0x0000020c5d681230 JavaThread "ForkJoinPool.commonPool-worker-3" daemon [_thread_blocked, id=20292, stack(0x000000d848b00000,0x000000d848c00000)]
  0x0000020c5d682b80 JavaThread "included builds" [_thread_blocked, id=20196, stack(0x000000d848c00000,0x000000d848d00000)]
  0x0000020c5d67da80 JavaThread "Execution worker" [_thread_blocked, id=1536, stack(0x000000d848d00000,0x000000d848e00000)]
  0x0000020c5d6835a0 JavaThread "Execution worker Thread 2" [_thread_blocked, id=10016, stack(0x000000d848e00000,0x000000d848f00000)]
  0x0000020c5d67eec0 JavaThread "Execution worker Thread 3" [_thread_blocked, id=11000, stack(0x000000d848f00000,0x000000d849000000)]
  0x0000020c5d680300 JavaThread "Cache worker for execution history cache (D:\bootcamp\secondtask with react native ts\Eventlister\node_modules\@react-native\gradle-plugin\.gradle\8.3\executionHistory)" [_thread_blocked, id=9504, stack(0x000000d849000000,0x000000d849100000)]
  0x0000020c5d680810 JavaThread "Unconstrained build operations Thread 6" [_thread_blocked, id=2924, stack(0x000000d849100000,0x000000d849200000)]
  0x0000020c5d683090 JavaThread "Unconstrained build operations Thread 7" [_thread_blocked, id=18228, stack(0x000000d849200000,0x000000d849300000)]
  0x0000020c5d681740 JavaThread "Unconstrained build operations Thread 8" [_thread_blocked, id=15720, stack(0x000000d849300000,0x000000d849400000)]
  0x0000020c5e89f2a0 JavaThread "Unconstrained build operations Thread 9" [_thread_blocked, id=14632, stack(0x000000d849400000,0x000000d849500000)]
  0x0000020c5e89d950 JavaThread "Unconstrained build operations Thread 10" [_thread_blocked, id=10536, stack(0x000000d849500000,0x000000d849600000)]
  0x0000020c5e89de60 JavaThread "Unconstrained build operations Thread 11" [_thread_blocked, id=9892, stack(0x000000d849600000,0x000000d849700000)]
  0x0000020c5e89d440 JavaThread "Unconstrained build operations Thread 12" [_thread_blocked, id=19916, stack(0x000000d849700000,0x000000d849800000)]
  0x0000020c5e89c000 JavaThread "Unconstrained build operations Thread 13" [_thread_blocked, id=7376, stack(0x000000d849800000,0x000000d849900000)]

Other Threads:
  0x0000020c3b533020 VMThread "VM Thread" [stack: 0x000000d845500000,0x000000d845600000] [id=5040]
  0x0000020c3b7b12c0 WatcherThread [stack: 0x000000d846100000,0x000000d846200000] [id=13792]
  0x0000020c1d9edbf0 GCTaskThread "GC Thread#0" [stack: 0x000000d845000000,0x000000d845100000] [id=1756]
  0x0000020c5b011090 GCTaskThread "GC Thread#1" [stack: 0x000000d846200000,0x000000d846300000] [id=7620]
  0x0000020c5b143550 GCTaskThread "GC Thread#2" [stack: 0x000000d846300000,0x000000d846400000] [id=15268]
  0x0000020c3b96c3a0 GCTaskThread "GC Thread#3" [stack: 0x000000d846400000,0x000000d846500000] [id=15536]
  0x0000020c1d9ffa60 ConcurrentGCThread "G1 Main Marker" [stack: 0x000000d845100000,0x000000d845200000] [id=5684]
  0x0000020c1da00390 ConcurrentGCThread "G1 Conc#0" [stack: 0x000000d845200000,0x000000d845300000] [id=8200]
  0x0000020c1da3adc0 ConcurrentGCThread "G1 Refine#0" [stack: 0x000000d845300000,0x000000d845400000] [id=10796]
  0x0000020c1da3b700 ConcurrentGCThread "G1 Service" [stack: 0x000000d845400000,0x000000d845500000] [id=11176]

Threads with active compile tasks:
C2 CompilerThread0   107311 9388       4       java.beans.MethodRef::set (58 bytes)

VM state: not at safepoint (normal execution)

VM Mutex/Monitor currently owned by a thread: None

Heap address: 0x0000000080000000, size: 2048 MB, Compressed Oops mode: 32-bit

CDS archive(s) mapped at: [0x0000020c3c000000-0x0000020c3cbb0000-0x0000020c3cbb0000), size 12255232, SharedBaseAddress: 0x0000020c3c000000, ArchiveRelocationMode: 1.
Compressed class space mapped at: 0x0000020c3d000000-0x0000020c57000000, reserved size: 436207616
Narrow klass base: 0x0000020c3c000000, Narrow klass shift: 0, Narrow klass range: 0x100000000

GC Precious Log:
 CPUs: 4 total, 4 available
 Memory: 3793M
 Large Page Support: Disabled
 NUMA Support: Disabled
 Compressed Oops: Enabled (32-bit)
 Heap Region Size: 1M
 Heap Min Capacity: 8M
 Heap Initial Capacity: 60M
 Heap Max Capacity: 2G
 Pre-touch: Disabled
 Parallel Workers: 4
 Concurrent Workers: 1
 Concurrent Refinement Workers: 4
 Periodic GC: Disabled

Heap:
 garbage-first heap   total 194560K, used 133182K [0x0000000080000000, 0x0000000100000000)
  region size 1024K, 50 young (51200K), 4 survivors (4096K)
 Metaspace       used 77053K, committed 77824K, reserved 557056K
  class space    used 10707K, committed 11072K, reserved 425984K

Heap Regions: E=young(eden), S=young(survivor), O=old, HS=humongous(starts), HC=humongous(continues), CS=collection set, F=free, OA=open archive, CA=closed archive, TAMS=top-at-mark-start (previous, next)
|   0|0x0000000080000000, 0x0000000080100000, 0x0000000080100000|100%| O|  |TAMS 0x0000000080100000, 0x0000000080000000| Untracked 
|   1|0x0000000080100000, 0x0000000080200000, 0x0000000080200000|100%| O|  |TAMS 0x0000000080200000, 0x0000000080100000| Untracked 
|   2|0x0000000080200000, 0x0000000080300000, 0x0000000080300000|100%|HS|  |TAMS 0x0000000080300000, 0x0000000080200000| Complete 
|   3|0x0000000080300000, 0x0000000080400000, 0x0000000080400000|100%|HC|  |TAMS 0x0000000080400000, 0x0000000080300000| Complete 
|   4|0x0000000080400000, 0x0000000080500000, 0x0000000080500000|100%|HC|  |TAMS 0x0000000080500000, 0x0000000080400000| Complete 
|   5|0x0000000080500000, 0x0000000080600000, 0x0000000080600000|100%|HC|  |TAMS 0x0000000080600000, 0x0000000080500000| Complete 
|   6|0x0000000080600000, 0x0000000080700000, 0x0000000080700000|100%| O|  |TAMS 0x0000000080700000, 0x0000000080600000| Untracked 
|   7|0x0000000080700000, 0x0000000080800000, 0x0000000080800000|100%| O|  |TAMS 0x0000000080800000, 0x0000000080700000| Untracked 
|   8|0x0000000080800000, 0x0000000080900000, 0x0000000080900000|100%| O|  |TAMS 0x0000000080900000, 0x0000000080800000| Untracked 
|   9|0x0000000080900000, 0x0000000080a00000, 0x0000000080a00000|100%| O|  |TAMS 0x0000000080a00000, 0x0000000080900000| Untracked 
|  10|0x0000000080a00000, 0x0000000080b00000, 0x0000000080b00000|100%| O|  |TAMS 0x0000000080b00000, 0x0000000080a00000| Untracked 
|  11|0x0000000080b00000, 0x0000000080c00000, 0x0000000080c00000|100%| O|  |TAMS 0x0000000080c00000, 0x0000000080b00000| Untracked 
|  12|0x0000000080c00000, 0x0000000080d00000, 0x0000000080d00000|100%| O|  |TAMS 0x0000000080d00000, 0x0000000080c00000| Untracked 
|  13|0x0000000080d00000, 0x0000000080e00000, 0x0000000080e00000|100%| O|  |TAMS 0x0000000080e00000, 0x0000000080d00000| Untracked 
|  14|0x0000000080e00000, 0x0000000080f00000, 0x0000000080f00000|100%| O|  |TAMS 0x0000000080f00000, 0x0000000080e00000| Untracked 
|  15|0x0000000080f00000, 0x0000000081000000, 0x0000000081000000|100%| O|  |TAMS 0x0000000081000000, 0x0000000080f00000| Untracked 
|  16|0x0000000081000000, 0x0000000081100000, 0x0000000081100000|100%| O|  |TAMS 0x0000000081100000, 0x0000000081000000| Untracked 
|  17|0x0000000081100000, 0x0000000081200000, 0x0000000081200000|100%| O|  |TAMS 0x0000000081200000, 0x0000000081100000| Untracked 
|  18|0x0000000081200000, 0x0000000081300000, 0x0000000081300000|100%| O|  |TAMS 0x0000000081300000, 0x0000000081200000| Untracked 
|  19|0x0000000081300000, 0x0000000081400000, 0x0000000081400000|100%| O|  |TAMS 0x0000000081400000, 0x0000000081300000| Untracked 
|  20|0x0000000081400000, 0x0000000081500000, 0x0000000081500000|100%| O|  |TAMS 0x0000000081500000, 0x0000000081400000| Untracked 
|  21|0x0000000081500000, 0x0000000081600000, 0x0000000081600000|100%|HS|  |TAMS 0x0000000081600000, 0x0000000081500000| Complete 
|  22|0x0000000081600000, 0x0000000081700000, 0x0000000081700000|100%| O|  |TAMS 0x0000000081700000, 0x0000000081600000| Untracked 
|  23|0x0000000081700000, 0x0000000081800000, 0x0000000081800000|100%| O|  |TAMS 0x0000000081800000, 0x0000000081700000| Untracked 
|  24|0x0000000081800000, 0x0000000081900000, 0x0000000081900000|100%| O|  |TAMS 0x0000000081900000, 0x0000000081800000| Untracked 
|  25|0x0000000081900000, 0x0000000081a00000, 0x0000000081a00000|100%| O|  |TAMS 0x0000000081a00000, 0x0000000081900000| Untracked 
|  26|0x0000000081a00000, 0x0000000081b00000, 0x0000000081b00000|100%| O|  |TAMS 0x0000000081b00000, 0x0000000081a00000| Untracked 
|  27|0x0000000081b00000, 0x0000000081c00000, 0x0000000081c00000|100%| O|  |TAMS 0x0000000081c00000, 0x0000000081b00000| Untracked 
|  28|0x0000000081c00000, 0x0000000081d00000, 0x0000000081d00000|100%| O|  |TAMS 0x0000000081d00000, 0x0000000081c00000| Untracked 
|  29|0x0000000081d00000, 0x0000000081e00000, 0x0000000081e00000|100%| O|  |TAMS 0x0000000081e00000, 0x0000000081d00000| Untracked 
|  30|0x0000000081e00000, 0x0000000081f00000, 0x0000000081f00000|100%| O|  |TAMS 0x0000000081f00000, 0x0000000081e00000| Untracked 
|  31|0x0000000081f00000, 0x0000000082000000, 0x0000000082000000|100%| O|  |TAMS 0x0000000082000000, 0x0000000081f00000| Untracked 
|  32|0x0000000082000000, 0x0000000082100000, 0x0000000082100000|100%| O|  |TAMS 0x0000000082100000, 0x0000000082000000| Untracked 
|  33|0x0000000082100000, 0x0000000082200000, 0x0000000082200000|100%| O|  |TAMS 0x0000000082200000, 0x0000000082100000| Untracked 
|  34|0x0000000082200000, 0x0000000082300000, 0x0000000082300000|100%| O|  |TAMS 0x0000000082300000, 0x0000000082200000| Untracked 
|  35|0x0000000082300000, 0x0000000082400000, 0x0000000082400000|100%| O|  |TAMS 0x0000000082400000, 0x0000000082300000| Untracked 
|  36|0x0000000082400000, 0x0000000082500000, 0x0000000082500000|100%|HS|  |TAMS 0x0000000082500000, 0x0000000082400000| Complete 
|  37|0x0000000082500000, 0x0000000082600000, 0x0000000082600000|100%|HC|  |TAMS 0x0000000082600000, 0x0000000082500000| Complete 
|  38|0x0000000082600000, 0x0000000082700000, 0x0000000082700000|100%|HS|  |TAMS 0x0000000082700000, 0x0000000082600000| Complete 
|  39|0x0000000082700000, 0x0000000082800000, 0x0000000082800000|100%|HC|  |TAMS 0x0000000082800000, 0x0000000082700000| Complete 
|  40|0x0000000082800000, 0x0000000082900000, 0x0000000082900000|100%|HS|  |TAMS 0x0000000082900000, 0x0000000082800000| Complete 
|  41|0x0000000082900000, 0x0000000082a00000, 0x0000000082a00000|100%|HC|  |TAMS 0x0000000082a00000, 0x0000000082900000| Complete 
|  42|0x0000000082a00000, 0x0000000082b00000, 0x0000000082b00000|100%|HC|  |TAMS 0x0000000082b00000, 0x0000000082a00000| Complete 
|  43|0x0000000082b00000, 0x0000000082c00000, 0x0000000082c00000|100%|HC|  |TAMS 0x0000000082c00000, 0x0000000082b00000| Complete 
|  44|0x0000000082c00000, 0x0000000082d00000, 0x0000000082d00000|100%| O|  |TAMS 0x0000000082d00000, 0x0000000082c00000| Untracked 
|  45|0x0000000082d00000, 0x0000000082e00000, 0x0000000082e00000|100%| O|  |TAMS 0x0000000082e00000, 0x0000000082d00000| Untracked 
|  46|0x0000000082e00000, 0x0000000082f00000, 0x0000000082f00000|100%| O|  |TAMS 0x0000000082f00000, 0x0000000082e00000| Untracked 
|  47|0x0000000082f00000, 0x0000000083000000, 0x0000000083000000|100%| O|  |TAMS 0x0000000083000000, 0x0000000082f00000| Untracked 
|  48|0x0000000083000000, 0x0000000083000000, 0x0000000083100000|  0%| F|  |TAMS 0x0000000083000000, 0x0000000083000000| Untracked 
|  49|0x0000000083100000, 0x0000000083200000, 0x0000000083200000|100%| O|  |TAMS 0x0000000083200000, 0x0000000083100000| Untracked 
|  50|0x0000000083200000, 0x0000000083300000, 0x0000000083300000|100%| O|  |TAMS 0x0000000083300000, 0x0000000083200000| Untracked 
|  51|0x0000000083300000, 0x0000000083400000, 0x0000000083400000|100%|HS|  |TAMS 0x0000000083400000, 0x0000000083300000| Complete 
|  52|0x0000000083400000, 0x0000000083500000, 0x0000000083500000|100%|HC|  |TAMS 0x0000000083500000, 0x0000000083400000| Complete 
|  53|0x0000000083500000, 0x0000000083600000, 0x0000000083600000|100%|HC|  |TAMS 0x0000000083600000, 0x0000000083500000| Complete 
|  54|0x0000000083600000, 0x0000000083700000, 0x0000000083700000|100%|HC|  |TAMS 0x0000000083700000, 0x0000000083600000| Complete 
|  55|0x0000000083700000, 0x0000000083800000, 0x0000000083800000|100%| O|  |TAMS 0x0000000083800000, 0x0000000083700000| Untracked 
|  56|0x0000000083800000, 0x0000000083900000, 0x0000000083900000|100%| O|  |TAMS 0x0000000083900000, 0x0000000083800000| Untracked 
|  57|0x0000000083900000, 0x0000000083a00000, 0x0000000083a00000|100%| O|  |TAMS 0x0000000083a00000, 0x0000000083900000| Untracked 
|  58|0x0000000083a00000, 0x0000000083b00000, 0x0000000083b00000|100%| O|  |TAMS 0x0000000083b00000, 0x0000000083a00000| Untracked 
|  59|0x0000000083b00000, 0x0000000083c00000, 0x0000000083c00000|100%| O|  |TAMS 0x0000000083c00000, 0x0000000083b00000| Untracked 
|  60|0x0000000083c00000, 0x0000000083d00000, 0x0000000083d00000|100%| O|  |TAMS 0x0000000083d00000, 0x0000000083c00000| Untracked 
|  61|0x0000000083d00000, 0x0000000083e00000, 0x0000000083e00000|100%| O|  |TAMS 0x0000000083e00000, 0x0000000083d00000| Untracked 
|  62|0x0000000083e00000, 0x0000000083f00000, 0x0000000083f00000|100%| O|  |TAMS 0x0000000083f00000, 0x0000000083e00000| Untracked 
|  63|0x0000000083f00000, 0x0000000084000000, 0x0000000084000000|100%|HS|  |TAMS 0x0000000084000000, 0x0000000083f00000| Complete 
|  64|0x0000000084000000, 0x0000000084100000, 0x0000000084100000|100%|HS|  |TAMS 0x0000000084100000, 0x0000000084000000| Complete 
|  65|0x0000000084100000, 0x0000000084200000, 0x0000000084200000|100%| O|  |TAMS 0x0000000084200000, 0x0000000084100000| Untracked 
|  66|0x0000000084200000, 0x0000000084300000, 0x0000000084300000|100%|HS|  |TAMS 0x0000000084300000, 0x0000000084200000| Complete 
|  67|0x0000000084300000, 0x0000000084300000, 0x0000000084400000|  0%| F|  |TAMS 0x0000000084300000, 0x0000000084300000| Untracked 
|  68|0x0000000084400000, 0x0000000084500000, 0x0000000084500000|100%| O|  |TAMS 0x0000000084500000, 0x0000000084400000| Untracked 
|  69|0x0000000084500000, 0x0000000084500000, 0x0000000084600000|  0%| F|  |TAMS 0x0000000084500000, 0x0000000084500000| Untracked 
|  70|0x0000000084600000, 0x0000000084600000, 0x0000000084700000|  0%| F|  |TAMS 0x0000000084600000, 0x0000000084600000| Untracked 
|  71|0x0000000084700000, 0x0000000084800000, 0x0000000084800000|100%| O|  |TAMS 0x0000000084800000, 0x0000000084700000| Untracked 
|  72|0x0000000084800000, 0x0000000084800000, 0x0000000084900000|  0%| F|  |TAMS 0x0000000084800000, 0x0000000084800000| Untracked 
|  73|0x0000000084900000, 0x0000000084a00000, 0x0000000084a00000|100%| O|  |TAMS 0x0000000084a00000, 0x0000000084900000| Untracked 
|  74|0x0000000084a00000, 0x0000000084b00000, 0x0000000084b00000|100%| O|  |TAMS 0x0000000084b00000, 0x0000000084a00000| Complete 
|  75|0x0000000084b00000, 0x0000000084c00000, 0x0000000084c00000|100%| O|  |TAMS 0x0000000084c00000, 0x0000000084b00000| Complete 
|  76|0x0000000084c00000, 0x0000000084d00000, 0x0000000084d00000|100%| O|  |TAMS 0x0000000084d00000, 0x0000000084c00000| Untracked 
|  77|0x0000000084d00000, 0x0000000084e00000, 0x0000000084e00000|100%| O|  |TAMS 0x0000000084e00000, 0x0000000084d00000| Untracked 
|  78|0x0000000084e00000, 0x0000000084f00000, 0x0000000084f00000|100%| O|  |TAMS 0x0000000084f00000, 0x0000000084e00000| Untracked 
|  79|0x0000000084f00000, 0x0000000085000000, 0x0000000085000000|100%| O|  |TAMS 0x0000000085000000, 0x0000000084f00000| Untracked 
|  80|0x0000000085000000, 0x0000000085100000, 0x0000000085100000|100%| O|  |TAMS 0x0000000085100000, 0x0000000085000000| Untracked 
|  81|0x0000000085100000, 0x0000000085200000, 0x0000000085200000|100%| O|  |TAMS 0x0000000085200000, 0x0000000085100000| Untracked 
|  82|0x0000000085200000, 0x0000000085300000, 0x0000000085300000|100%| O|  |TAMS 0x0000000085300000, 0x0000000085200000| Untracked 
|  83|0x0000000085300000, 0x0000000085400000, 0x0000000085400000|100%| O|  |TAMS 0x0000000085400000, 0x0000000085300000| Untracked 
|  84|0x0000000085400000, 0x0000000085500000, 0x0000000085500000|100%| O|  |TAMS 0x0000000085500000, 0x0000000085400000| Untracked 
|  85|0x0000000085500000, 0x0000000085551e00, 0x0000000085600000| 31%| O|  |TAMS 0x0000000085551e00, 0x0000000085500000| Untracked 
|  86|0x0000000085600000, 0x0000000085600000, 0x0000000085700000|  0%| F|  |TAMS 0x0000000085600000, 0x0000000085600000| Untracked 
|  87|0x0000000085700000, 0x0000000085700000, 0x0000000085800000|  0%| F|  |TAMS 0x0000000085700000, 0x0000000085700000| Untracked 
|  88|0x0000000085800000, 0x0000000085800000, 0x0000000085900000|  0%| F|  |TAMS 0x0000000085800000, 0x0000000085800000| Untracked 
|  89|0x0000000085900000, 0x0000000085900000, 0x0000000085a00000|  0%| F|  |TAMS 0x0000000085900000, 0x0000000085900000| Untracked 
|  90|0x0000000085a00000, 0x0000000085a00000, 0x0000000085b00000|  0%| F|  |TAMS 0x0000000085a00000, 0x0000000085a00000| Untracked 
|  91|0x0000000085b00000, 0x0000000085b00000, 0x0000000085c00000|  0%| F|  |TAMS 0x0000000085b00000, 0x0000000085b00000| Untracked 
|  92|0x0000000085c00000, 0x0000000085c00000, 0x0000000085d00000|  0%| F|  |TAMS 0x0000000085c00000, 0x0000000085c00000| Untracked 
|  93|0x0000000085d00000, 0x0000000085d00000, 0x0000000085e00000|  0%| F|  |TAMS 0x0000000085d00000, 0x0000000085d00000| Untracked 
|  94|0x0000000085e00000, 0x0000000085e00000, 0x0000000085f00000|  0%| F|  |TAMS 0x0000000085e00000, 0x0000000085e00000| Untracked 
|  95|0x0000000085f00000, 0x0000000085f00000, 0x0000000086000000|  0%| F|  |TAMS 0x0000000085f00000, 0x0000000085f00000| Untracked 
|  96|0x0000000086000000, 0x0000000086000000, 0x0000000086100000|  0%| F|  |TAMS 0x0000000086000000, 0x0000000086000000| Untracked 
|  97|0x0000000086100000, 0x0000000086100000, 0x0000000086200000|  0%| F|  |TAMS 0x0000000086100000, 0x0000000086100000| Untracked 
|  98|0x0000000086200000, 0x0000000086200000, 0x0000000086300000|  0%| F|  |TAMS 0x0000000086200000, 0x0000000086200000| Untracked 
|  99|0x0000000086300000, 0x0000000086300000, 0x0000000086400000|  0%| F|  |TAMS 0x0000000086300000, 0x0000000086300000| Untracked 
| 100|0x0000000086400000, 0x0000000086400000, 0x0000000086500000|  0%| F|  |TAMS 0x0000000086400000, 0x0000000086400000| Untracked 
| 101|0x0000000086500000, 0x0000000086500000, 0x0000000086600000|  0%| F|  |TAMS 0x0000000086500000, 0x0000000086500000| Untracked 
| 102|0x0000000086600000, 0x0000000086600000, 0x0000000086700000|  0%| F|  |TAMS 0x0000000086600000, 0x0000000086600000| Untracked 
| 103|0x0000000086700000, 0x0000000086700000, 0x0000000086800000|  0%| F|  |TAMS 0x0000000086700000, 0x0000000086700000| Untracked 
| 104|0x0000000086800000, 0x0000000086800000, 0x0000000086900000|  0%| F|  |TAMS 0x0000000086800000, 0x0000000086800000| Untracked 
| 105|0x0000000086900000, 0x0000000086900000, 0x0000000086a00000|  0%| F|  |TAMS 0x0000000086900000, 0x0000000086900000| Untracked 
| 106|0x0000000086a00000, 0x0000000086a00000, 0x0000000086b00000|  0%| F|  |TAMS 0x0000000086a00000, 0x0000000086a00000| Untracked 
| 107|0x0000000086b00000, 0x0000000086b00000, 0x0000000086c00000|  0%| F|  |TAMS 0x0000000086b00000, 0x0000000086b00000| Untracked 
| 108|0x0000000086c00000, 0x0000000086c00000, 0x0000000086d00000|  0%| F|  |TAMS 0x0000000086c00000, 0x0000000086c00000| Untracked 
| 109|0x0000000086d00000, 0x0000000086d00000, 0x0000000086e00000|  0%| F|  |TAMS 0x0000000086d00000, 0x0000000086d00000| Untracked 
| 110|0x0000000086e00000, 0x0000000086e00000, 0x0000000086f00000|  0%| F|  |TAMS 0x0000000086e00000, 0x0000000086e00000| Untracked 
| 111|0x0000000086f00000, 0x0000000086f00000, 0x0000000087000000|  0%| F|  |TAMS 0x0000000086f00000, 0x0000000086f00000| Untracked 
| 112|0x0000000087000000, 0x0000000087000000, 0x0000000087100000|  0%| F|  |TAMS 0x0000000087000000, 0x0000000087000000| Untracked 
| 113|0x0000000087100000, 0x0000000087100000, 0x0000000087200000|  0%| F|  |TAMS 0x0000000087100000, 0x0000000087100000| Untracked 
| 114|0x0000000087200000, 0x0000000087200000, 0x0000000087300000|  0%| F|  |TAMS 0x0000000087200000, 0x0000000087200000| Untracked 
| 115|0x0000000087300000, 0x0000000087300000, 0x0000000087400000|  0%| F|  |TAMS 0x0000000087300000, 0x0000000087300000| Untracked 
| 116|0x0000000087400000, 0x0000000087400000, 0x0000000087500000|  0%| F|  |TAMS 0x0000000087400000, 0x0000000087400000| Untracked 
| 117|0x0000000087500000, 0x0000000087500000, 0x0000000087600000|  0%| F|  |TAMS 0x0000000087500000, 0x0000000087500000| Untracked 
| 118|0x0000000087600000, 0x0000000087600000, 0x0000000087700000|  0%| F|  |TAMS 0x0000000087600000, 0x0000000087600000| Untracked 
| 119|0x0000000087700000, 0x00000000877bdc78, 0x0000000087800000| 74%| S|CS|TAMS 0x0000000087700000, 0x0000000087700000| Complete 
| 120|0x0000000087800000, 0x0000000087900000, 0x0000000087900000|100%| S|CS|TAMS 0x0000000087800000, 0x0000000087800000| Complete 
| 121|0x0000000087900000, 0x0000000087a00000, 0x0000000087a00000|100%| S|CS|TAMS 0x0000000087900000, 0x0000000087900000| Complete 
| 122|0x0000000087a00000, 0x0000000087b00000, 0x0000000087b00000|100%| S|CS|TAMS 0x0000000087a00000, 0x0000000087a00000| Complete 
| 123|0x0000000087b00000, 0x0000000087b00000, 0x0000000087c00000|  0%| F|  |TAMS 0x0000000087b00000, 0x0000000087b00000| Untracked 
| 124|0x0000000087c00000, 0x0000000087c00000, 0x0000000087d00000|  0%| F|  |TAMS 0x0000000087c00000, 0x0000000087c00000| Untracked 
| 125|0x0000000087d00000, 0x0000000087d00000, 0x0000000087e00000|  0%| F|  |TAMS 0x0000000087d00000, 0x0000000087d00000| Untracked 
| 126|0x0000000087e00000, 0x0000000087e00000, 0x0000000087f00000|  0%| F|  |TAMS 0x0000000087e00000, 0x0000000087e00000| Untracked 
| 127|0x0000000087f00000, 0x0000000087f00000, 0x0000000088000000|  0%| F|  |TAMS 0x0000000087f00000, 0x0000000087f00000| Untracked 
| 128|0x0000000088000000, 0x0000000088000000, 0x0000000088100000|  0%| F|  |TAMS 0x0000000088000000, 0x0000000088000000| Untracked 
| 129|0x0000000088100000, 0x0000000088100000, 0x0000000088200000|  0%| F|  |TAMS 0x0000000088100000, 0x0000000088100000| Untracked 
| 130|0x0000000088200000, 0x0000000088200000, 0x0000000088300000|  0%| F|  |TAMS 0x0000000088200000, 0x0000000088200000| Untracked 
| 131|0x0000000088300000, 0x0000000088300000, 0x0000000088400000|  0%| F|  |TAMS 0x0000000088300000, 0x0000000088300000| Untracked 
| 132|0x0000000088400000, 0x0000000088400000, 0x0000000088500000|  0%| F|  |TAMS 0x0000000088400000, 0x0000000088400000| Untracked 
| 133|0x0000000088500000, 0x0000000088500000, 0x0000000088600000|  0%| F|  |TAMS 0x0000000088500000, 0x0000000088500000| Untracked 
| 134|0x0000000088600000, 0x0000000088600000, 0x0000000088700000|  0%| F|  |TAMS 0x0000000088600000, 0x0000000088600000| Untracked 
| 135|0x0000000088700000, 0x0000000088700000, 0x0000000088800000|  0%| F|  |TAMS 0x0000000088700000, 0x0000000088700000| Untracked 
| 136|0x0000000088800000, 0x0000000088800000, 0x0000000088900000|  0%| F|  |TAMS 0x0000000088800000, 0x0000000088800000| Untracked 
| 137|0x0000000088900000, 0x0000000088900000, 0x0000000088a00000|  0%| F|  |TAMS 0x0000000088900000, 0x0000000088900000| Untracked 
| 138|0x0000000088a00000, 0x0000000088a00000, 0x0000000088b00000|  0%| F|  |TAMS 0x0000000088a00000, 0x0000000088a00000| Untracked 
| 139|0x0000000088b00000, 0x0000000088b00000, 0x0000000088c00000|  0%| F|  |TAMS 0x0000000088b00000, 0x0000000088b00000| Untracked 
| 140|0x0000000088c00000, 0x0000000088c00000, 0x0000000088d00000|  0%| F|  |TAMS 0x0000000088c00000, 0x0000000088c00000| Untracked 
| 141|0x0000000088d00000, 0x0000000088d00000, 0x0000000088e00000|  0%| F|  |TAMS 0x0000000088d00000, 0x0000000088d00000| Untracked 
| 142|0x0000000088e00000, 0x0000000088e00000, 0x0000000088f00000|  0%| F|  |TAMS 0x0000000088e00000, 0x0000000088e00000| Untracked 
| 143|0x0000000088f00000, 0x0000000089000000, 0x0000000089000000|100%| E|  |TAMS 0x0000000088f00000, 0x0000000088f00000| Complete 
| 144|0x0000000089000000, 0x0000000089100000, 0x0000000089100000|100%| E|CS|TAMS 0x0000000089000000, 0x0000000089000000| Complete 
| 145|0x0000000089100000, 0x0000000089200000, 0x0000000089200000|100%| E|CS|TAMS 0x0000000089100000, 0x0000000089100000| Complete 
| 146|0x0000000089200000, 0x0000000089300000, 0x0000000089300000|100%| E|CS|TAMS 0x0000000089200000, 0x0000000089200000| Complete 
| 147|0x0000000089300000, 0x0000000089400000, 0x0000000089400000|100%| E|CS|TAMS 0x0000000089300000, 0x0000000089300000| Complete 
| 148|0x0000000089400000, 0x0000000089500000, 0x0000000089500000|100%| E|CS|TAMS 0x0000000089400000, 0x0000000089400000| Complete 
| 149|0x0000000089500000, 0x0000000089600000, 0x0000000089600000|100%| E|CS|TAMS 0x0000000089500000, 0x0000000089500000| Complete 
| 150|0x0000000089600000, 0x0000000089700000, 0x0000000089700000|100%| E|CS|TAMS 0x0000000089600000, 0x0000000089600000| Complete 
| 151|0x0000000089700000, 0x0000000089800000, 0x0000000089800000|100%| E|CS|TAMS 0x0000000089700000, 0x0000000089700000| Complete 
| 152|0x0000000089800000, 0x0000000089900000, 0x0000000089900000|100%| E|CS|TAMS 0x0000000089800000, 0x0000000089800000| Complete 
| 153|0x0000000089900000, 0x0000000089a00000, 0x0000000089a00000|100%| E|CS|TAMS 0x0000000089900000, 0x0000000089900000| Complete 
| 154|0x0000000089a00000, 0x0000000089b00000, 0x0000000089b00000|100%| E|CS|TAMS 0x0000000089a00000, 0x0000000089a00000| Complete 
| 155|0x0000000089b00000, 0x0000000089c00000, 0x0000000089c00000|100%| E|CS|TAMS 0x0000000089b00000, 0x0000000089b00000| Complete 
| 156|0x0000000089c00000, 0x0000000089d00000, 0x0000000089d00000|100%| E|CS|TAMS 0x0000000089c00000, 0x0000000089c00000| Complete 
| 157|0x0000000089d00000, 0x0000000089e00000, 0x0000000089e00000|100%| E|CS|TAMS 0x0000000089d00000, 0x0000000089d00000| Complete 
| 158|0x0000000089e00000, 0x0000000089f00000, 0x0000000089f00000|100%| E|CS|TAMS 0x0000000089e00000, 0x0000000089e00000| Complete 
| 159|0x0000000089f00000, 0x000000008a000000, 0x000000008a000000|100%| E|CS|TAMS 0x0000000089f00000, 0x0000000089f00000| Complete 
| 160|0x000000008a000000, 0x000000008a100000, 0x000000008a100000|100%| E|CS|TAMS 0x000000008a000000, 0x000000008a000000| Complete 
| 161|0x000000008a100000, 0x000000008a200000, 0x000000008a200000|100%| E|CS|TAMS 0x000000008a100000, 0x000000008a100000| Complete 
| 162|0x000000008a200000, 0x000000008a300000, 0x000000008a300000|100%| E|CS|TAMS 0x000000008a200000, 0x000000008a200000| Complete 
| 163|0x000000008a300000, 0x000000008a400000, 0x000000008a400000|100%| E|CS|TAMS 0x000000008a300000, 0x000000008a300000| Complete 
| 164|0x000000008a400000, 0x000000008a500000, 0x000000008a500000|100%| E|CS|TAMS 0x000000008a400000, 0x000000008a400000| Complete 
| 165|0x000000008a500000, 0x000000008a600000, 0x000000008a600000|100%| E|CS|TAMS 0x000000008a500000, 0x000000008a500000| Complete 
| 166|0x000000008a600000, 0x000000008a700000, 0x000000008a700000|100%| E|CS|TAMS 0x000000008a600000, 0x000000008a600000| Complete 
| 167|0x000000008a700000, 0x000000008a800000, 0x000000008a800000|100%| E|CS|TAMS 0x000000008a700000, 0x000000008a700000| Complete 
| 168|0x000000008a800000, 0x000000008a900000, 0x000000008a900000|100%| E|CS|TAMS 0x000000008a800000, 0x000000008a800000| Complete 
| 169|0x000000008a900000, 0x000000008aa00000, 0x000000008aa00000|100%| E|CS|TAMS 0x000000008a900000, 0x000000008a900000| Complete 
| 170|0x000000008aa00000, 0x000000008ab00000, 0x000000008ab00000|100%| E|CS|TAMS 0x000000008aa00000, 0x000000008aa00000| Complete 
| 171|0x000000008ab00000, 0x000000008ac00000, 0x000000008ac00000|100%| E|CS|TAMS 0x000000008ab00000, 0x000000008ab00000| Complete 
| 172|0x000000008ac00000, 0x000000008ad00000, 0x000000008ad00000|100%| E|CS|TAMS 0x000000008ac00000, 0x000000008ac00000| Complete 
| 173|0x000000008ad00000, 0x000000008ae00000, 0x000000008ae00000|100%| E|CS|TAMS 0x000000008ad00000, 0x000000008ad00000| Complete 
| 174|0x000000008ae00000, 0x000000008af00000, 0x000000008af00000|100%| E|CS|TAMS 0x000000008ae00000, 0x000000008ae00000| Complete 
| 175|0x000000008af00000, 0x000000008b000000, 0x000000008b000000|100%| E|CS|TAMS 0x000000008af00000, 0x000000008af00000| Complete 
| 176|0x000000008b000000, 0x000000008b100000, 0x000000008b100000|100%| E|CS|TAMS 0x000000008b000000, 0x000000008b000000| Complete 
| 177|0x000000008b100000, 0x000000008b200000, 0x000000008b200000|100%| E|CS|TAMS 0x000000008b100000, 0x000000008b100000| Complete 
| 178|0x000000008b200000, 0x000000008b300000, 0x000000008b300000|100%| E|CS|TAMS 0x000000008b200000, 0x000000008b200000| Complete 
| 179|0x000000008b300000, 0x000000008b400000, 0x000000008b400000|100%| E|CS|TAMS 0x000000008b300000, 0x000000008b300000| Complete 
| 180|0x000000008b400000, 0x000000008b500000, 0x000000008b500000|100%| E|CS|TAMS 0x000000008b400000, 0x000000008b400000| Complete 
| 181|0x000000008b500000, 0x000000008b600000, 0x000000008b600000|100%| E|CS|TAMS 0x000000008b500000, 0x000000008b500000| Complete 
| 182|0x000000008b600000, 0x000000008b700000, 0x000000008b700000|100%| E|CS|TAMS 0x000000008b600000, 0x000000008b600000| Complete 
| 183|0x000000008b700000, 0x000000008b800000, 0x000000008b800000|100%| E|CS|TAMS 0x000000008b700000, 0x000000008b700000| Complete 
| 184|0x000000008b800000, 0x000000008b900000, 0x000000008b900000|100%| E|CS|TAMS 0x000000008b800000, 0x000000008b800000| Complete 
| 185|0x000000008b900000, 0x000000008ba00000, 0x000000008ba00000|100%| E|CS|TAMS 0x000000008b900000, 0x000000008b900000| Complete 
| 186|0x000000008ba00000, 0x000000008bb00000, 0x000000008bb00000|100%| E|CS|TAMS 0x000000008ba00000, 0x000000008ba00000| Complete 
| 187|0x000000008bb00000, 0x000000008bc00000, 0x000000008bc00000|100%| E|CS|TAMS 0x000000008bb00000, 0x000000008bb00000| Complete 
| 216|0x000000008d800000, 0x000000008d900000, 0x000000008d900000|100%| E|CS|TAMS 0x000000008d800000, 0x000000008d800000| Complete 
|2047|0x00000000fff00000, 0x0000000100000000, 0x0000000100000000|100%| O|  |TAMS 0x0000000100000000, 0x00000000fff00000| Untracked 

Card table byte_map: [0x0000020c348b0000,0x0000020c34cb0000] _byte_map_base: 0x0000020c344b0000

Marking Bits (Prev, Next): (CMBitMap*) 0x0000020c1d9ef130, (CMBitMap*) 0x0000020c1d9ef170
 Prev Bits: [0x0000020c350b0000, 0x0000020c370b0000)
 Next Bits: [0x0000020c370b0000, 0x0000020c390b0000)

Polling page: 0x0000020c1b8b0000

Metaspace:

Usage:
  Non-class:     64.79 MB used.
      Class:     10.46 MB used.
       Both:     75.25 MB used.

Virtual space:
  Non-class space:      128.00 MB reserved,      65.19 MB ( 51%) committed,  2 nodes.
      Class space:      416.00 MB reserved,      10.81 MB (  3%) committed,  1 nodes.
             Both:      544.00 MB reserved,      76.00 MB ( 14%) committed. 

Chunk freelists:
   Non-Class:  13.92 MB
       Class:  5.23 MB
        Both:  19.15 MB

MaxMetaspaceSize: 512.00 MB
CompressedClassSpaceSize: 416.00 MB
Initial GC threshold: 21.00 MB
Current GC threshold: 125.25 MB
CDS: on
MetaspaceReclaimPolicy: balanced
 - commit_granule_bytes: 65536.
 - commit_granule_words: 8192.
 - virtual_space_node_default_size: 8388608.
 - enlarge_chunks_in_place: 1.
 - new_chunks_are_fully_committed: 0.
 - uncommit_free_chunks: 1.
 - use_allocation_guard: 0.
 - handle_deallocations: 1.


Internal statistics:

num_allocs_failed_limit: 3.
num_arena_births: 888.
num_arena_deaths: 0.
num_vsnodes_births: 3.
num_vsnodes_deaths: 0.
num_space_committed: 1216.
num_space_uncommitted: 0.
num_chunks_returned_to_freelist: 3.
num_chunks_taken_from_freelist: 4061.
num_chunk_merges: 3.
num_chunk_splits: 2699.
num_chunks_enlarged: 1811.
num_inconsistent_stats: 0.

CodeHeap 'non-profiled nmethods': size=120000Kb used=5217Kb max_used=5217Kb free=114782Kb
 bounds [0x0000020c2cf80000, 0x0000020c2d4a0000, 0x0000020c344b0000]
CodeHeap 'profiled nmethods': size=120000Kb used=17407Kb max_used=17407Kb free=102592Kb
 bounds [0x0000020c254b0000, 0x0000020c265b0000, 0x0000020c2c9e0000]
CodeHeap 'non-nmethods': size=5760Kb used=2374Kb max_used=2428Kb free=3385Kb
 bounds [0x0000020c2c9e0000, 0x0000020c2cc60000, 0x0000020c2cf80000]
 total_blobs=9531 nmethods=8629 adapters=814
 compilation: enabled
              stopped_count=0, restarted_count=0
 full_count=0

Compilation events (20 events):
Event: 107.034 Thread 0x0000020c3b55cef0 9393       3       java.util.TimSort::gallopRight (335 bytes)
Event: 107.035 Thread 0x0000020c3b55cef0 nmethod 9393 0x0000020c2659bf10 code [0x0000020c2659c140, 0x0000020c2659cc78]
Event: 107.041 Thread 0x0000020c3b55cef0 9395       3       java.util.stream.AbstractPipeline::evaluate (44 bytes)
Event: 107.042 Thread 0x0000020c3b55cef0 nmethod 9395 0x0000020c2659d010 code [0x0000020c2659d260, 0x0000020c2659db68]
Event: 107.042 Thread 0x0000020c3b55cef0 9396       3       java.util.stream.Nodes::builder (30 bytes)
Event: 107.043 Thread 0x0000020c3b55cef0 nmethod 9396 0x0000020c2659de10 code [0x0000020c2659e000, 0x0000020c2659e628]
Event: 107.043 Thread 0x0000020c3b55cef0 9397       3       java.util.stream.Nodes::flatten (70 bytes)
Event: 107.043 Thread 0x0000020c3b55cef0 nmethod 9397 0x0000020c2659e810 code [0x0000020c2659ea40, 0x0000020c2659f2b8]
Event: 107.089 Thread 0x0000020c3b55cef0 9398       3       java.beans.WeakIdentityMap::getIndex (7 bytes)
Event: 107.090 Thread 0x0000020c3b55cef0 nmethod 9398 0x0000020c2659f590 code [0x0000020c2659f720, 0x0000020c2659f818]
Event: 107.090 Thread 0x0000020c3b55cef0 9399       3       java.beans.ThreadGroupContext::getContext (16 bytes)
Event: 107.090 Thread 0x0000020c3b55cef0 nmethod 9399 0x0000020c2659f910 code [0x0000020c2659fac0, 0x0000020c2659fda8]
Event: 107.091 Thread 0x0000020c3b55cef0 9400   !   3       java.beans.WeakIdentityMap::removeStaleEntries (151 bytes)
Event: 107.092 Thread 0x0000020c3b55cef0 nmethod 9400 0x0000020c2659fe90 code [0x0000020c265a00e0, 0x0000020c265a0e98]
Event: 107.097 Thread 0x0000020c3b55cef0 9401       3       java.beans.WeakIdentityMap$Entry::isMatched (22 bytes)
Event: 107.097 Thread 0x0000020c3b55cef0 nmethod 9401 0x0000020c265a1590 code [0x0000020c265a1720, 0x0000020c265a1978]
Event: 107.105 Thread 0x0000020c3b55cef0 9402       3       java.beans.PropertyDescriptor::<init> (112 bytes)
Event: 107.106 Thread 0x0000020c3b55cef0 nmethod 9402 0x0000020c265a1a10 code [0x0000020c265a1c40, 0x0000020c265a2388]
Event: 107.106 Thread 0x0000020c3b55cef0 9403   !   3       java.beans.PropertyDescriptor::updateGenericsFor (37 bytes)
Event: 107.107 Thread 0x0000020c3b55cef0 nmethod 9403 0x0000020c265a2610 code [0x0000020c265a28e0, 0x0000020c265a3998]

GC Heap History (20 events):
Event: 83.558 GC heap before
{Heap before GC invocations=36 (full 0):
 garbage-first heap   total 87040K, used 71746K [0x0000000080000000, 0x0000000100000000)
  region size 1024K, 22 young (22528K), 1 survivors (1024K)
 Metaspace       used 51469K, committed 52160K, reserved 491520K
  class space    used 7268K, committed 7616K, reserved 425984K
}
Event: 83.563 GC heap after
{Heap after GC invocations=37 (full 0):
 garbage-first heap   total 87040K, used 51095K [0x0000000080000000, 0x0000000100000000)
  region size 1024K, 2 young (2048K), 2 survivors (2048K)
 Metaspace       used 51469K, committed 52160K, reserved 491520K
  class space    used 7268K, committed 7616K, reserved 425984K
}
Event: 84.883 GC heap before
{Heap before GC invocations=38 (full 0):
 garbage-first heap   total 89088K, used 74647K [0x0000000080000000, 0x0000000100000000)
  region size 1024K, 22 young (22528K), 2 survivors (2048K)
 Metaspace       used 52937K, committed 53632K, reserved 491520K
  class space    used 7462K, committed 7808K, reserved 425984K
}
Event: 84.890 GC heap after
{Heap after GC invocations=39 (full 0):
 garbage-first heap   total 89088K, used 56594K [0x0000000080000000, 0x0000000100000000)
  region size 1024K, 3 young (3072K), 3 survivors (3072K)
 Metaspace       used 52937K, committed 53632K, reserved 491520K
  class space    used 7462K, committed 7808K, reserved 425984K
}
Event: 84.913 GC heap before
{Heap before GC invocations=39 (full 0):
 garbage-first heap   total 89088K, used 56594K [0x0000000080000000, 0x0000000100000000)
  region size 1024K, 4 young (4096K), 3 survivors (3072K)
 Metaspace       used 53003K, committed 53696K, reserved 491520K
  class space    used 7472K, committed 7808K, reserved 425984K
}
Event: 84.921 GC heap after
{Heap after GC invocations=40 (full 0):
 garbage-first heap   total 89088K, used 56478K [0x0000000080000000, 0x0000000100000000)
  region size 1024K, 1 young (1024K), 1 survivors (1024K)
 Metaspace       used 53003K, committed 53696K, reserved 491520K
  class space    used 7472K, committed 7808K, reserved 425984K
}
Event: 86.865 GC heap before
{Heap before GC invocations=40 (full 0):
 garbage-first heap   total 89088K, used 74910K [0x0000000080000000, 0x0000000100000000)
  region size 1024K, 19 young (19456K), 1 survivors (1024K)
 Metaspace       used 54283K, committed 54976K, reserved 491520K
  class space    used 7654K, committed 8000K, reserved 425984K
}
Event: 86.870 GC heap after
{Heap after GC invocations=41 (full 0):
 garbage-first heap   total 223232K, used 56838K [0x0000000080000000, 0x0000000100000000)
  region size 1024K, 1 young (1024K), 1 survivors (1024K)
 Metaspace       used 54283K, committed 54976K, reserved 491520K
  class space    used 7654K, committed 8000K, reserved 425984K
}
Event: 96.092 GC heap before
{Heap before GC invocations=42 (full 0):
 garbage-first heap   total 194560K, used 172550K [0x0000000080000000, 0x0000000100000000)
  region size 1024K, 114 young (116736K), 1 survivors (1024K)
 Metaspace       used 63240K, committed 63936K, reserved 491520K
  class space    used 8926K, committed 9280K, reserved 425984K
}
Event: 96.110 GC heap after
{Heap after GC invocations=43 (full 0):
 garbage-first heap   total 194560K, used 63960K [0x0000000080000000, 0x0000000100000000)
  region size 1024K, 8 young (8192K), 8 survivors (8192K)
 Metaspace       used 63240K, committed 63936K, reserved 491520K
  class space    used 8926K, committed 9280K, reserved 425984K
}
Event: 96.454 GC heap before
{Heap before GC invocations=43 (full 0):
 garbage-first heap   total 194560K, used 64984K [0x0000000080000000, 0x0000000100000000)
  region size 1024K, 9 young (9216K), 8 survivors (8192K)
 Metaspace       used 63315K, committed 64000K, reserved 491520K
  class space    used 8940K, committed 9280K, reserved 425984K
}
Event: 96.469 GC heap after
{Heap after GC invocations=44 (full 0):
 garbage-first heap   total 194560K, used 64691K [0x0000000080000000, 0x0000000100000000)
  region size 1024K, 1 young (1024K), 1 survivors (1024K)
 Metaspace       used 63315K, committed 64000K, reserved 491520K
  class space    used 8940K, committed 9280K, reserved 425984K
}
Event: 98.315 GC heap before
{Heap before GC invocations=44 (full 0):
 garbage-first heap   total 194560K, used 94387K [0x0000000080000000, 0x0000000100000000)
  region size 1024K, 32 young (32768K), 1 survivors (1024K)
 Metaspace       used 64810K, committed 65536K, reserved 491520K
  class space    used 9181K, committed 9536K, reserved 425984K
}
Event: 98.322 GC heap after
{Heap after GC invocations=45 (full 0):
 garbage-first heap   total 194560K, used 66194K [0x0000000080000000, 0x0000000100000000)
  region size 1024K, 3 young (3072K), 3 survivors (3072K)
 Metaspace       used 64810K, committed 65536K, reserved 491520K
  class space    used 9181K, committed 9536K, reserved 425984K
}
Event: 100.807 GC heap before
{Heap before GC invocations=46 (full 0):
 garbage-first heap   total 194560K, used 160402K [0x0000000080000000, 0x0000000100000000)
  region size 1024K, 85 young (87040K), 3 survivors (3072K)
 Metaspace       used 70733K, committed 71552K, reserved 491520K
  class space    used 9862K, committed 10240K, reserved 425984K
}
Event: 100.821 GC heap after
{Heap after GC invocations=47 (full 0):
 garbage-first heap   total 194560K, used 87170K [0x0000000080000000, 0x0000000100000000)
  region size 1024K, 11 young (11264K), 11 survivors (11264K)
 Metaspace       used 70733K, committed 71552K, reserved 491520K
  class space    used 9862K, committed 10240K, reserved 425984K
}
Event: 101.133 GC heap before
{Heap before GC invocations=47 (full 0):
 garbage-first heap   total 194560K, used 87170K [0x0000000080000000, 0x0000000100000000)
  region size 1024K, 12 young (12288K), 11 survivors (11264K)
 Metaspace       used 70745K, committed 71552K, reserved 491520K
  class space    used 9863K, committed 10240K, reserved 425984K
}
Event: 101.143 GC heap after
{Heap after GC invocations=48 (full 0):
 garbage-first heap   total 194560K, used 88871K [0x0000000080000000, 0x0000000100000000)
  region size 1024K, 2 young (2048K), 2 survivors (2048K)
 Metaspace       used 70745K, committed 71552K, reserved 491520K
  class space    used 9863K, committed 10240K, reserved 425984K
}
Event: 104.807 GC heap before
{Heap before GC invocations=48 (full 0):
 garbage-first heap   total 194560K, used 154407K [0x0000000080000000, 0x0000000100000000)
  region size 1024K, 66 young (67584K), 2 survivors (2048K)
 Metaspace       used 75517K, committed 76224K, reserved 491520K
  class space    used 10494K, committed 10816K, reserved 425984K
}
Event: 104.820 GC heap after
{Heap after GC invocations=49 (full 0):
 garbage-first heap   total 194560K, used 91198K [0x0000000080000000, 0x0000000100000000)
  region size 1024K, 4 young (4096K), 4 survivors (4096K)
 Metaspace       used 75517K, committed 76224K, reserved 491520K
  class space    used 10494K, committed 10816K, reserved 425984K
}

Dll operation events (15 events):
Event: 0.151 Loaded shared library C:\Program Files\Microsoft\jdk-17.0.10.7-hotspot\bin\java.dll
Event: 0.187 Loaded shared library C:\Program Files\Microsoft\jdk-17.0.10.7-hotspot\bin\jsvml.dll
Event: 0.432 Loaded shared library C:\Program Files\Microsoft\jdk-17.0.10.7-hotspot\bin\zip.dll
Event: 0.447 Loaded shared library C:\Program Files\Microsoft\jdk-17.0.10.7-hotspot\bin\instrument.dll
Event: 0.463 Loaded shared library C:\Program Files\Microsoft\jdk-17.0.10.7-hotspot\bin\net.dll
Event: 0.466 Loaded shared library C:\Program Files\Microsoft\jdk-17.0.10.7-hotspot\bin\nio.dll
Event: 0.478 Loaded shared library C:\Program Files\Microsoft\jdk-17.0.10.7-hotspot\bin\zip.dll
Event: 2.798 Loaded shared library C:\Program Files\Microsoft\jdk-17.0.10.7-hotspot\bin\jimage.dll
Event: 3.938 Loaded shared library C:\Program Files\Microsoft\jdk-17.0.10.7-hotspot\bin\verify.dll
Event: 7.033 Loaded shared library C:\Users\LENOVO\.gradle\native\68d5fa5c4cc2d200863cafc0d521ce42e7d3e7ee720ec0a83991735586a16f82\windows-amd64\native-platform.dll
Event: 7.112 Loaded shared library C:\Users\LENOVO\.gradle\native\e376f236ea51e6404a007f0833ffe2c6e607c4080706a723a18a27aeea778392\windows-amd64\native-platform-file-events.dll
Event: 21.710 Loaded shared library C:\Program Files\Microsoft\jdk-17.0.10.7-hotspot\bin\management.dll
Event: 21.722 Loaded shared library C:\Program Files\Microsoft\jdk-17.0.10.7-hotspot\bin\management_ext.dll
Event: 23.347 Loaded shared library C:\Program Files\Microsoft\jdk-17.0.10.7-hotspot\bin\extnet.dll
Event: 24.796 Loaded shared library C:\Program Files\Microsoft\jdk-17.0.10.7-hotspot\bin\sunmscapi.dll

Deoptimization events (20 events):
Event: 105.691 Thread 0x0000020c5b077360 Uncommon trap: trap_request=0xffffffc6 fr.pc=0x0000020c2d1c5778 relative=0x0000000000000258
Event: 105.691 Thread 0x0000020c5b077360 Uncommon trap: reason=bimorphic_or_optimized_type_check action=maybe_recompile pc=0x0000020c2d1c5778 method=java.util.stream.StreamOpFlag.fromCharacteristics(Ljava/util/Spliterator;)I @ 14 c2
Event: 105.691 Thread 0x0000020c5b077360 DEOPT PACKING pc=0x0000020c2d1c5778 sp=0x000000d846bf41b0
Event: 105.691 Thread 0x0000020c5b077360 DEOPT UNPACKING pc=0x0000020c2ca369a3 sp=0x000000d846bf4098 mode 2
Event: 105.742 Thread 0x0000020c5b077360 Uncommon trap: trap_request=0xffffffc6 fr.pc=0x0000020c2d18d054 relative=0x0000000000000234
Event: 105.742 Thread 0x0000020c5b077360 Uncommon trap: reason=bimorphic_or_optimized_type_check action=maybe_recompile pc=0x0000020c2d18d054 method=java.util.stream.StreamOpFlag.fromCharacteristics(Ljava/util/Spliterator;)I @ 14 c2
Event: 105.742 Thread 0x0000020c5b077360 DEOPT PACKING pc=0x0000020c2d18d054 sp=0x000000d846bf4100
Event: 105.742 Thread 0x0000020c5b077360 DEOPT UNPACKING pc=0x0000020c2ca369a3 sp=0x000000d846bf4050 mode 2
Event: 106.052 Thread 0x0000020c5b077360 Uncommon trap: trap_request=0xffffff45 fr.pc=0x0000020c2d0f3588 relative=0x0000000000000448
Event: 106.052 Thread 0x0000020c5b077360 Uncommon trap: reason=unstable_if action=reinterpret pc=0x0000020c2d0f3588 method=java.util.StringJoiner.add(Ljava/lang/CharSequence;)Ljava/util/StringJoiner; @ 33 c2
Event: 106.052 Thread 0x0000020c5b077360 DEOPT PACKING pc=0x0000020c2d0f3588 sp=0x000000d846bf39d0
Event: 106.052 Thread 0x0000020c5b077360 DEOPT UNPACKING pc=0x0000020c2ca369a3 sp=0x000000d846bf3980 mode 2
Event: 106.602 Thread 0x0000020c5b077360 Uncommon trap: trap_request=0xfffffff4 fr.pc=0x0000020c2d4901d8 relative=0x00000000000001b8
Event: 106.602 Thread 0x0000020c5b077360 Uncommon trap: reason=null_check action=make_not_entrant pc=0x0000020c2d4901d8 method=java.lang.PublicMethods$MethodList.getMostSpecific()Ljava/lang/reflect/Method; @ 41 c2
Event: 106.602 Thread 0x0000020c5b077360 DEOPT PACKING pc=0x0000020c2d4901d8 sp=0x000000d846bf0f50
Event: 106.602 Thread 0x0000020c5b077360 DEOPT UNPACKING pc=0x0000020c2ca369a3 sp=0x000000d846bf0e50 mode 2
Event: 107.079 Thread 0x0000020c5b077360 Uncommon trap: trap_request=0xffffffc6 fr.pc=0x0000020c2d1cc5b8 relative=0x00000000000050b8
Event: 107.079 Thread 0x0000020c5b077360 Uncommon trap: reason=bimorphic_or_optimized_type_check action=maybe_recompile pc=0x0000020c2d1cc5b8 method=org.codehaus.groovy.runtime.metaclass.MetaMethodIndex.isOverridden(Lgroovy/lang/MetaMethod;Lgroovy/lang/MetaMethod;)Z @ 10 c2
Event: 107.079 Thread 0x0000020c5b077360 DEOPT PACKING pc=0x0000020c2d1cc5b8 sp=0x000000d846bf2030
Event: 107.079 Thread 0x0000020c5b077360 DEOPT UNPACKING pc=0x0000020c2ca369a3 sp=0x000000d846bf2038 mode 2

Classes unloaded (0 events):
No events

Classes redefined (0 events):
No events

Internal exceptions (20 events):
Event: 106.917 Thread 0x0000020c5b077360 Exception <a 'java/lang/ClassNotFoundException'{0x000000008969eb78}: com/android/build/gradle/internal/dsl/DefaultConfig$AgpDecoratedBeanInfo> (0x000000008969eb78) 
thrown [s\src\hotspot\share\classfile\systemDictionary.cpp, line 256]
Event: 106.918 Thread 0x0000020c5b077360 Exception <a 'java/lang/ClassNotFoundException'{0x00000000896af940}: com/android/build/gradle/internal/dsl/DefaultConfigBeanInfo> (0x00000000896af940) 
thrown [s\src\hotspot\share\classfile\systemDictionary.cpp, line 256]
Event: 106.920 Thread 0x0000020c5b077360 Exception <a 'java/lang/ClassNotFoundException'{0x00000000896c06a0}: com/android/build/gradle/internal/dsl/BaseFlavorBeanInfo> (0x00000000896c06a0) 
thrown [s\src\hotspot\share\classfile\systemDictionary.cpp, line 256]
Event: 106.921 Thread 0x0000020c5b077360 Exception <a 'java/lang/ClassNotFoundException'{0x00000000896d14c0}: com/android/builder/core/AbstractProductFlavorBeanInfo> (0x00000000896d14c0) 
thrown [s\src\hotspot\share\classfile\systemDictionary.cpp, line 256]
Event: 106.922 Thread 0x0000020c5b077360 Exception <a 'java/lang/ClassNotFoundException'{0x00000000896e2370}: com/android/builder/internal/BaseConfigImplBeanInfo> (0x00000000896e2370) 
thrown [s\src\hotspot\share\classfile\systemDictionary.cpp, line 256]
Event: 106.923 Thread 0x0000020c5b077360 Exception <a 'java/lang/ClassNotFoundException'{0x00000000896f31f0}: com/android/builder/internal/BaseConfigImplCustomizer> (0x00000000896f31f0) 
thrown [s\src\hotspot\share\classfile\systemDictionary.cpp, line 256]
Event: 106.925 Thread 0x0000020c5b077360 Exception <a 'java/lang/ClassNotFoundException'{0x0000000089523b10}: com/android/builder/core/AbstractProductFlavorCustomizer> (0x0000000089523b10) 
thrown [s\src\hotspot\share\classfile\systemDictionary.cpp, line 256]
Event: 107.007 Thread 0x0000020c5b077360 Exception <a 'java/lang/ClassNotFoundException'{0x0000000089570348}: com/android/build/gradle/internal/dsl/BaseFlavorCustomizer> (0x0000000089570348) 
thrown [s\src\hotspot\share\classfile\systemDictionary.cpp, line 256]
Event: 107.026 Thread 0x0000020c5b077360 Exception <a 'java/lang/ClassNotFoundException'{0x00000000895dc8f8}: com/android/build/gradle/internal/dsl/DefaultConfigCustomizer> (0x00000000895dc8f8) 
thrown [s\src\hotspot\share\classfile\systemDictionary.cpp, line 256]
Event: 107.029 Thread 0x0000020c5b077360 Exception <a 'java/lang/ClassNotFoundException'{0x0000000089404c78}: com/android/build/gradle/internal/dsl/DefaultConfig$AgpDecoratedCustomizer> (0x0000000089404c78) 
thrown [s\src\hotspot\share\classfile\systemDictionary.cpp, line 256]
Event: 107.033 Thread 0x0000020c5b077360 Exception <a 'java/lang/ClassNotFoundException'{0x000000008945d500}: com/android/build/gradle/internal/dsl/DefaultConfig$AgpDecorated_DecoratedCustomizer> (0x000000008945d500) 
thrown [s\src\hotspot\share\classfile\systemDictionary.cpp, line 256]
Event: 107.064 Thread 0x0000020c5b077360 Exception <a 'java/lang/ClassNotFoundException'{0x000000008939f768}: org/gradle/api/internal/NamedDomainObjectContainerConfigureDelegateBeanInfo> (0x000000008939f768) 
thrown [s\src\hotspot\share\classfile\systemDictionary.cpp, line 256]
Event: 107.067 Thread 0x0000020c5b077360 Exception <a 'java/lang/ClassNotFoundException'{0x00000000893bbe08}: org/gradle/api/internal/NamedDomainObjectContainerConfigureDelegateCustomizer> (0x00000000893bbe08) 
thrown [s\src\hotspot\share\classfile\systemDictionary.cpp, line 256]
Event: 107.082 Thread 0x0000020c5b077360 Exception <a 'java/lang/ClassNotFoundException'{0x00000000890289d8}: org/gradle/api/internal/FactoryNamedDomainObjectContainer_DecoratedBeanInfo> (0x00000000890289d8) 
thrown [s\src\hotspot\share\classfile\systemDictionary.cpp, line 256]
Event: 107.089 Thread 0x0000020c5b077360 Exception <a 'java/lang/ClassNotFoundException'{0x0000000089046bd0}: org/gradle/api/internal/FactoryNamedDomainObjectContainerBeanInfo> (0x0000000089046bd0) 
thrown [s\src\hotspot\share\classfile\systemDictionary.cpp, line 256]
Event: 107.097 Thread 0x0000020c5b077360 Exception <a 'java/lang/ClassNotFoundException'{0x0000000089064dc0}: org/gradle/api/internal/AbstractNamedDomainObjectContainerBeanInfo> (0x0000000089064dc0) 
thrown [s\src\hotspot\share\classfile\systemDictionary.cpp, line 256]
Event: 107.099 Thread 0x0000020c5b077360 Exception <a 'java/lang/ClassNotFoundException'{0x0000000089083338}: org/gradle/api/internal/DefaultNamedDomainObjectSetBeanInfo> (0x0000000089083338) 
thrown [s\src\hotspot\share\classfile\systemDictionary.cpp, line 256]
Event: 107.101 Thread 0x0000020c5b077360 Exception <a 'java/lang/ClassNotFoundException'{0x00000000890a15e8}: org/gradle/api/internal/DefaultNamedDomainObjectSetCustomizer> (0x00000000890a15e8) 
thrown [s\src\hotspot\share\classfile\systemDictionary.cpp, line 256]
Event: 107.112 Thread 0x0000020c5b077360 Exception <a 'java/lang/ClassNotFoundException'{0x00000000890d8c28}: org/gradle/api/internal/AbstractNamedDomainObjectContainerCustomizer> (0x00000000890d8c28) 
thrown [s\src\hotspot\share\classfile\systemDictionary.cpp, line 256]
Event: 107.180 Thread 0x0000020c5b077360 Exception <a 'java/lang/ClassNotFoundException'{0x0000000088f0a2a8}: org/gradle/api/internal/FactoryNamedDomainObjectContainerCustomizer> (0x0000000088f0a2a8) 
thrown [s\src\hotspot\share\classfile\systemDictionary.cpp, line 256]

VM Operations (20 events):
Event: 100.579 Executing VM operation: Cleanup
Event: 100.579 Executing VM operation: Cleanup done
Event: 100.807 Executing VM operation: G1CollectForAllocation
Event: 100.821 Executing VM operation: G1CollectForAllocation done
Event: 101.133 Executing VM operation: G1CollectForAllocation
Event: 101.143 Executing VM operation: G1CollectForAllocation done
Event: 102.157 Executing VM operation: Cleanup
Event: 102.157 Executing VM operation: Cleanup done
Event: 103.165 Executing VM operation: Cleanup
Event: 103.211 Executing VM operation: Cleanup done
Event: 104.222 Executing VM operation: Cleanup
Event: 104.222 Executing VM operation: Cleanup done
Event: 104.807 Executing VM operation: G1CollectForAllocation
Event: 104.821 Executing VM operation: G1CollectForAllocation done
Event: 105.086 Executing VM operation: G1PauseRemark
Event: 105.106 Executing VM operation: G1PauseRemark done
Event: 105.189 Executing VM operation: G1PauseCleanup
Event: 105.224 Executing VM operation: G1PauseCleanup done
Event: 106.238 Executing VM operation: Cleanup
Event: 106.260 Executing VM operation: Cleanup done

Events (20 events):
Event: 100.707 loading class java/util/jar/JarVerifier$VerifierStream
Event: 100.708 loading class java/util/jar/JarVerifier$VerifierStream done
Event: 100.708 loading class sun/security/util/ManifestEntryVerifier$SunProviderHolder
Event: 100.708 loading class sun/security/util/ManifestEntryVerifier$SunProviderHolder done
Event: 101.147 loading class java/security/KeyStore$ProtectionParameter
Event: 101.148 loading class java/security/KeyStore$ProtectionParameter done
Event: 102.300 loading class java/security/KeyStore
Event: 102.301 loading class java/security/KeyStore done
Event: 102.301 loading class java/security/KeyStore$1
Event: 102.302 loading class java/security/KeyStore$1 done
Event: 102.920 loading class javax/xml/stream/XMLStreamException
Event: 102.921 loading class javax/xml/stream/XMLStreamException done
Event: 102.982 loading class sun/reflect/annotation/AnnotationInvocationHandler$1
Event: 102.983 loading class sun/reflect/annotation/AnnotationInvocationHandler$1 done
Event: 105.573 loading class jdk/internal/access/foreign/MemorySegmentProxy
Event: 105.573 loading class jdk/internal/access/foreign/MemorySegmentProxy done
Event: 105.681 loading class java/util/regex/Pattern$Pos
Event: 105.682 loading class java/util/regex/Pattern$Pos done
Event: 107.023 loading class java/beans/IntrospectionException
Event: 107.023 loading class java/beans/IntrospectionException done


Dynamic libraries:
0x00007ff7731b0000 - 0x00007ff7731be000 	C:\Program Files\Microsoft\jdk-17.0.10.7-hotspot\bin\java.exe
0x00007ff8ba550000 - 0x00007ff8ba748000 	C:\Windows\SYSTEM32\ntdll.dll
0x00007ff8ba1a0000 - 0x00007ff8ba25d000 	C:\Windows\System32\KERNEL32.DLL
0x00007ff8b7e50000 - 0x00007ff8b8146000 	C:\Windows\System32\KERNELBASE.dll
0x00007ff8b8150000 - 0x00007ff8b8250000 	C:\Windows\System32\ucrtbase.dll
0x00007ff8aca20000 - 0x00007ff8aca37000 	C:\Program Files\Microsoft\jdk-17.0.10.7-hotspot\bin\jli.dll
0x00007ff8b8d60000 - 0x00007ff8b8efe000 	C:\Windows\System32\USER32.dll
0x00007ff8b7db0000 - 0x00007ff8b7dd2000 	C:\Windows\System32\win32u.dll
0x00007ff8ba040000 - 0x00007ff8ba06b000 	C:\Windows\System32\GDI32.dll
0x00007ff8b8300000 - 0x00007ff8b8417000 	C:\Windows\System32\gdi32full.dll
0x00007ff8b7c00000 - 0x00007ff8b7c9d000 	C:\Windows\System32\msvcp_win.dll
0x00007ff8a8a40000 - 0x00007ff8a8a5b000 	C:\Program Files\Microsoft\jdk-17.0.10.7-hotspot\bin\VCRUNTIME140.dll
0x00007ff8aa020000 - 0x00007ff8aa2ba000 	C:\Windows\WinSxS\amd64_microsoft.windows.common-controls_6595b64144ccf1df_6.0.19041.3636_none_60b6a03d71f818d5\COMCTL32.dll
0x00007ff8b9e80000 - 0x00007ff8b9f1e000 	C:\Windows\System32\msvcrt.dll
0x00007ff8b9dc0000 - 0x00007ff8b9df2000 	C:\Windows\System32\IMM32.DLL
0x00007ff8b2fd0000 - 0x00007ff8b2fdc000 	C:\Program Files\Microsoft\jdk-17.0.10.7-hotspot\bin\vcruntime140_1.dll
0x00007ff8948d0000 - 0x00007ff89495d000 	C:\Program Files\Microsoft\jdk-17.0.10.7-hotspot\bin\msvcp140.dll
0x00007ff86da40000 - 0x00007ff86e6a5000 	C:\Program Files\Microsoft\jdk-17.0.10.7-hotspot\bin\server\jvm.dll
0x00007ff8b9b00000 - 0x00007ff8b9bb0000 	C:\Windows\System32\ADVAPI32.dll
0x00007ff8b8c40000 - 0x00007ff8b8ce0000 	C:\Windows\System32\sechost.dll
0x00007ff8ba350000 - 0x00007ff8ba475000 	C:\Windows\System32\RPCRT4.dll
0x00007ff8b7d80000 - 0x00007ff8b7da7000 	C:\Windows\System32\bcrypt.dll
0x00007ff8b7150000 - 0x00007ff8b719b000 	C:\Windows\SYSTEM32\POWRPROF.dll
0x00007ff8a73f0000 - 0x00007ff8a7417000 	C:\Windows\SYSTEM32\WINMM.dll
0x00007ff8b2cd0000 - 0x00007ff8b2cd9000 	C:\Windows\SYSTEM32\WSOCK32.dll
0x00007ff8ba130000 - 0x00007ff8ba19b000 	C:\Windows\System32\WS2_32.dll
0x00007ff8a7070000 - 0x00007ff8a707a000 	C:\Windows\SYSTEM32\VERSION.dll
0x00007ff8b7010000 - 0x00007ff8b7022000 	C:\Windows\SYSTEM32\UMPDC.dll
0x00007ff8b5ab0000 - 0x00007ff8b5ac2000 	C:\Windows\SYSTEM32\kernel.appcore.dll
0x00007ff8b28b0000 - 0x00007ff8b28ba000 	C:\Program Files\Microsoft\jdk-17.0.10.7-hotspot\bin\jimage.dll
0x00007ff8a7480000 - 0x00007ff8a7664000 	C:\Windows\SYSTEM32\DBGHELP.DLL
0x00007ff8a72d0000 - 0x00007ff8a7304000 	C:\Windows\SYSTEM32\dbgcore.DLL
0x00007ff8b7cf0000 - 0x00007ff8b7d72000 	C:\Windows\System32\bcryptPrimitives.dll
0x00007ff8b1310000 - 0x00007ff8b131e000 	C:\Program Files\Microsoft\jdk-17.0.10.7-hotspot\bin\instrument.dll
0x00007ff89e290000 - 0x00007ff89e2b5000 	C:\Program Files\Microsoft\jdk-17.0.10.7-hotspot\bin\java.dll
0x00007ff891d30000 - 0x00007ff891e07000 	C:\Program Files\Microsoft\jdk-17.0.10.7-hotspot\bin\jsvml.dll
0x00007ff8b9030000 - 0x00007ff8b979b000 	C:\Windows\System32\SHELL32.dll
0x00007ff8b5cb0000 - 0x00007ff8b644e000 	C:\Windows\SYSTEM32\windows.storage.dll
0x00007ff8b97a0000 - 0x00007ff8b9af3000 	C:\Windows\System32\combase.dll
0x00007ff8b7630000 - 0x00007ff8b765e000 	C:\Windows\SYSTEM32\Wldp.dll
0x00007ff8ba260000 - 0x00007ff8ba32d000 	C:\Windows\System32\OLEAUT32.dll
0x00007ff8ba070000 - 0x00007ff8ba11d000 	C:\Windows\System32\SHCORE.dll
0x00007ff8b9bb0000 - 0x00007ff8b9c05000 	C:\Windows\System32\shlwapi.dll
0x00007ff8b7b30000 - 0x00007ff8b7b55000 	C:\Windows\SYSTEM32\profapi.dll
0x00007ff8a5ee0000 - 0x00007ff8a5ef8000 	C:\Program Files\Microsoft\jdk-17.0.10.7-hotspot\bin\zip.dll
0x00007ff8a82a0000 - 0x00007ff8a82b9000 	C:\Program Files\Microsoft\jdk-17.0.10.7-hotspot\bin\net.dll
0x00007ff8aea60000 - 0x00007ff8aeb6a000 	C:\Windows\SYSTEM32\WINHTTP.dll
0x00007ff8b7390000 - 0x00007ff8b73fa000 	C:\Windows\system32\mswsock.dll
0x00007ff8a7d80000 - 0x00007ff8a7d96000 	C:\Program Files\Microsoft\jdk-17.0.10.7-hotspot\bin\nio.dll
0x00007ff8b40e0000 - 0x00007ff8b40f0000 	C:\Program Files\Microsoft\jdk-17.0.10.7-hotspot\bin\verify.dll
0x00007ff8b1210000 - 0x00007ff8b1237000 	C:\Users\LENOVO\.gradle\native\68d5fa5c4cc2d200863cafc0d521ce42e7d3e7ee720ec0a83991735586a16f82\windows-amd64\native-platform.dll
0x00007ff893a90000 - 0x00007ff893bd4000 	C:\Users\LENOVO\.gradle\native\e376f236ea51e6404a007f0833ffe2c6e607c4080706a723a18a27aeea778392\windows-amd64\native-platform-file-events.dll
0x00007ff8b1350000 - 0x00007ff8b1359000 	C:\Program Files\Microsoft\jdk-17.0.10.7-hotspot\bin\management.dll
0x00007ff8b1300000 - 0x00007ff8b130b000 	C:\Program Files\Microsoft\jdk-17.0.10.7-hotspot\bin\management_ext.dll
0x00007ff8ba120000 - 0x00007ff8ba128000 	C:\Windows\System32\PSAPI.DLL
0x00007ff8b7580000 - 0x00007ff8b7598000 	C:\Windows\SYSTEM32\CRYPTSP.dll
0x00007ff8b6c50000 - 0x00007ff8b6c84000 	C:\Windows\system32\rsaenh.dll
0x00007ff8b7ab0000 - 0x00007ff8b7ade000 	C:\Windows\SYSTEM32\USERENV.dll
0x00007ff8b75a0000 - 0x00007ff8b75ac000 	C:\Windows\SYSTEM32\CRYPTBASE.dll
0x00007ff8b7030000 - 0x00007ff8b706b000 	C:\Windows\SYSTEM32\IPHLPAPI.DLL
0x00007ff8b9e60000 - 0x00007ff8b9e68000 	C:\Windows\System32\NSI.dll
0x00007ff8af7e0000 - 0x00007ff8af7f7000 	C:\Windows\SYSTEM32\dhcpcsvc6.DLL
0x00007ff8b0a10000 - 0x00007ff8b0a2d000 	C:\Windows\SYSTEM32\dhcpcsvc.DLL
0x00007ff8b7080000 - 0x00007ff8b714b000 	C:\Windows\SYSTEM32\DNSAPI.dll
0x00007ff8acc80000 - 0x00007ff8acc89000 	C:\Program Files\Microsoft\jdk-17.0.10.7-hotspot\bin\extnet.dll
0x00007ff8b11b0000 - 0x00007ff8b11be000 	C:\Program Files\Microsoft\jdk-17.0.10.7-hotspot\bin\sunmscapi.dll
0x00007ff8b8420000 - 0x00007ff8b857d000 	C:\Windows\System32\CRYPT32.dll
0x00007ff8b76a0000 - 0x00007ff8b76c8000 	C:\Windows\SYSTEM32\ncrypt.dll
0x00007ff8b7660000 - 0x00007ff8b769b000 	C:\Windows\SYSTEM32\NTASN1.dll
0x00007ff8b0b00000 - 0x00007ff8b0b07000 	C:\Windows\system32\wshunix.dll
0x00007ff8a53d0000 - 0x00007ff8a53e7000 	C:\Windows\system32\napinsp.dll
0x00007ff8a53b0000 - 0x00007ff8a53cb000 	C:\Windows\system32\pnrpnsp.dll
0x00007ff8a5390000 - 0x00007ff8a53a5000 	C:\Windows\system32\wshbth.dll
0x00007ff8b36d0000 - 0x00007ff8b36ed000 	C:\Windows\system32\NLAapi.dll
0x00007ff8a5370000 - 0x00007ff8a5382000 	C:\Windows\System32\winrnr.dll
0x00007ff8a9bc0000 - 0x00007ff8a9bca000 	C:\Windows\System32\rasadhlp.dll
0x00007ff8a9c20000 - 0x00007ff8a9ca0000 	C:\Windows\System32\fwpuclnt.dll

dbghelp: loaded successfully - version: 4.0.5 - missing functions: none
symbol engine: initialized successfully - sym options: 0x614 - pdb path: .;C:\Program Files\Microsoft\jdk-17.0.10.7-hotspot\bin;C:\Windows\SYSTEM32;C:\Windows\WinSxS\amd64_microsoft.windows.common-controls_6595b64144ccf1df_6.0.19041.3636_none_60b6a03d71f818d5;C:\Program Files\Microsoft\jdk-17.0.10.7-hotspot\bin\server;C:\Users\LENOVO\.gradle\native\68d5fa5c4cc2d200863cafc0d521ce42e7d3e7ee720ec0a83991735586a16f82\windows-amd64;C:\Users\LENOVO\.gradle\native\e376f236ea51e6404a007f0833ffe2c6e607c4080706a723a18a27aeea778392\windows-amd64

VM Arguments:
jvm_args: -XX:MaxMetaspaceSize=512m --add-opens=java.base/java.util=ALL-UNNAMED --add-opens=java.base/java.lang=ALL-UNNAMED --add-opens=java.base/java.lang.invoke=ALL-UNNAMED --add-opens=java.prefs/java.util.prefs=ALL-UNNAMED --add-opens=java.base/java.nio.charset=ALL-UNNAMED --add-opens=java.base/java.net=ALL-UNNAMED --add-opens=java.base/java.util.concurrent.atomic=ALL-UNNAMED -Xmx2048m -Dfile.encoding=windows-1252 -Duser.country=US -Duser.language=en -Duser.variant -javaagent:C:\Users\LENOVO\.gradle\wrapper\dists\gradle-8.3-all\6en3ugtfdg5xnpx44z4qbwgas\gradle-8.3\lib\agents\gradle-instrumentation-agent-8.3.jar 
java_command: org.gradle.launcher.daemon.bootstrap.GradleDaemon 8.3
java_class_path (initial): C:\Users\LENOVO\.gradle\wrapper\dists\gradle-8.3-all\6en3ugtfdg5xnpx44z4qbwgas\gradle-8.3\lib\gradle-launcher-8.3.jar
Launcher Type: SUN_STANDARD

[Global flags]
     intx CICompilerCount                          = 3                                         {product} {ergonomic}
   size_t CompressedClassSpaceSize                 = 436207616                                 {product} {ergonomic}
     uint ConcGCThreads                            = 1                                         {product} {ergonomic}
     uint G1ConcRefinementThreads                  = 4                                         {product} {ergonomic}
   size_t G1HeapRegionSize                         = 1048576                                   {product} {ergonomic}
    uintx GCDrainStackTargetSize                   = 64                                        {product} {ergonomic}
   size_t InitialHeapSize                          = 62914560                                  {product} {ergonomic}
   size_t MarkStackSize                            = 4194304                                   {product} {ergonomic}
   size_t MaxHeapSize                              = 2147483648                                {product} {command line}
   size_t MaxMetaspaceSize                         = 536870912                                 {product} {command line}
   size_t MaxNewSize                               = 1287651328                                {product} {ergonomic}
   size_t MinHeapDeltaBytes                        = 1048576                                   {product} {ergonomic}
   size_t MinHeapSize                              = 8388608                                   {product} {ergonomic}
    uintx NonNMethodCodeHeapSize                   = 5832780                                {pd product} {ergonomic}
    uintx NonProfiledCodeHeapSize                  = 122912730                              {pd product} {ergonomic}
    uintx ProfiledCodeHeapSize                     = 122912730                              {pd product} {ergonomic}
    uintx ReservedCodeCacheSize                    = 251658240                              {pd product} {ergonomic}
     bool SegmentedCodeCache                       = true                                      {product} {ergonomic}
   size_t SoftMaxHeapSize                          = 2147483648                             {manageable} {ergonomic}
     bool UseCompressedClassPointers               = true                           {product lp64_product} {ergonomic}
     bool UseCompressedOops                        = true                           {product lp64_product} {ergonomic}
     bool UseG1GC                                  = true                                      {product} {ergonomic}
     bool UseLargePagesIndividualAllocation        = false                                  {pd product} {ergonomic}

Logging:
Log output configuration:
 #0: stdout all=warning uptime,level,tags
 #1: stderr all=off uptime,level,tags

Environment Variables:
JAVA_HOME=C:\Program Files\Microsoft\jdk-17.0.10.7-hotspot\
CLASSPATH=D:\bootcamp\secondtask with react native ts\Eventlister\android\\gradle\wrapper\gradle-wrapper.jar
PATH=D:\bootcamp\secondtask with react native ts\Eventlister\node_modules\.bin;D:\bootcamp\secondtask with react native ts\Eventlister\node_modules\.bin;D:\bootcamp\secondtask with react native ts\node_modules\.bin;D:\bootcamp\node_modules\.bin;D:\node_modules\.bin;C:\Program Files\nodejs\node_modules\npm\node_modules\@npmcli\run-script\lib\node-gyp-bin;D:\bootcamp\secondtask with react native ts\Eventlister\node_modules\.bin;D:\bootcamp\secondtask with react native ts\Eventlister\node_modules\.bin;D:\bootcamp\secondtask with react native ts\node_modules\.bin;D:\bootcamp\node_modules\.bin;D:\node_modules\.bin;C:\Program Files\nodejs\node_modules\npm\node_modules\@npmcli\run-script\lib\node-gyp-bin;C:\Program Files\Microsoft\jdk-17.0.10.7-hotspot\bin;C:\Python312\Scripts\;C:\Python312\;C:\Windows\system32;C:\Windows;C:\Windows\System32\Wbem;C:\Windows\System32\WindowsPowerShell\v1.0\;C:\Windows\System32\OpenSSH\;C:\Program Files\Git\cmd;C:\Program Files\nodejs\;C:\ProgramData\chocolatey\bin;C:\Users\LENOVO\.console-ninja\.bin;C:\Users\LENOVO\AppData\Local\Microsoft\WindowsApps;C:\Users\LENOVO\AppData\Local\Programs\Microsoft VS Code\bin;C:\Users\LENOVO\AppData\Roaming\npm;C:\Users\LENOVO\AppData\Local\Android\Sdk\platform-tools;
USERNAME=LENOVO
LANG=en_US.UTF-8
OS=Windows_NT
PROCESSOR_IDENTIFIER=Intel64 Family 6 Model 58 Stepping 9, GenuineIntel
TMP=C:\Users\LENOVO\AppData\Local\Temp
TEMP=C:\Users\LENOVO\AppData\Local\Temp



Periodic native trim disabled


---------------  S Y S T E M  ---------------

OS:
 Windows 10 , 64 bit Build 19041 (10.0.19041.3636)
OS uptime: 9 days 5:43 hours

CPU: total 4 (initial active 4) (2 cores per cpu, 2 threads per core) family 6 model 58 stepping 9 microcode 0x21, cx8, cmov, fxsr, ht, mmx, sse, sse2, sse3, ssse3, sse4.1, sse4.2, popcnt, tsc, tscinvbit, avx, aes, erms, clmul, vzeroupper, clflush
Processor Information for all 4 processors :
  Max Mhz: 2601, Current Mhz: 2601, Mhz Limit: 2601

Memory: 4k page, system-wide physical 3793M (204M free)
TotalPageFile size 12473M (AvailPageFile size 4M)
current process WorkingSet (physical memory assigned to process): 343M, peak: 364M
current process commit charge ("private bytes"): 442M, peak: 451M

vm_info: OpenJDK 64-Bit Server VM (17.0.10+7-LTS) for windows-amd64 JRE (17.0.10+7-LTS), built on Jan 10 2024 19:47:12 by "MicrosoftCorporation" with MS VC++ 16.10 / 16.11 (VS2019)

END.
