#
# There is insufficient memory for the Java Runtime Environment to continue.
# Native memory allocation (malloc) failed to allocate 1483696 bytes for Chunk::new
# Possible reasons:
#   The system is out of physical RAM or swap space
#   The process is running with CompressedOops enabled, and the Java Heap may be blocking the growth of the native heap
# Possible solutions:
#   Reduce memory load on the system
#   Increase physical memory or swap space
#   Check if swap backing store is full
#   Decrease Java heap size (-Xmx/-Xms)
#   Decrease number of Java threads
#   Decrease Java thread stack sizes (-Xss)
#   Set larger code cache with -XX:ReservedCodeCacheSize=
#   JVM is running with Unscaled Compressed Oops mode in which the Java heap is
#     placed in the first 4GB address space. The Java Heap base address is the
#     maximum limit for the native heap growth. Please use -XX:HeapBaseMinAddress
#     to set the Java Heap base and to place the Java Heap above 4GB virtual address.
# This output file may be truncated or incomplete.
#
#  Out of Memory Error (arena.cpp:191), pid=9836, tid=2408
#
# JRE version: OpenJDK Runtime Environment Microsoft-8902769 (17.0.10+7) (build 17.0.10+7-LTS)
# Java VM: OpenJDK 64-Bit Server VM Microsoft-8902769 (17.0.10+7-LTS, mixed mode, sharing, tiered, compressed oops, compressed class ptrs, g1 gc, windows-amd64)
# No core dump will be written. Minidumps are not enabled by default on client versions of Windows
#

---------------  S U M M A R Y ------------

Command Line: org.jetbrains.kotlin.cli.jvm.K2JVMCompiler @D:\bootcamp\secondtask with react native ts\Eventlister\node_modules\react-native-screens\android\build\20240405_13144791978250863109.compiler.options

Host: Intel(R) Core(TM) i5-3320M CPU @ 2.60GHz, 4 cores, 3G,  Windows 10 , 64 bit Build 19041 (10.0.19041.3636)
Time: Fri Apr  5 14:40:56 2024 Pakistan Standard Time elapsed time: 152.939458 seconds (0d 0h 2m 32s)

---------------  T H R E A D  ---------------

Current thread (0x000002ac40316e70):  JavaThread "C2 CompilerThread0" daemon [_thread_in_native, id=2408, stack(0x000000cd87900000,0x000000cd87a00000)]


Current CompileTask:
C2: 152939 20060       4       org.jetbrains.kotlin.load.kotlin.TypeSignatureMappingKt::mapBuiltInType (339 bytes)

Stack: [0x000000cd87900000,0x000000cd87a00000]
Native frames: (J=compiled Java code, j=interpreted, Vv=VM code, C=native code)
V  [jvm.dll+0x67f829]
V  [jvm.dll+0x83750a]
V  [jvm.dll+0x838fce]
V  [jvm.dll+0x839633]
V  [jvm.dll+0x247cbf]
V  [jvm.dll+0xac524]
V  [jvm.dll+0xacb6c]
V  [jvm.dll+0x368ca2]
V  [jvm.dll+0x33311a]
V  [jvm.dll+0x3325ba]
V  [jvm.dll+0x21a401]
V  [jvm.dll+0x219821]
V  [jvm.dll+0x1a5176]
V  [jvm.dll+0x22957e]
V  [jvm.dll+0x22774c]
V  [jvm.dll+0x7ec5d7]
V  [jvm.dll+0x7e69da]
V  [jvm.dll+0x67e715]
C  [ucrtbase.dll+0x21bb2]
C  [KERNEL32.DLL+0x17344]
C  [ntdll.dll+0x526b1]


---------------  P R O C E S S  ---------------

Threads class SMR info:
_java_thread_list=0x000002ac862d2090, length=12, elements={
0x000002ac25042ca0, 0x000002ac250eaa10, 0x000002ac250eb890, 0x000002ac40310f50,
0x000002ac40311be0, 0x000002ac403137b0, 0x000002ac40316180, 0x000002ac40316e70,
0x000002ac4031a890, 0x000002ac4038d0f0, 0x000002ac4055dad0, 0x000002ac4055e810
}

Java Threads: ( => current thread )
  0x000002ac25042ca0 JavaThread "main" [_thread_in_vm, id=3756, stack(0x000000cd86c00000,0x000000cd86d00000)]
  0x000002ac250eaa10 JavaThread "Reference Handler" daemon [_thread_blocked, id=2516, stack(0x000000cd87300000,0x000000cd87400000)]
  0x000002ac250eb890 JavaThread "Finalizer" daemon [_thread_blocked, id=608, stack(0x000000cd87400000,0x000000cd87500000)]
  0x000002ac40310f50 JavaThread "Signal Dispatcher" daemon [_thread_blocked, id=14752, stack(0x000000cd87500000,0x000000cd87600000)]
  0x000002ac40311be0 JavaThread "Attach Listener" daemon [_thread_blocked, id=15588, stack(0x000000cd87600000,0x000000cd87700000)]
  0x000002ac403137b0 JavaThread "Service Thread" daemon [_thread_blocked, id=2512, stack(0x000000cd87700000,0x000000cd87800000)]
  0x000002ac40316180 JavaThread "Monitor Deflation Thread" daemon [_thread_blocked, id=13396, stack(0x000000cd87800000,0x000000cd87900000)]
=>0x000002ac40316e70 JavaThread "C2 CompilerThread0" daemon [_thread_in_native, id=2408, stack(0x000000cd87900000,0x000000cd87a00000)]
  0x000002ac4031a890 JavaThread "C1 CompilerThread0" daemon [_thread_blocked, id=2060, stack(0x000000cd87a00000,0x000000cd87b00000)]
  0x000002ac4038d0f0 JavaThread "Sweeper thread" daemon [_thread_blocked, id=13648, stack(0x000000cd87b00000,0x000000cd87c00000)]
  0x000002ac4055dad0 JavaThread "Notification Thread" daemon [_thread_blocked, id=9752, stack(0x000000cd87c00000,0x000000cd87d00000)]
  0x000002ac4055e810 JavaThread "Common-Cleaner" daemon [_thread_blocked, id=15692, stack(0x000000cd87e00000,0x000000cd87f00000)]

Other Threads:
  0x000002ac250e4d90 VMThread "VM Thread" [stack: 0x000000cd87200000,0x000000cd87300000] [id=7864]
  0x000002ac4055e3c0 WatcherThread [stack: 0x000000cd87d00000,0x000000cd87e00000] [id=15632]
  0x000002ac2507b8c0 GCTaskThread "GC Thread#0" [stack: 0x000000cd86d00000,0x000000cd86e00000] [id=1216]
  0x000002ac40889bf0 GCTaskThread "GC Thread#1" [stack: 0x000000cd87f00000,0x000000cd88000000] [id=704]
  0x000002ac408aa270 GCTaskThread "GC Thread#2" [stack: 0x000000cd88000000,0x000000cd88100000] [id=7748]
  0x000002ac4089f850 GCTaskThread "GC Thread#3" [stack: 0x000000cd88100000,0x000000cd88200000] [id=14088]
  0x000002ac25083ed0 ConcurrentGCThread "G1 Main Marker" [stack: 0x000000cd86e00000,0x000000cd86f00000] [id=11380]
  0x000002ac250848f0 ConcurrentGCThread "G1 Conc#0" [stack: 0x000000cd86f00000,0x000000cd87000000] [id=976]
  0x000002ac250c28d0 ConcurrentGCThread "G1 Refine#0" [stack: 0x000000cd87000000,0x000000cd87100000] [id=16380]
  0x000002ac864a2be0 ConcurrentGCThread "G1 Refine#1" [stack: 0x000000cd88200000,0x000000cd88300000] [id=6424]
  0x000002ac250c3300 ConcurrentGCThread "G1 Service" [stack: 0x000000cd87100000,0x000000cd87200000] [id=12500]

Threads with active compile tasks:
C2 CompilerThread0   153017 20060       4       org.jetbrains.kotlin.load.kotlin.TypeSignatureMappingKt::mapBuiltInType (339 bytes)

VM state: not at safepoint (normal execution)

VM Mutex/Monitor currently owned by a thread: None

Heap address: 0x00000000c4a00000, size: 950 MB, Compressed Oops mode: 32-bit

CDS archive(s) mapped at: [0x000002ac41000000-0x000002ac41bb0000-0x000002ac41bb0000), size 12255232, SharedBaseAddress: 0x000002ac41000000, ArchiveRelocationMode: 1.
Compressed class space mapped at: 0x000002ac42000000-0x000002ac82000000, reserved size: 1073741824
Narrow klass base: 0x000002ac41000000, Narrow klass shift: 0, Narrow klass range: 0x100000000

GC Precious Log:
 CPUs: 4 total, 4 available
 Memory: 3793M
 Large Page Support: Disabled
 NUMA Support: Disabled
 Compressed Oops: Enabled (32-bit)
 Heap Region Size: 1M
 Heap Min Capacity: 8M
 Heap Initial Capacity: 60M
 Heap Max Capacity: 950M
 Pre-touch: Disabled
 Parallel Workers: 4
 Concurrent Workers: 1
 Concurrent Refinement Workers: 4
 Periodic GC: Disabled

Heap:
 garbage-first heap   total 189440K, used 137527K [0x00000000c4a00000, 0x0000000100000000)
  region size 1024K, 6 young (6144K), 4 survivors (4096K)
 Metaspace       used 83669K, committed 84032K, reserved 1179648K
  class space    used 8913K, committed 9088K, reserved 1048576K

Heap Regions: E=young(eden), S=young(survivor), O=old, HS=humongous(starts), HC=humongous(continues), CS=collection set, F=free, OA=open archive, CA=closed archive, TAMS=top-at-mark-start (previous, next)
|   0|0x00000000c4a00000, 0x00000000c4b00000, 0x00000000c4b00000|100%|HS|  |TAMS 0x00000000c4b00000, 0x00000000c4a00000| Complete 
|   1|0x00000000c4b00000, 0x00000000c4c00000, 0x00000000c4c00000|100%|HC|  |TAMS 0x00000000c4c00000, 0x00000000c4b00000| Complete 
|   2|0x00000000c4c00000, 0x00000000c4d00000, 0x00000000c4d00000|100%|HC|  |TAMS 0x00000000c4d00000, 0x00000000c4c00000| Complete 
|   3|0x00000000c4d00000, 0x00000000c4e00000, 0x00000000c4e00000|100%|HC|  |TAMS 0x00000000c4e00000, 0x00000000c4d00000| Complete 
|   4|0x00000000c4e00000, 0x00000000c4f00000, 0x00000000c4f00000|100%| O|  |TAMS 0x00000000c4f00000, 0x00000000c4e00000| Untracked 
|   5|0x00000000c4f00000, 0x00000000c5000000, 0x00000000c5000000|100%| O|  |TAMS 0x00000000c5000000, 0x00000000c4f00000| Untracked 
|   6|0x00000000c5000000, 0x00000000c5100000, 0x00000000c5100000|100%| O|  |TAMS 0x00000000c5100000, 0x00000000c5000000| Untracked 
|   7|0x00000000c5100000, 0x00000000c5200000, 0x00000000c5200000|100%|HS|  |TAMS 0x00000000c5200000, 0x00000000c5100000| Complete 
|   8|0x00000000c5200000, 0x00000000c5300000, 0x00000000c5300000|100%|HC|  |TAMS 0x00000000c5300000, 0x00000000c5200000| Complete 
|   9|0x00000000c5300000, 0x00000000c5400000, 0x00000000c5400000|100%|HC|  |TAMS 0x00000000c5400000, 0x00000000c5300000| Complete 
|  10|0x00000000c5400000, 0x00000000c5500000, 0x00000000c5500000|100%|HC|  |TAMS 0x00000000c5500000, 0x00000000c5400000| Complete 
|  11|0x00000000c5500000, 0x00000000c5600000, 0x00000000c5600000|100%| O|  |TAMS 0x00000000c5600000, 0x00000000c5500000| Untracked 
|  12|0x00000000c5600000, 0x00000000c5700000, 0x00000000c5700000|100%| O|  |TAMS 0x00000000c5700000, 0x00000000c5600000| Untracked 
|  13|0x00000000c5700000, 0x00000000c5800000, 0x00000000c5800000|100%| O|  |TAMS 0x00000000c5800000, 0x00000000c5700000| Untracked 
|  14|0x00000000c5800000, 0x00000000c5900000, 0x00000000c5900000|100%| O|  |TAMS 0x00000000c5900000, 0x00000000c5800000| Untracked 
|  15|0x00000000c5900000, 0x00000000c5a00000, 0x00000000c5a00000|100%| O|  |TAMS 0x00000000c5a00000, 0x00000000c5900000| Untracked 
|  16|0x00000000c5a00000, 0x00000000c5b00000, 0x00000000c5b00000|100%| O|  |TAMS 0x00000000c5b00000, 0x00000000c5a00000| Untracked 
|  17|0x00000000c5b00000, 0x00000000c5c00000, 0x00000000c5c00000|100%| O|  |TAMS 0x00000000c5c00000, 0x00000000c5b00000| Untracked 
|  18|0x00000000c5c00000, 0x00000000c5d00000, 0x00000000c5d00000|100%| O|  |TAMS 0x00000000c5d00000, 0x00000000c5c00000| Untracked 
|  19|0x00000000c5d00000, 0x00000000c5e00000, 0x00000000c5e00000|100%| O|  |TAMS 0x00000000c5e00000, 0x00000000c5d00000| Untracked 
|  20|0x00000000c5e00000, 0x00000000c5f00000, 0x00000000c5f00000|100%| O|  |TAMS 0x00000000c5f00000, 0x00000000c5e00000| Untracked 
|  21|0x00000000c5f00000, 0x00000000c6000000, 0x00000000c6000000|100%| O|  |TAMS 0x00000000c6000000, 0x00000000c5f00000| Untracked 
|  22|0x00000000c6000000, 0x00000000c6100000, 0x00000000c6100000|100%| O|  |TAMS 0x00000000c6100000, 0x00000000c6000000| Untracked 
|  23|0x00000000c6100000, 0x00000000c6200000, 0x00000000c6200000|100%| O|  |TAMS 0x00000000c6200000, 0x00000000c6100000| Untracked 
|  24|0x00000000c6200000, 0x00000000c6300000, 0x00000000c6300000|100%| O|  |TAMS 0x00000000c6300000, 0x00000000c6200000| Untracked 
|  25|0x00000000c6300000, 0x00000000c6400000, 0x00000000c6400000|100%| O|  |TAMS 0x00000000c6400000, 0x00000000c6300000| Untracked 
|  26|0x00000000c6400000, 0x00000000c6500000, 0x00000000c6500000|100%| O|  |TAMS 0x00000000c6500000, 0x00000000c6400000| Untracked 
|  27|0x00000000c6500000, 0x00000000c6600000, 0x00000000c6600000|100%| O|  |TAMS 0x00000000c6600000, 0x00000000c6500000| Untracked 
|  28|0x00000000c6600000, 0x00000000c6700000, 0x00000000c6700000|100%| O|  |TAMS 0x00000000c6700000, 0x00000000c6600000| Untracked 
|  29|0x00000000c6700000, 0x00000000c6800000, 0x00000000c6800000|100%| O|  |TAMS 0x00000000c6800000, 0x00000000c6700000| Untracked 
|  30|0x00000000c6800000, 0x00000000c6900000, 0x00000000c6900000|100%|HS|  |TAMS 0x00000000c6900000, 0x00000000c6800000| Complete 
|  31|0x00000000c6900000, 0x00000000c6a00000, 0x00000000c6a00000|100%|HC|  |TAMS 0x00000000c6a00000, 0x00000000c6900000| Complete 
|  32|0x00000000c6a00000, 0x00000000c6b00000, 0x00000000c6b00000|100%| O|  |TAMS 0x00000000c6b00000, 0x00000000c6a00000| Untracked 
|  33|0x00000000c6b00000, 0x00000000c6c00000, 0x00000000c6c00000|100%| O|  |TAMS 0x00000000c6c00000, 0x00000000c6b00000| Untracked 
|  34|0x00000000c6c00000, 0x00000000c6d00000, 0x00000000c6d00000|100%| O|  |TAMS 0x00000000c6d00000, 0x00000000c6c00000| Untracked 
|  35|0x00000000c6d00000, 0x00000000c6e00000, 0x00000000c6e00000|100%| O|  |TAMS 0x00000000c6e00000, 0x00000000c6d00000| Untracked 
|  36|0x00000000c6e00000, 0x00000000c6f00000, 0x00000000c6f00000|100%| O|  |TAMS 0x00000000c6f00000, 0x00000000c6e00000| Untracked 
|  37|0x00000000c6f00000, 0x00000000c7000000, 0x00000000c7000000|100%| O|  |TAMS 0x00000000c7000000, 0x00000000c6f00000| Untracked 
|  38|0x00000000c7000000, 0x00000000c7100000, 0x00000000c7100000|100%| O|  |TAMS 0x00000000c7100000, 0x00000000c7000000| Untracked 
|  39|0x00000000c7100000, 0x00000000c7200000, 0x00000000c7200000|100%| O|  |TAMS 0x00000000c7200000, 0x00000000c7100000| Untracked 
|  40|0x00000000c7200000, 0x00000000c7300000, 0x00000000c7300000|100%| O|  |TAMS 0x00000000c7300000, 0x00000000c7200000| Untracked 
|  41|0x00000000c7300000, 0x00000000c7400000, 0x00000000c7400000|100%| O|  |TAMS 0x00000000c7400000, 0x00000000c7300000| Untracked 
|  42|0x00000000c7400000, 0x00000000c7500000, 0x00000000c7500000|100%| O|  |TAMS 0x00000000c7500000, 0x00000000c7400000| Untracked 
|  43|0x00000000c7500000, 0x00000000c7600000, 0x00000000c7600000|100%| O|  |TAMS 0x00000000c7600000, 0x00000000c7500000| Untracked 
|  44|0x00000000c7600000, 0x00000000c7700000, 0x00000000c7700000|100%| O|  |TAMS 0x00000000c7700000, 0x00000000c7600000| Untracked 
|  45|0x00000000c7700000, 0x00000000c7800000, 0x00000000c7800000|100%| O|  |TAMS 0x00000000c7800000, 0x00000000c7700000| Untracked 
|  46|0x00000000c7800000, 0x00000000c7900000, 0x00000000c7900000|100%| O|  |TAMS 0x00000000c7900000, 0x00000000c7800000| Untracked 
|  47|0x00000000c7900000, 0x00000000c7a00000, 0x00000000c7a00000|100%| O|  |TAMS 0x00000000c7a00000, 0x00000000c7900000| Untracked 
|  48|0x00000000c7a00000, 0x00000000c7b00000, 0x00000000c7b00000|100%| O|  |TAMS 0x00000000c7b00000, 0x00000000c7a00000| Untracked 
|  49|0x00000000c7b00000, 0x00000000c7c00000, 0x00000000c7c00000|100%| O|  |TAMS 0x00000000c7c00000, 0x00000000c7b00000| Untracked 
|  50|0x00000000c7c00000, 0x00000000c7d00000, 0x00000000c7d00000|100%| O|  |TAMS 0x00000000c7d00000, 0x00000000c7c00000| Untracked 
|  51|0x00000000c7d00000, 0x00000000c7e00000, 0x00000000c7e00000|100%| O|  |TAMS 0x00000000c7e00000, 0x00000000c7d00000| Untracked 
|  52|0x00000000c7e00000, 0x00000000c7f00000, 0x00000000c7f00000|100%| O|  |TAMS 0x00000000c7f00000, 0x00000000c7e00000| Untracked 
|  53|0x00000000c7f00000, 0x00000000c8000000, 0x00000000c8000000|100%| O|  |TAMS 0x00000000c8000000, 0x00000000c7f00000| Untracked 
|  54|0x00000000c8000000, 0x00000000c8100000, 0x00000000c8100000|100%| O|  |TAMS 0x00000000c8100000, 0x00000000c8000000| Untracked 
|  55|0x00000000c8100000, 0x00000000c8200000, 0x00000000c8200000|100%| O|  |TAMS 0x00000000c8200000, 0x00000000c8100000| Untracked 
|  56|0x00000000c8200000, 0x00000000c8300000, 0x00000000c8300000|100%| O|  |TAMS 0x00000000c8300000, 0x00000000c8200000| Untracked 
|  57|0x00000000c8300000, 0x00000000c8400000, 0x00000000c8400000|100%| O|  |TAMS 0x00000000c8300000, 0x00000000c8300000| Untracked 
|  58|0x00000000c8400000, 0x00000000c8500000, 0x00000000c8500000|100%| O|  |TAMS 0x00000000c8500000, 0x00000000c8400000| Untracked 
|  59|0x00000000c8500000, 0x00000000c8600000, 0x00000000c8600000|100%| O|  |TAMS 0x00000000c8600000, 0x00000000c8500000| Untracked 
|  60|0x00000000c8600000, 0x00000000c8700000, 0x00000000c8700000|100%| O|  |TAMS 0x00000000c8700000, 0x00000000c8600000| Untracked 
|  61|0x00000000c8700000, 0x00000000c8800000, 0x00000000c8800000|100%| O|  |TAMS 0x00000000c8800000, 0x00000000c8700000| Untracked 
|  62|0x00000000c8800000, 0x00000000c8900000, 0x00000000c8900000|100%| O|  |TAMS 0x00000000c8900000, 0x00000000c8800000| Untracked 
|  63|0x00000000c8900000, 0x00000000c8a00000, 0x00000000c8a00000|100%| O|  |TAMS 0x00000000c8900000, 0x00000000c8900000| Untracked 
|  64|0x00000000c8a00000, 0x00000000c8b00000, 0x00000000c8b00000|100%| O|  |TAMS 0x00000000c8b00000, 0x00000000c8a00000| Untracked 
|  65|0x00000000c8b00000, 0x00000000c8c00000, 0x00000000c8c00000|100%| O|  |TAMS 0x00000000c8c00000, 0x00000000c8b00000| Untracked 
|  66|0x00000000c8c00000, 0x00000000c8d00000, 0x00000000c8d00000|100%| O|  |TAMS 0x00000000c8d00000, 0x00000000c8c00000| Untracked 
|  67|0x00000000c8d00000, 0x00000000c8e00000, 0x00000000c8e00000|100%| O|  |TAMS 0x00000000c8e00000, 0x00000000c8d00000| Untracked 
|  68|0x00000000c8e00000, 0x00000000c8f00000, 0x00000000c8f00000|100%| O|  |TAMS 0x00000000c8f00000, 0x00000000c8e00000| Untracked 
|  69|0x00000000c8f00000, 0x00000000c9000000, 0x00000000c9000000|100%| O|  |TAMS 0x00000000c9000000, 0x00000000c8f00000| Untracked 
|  70|0x00000000c9000000, 0x00000000c9100000, 0x00000000c9100000|100%| O|  |TAMS 0x00000000c9100000, 0x00000000c9000000| Untracked 
|  71|0x00000000c9100000, 0x00000000c9200000, 0x00000000c9200000|100%| O|  |TAMS 0x00000000c9200000, 0x00000000c9100000| Untracked 
|  72|0x00000000c9200000, 0x00000000c9300000, 0x00000000c9300000|100%| O|  |TAMS 0x00000000c9300000, 0x00000000c9200000| Untracked 
|  73|0x00000000c9300000, 0x00000000c9400000, 0x00000000c9400000|100%| O|  |TAMS 0x00000000c9400000, 0x00000000c9300000| Untracked 
|  74|0x00000000c9400000, 0x00000000c9500000, 0x00000000c9500000|100%| O|  |TAMS 0x00000000c9500000, 0x00000000c9400000| Untracked 
|  75|0x00000000c9500000, 0x00000000c9600000, 0x00000000c9600000|100%| O|  |TAMS 0x00000000c9600000, 0x00000000c9500000| Untracked 
|  76|0x00000000c9600000, 0x00000000c9700000, 0x00000000c9700000|100%| O|  |TAMS 0x00000000c9700000, 0x00000000c9600000| Untracked 
|  77|0x00000000c9700000, 0x00000000c9800000, 0x00000000c9800000|100%| O|  |TAMS 0x00000000c9800000, 0x00000000c9700000| Untracked 
|  78|0x00000000c9800000, 0x00000000c9900000, 0x00000000c9900000|100%| O|  |TAMS 0x00000000c9900000, 0x00000000c9800000| Untracked 
|  79|0x00000000c9900000, 0x00000000c9a00000, 0x00000000c9a00000|100%| O|  |TAMS 0x00000000c9a00000, 0x00000000c9900000| Untracked 
|  80|0x00000000c9a00000, 0x00000000c9b00000, 0x00000000c9b00000|100%| O|  |TAMS 0x00000000c9b00000, 0x00000000c9a00000| Untracked 
|  81|0x00000000c9b00000, 0x00000000c9c00000, 0x00000000c9c00000|100%| O|  |TAMS 0x00000000c9c00000, 0x00000000c9b00000| Untracked 
|  82|0x00000000c9c00000, 0x00000000c9d00000, 0x00000000c9d00000|100%| O|  |TAMS 0x00000000c9d00000, 0x00000000c9c00000| Untracked 
|  83|0x00000000c9d00000, 0x00000000c9e00000, 0x00000000c9e00000|100%|HS|  |TAMS 0x00000000c9e00000, 0x00000000c9d00000| Complete 
|  84|0x00000000c9e00000, 0x00000000c9f00000, 0x00000000c9f00000|100%|HC|  |TAMS 0x00000000c9f00000, 0x00000000c9e00000| Complete 
|  85|0x00000000c9f00000, 0x00000000ca000000, 0x00000000ca000000|100%| O|  |TAMS 0x00000000ca000000, 0x00000000c9f00000| Untracked 
|  86|0x00000000ca000000, 0x00000000ca100000, 0x00000000ca100000|100%| O|  |TAMS 0x00000000ca100000, 0x00000000ca000000| Untracked 
|  87|0x00000000ca100000, 0x00000000ca200000, 0x00000000ca200000|100%| O|  |TAMS 0x00000000ca108c00, 0x00000000ca100000| Untracked 
|  88|0x00000000ca200000, 0x00000000ca300000, 0x00000000ca300000|100%| O|  |TAMS 0x00000000ca200000, 0x00000000ca200000| Untracked 
|  89|0x00000000ca300000, 0x00000000ca400000, 0x00000000ca400000|100%| O|  |TAMS 0x00000000ca300000, 0x00000000ca300000| Untracked 
|  90|0x00000000ca400000, 0x00000000ca500000, 0x00000000ca500000|100%| O|  |TAMS 0x00000000ca400000, 0x00000000ca400000| Untracked 
|  91|0x00000000ca500000, 0x00000000ca600000, 0x00000000ca600000|100%| O|  |TAMS 0x00000000ca500000, 0x00000000ca500000| Untracked 
|  92|0x00000000ca600000, 0x00000000ca700000, 0x00000000ca700000|100%| O|  |TAMS 0x00000000ca600000, 0x00000000ca600000| Untracked 
|  93|0x00000000ca700000, 0x00000000ca800000, 0x00000000ca800000|100%| O|  |TAMS 0x00000000ca700000, 0x00000000ca700000| Untracked 
|  94|0x00000000ca800000, 0x00000000ca900000, 0x00000000ca900000|100%| O|  |TAMS 0x00000000ca800000, 0x00000000ca800000| Untracked 
|  95|0x00000000ca900000, 0x00000000caa00000, 0x00000000caa00000|100%| O|  |TAMS 0x00000000ca900000, 0x00000000ca900000| Untracked 
|  96|0x00000000caa00000, 0x00000000cab00000, 0x00000000cab00000|100%| O|  |TAMS 0x00000000caa00000, 0x00000000caa00000| Untracked 
|  97|0x00000000cab00000, 0x00000000cac00000, 0x00000000cac00000|100%| O|  |TAMS 0x00000000cab00000, 0x00000000cab00000| Untracked 
|  98|0x00000000cac00000, 0x00000000cad00000, 0x00000000cad00000|100%| O|  |TAMS 0x00000000cac00000, 0x00000000cac00000| Untracked 
|  99|0x00000000cad00000, 0x00000000cae00000, 0x00000000cae00000|100%| O|  |TAMS 0x00000000cad00000, 0x00000000cad00000| Untracked 
| 100|0x00000000cae00000, 0x00000000caf00000, 0x00000000caf00000|100%| O|  |TAMS 0x00000000cae00000, 0x00000000cae00000| Untracked 
| 101|0x00000000caf00000, 0x00000000cb000000, 0x00000000cb000000|100%| O|  |TAMS 0x00000000caf00000, 0x00000000caf00000| Untracked 
| 102|0x00000000cb000000, 0x00000000cb100000, 0x00000000cb100000|100%| O|  |TAMS 0x00000000cb000000, 0x00000000cb000000| Untracked 
| 103|0x00000000cb100000, 0x00000000cb200000, 0x00000000cb200000|100%| O|  |TAMS 0x00000000cb100000, 0x00000000cb100000| Untracked 
| 104|0x00000000cb200000, 0x00000000cb300000, 0x00000000cb300000|100%| O|  |TAMS 0x00000000cb200000, 0x00000000cb200000| Untracked 
| 105|0x00000000cb300000, 0x00000000cb400000, 0x00000000cb400000|100%| O|  |TAMS 0x00000000cb300000, 0x00000000cb300000| Untracked 
| 106|0x00000000cb400000, 0x00000000cb500000, 0x00000000cb500000|100%| O|  |TAMS 0x00000000cb400000, 0x00000000cb400000| Untracked 
| 107|0x00000000cb500000, 0x00000000cb600000, 0x00000000cb600000|100%| O|  |TAMS 0x00000000cb500000, 0x00000000cb500000| Untracked 
| 108|0x00000000cb600000, 0x00000000cb700000, 0x00000000cb700000|100%| O|  |TAMS 0x00000000cb600000, 0x00000000cb600000| Untracked 
| 109|0x00000000cb700000, 0x00000000cb800000, 0x00000000cb800000|100%| O|  |TAMS 0x00000000cb700000, 0x00000000cb700000| Untracked 
| 110|0x00000000cb800000, 0x00000000cb900000, 0x00000000cb900000|100%| O|  |TAMS 0x00000000cb800000, 0x00000000cb800000| Untracked 
| 111|0x00000000cb900000, 0x00000000cba00000, 0x00000000cba00000|100%| O|  |TAMS 0x00000000cb900000, 0x00000000cb900000| Untracked 
| 112|0x00000000cba00000, 0x00000000cbb00000, 0x00000000cbb00000|100%| O|  |TAMS 0x00000000cba00000, 0x00000000cba00000| Untracked 
| 113|0x00000000cbb00000, 0x00000000cbc00000, 0x00000000cbc00000|100%| O|  |TAMS 0x00000000cbb00000, 0x00000000cbb00000| Untracked 
| 114|0x00000000cbc00000, 0x00000000cbd00000, 0x00000000cbd00000|100%| O|  |TAMS 0x00000000cbc00000, 0x00000000cbc00000| Untracked 
| 115|0x00000000cbd00000, 0x00000000cbe00000, 0x00000000cbe00000|100%| O|  |TAMS 0x00000000cbd00000, 0x00000000cbd00000| Untracked 
| 116|0x00000000cbe00000, 0x00000000cbf00000, 0x00000000cbf00000|100%| O|  |TAMS 0x00000000cbe00000, 0x00000000cbe00000| Untracked 
| 117|0x00000000cbf00000, 0x00000000cc000000, 0x00000000cc000000|100%| O|  |TAMS 0x00000000cbf00000, 0x00000000cbf00000| Untracked 
| 118|0x00000000cc000000, 0x00000000cc100000, 0x00000000cc100000|100%| O|  |TAMS 0x00000000cc000000, 0x00000000cc000000| Untracked 
| 119|0x00000000cc100000, 0x00000000cc200000, 0x00000000cc200000|100%| O|  |TAMS 0x00000000cc100000, 0x00000000cc100000| Untracked 
| 120|0x00000000cc200000, 0x00000000cc300000, 0x00000000cc300000|100%| O|  |TAMS 0x00000000cc200000, 0x00000000cc200000| Untracked 
| 121|0x00000000cc300000, 0x00000000cc400000, 0x00000000cc400000|100%| O|  |TAMS 0x00000000cc300000, 0x00000000cc300000| Untracked 
| 122|0x00000000cc400000, 0x00000000cc500000, 0x00000000cc500000|100%| O|  |TAMS 0x00000000cc400000, 0x00000000cc400000| Untracked 
| 123|0x00000000cc500000, 0x00000000cc600000, 0x00000000cc600000|100%| O|  |TAMS 0x00000000cc500000, 0x00000000cc500000| Untracked 
| 124|0x00000000cc600000, 0x00000000cc700000, 0x00000000cc700000|100%| O|  |TAMS 0x00000000cc600000, 0x00000000cc600000| Untracked 
| 125|0x00000000cc700000, 0x00000000cc800000, 0x00000000cc800000|100%| O|  |TAMS 0x00000000cc700000, 0x00000000cc700000| Untracked 
| 126|0x00000000cc800000, 0x00000000cc900000, 0x00000000cc900000|100%| O|  |TAMS 0x00000000cc800000, 0x00000000cc800000| Untracked 
| 127|0x00000000cc900000, 0x00000000cca00000, 0x00000000cca00000|100%| O|  |TAMS 0x00000000cc900000, 0x00000000cc900000| Untracked 
| 128|0x00000000cca00000, 0x00000000ccb00000, 0x00000000ccb00000|100%| O|  |TAMS 0x00000000cca00000, 0x00000000cca00000| Untracked 
| 129|0x00000000ccb00000, 0x00000000ccb4dc00, 0x00000000ccc00000| 30%| O|  |TAMS 0x00000000ccb00000, 0x00000000ccb00000| Untracked 
| 130|0x00000000ccc00000, 0x00000000ccc00000, 0x00000000ccd00000|  0%| F|  |TAMS 0x00000000ccc00000, 0x00000000ccc00000| Untracked 
| 131|0x00000000ccd00000, 0x00000000ccd00000, 0x00000000cce00000|  0%| F|  |TAMS 0x00000000ccd00000, 0x00000000ccd00000| Untracked 
| 132|0x00000000cce00000, 0x00000000cce00000, 0x00000000ccf00000|  0%| F|  |TAMS 0x00000000cce00000, 0x00000000cce00000| Untracked 
| 133|0x00000000ccf00000, 0x00000000ccf00000, 0x00000000cd000000|  0%| F|  |TAMS 0x00000000ccf00000, 0x00000000ccf00000| Untracked 
| 134|0x00000000cd000000, 0x00000000cd000000, 0x00000000cd100000|  0%| F|  |TAMS 0x00000000cd000000, 0x00000000cd000000| Untracked 
| 135|0x00000000cd100000, 0x00000000cd100000, 0x00000000cd200000|  0%| F|  |TAMS 0x00000000cd100000, 0x00000000cd100000| Untracked 
| 136|0x00000000cd200000, 0x00000000cd200000, 0x00000000cd300000|  0%| F|  |TAMS 0x00000000cd200000, 0x00000000cd200000| Untracked 
| 137|0x00000000cd300000, 0x00000000cd300000, 0x00000000cd400000|  0%| F|  |TAMS 0x00000000cd300000, 0x00000000cd300000| Untracked 
| 138|0x00000000cd400000, 0x00000000cd400000, 0x00000000cd500000|  0%| F|  |TAMS 0x00000000cd400000, 0x00000000cd400000| Untracked 
| 139|0x00000000cd500000, 0x00000000cd500000, 0x00000000cd600000|  0%| F|  |TAMS 0x00000000cd500000, 0x00000000cd500000| Untracked 
| 140|0x00000000cd600000, 0x00000000cd600000, 0x00000000cd700000|  0%| F|  |TAMS 0x00000000cd600000, 0x00000000cd600000| Untracked 
| 141|0x00000000cd700000, 0x00000000cd700000, 0x00000000cd800000|  0%| F|  |TAMS 0x00000000cd700000, 0x00000000cd700000| Untracked 
| 142|0x00000000cd800000, 0x00000000cd800000, 0x00000000cd900000|  0%| F|  |TAMS 0x00000000cd800000, 0x00000000cd800000| Untracked 
| 143|0x00000000cd900000, 0x00000000cd900000, 0x00000000cda00000|  0%| F|  |TAMS 0x00000000cd900000, 0x00000000cd900000| Untracked 
| 144|0x00000000cda00000, 0x00000000cda00000, 0x00000000cdb00000|  0%| F|  |TAMS 0x00000000cda00000, 0x00000000cda00000| Untracked 
| 145|0x00000000cdb00000, 0x00000000cdb00000, 0x00000000cdc00000|  0%| F|  |TAMS 0x00000000cdb00000, 0x00000000cdb00000| Untracked 
| 146|0x00000000cdc00000, 0x00000000cdc00000, 0x00000000cdd00000|  0%| F|  |TAMS 0x00000000cdc00000, 0x00000000cdc00000| Untracked 
| 147|0x00000000cdd00000, 0x00000000cdd00000, 0x00000000cde00000|  0%| F|  |TAMS 0x00000000cdd00000, 0x00000000cdd00000| Untracked 
| 148|0x00000000cde00000, 0x00000000cde00000, 0x00000000cdf00000|  0%| F|  |TAMS 0x00000000cde00000, 0x00000000cde00000| Untracked 
| 149|0x00000000cdf00000, 0x00000000ce000000, 0x00000000ce000000|100%| S|CS|TAMS 0x00000000cdf00000, 0x00000000cdf00000| Complete 
| 150|0x00000000ce000000, 0x00000000ce100000, 0x00000000ce100000|100%| S|CS|TAMS 0x00000000ce000000, 0x00000000ce000000| Complete 
| 151|0x00000000ce100000, 0x00000000ce200000, 0x00000000ce200000|100%| S|CS|TAMS 0x00000000ce100000, 0x00000000ce100000| Complete 
| 152|0x00000000ce200000, 0x00000000ce200000, 0x00000000ce300000|  0%| F|  |TAMS 0x00000000ce200000, 0x00000000ce200000| Untracked 
| 153|0x00000000ce300000, 0x00000000ce400000, 0x00000000ce400000|100%| S|CS|TAMS 0x00000000ce300000, 0x00000000ce300000| Complete 
| 154|0x00000000ce400000, 0x00000000ce400000, 0x00000000ce500000|  0%| F|  |TAMS 0x00000000ce400000, 0x00000000ce400000| Untracked 
| 155|0x00000000ce500000, 0x00000000ce500000, 0x00000000ce600000|  0%| F|  |TAMS 0x00000000ce500000, 0x00000000ce500000| Untracked 
| 156|0x00000000ce600000, 0x00000000ce600000, 0x00000000ce700000|  0%| F|  |TAMS 0x00000000ce600000, 0x00000000ce600000| Untracked 
| 157|0x00000000ce700000, 0x00000000ce700000, 0x00000000ce800000|  0%| F|  |TAMS 0x00000000ce700000, 0x00000000ce700000| Untracked 
| 158|0x00000000ce800000, 0x00000000ce800000, 0x00000000ce900000|  0%| F|  |TAMS 0x00000000ce800000, 0x00000000ce800000| Untracked 
| 159|0x00000000ce900000, 0x00000000ce900000, 0x00000000cea00000|  0%| F|  |TAMS 0x00000000ce900000, 0x00000000ce900000| Untracked 
| 160|0x00000000cea00000, 0x00000000cea00000, 0x00000000ceb00000|  0%| F|  |TAMS 0x00000000cea00000, 0x00000000cea00000| Untracked 
| 161|0x00000000ceb00000, 0x00000000ceb00000, 0x00000000cec00000|  0%| F|  |TAMS 0x00000000ceb00000, 0x00000000ceb00000| Untracked 
| 162|0x00000000cec00000, 0x00000000cec00000, 0x00000000ced00000|  0%| F|  |TAMS 0x00000000cec00000, 0x00000000cec00000| Untracked 
| 163|0x00000000ced00000, 0x00000000ced00000, 0x00000000cee00000|  0%| F|  |TAMS 0x00000000ced00000, 0x00000000ced00000| Untracked 
| 164|0x00000000cee00000, 0x00000000cee00000, 0x00000000cef00000|  0%| F|  |TAMS 0x00000000cee00000, 0x00000000cee00000| Untracked 
| 165|0x00000000cef00000, 0x00000000cef00000, 0x00000000cf000000|  0%| F|  |TAMS 0x00000000cef00000, 0x00000000cef00000| Untracked 
| 166|0x00000000cf000000, 0x00000000cf000000, 0x00000000cf100000|  0%| F|  |TAMS 0x00000000cf000000, 0x00000000cf000000| Untracked 
| 167|0x00000000cf100000, 0x00000000cf100000, 0x00000000cf200000|  0%| F|  |TAMS 0x00000000cf100000, 0x00000000cf100000| Untracked 
| 168|0x00000000cf200000, 0x00000000cf200000, 0x00000000cf300000|  0%| F|  |TAMS 0x00000000cf200000, 0x00000000cf200000| Untracked 
| 169|0x00000000cf300000, 0x00000000cf300000, 0x00000000cf400000|  0%| F|  |TAMS 0x00000000cf300000, 0x00000000cf300000| Untracked 
| 170|0x00000000cf400000, 0x00000000cf400000, 0x00000000cf500000|  0%| F|  |TAMS 0x00000000cf400000, 0x00000000cf400000| Untracked 
| 171|0x00000000cf500000, 0x00000000cf500000, 0x00000000cf600000|  0%| F|  |TAMS 0x00000000cf500000, 0x00000000cf500000| Untracked 
| 172|0x00000000cf600000, 0x00000000cf600000, 0x00000000cf700000|  0%| F|  |TAMS 0x00000000cf600000, 0x00000000cf600000| Untracked 
| 173|0x00000000cf700000, 0x00000000cf700000, 0x00000000cf800000|  0%| F|  |TAMS 0x00000000cf700000, 0x00000000cf700000| Untracked 
| 174|0x00000000cf800000, 0x00000000cf800000, 0x00000000cf900000|  0%| F|  |TAMS 0x00000000cf800000, 0x00000000cf800000| Untracked 
| 175|0x00000000cf900000, 0x00000000cf900000, 0x00000000cfa00000|  0%| F|  |TAMS 0x00000000cf900000, 0x00000000cf900000| Untracked 
| 176|0x00000000cfa00000, 0x00000000cfa00000, 0x00000000cfb00000|  0%| F|  |TAMS 0x00000000cfa00000, 0x00000000cfa00000| Untracked 
| 177|0x00000000cfb00000, 0x00000000cfb00000, 0x00000000cfc00000|  0%| F|  |TAMS 0x00000000cfb00000, 0x00000000cfb00000| Untracked 
| 178|0x00000000cfc00000, 0x00000000cfc00000, 0x00000000cfd00000|  0%| F|  |TAMS 0x00000000cfc00000, 0x00000000cfc00000| Untracked 
| 179|0x00000000cfd00000, 0x00000000cfd00000, 0x00000000cfe00000|  0%| F|  |TAMS 0x00000000cfd00000, 0x00000000cfd00000| Untracked 
| 180|0x00000000cfe00000, 0x00000000cfe00000, 0x00000000cff00000|  0%| F|  |TAMS 0x00000000cfe00000, 0x00000000cfe00000| Untracked 
| 181|0x00000000cff00000, 0x00000000cff00000, 0x00000000d0000000|  0%| F|  |TAMS 0x00000000cff00000, 0x00000000cff00000| Untracked 
| 182|0x00000000d0000000, 0x00000000d0000000, 0x00000000d0100000|  0%| F|  |TAMS 0x00000000d0000000, 0x00000000d0000000| Untracked 
| 183|0x00000000d0100000, 0x00000000d0180800, 0x00000000d0200000| 50%| E|  |TAMS 0x00000000d0100000, 0x00000000d0100000| Complete 
| 184|0x00000000d0200000, 0x00000000d0300000, 0x00000000d0300000|100%| E|CS|TAMS 0x00000000d0200000, 0x00000000d0200000| Complete 

Card table byte_map: [0x000002ac3bd40000,0x000002ac3bf20000] _byte_map_base: 0x000002ac3b71b000

Marking Bits (Prev, Next): (CMBitMap*) 0x000002ac2507bee0, (CMBitMap*) 0x000002ac2507bf20
 Prev Bits: [0x000002ac3c100000, 0x000002ac3cfd8000)
 Next Bits: [0x000002ac3cfe0000, 0x000002ac3deb8000)

Polling page: 0x000002ac24800000

Metaspace:

Usage:
  Non-class:     73.01 MB used.
      Class:      8.70 MB used.
       Both:     81.71 MB used.

Virtual space:
  Non-class space:      128.00 MB reserved,      73.19 MB ( 57%) committed,  2 nodes.
      Class space:        1.00 GB reserved,       8.88 MB ( <1%) committed,  1 nodes.
             Both:        1.12 GB reserved,      82.06 MB (  7%) committed. 

Chunk freelists:
   Non-Class:  6.39 MB
       Class:  7.08 MB
        Both:  13.47 MB

MaxMetaspaceSize: unlimited
CompressedClassSpaceSize: 1.00 GB
Initial GC threshold: 21.00 MB
Current GC threshold: 99.38 MB
CDS: on
MetaspaceReclaimPolicy: balanced
 - commit_granule_bytes: 65536.
 - commit_granule_words: 8192.
 - virtual_space_node_default_size: 8388608.
 - enlarge_chunks_in_place: 1.
 - new_chunks_are_fully_committed: 0.
 - uncommit_free_chunks: 1.
 - use_allocation_guard: 0.
 - handle_deallocations: 1.


Internal statistics:

num_allocs_failed_limit: 3.
num_arena_births: 412.
num_arena_deaths: 0.
num_vsnodes_births: 3.
num_vsnodes_deaths: 0.
num_space_committed: 1311.
num_space_uncommitted: 0.
num_chunks_returned_to_freelist: 3.
num_chunks_taken_from_freelist: 3398.
num_chunk_merges: 3.
num_chunk_splits: 2756.
num_chunks_enlarged: 2433.
num_inconsistent_stats: 0.

CodeHeap 'non-profiled nmethods': size=120000Kb used=9848Kb max_used=9848Kb free=110151Kb
 bounds [0x000002ac34630000, 0x000002ac34fd0000, 0x000002ac3bb60000]
CodeHeap 'profiled nmethods': size=120000Kb used=48036Kb max_used=48036Kb free=71963Kb
 bounds [0x000002ac2cb60000, 0x000002ac2fa50000, 0x000002ac34090000]
CodeHeap 'non-nmethods': size=5760Kb used=1422Kb max_used=1466Kb free=4337Kb
 bounds [0x000002ac34090000, 0x000002ac34300000, 0x000002ac34630000]
 total_blobs=16645 nmethods=15895 adapters=658
 compilation: enabled
              stopped_count=0, restarted_count=0
 full_count=0

Compilation events (20 events):
Event: 152.667 Thread 0x000002ac4031a890 20068       3       org.jetbrains.kotlin.backend.jvm.JvmIrTypeSystemContext::argumentsCount (6 bytes)
Event: 152.668 Thread 0x000002ac4031a890 nmethod 20068 0x000002ac2fa3ff10 code [0x000002ac2fa40160, 0x000002ac2fa40ac8]
Event: 152.668 Thread 0x000002ac4031a890 20067       1       org.jetbrains.kotlin.ir.descriptors.LazyTypeConstructor::getDeclarationDescriptor (5 bytes)
Event: 152.668 Thread 0x000002ac4031a890 nmethod 20067 0x000002ac34fcde90 code [0x000002ac34fce020, 0x000002ac34fce0f8]
Event: 152.761 Thread 0x000002ac4031a890 20069       3       org.jetbrains.kotlin.codegen.inline.SourcePosition::<init> (32 bytes)
Event: 152.762 Thread 0x000002ac4031a890 nmethod 20069 0x000002ac2fa40d90 code [0x000002ac2fa41020, 0x000002ac2fa41bb8]
Event: 152.765 Thread 0x000002ac4031a890 20070       3       org.jetbrains.org.objectweb.asm.commons.InstructionAdapter::visitMethodInsn (127 bytes)
Event: 152.766 Thread 0x000002ac4031a890 nmethod 20070 0x000002ac2fa41f90 code [0x000002ac2fa421a0, 0x000002ac2fa428b8]
Event: 152.782 Thread 0x000002ac4031a890 20071       3       org.jetbrains.kotlin.ir.descriptors.IrBasedDeclarationDescriptor::hashCode (8 bytes)
Event: 152.782 Thread 0x000002ac4031a890 nmethod 20071 0x000002ac2fa42a90 code [0x000002ac2fa42c40, 0x000002ac2fa42e08]
Event: 152.785 Thread 0x000002ac4031a890 20072       3       org.jetbrains.kotlin.ir.types.IrTypePredicatesKt::isKotlinResult (25 bytes)
Event: 152.786 Thread 0x000002ac4031a890 nmethod 20072 0x000002ac2fa42f10 code [0x000002ac2fa43160, 0x000002ac2fa43868]
Event: 152.797 Thread 0x000002ac4031a890 20073       3       org.jetbrains.kotlin.ir.types.IrTypesKt$typeConstructorParameters$1::invoke (115 bytes)
Event: 152.800 Thread 0x000002ac4031a890 nmethod 20073 0x000002ac2fa43b10 code [0x000002ac2fa43f40, 0x000002ac2fa46498]
Event: 152.875 Thread 0x000002ac4031a890 20075       3       org.jetbrains.kotlin.codegen.inline.MethodInlinerUtilKt$analyzeMethodNodeWithInterpreter$analyzer$1::newFrame (13 bytes)
Event: 152.876 Thread 0x000002ac4031a890 nmethod 20075 0x000002ac2fa46c90 code [0x000002ac2fa46e40, 0x000002ac2fa471d8]
Event: 152.877 Thread 0x000002ac4031a890 20076       3       org.jetbrains.org.objectweb.asm.commons.Remapper::mapType (123 bytes)
Event: 152.880 Thread 0x000002ac4031a890 nmethod 20076 0x000002ac2fa47310 code [0x000002ac2fa47760, 0x000002ac2fa49308]
Event: 152.914 Thread 0x000002ac4031a890 20077       3       org.jetbrains.kotlin.backend.jvm.mapping.MethodSignatureMapper::getSuppressWildcardsAnnotationValue (101 bytes)
Event: 152.915 Thread 0x000002ac4031a890 nmethod 20077 0x000002ac2fa49d90 code [0x000002ac2fa49fc0, 0x000002ac2fa4a9b8]

GC Heap History (20 events):
Event: 134.169 GC heap before
{Heap before GC invocations=67 (full 0):
 garbage-first heap   total 157696K, used 135837K [0x00000000c4a00000, 0x0000000100000000)
  region size 1024K, 10 young (10240K), 2 survivors (2048K)
 Metaspace       used 77017K, committed 77376K, reserved 1179648K
  class space    used 8430K, committed 8640K, reserved 1048576K
}
Event: 134.221 GC heap after
{Heap after GC invocations=68 (full 0):
 garbage-first heap   total 157696K, used 127896K [0x00000000c4a00000, 0x0000000100000000)
  region size 1024K, 1 young (1024K), 1 survivors (1024K)
 Metaspace       used 77017K, committed 77376K, reserved 1179648K
  class space    used 8430K, committed 8640K, reserved 1048576K
}
Event: 134.340 GC heap before
{Heap before GC invocations=68 (full 0):
 garbage-first heap   total 157696K, used 136088K [0x00000000c4a00000, 0x0000000100000000)
  region size 1024K, 9 young (9216K), 1 survivors (1024K)
 Metaspace       used 77037K, committed 77376K, reserved 1179648K
  class space    used 8430K, committed 8640K, reserved 1048576K
}
Event: 134.345 GC heap after
{Heap after GC invocations=69 (full 0):
 garbage-first heap   total 157696K, used 128198K [0x00000000c4a00000, 0x0000000100000000)
  region size 1024K, 2 young (2048K), 2 survivors (2048K)
 Metaspace       used 77037K, committed 77376K, reserved 1179648K
  class space    used 8430K, committed 8640K, reserved 1048576K
}
Event: 135.064 GC heap before
{Heap before GC invocations=69 (full 0):
 garbage-first heap   total 157696K, used 136390K [0x00000000c4a00000, 0x0000000100000000)
  region size 1024K, 10 young (10240K), 2 survivors (2048K)
 Metaspace       used 77367K, committed 77696K, reserved 1179648K
  class space    used 8451K, committed 8640K, reserved 1048576K
}
Event: 135.072 GC heap after
{Heap after GC invocations=70 (full 0):
 garbage-first heap   total 189440K, used 128511K [0x00000000c4a00000, 0x0000000100000000)
  region size 1024K, 1 young (1024K), 1 survivors (1024K)
 Metaspace       used 77367K, committed 77696K, reserved 1179648K
  class space    used 8451K, committed 8640K, reserved 1048576K
}
Event: 138.124 GC heap before
{Heap before GC invocations=70 (full 0):
 garbage-first heap   total 189440K, used 162303K [0x00000000c4a00000, 0x0000000100000000)
  region size 1024K, 34 young (34816K), 1 survivors (1024K)
 Metaspace       used 78268K, committed 78592K, reserved 1179648K
  class space    used 8509K, committed 8704K, reserved 1048576K
}
Event: 138.134 GC heap after
{Heap after GC invocations=71 (full 0):
 garbage-first heap   total 189440K, used 129816K [0x00000000c4a00000, 0x0000000100000000)
  region size 1024K, 3 young (3072K), 3 survivors (3072K)
 Metaspace       used 78268K, committed 78592K, reserved 1179648K
  class space    used 8509K, committed 8704K, reserved 1048576K
}
Event: 141.083 GC heap before
{Heap before GC invocations=71 (full 0):
 garbage-first heap   total 189440K, used 162584K [0x00000000c4a00000, 0x0000000100000000)
  region size 1024K, 35 young (35840K), 3 survivors (3072K)
 Metaspace       used 78601K, committed 78912K, reserved 1179648K
  class space    used 8535K, committed 8704K, reserved 1048576K
}
Event: 141.093 GC heap after
{Heap after GC invocations=72 (full 0):
 garbage-first heap   total 189440K, used 131096K [0x00000000c4a00000, 0x0000000100000000)
  region size 1024K, 4 young (4096K), 4 survivors (4096K)
 Metaspace       used 78601K, committed 78912K, reserved 1179648K
  class space    used 8535K, committed 8704K, reserved 1048576K
}
Event: 142.996 GC heap before
{Heap before GC invocations=72 (full 0):
 garbage-first heap   total 189440K, used 162840K [0x00000000c4a00000, 0x0000000100000000)
  region size 1024K, 35 young (35840K), 4 survivors (4096K)
 Metaspace       used 78769K, committed 79104K, reserved 1179648K
  class space    used 8536K, committed 8704K, reserved 1048576K
}
Event: 143.008 GC heap after
{Heap after GC invocations=73 (full 0):
 garbage-first heap   total 189440K, used 132422K [0x00000000c4a00000, 0x0000000100000000)
  region size 1024K, 4 young (4096K), 4 survivors (4096K)
 Metaspace       used 78769K, committed 79104K, reserved 1179648K
  class space    used 8536K, committed 8704K, reserved 1048576K
}
Event: 144.845 GC heap before
{Heap before GC invocations=73 (full 0):
 garbage-first heap   total 189440K, used 163142K [0x00000000c4a00000, 0x0000000100000000)
  region size 1024K, 34 young (34816K), 4 survivors (4096K)
 Metaspace       used 79057K, committed 79424K, reserved 1179648K
  class space    used 8557K, committed 8768K, reserved 1048576K
}
Event: 144.856 GC heap after
{Heap after GC invocations=74 (full 0):
 garbage-first heap   total 189440K, used 133454K [0x00000000c4a00000, 0x0000000100000000)
  region size 1024K, 3 young (3072K), 3 survivors (3072K)
 Metaspace       used 79057K, committed 79424K, reserved 1179648K
  class space    used 8557K, committed 8768K, reserved 1048576K
}
Event: 146.723 GC heap before
{Heap before GC invocations=74 (full 0):
 garbage-first heap   total 189440K, used 164174K [0x00000000c4a00000, 0x0000000100000000)
  region size 1024K, 33 young (33792K), 3 survivors (3072K)
 Metaspace       used 79311K, committed 79744K, reserved 1179648K
  class space    used 8569K, committed 8768K, reserved 1048576K
}
Event: 146.732 GC heap after
{Heap after GC invocations=75 (full 0):
 garbage-first heap   total 189440K, used 134319K [0x00000000c4a00000, 0x0000000100000000)
  region size 1024K, 4 young (4096K), 4 survivors (4096K)
 Metaspace       used 79311K, committed 79744K, reserved 1179648K
  class space    used 8569K, committed 8768K, reserved 1048576K
}
Event: 148.188 GC heap before
{Heap before GC invocations=75 (full 0):
 garbage-first heap   total 189440K, used 164015K [0x00000000c4a00000, 0x0000000100000000)
  region size 1024K, 33 young (33792K), 4 survivors (4096K)
 Metaspace       used 80768K, committed 81152K, reserved 1179648K
  class space    used 8698K, committed 8896K, reserved 1048576K
}
Event: 148.197 GC heap after
{Heap after GC invocations=76 (full 0):
 garbage-first heap   total 189440K, used 134442K [0x00000000c4a00000, 0x0000000100000000)
  region size 1024K, 3 young (3072K), 3 survivors (3072K)
 Metaspace       used 80768K, committed 81152K, reserved 1179648K
  class space    used 8698K, committed 8896K, reserved 1048576K
}
Event: 152.187 GC heap before
{Heap before GC invocations=76 (full 0):
 garbage-first heap   total 189440K, used 164138K [0x00000000c4a00000, 0x0000000100000000)
  region size 1024K, 32 young (32768K), 3 survivors (3072K)
 Metaspace       used 83591K, committed 83968K, reserved 1179648K
  class space    used 8911K, committed 9088K, reserved 1048576K
}
Event: 152.200 GC heap after
{Heap after GC invocations=77 (full 0):
 garbage-first heap   total 189440K, used 136503K [0x00000000c4a00000, 0x0000000100000000)
  region size 1024K, 4 young (4096K), 4 survivors (4096K)
 Metaspace       used 83591K, committed 83968K, reserved 1179648K
  class space    used 8911K, committed 9088K, reserved 1048576K
}

Dll operation events (7 events):
Event: 0.016 Loaded shared library C:\Program Files\Microsoft\jdk-17.0.10.7-hotspot\bin\java.dll
Event: 0.095 Loaded shared library C:\Program Files\Microsoft\jdk-17.0.10.7-hotspot\bin\jsvml.dll
Event: 0.335 Loaded shared library C:\Program Files\Microsoft\jdk-17.0.10.7-hotspot\bin\net.dll
Event: 0.341 Loaded shared library C:\Program Files\Microsoft\jdk-17.0.10.7-hotspot\bin\nio.dll
Event: 0.496 Loaded shared library C:\Program Files\Microsoft\jdk-17.0.10.7-hotspot\bin\zip.dll
Event: 0.568 Loaded shared library C:\Program Files\Microsoft\jdk-17.0.10.7-hotspot\bin\jimage.dll
Event: 4.018 Loaded shared library C:\Program Files\Microsoft\jdk-17.0.10.7-hotspot\bin\verify.dll

Deoptimization events (20 events):
Event: 152.160 Thread 0x000002ac25042ca0 Uncommon trap: trap_request=0xffffffde fr.pc=0x000002ac34fb8bd0 relative=0x0000000000005a90
Event: 152.160 Thread 0x000002ac25042ca0 Uncommon trap: reason=class_check action=maybe_recompile pc=0x000002ac34fb8bd0 method=org.jetbrains.kotlin.ir.types.IrTypeSystemContext$DefaultImpls.getNameForClassUnderKotlinPackage(Lorg/jetbrains/kotlin/ir/types/IrTypeSystemContext;Lorg/jetbrains/kotlin
Event: 152.160 Thread 0x000002ac25042ca0 DEOPT PACKING pc=0x000002ac34fb8bd0 sp=0x000000cd86cfcd20
Event: 152.160 Thread 0x000002ac25042ca0 DEOPT UNPACKING pc=0x000002ac340e69a3 sp=0x000000cd86cfcb20 mode 2
Event: 152.209 Thread 0x000002ac25042ca0 Uncommon trap: trap_request=0xffffffde fr.pc=0x000002ac34fb8bd0 relative=0x0000000000005a90
Event: 152.209 Thread 0x000002ac25042ca0 Uncommon trap: reason=class_check action=maybe_recompile pc=0x000002ac34fb8bd0 method=org.jetbrains.kotlin.ir.types.IrTypeSystemContext$DefaultImpls.getNameForClassUnderKotlinPackage(Lorg/jetbrains/kotlin/ir/types/IrTypeSystemContext;Lorg/jetbrains/kotlin
Event: 152.209 Thread 0x000002ac25042ca0 DEOPT PACKING pc=0x000002ac34fb8bd0 sp=0x000000cd86cfcd20
Event: 152.209 Thread 0x000002ac25042ca0 DEOPT UNPACKING pc=0x000002ac340e69a3 sp=0x000000cd86cfcb20 mode 2
Event: 152.322 Thread 0x000002ac25042ca0 Uncommon trap: trap_request=0xffffffde fr.pc=0x000002ac34fb8bd0 relative=0x0000000000005a90
Event: 152.322 Thread 0x000002ac25042ca0 Uncommon trap: reason=class_check action=maybe_recompile pc=0x000002ac34fb8bd0 method=org.jetbrains.kotlin.ir.types.IrTypeSystemContext$DefaultImpls.getNameForClassUnderKotlinPackage(Lorg/jetbrains/kotlin/ir/types/IrTypeSystemContext;Lorg/jetbrains/kotlin
Event: 152.322 Thread 0x000002ac25042ca0 DEOPT PACKING pc=0x000002ac34fb8bd0 sp=0x000000cd86cfcd20
Event: 152.322 Thread 0x000002ac25042ca0 DEOPT UNPACKING pc=0x000002ac340e69a3 sp=0x000000cd86cfcb20 mode 2
Event: 152.340 Thread 0x000002ac25042ca0 Uncommon trap: trap_request=0xffffffde fr.pc=0x000002ac34fb8bd0 relative=0x0000000000005a90
Event: 152.340 Thread 0x000002ac25042ca0 Uncommon trap: reason=class_check action=maybe_recompile pc=0x000002ac34fb8bd0 method=org.jetbrains.kotlin.ir.types.IrTypeSystemContext$DefaultImpls.getNameForClassUnderKotlinPackage(Lorg/jetbrains/kotlin/ir/types/IrTypeSystemContext;Lorg/jetbrains/kotlin
Event: 152.340 Thread 0x000002ac25042ca0 DEOPT PACKING pc=0x000002ac34fb8bd0 sp=0x000000cd86cfcd20
Event: 152.340 Thread 0x000002ac25042ca0 DEOPT UNPACKING pc=0x000002ac340e69a3 sp=0x000000cd86cfcb20 mode 2
Event: 152.768 Thread 0x000002ac25042ca0 Uncommon trap: trap_request=0xffffff45 fr.pc=0x000002ac349d570c relative=0x000000000000034c
Event: 152.768 Thread 0x000002ac25042ca0 Uncommon trap: reason=unstable_if action=reinterpret pc=0x000002ac349d570c method=gnu.trove.TObjectHash.insertionIndex(Ljava/lang/Object;)I @ 150 c2
Event: 152.768 Thread 0x000002ac25042ca0 DEOPT PACKING pc=0x000002ac349d570c sp=0x000000cd86cfcfc0
Event: 152.769 Thread 0x000002ac25042ca0 DEOPT UNPACKING pc=0x000002ac340e69a3 sp=0x000000cd86cfcf40 mode 2

Classes unloaded (0 events):
No events

Classes redefined (0 events):
No events

Internal exceptions (20 events):
Event: 72.714 Thread 0x000002ac25042ca0 Implicit null exception at 0x000002ac34a3425c to 0x000002ac34a34384
Event: 77.254 Thread 0x000002ac25042ca0 Implicit null exception at 0x000002ac34ac213e to 0x000002ac34ac26a0
Event: 81.533 Thread 0x000002ac25042ca0 Implicit null exception at 0x000002ac34ba4cdf to 0x000002ac34bac458
Event: 82.415 Thread 0x000002ac25042ca0 Implicit null exception at 0x000002ac346911d8 to 0x000002ac3469126e
Event: 83.790 Thread 0x000002ac25042ca0 Exception <a 'java/lang/NoSuchMethodError'{0x00000000caf96ba0}: 'java.lang.Object java.lang.invoke.DirectMethodHandle$Holder.newInvokeSpecial(java.lang.Object, int, java.lang.Object, java.lang.Object)'> (0x00000000caf96ba0) 
thrown [s\src\hotspot\share\interpreter\linkResolver.cpp, line 759]
Event: 83.791 Thread 0x000002ac25042ca0 Exception <a 'java/lang/NoSuchMethodError'{0x00000000caf9bd90}: 'java.lang.Object java.lang.invoke.DirectMethodHandle$Holder.invokeSpecial(java.lang.Object, java.lang.Object, int, java.lang.Object, java.lang.Object)'> (0x00000000caf9bd90) 
thrown [s\src\hotspot\share\interpreter\linkResolver.cpp, line 759]
Event: 87.690 Thread 0x000002ac25042ca0 Exception <a 'java/lang/NoSuchMethodError'{0x00000000cadd8b10}: 'void java.lang.invoke.DirectMethodHandle$Holder.invokeStatic(java.lang.Object, java.lang.Object, java.lang.Object)'> (0x00000000cadd8b10) 
thrown [s\src\hotspot\share\interpreter\linkResolver.cpp, line 759]
Event: 95.510 Thread 0x000002ac25042ca0 Implicit null exception at 0x000002ac34b37dbc to 0x000002ac34b37e4a
Event: 116.183 Thread 0x000002ac25042ca0 Implicit null exception at 0x000002ac346df171 to 0x000002ac346df35c
Event: 120.141 Thread 0x000002ac25042ca0 Exception <a 'java/lang/NoSuchMethodError'{0x00000000cdc7bf30}: 'java.lang.Object java.lang.invoke.DirectMethodHandle$Holder.invokeStaticInit(java.lang.Object, java.lang.Object, java.lang.Object, java.lang.Object)'> (0x00000000cdc7bf30) 
thrown [s\src\hotspot\share\interpreter\linkResolver.cpp, line 759]
Event: 121.543 Thread 0x000002ac25042ca0 Exception <a 'java/lang/NoSuchMethodError'{0x00000000ccf7b038}: 'java.lang.Object java.lang.invoke.DirectMethodHandle$Holder.newInvokeSpecial(java.lang.Object, java.lang.Object, java.lang.Object, int, int)'> (0x00000000ccf7b038) 
thrown [s\src\hotspot\share\interpreter\linkResolver.cpp, line 759]
Event: 121.545 Thread 0x000002ac25042ca0 Exception <a 'java/lang/NoSuchMethodError'{0x00000000ccf7ee78}: 'java.lang.Object java.lang.invoke.DirectMethodHandle$Holder.invokeSpecial(java.lang.Object, java.lang.Object, java.lang.Object, java.lang.Object, int, int)'> (0x00000000ccf7ee78) 
thrown [s\src\hotspot\share\interpreter\linkResolver.cpp, line 759]
Event: 122.718 Thread 0x000002ac25042ca0 Exception <a 'java/lang/NoSuchMethodError'{0x00000000ccc4c808}: 'java.lang.Object java.lang.invoke.DirectMethodHandle$Holder.invokeSpecial(java.lang.Object, java.lang.Object, int, int, java.lang.Object, java.lang.Object, java.lang.Object, java.lang.Object, java.lang.Object)'> (0x00000000ccc4c808) 
thrown [s\src\hotspot\share\interpreter\linkResolver.cpp, line 759]
Event: 124.447 Thread 0x000002ac25042ca0 Implicit null exception at 0x000002ac34696bf0 to 0x000002ac34696e1c
Event: 124.545 Thread 0x000002ac25042ca0 Exception <a 'java/lang/NoSuchMethodError'{0x00000000cdffecb8}: 'java.lang.Object java.lang.invoke.DirectMethodHandle$Holder.invokeStatic(java.lang.Object, java.lang.Object, java.lang.Object, int, int, java.lang.Object, java.lang.Object, java.lang.Object, java.lang.Object)'> (0x00000000cdffecb8) 
thrown [s\src\hotspot\share\interpreter\linkResolver.cpp, line 759]
Event: 124.546 Thread 0x000002ac25042ca0 Exception <a 'java/lang/NoSuchMethodError'{0x00000000cde094f8}: 'java.lang.Object java.lang.invoke.DirectMethodHandle$Holder.newInvokeSpecial(java.lang.Object, java.lang.Object, java.lang.Object, int, int, java.lang.Object)'> (0x00000000cde094f8) 
thrown [s\src\hotspot\share\interpreter\linkResolver.cpp, line 759]
Event: 124.547 Thread 0x000002ac25042ca0 Exception <a 'java/lang/NoSuchMethodError'{0x00000000cde10e98}: 'java.lang.Object java.lang.invoke.Invokers$Holder.linkToTargetMethod(java.lang.Object, java.lang.Object, int, int, java.lang.Object, java.lang.Object)'> (0x00000000cde10e98) 
thrown [s\src\hotspot\share\interpreter\linkResolver.cpp, line 759]
Event: 128.106 Thread 0x000002ac25042ca0 Implicit null exception at 0x000002ac34e20801 to 0x000002ac34e21169
Event: 146.999 Thread 0x000002ac25042ca0 Implicit null exception at 0x000002ac34f57abc to 0x000002ac34f5fc9c
Event: 151.805 Thread 0x000002ac25042ca0 Implicit null exception at 0x000002ac34703291 to 0x000002ac34703380

VM Operations (20 events):
Event: 147.625 Executing VM operation: HandshakeAllThreads
Event: 147.625 Executing VM operation: HandshakeAllThreads done
Event: 147.761 Executing VM operation: HandshakeAllThreads
Event: 147.761 Executing VM operation: HandshakeAllThreads done
Event: 147.761 Executing VM operation: Cleanup
Event: 147.761 Executing VM operation: Cleanup done
Event: 148.187 Executing VM operation: G1CollectForAllocation
Event: 148.197 Executing VM operation: G1CollectForAllocation done
Event: 149.200 Executing VM operation: Cleanup
Event: 149.200 Executing VM operation: Cleanup done
Event: 150.214 Executing VM operation: Cleanup
Event: 150.233 Executing VM operation: Cleanup done
Event: 151.236 Executing VM operation: Cleanup
Event: 151.252 Executing VM operation: Cleanup done
Event: 151.438 Executing VM operation: HandshakeAllThreads
Event: 151.438 Executing VM operation: HandshakeAllThreads done
Event: 151.627 Executing VM operation: HandshakeAllThreads
Event: 151.627 Executing VM operation: HandshakeAllThreads done
Event: 152.187 Executing VM operation: G1CollectForAllocation
Event: 152.200 Executing VM operation: G1CollectForAllocation done

Events (20 events):
Event: 147.572 Thread 0x000002ac4038d0f0 flushing nmethod 0x000002ac2f2c0710
Event: 147.572 Thread 0x000002ac4038d0f0 flushing nmethod 0x000002ac2f2c4590
Event: 147.572 Thread 0x000002ac4038d0f0 flushing nmethod 0x000002ac2f2d6c10
Event: 147.572 Thread 0x000002ac4038d0f0 flushing nmethod 0x000002ac2f303510
Event: 147.572 Thread 0x000002ac4038d0f0 flushing nmethod 0x000002ac2f304010
Event: 147.572 Thread 0x000002ac4038d0f0 flushing nmethod 0x000002ac2f325b90
Event: 147.573 Thread 0x000002ac4038d0f0 flushing nmethod 0x000002ac2f350210
Event: 147.573 Thread 0x000002ac4038d0f0 flushing nmethod 0x000002ac2f35ee10
Event: 147.573 Thread 0x000002ac4038d0f0 flushing nmethod 0x000002ac2f369810
Event: 147.573 Thread 0x000002ac4038d0f0 flushing nmethod 0x000002ac2f396710
Event: 147.573 Thread 0x000002ac4038d0f0 flushing nmethod 0x000002ac2f397410
Event: 147.573 Thread 0x000002ac4038d0f0 flushing nmethod 0x000002ac2f3af910
Event: 147.573 Thread 0x000002ac4038d0f0 flushing nmethod 0x000002ac2f3cea90
Event: 147.573 Thread 0x000002ac4038d0f0 flushing nmethod 0x000002ac2f3cf590
Event: 147.573 Thread 0x000002ac4038d0f0 flushing nmethod 0x000002ac2f3d2090
Event: 147.574 Thread 0x000002ac4038d0f0 flushing nmethod 0x000002ac2f524590
Event: 147.576 Thread 0x000002ac4038d0f0 flushing nmethod 0x000002ac2f72cf90
Event: 147.576 Thread 0x000002ac4038d0f0 flushing nmethod 0x000002ac2f72d390
Event: 148.396 loading class java/util/Vector$Itr
Event: 148.398 loading class java/util/Vector$Itr done


Dynamic libraries:
0x00007ff701d30000 - 0x00007ff701d3e000 	C:\Program Files\Microsoft\jdk-17.0.10.7-hotspot\bin\java.exe
0x00007ffc1f130000 - 0x00007ffc1f328000 	C:\Windows\SYSTEM32\ntdll.dll
0x00007ffc1e610000 - 0x00007ffc1e6cd000 	C:\Windows\System32\KERNEL32.DLL
0x00007ffc1ca80000 - 0x00007ffc1cd76000 	C:\Windows\System32\KERNELBASE.dll
0x00007ffc1cfa0000 - 0x00007ffc1d0a0000 	C:\Windows\System32\ucrtbase.dll
0x00007ffc05cb0000 - 0x00007ffc05cc7000 	C:\Program Files\Microsoft\jdk-17.0.10.7-hotspot\bin\jli.dll
0x00007ffc1d7e0000 - 0x00007ffc1d97e000 	C:\Windows\System32\USER32.dll
0x00007ffc1c7e0000 - 0x00007ffc1c802000 	C:\Windows\System32\win32u.dll
0x00007ffc1e5e0000 - 0x00007ffc1e60b000 	C:\Windows\System32\GDI32.dll
0x00007ffc1cd80000 - 0x00007ffc1ce97000 	C:\Windows\System32\gdi32full.dll
0x00007ffc1c810000 - 0x00007ffc1c8ad000 	C:\Windows\System32\msvcp_win.dll
0x00007ffbffe80000 - 0x00007ffbffe9b000 	C:\Program Files\Microsoft\jdk-17.0.10.7-hotspot\bin\VCRUNTIME140.dll
0x00007ffc1bbb0000 - 0x00007ffc1be4a000 	C:\Windows\WinSxS\amd64_microsoft.windows.common-controls_6595b64144ccf1df_6.0.19041.3636_none_60b6a03d71f818d5\COMCTL32.dll
0x00007ffc1e760000 - 0x00007ffc1e7fe000 	C:\Windows\System32\msvcrt.dll
0x00007ffc1d7a0000 - 0x00007ffc1d7d2000 	C:\Windows\System32\IMM32.DLL
0x00007ffc05bb0000 - 0x00007ffc05bbc000 	C:\Program Files\Microsoft\jdk-17.0.10.7-hotspot\bin\vcruntime140_1.dll
0x00007ffbc8860000 - 0x00007ffbc88ed000 	C:\Program Files\Microsoft\jdk-17.0.10.7-hotspot\bin\msvcp140.dll
0x00007ffbc6110000 - 0x00007ffbc6d75000 	C:\Program Files\Microsoft\jdk-17.0.10.7-hotspot\bin\server\jvm.dll
0x00007ffc1e870000 - 0x00007ffc1e920000 	C:\Windows\System32\ADVAPI32.dll
0x00007ffc1d300000 - 0x00007ffc1d3a0000 	C:\Windows\System32\sechost.dll
0x00007ffc1e4b0000 - 0x00007ffc1e5d5000 	C:\Windows\System32\RPCRT4.dll
0x00007ffc1d0a0000 - 0x00007ffc1d0c7000 	C:\Windows\System32\bcrypt.dll
0x00007ffc1c230000 - 0x00007ffc1c27b000 	C:\Windows\SYSTEM32\POWRPROF.dll
0x00007ffc05250000 - 0x00007ffc05259000 	C:\Windows\SYSTEM32\WSOCK32.dll
0x00007ffc1e800000 - 0x00007ffc1e86b000 	C:\Windows\System32\WS2_32.dll
0x00007ffc0c050000 - 0x00007ffc0c077000 	C:\Windows\SYSTEM32\WINMM.dll
0x00007ffc0ca20000 - 0x00007ffc0ca2a000 	C:\Windows\SYSTEM32\VERSION.dll
0x00007ffc1be50000 - 0x00007ffc1be62000 	C:\Windows\SYSTEM32\UMPDC.dll
0x00007ffc1a020000 - 0x00007ffc1a032000 	C:\Windows\SYSTEM32\kernel.appcore.dll
0x00007ffc029d0000 - 0x00007ffc029da000 	C:\Program Files\Microsoft\jdk-17.0.10.7-hotspot\bin\jimage.dll
0x00007ffc1c040000 - 0x00007ffc1c224000 	C:\Windows\SYSTEM32\DBGHELP.DLL
0x00007ffc1bf80000 - 0x00007ffc1bfb4000 	C:\Windows\SYSTEM32\dbgcore.DLL
0x00007ffc1d0d0000 - 0x00007ffc1d152000 	C:\Windows\System32\bcryptPrimitives.dll
0x00007ffbfa0a0000 - 0x00007ffbfa0c5000 	C:\Program Files\Microsoft\jdk-17.0.10.7-hotspot\bin\java.dll
0x00007ffbc5e60000 - 0x00007ffbc5f37000 	C:\Program Files\Microsoft\jdk-17.0.10.7-hotspot\bin\jsvml.dll
0x00007ffc1e920000 - 0x00007ffc1f08b000 	C:\Windows\System32\SHELL32.dll
0x00007ffc1a220000 - 0x00007ffc1a9be000 	C:\Windows\SYSTEM32\windows.storage.dll
0x00007ffc1e150000 - 0x00007ffc1e4a3000 	C:\Windows\System32\combase.dll
0x00007ffc1bb10000 - 0x00007ffc1bb3e000 	C:\Windows\SYSTEM32\Wldp.dll
0x00007ffc1da50000 - 0x00007ffc1db1d000 	C:\Windows\System32\OLEAUT32.dll
0x00007ffc1d980000 - 0x00007ffc1da2d000 	C:\Windows\System32\SHCORE.dll
0x00007ffc1d740000 - 0x00007ffc1d795000 	C:\Windows\System32\shlwapi.dll
0x00007ffc1c710000 - 0x00007ffc1c735000 	C:\Windows\SYSTEM32\profapi.dll
0x00007ffbfda40000 - 0x00007ffbfda59000 	C:\Program Files\Microsoft\jdk-17.0.10.7-hotspot\bin\net.dll
0x00007ffc120d0000 - 0x00007ffc121da000 	C:\Windows\SYSTEM32\WINHTTP.dll
0x00007ffc1b9e0000 - 0x00007ffc1ba4a000 	C:\Windows\system32\mswsock.dll
0x00007ffbfa670000 - 0x00007ffbfa686000 	C:\Program Files\Microsoft\jdk-17.0.10.7-hotspot\bin\nio.dll
0x00007ffbfa080000 - 0x00007ffbfa098000 	C:\Program Files\Microsoft\jdk-17.0.10.7-hotspot\bin\zip.dll
0x00007ffc17ce0000 - 0x00007ffc17cf0000 	C:\Program Files\Microsoft\jdk-17.0.10.7-hotspot\bin\verify.dll

dbghelp: loaded successfully - version: 4.0.5 - missing functions: none
symbol engine: initialized successfully - sym options: 0x614 - pdb path: .;C:\Program Files\Microsoft\jdk-17.0.10.7-hotspot\bin;C:\Windows\SYSTEM32;C:\Windows\WinSxS\amd64_microsoft.windows.common-controls_6595b64144ccf1df_6.0.19041.3636_none_60b6a03d71f818d5;C:\Program Files\Microsoft\jdk-17.0.10.7-hotspot\bin\server

VM Arguments:
java_command: org.jetbrains.kotlin.cli.jvm.K2JVMCompiler @D:\bootcamp\secondtask with react native ts\Eventlister\node_modules\react-native-screens\android\build\20240405_13144791978250863109.compiler.options
java_class_path (initial): C:\Users\LENOVO\.gradle\caches\modules-2\files-2.1\org.jetbrains.kotlin\kotlin-compiler-embeddable\1.8.0\eb9118d4bcceaa2a94b2ae2a33a4ddba7c9a947f\kotlin-compiler-embeddable-1.8.0.jar;C:\Users\LENOVO\.gradle\caches\modules-2\files-2.1\org.jetbrains.kotlin\kotlin-stdlib\1.8.0\1796921c7a3e2e2665a83e6c8d33399336cd39bc\kotlin-stdlib-1.8.0.jar;C:\Users\LENOVO\.gradle\caches\modules-2\files-2.1\org.jetbrains.kotlin\kotlin-script-runtime\1.8.0\b2f7e760d283cb339974851c222a4c1d48f2d3d\kotlin-script-runtime-1.8.0.jar;C:\Users\LENOVO\.gradle\caches\modules-2\files-2.1\org.jetbrains.kotlin\kotlin-reflect\1.6.10\1cbe9c92c12a94eea200d23c2bbaedaf3daf5132\kotlin-reflect-1.6.10.jar;C:\Users\LENOVO\.gradle\caches\modules-2\files-2.1\org.jetbrains.kotlin\kotlin-daemon-embeddable\1.8.0\d255216c551685dc3a7e852b53617f5f01aaaa5c\kotlin-daemon-embeddable-1.8.0.jar;C:\Users\LENOVO\.gradle\caches\modules-2\files-2.1\org.jetbrains.intellij.deps\trove4j\1.0.20200330\3afb14d5f9ceb459d724e907a21145e8ff394f02\trove4j-1.0.20200330.jar;C:\Users\LENOVO\.gradle\caches\modules-2\files-2.1\net.java.dev.jna\jna\5.6.0\330f2244e9030119ab3030fc3fededc86713d9cc\jna-5.6.0.jar;C:\Users\LENOVO\.gradle\caches\modules-2\files-2.1\org.jetbrains.kotlin\kotlin-stdlib-common\1.8.0\f7197e7cc76453ac59f8b0f8d5137cc600becd36\kotlin-stdlib-common-1.8.0.jar;C:\Users\LENOVO\.gradle\caches\modules-2\files-2.1\org.jetbrains\annotations\13.0\919f0dfe192fb4e063e7dacadee7f8bb9a2672a9\annotations-13.0.jar
Launcher Type: SUN_STANDARD

[Global flags]
     intx CICompilerCount                          = 3                                         {product} {ergonomic}
     uint ConcGCThreads                            = 1                                         {product} {ergonomic}
     uint G1ConcRefinementThreads                  = 4                                         {product} {ergonomic}
   size_t G1HeapRegionSize                         = 1048576                                   {product} {ergonomic}
    uintx GCDrainStackTargetSize                   = 64                                        {product} {ergonomic}
   size_t InitialHeapSize                          = 62914560                                  {product} {ergonomic}
   size_t MarkStackSize                            = 4194304                                   {product} {ergonomic}
   size_t MaxHeapSize                              = 996147200                                 {product} {ergonomic}
   size_t MaxNewSize                               = 597688320                                 {product} {ergonomic}
   size_t MinHeapDeltaBytes                        = 1048576                                   {product} {ergonomic}
   size_t MinHeapSize                              = 8388608                                   {product} {ergonomic}
    uintx NonNMethodCodeHeapSize                   = 5832780                                {pd product} {ergonomic}
    uintx NonProfiledCodeHeapSize                  = 122912730                              {pd product} {ergonomic}
    uintx ProfiledCodeHeapSize                     = 122912730                              {pd product} {ergonomic}
    uintx ReservedCodeCacheSize                    = 251658240                              {pd product} {ergonomic}
     bool SegmentedCodeCache                       = true                                      {product} {ergonomic}
   size_t SoftMaxHeapSize                          = 996147200                              {manageable} {ergonomic}
     bool UseCompressedClassPointers               = true                           {product lp64_product} {ergonomic}
     bool UseCompressedOops                        = true                           {product lp64_product} {ergonomic}
     bool UseG1GC                                  = true                                      {product} {ergonomic}
     bool UseLargePagesIndividualAllocation        = false                                  {pd product} {ergonomic}

Logging:
Log output configuration:
 #0: stdout all=warning uptime,level,tags
 #1: stderr all=off uptime,level,tags

Environment Variables:
JAVA_HOME=C:\Program Files\Microsoft\jdk-17.0.10.7-hotspot\
CLASSPATH=D:\bootcamp\secondtask with react native ts\Eventlister\android\\gradle\wrapper\gradle-wrapper.jar
PATH=D:\bootcamp\secondtask with react native ts\Eventlister\node_modules\.bin;D:\bootcamp\secondtask with react native ts\Eventlister\node_modules\.bin;D:\bootcamp\secondtask with react native ts\node_modules\.bin;D:\bootcamp\node_modules\.bin;D:\node_modules\.bin;C:\Program Files\nodejs\node_modules\npm\node_modules\@npmcli\run-script\lib\node-gyp-bin;C:\Program Files\Microsoft\jdk-17.0.10.7-hotspot\bin;C:\Windows\system32;C:\Windows;C:\Windows\System32\Wbem;C:\Windows\System32\WindowsPowerShell\v1.0\;C:\Windows\System32\OpenSSH\;C:\Program Files\Git\cmd;C:\Program Files\nodejs\;C:\ProgramData\chocolatey\bin;C:\Users\LENOVO\.console-ninja\.bin;C:\Users\LENOVO\AppData\Local\Microsoft\WindowsApps;C:\Users\LENOVO\AppData\Local\Programs\Microsoft VS Code\bin;C:\Users\LENOVO\AppData\Roaming\npm;C:\Users\LENOVO\AppData\Local\Android\Sdk\platform-tools;
USERNAME=LENOVO
OS=Windows_NT
PROCESSOR_IDENTIFIER=Intel64 Family 6 Model 58 Stepping 9, GenuineIntel
TMP=C:\Users\LENOVO\AppData\Local\Temp
TEMP=C:\Users\LENOVO\AppData\Local\Temp



Periodic native trim disabled


---------------  S Y S T E M  ---------------

OS:
 Windows 10 , 64 bit Build 19041 (10.0.19041.3636)
OS uptime: 8 days 19:06 hours

CPU: total 4 (initial active 4) (2 cores per cpu, 2 threads per core) family 6 model 58 stepping 9 microcode 0x21, cx8, cmov, fxsr, ht, mmx, sse, sse2, sse3, ssse3, sse4.1, sse4.2, popcnt, tsc, tscinvbit, avx, aes, erms, clmul, vzeroupper, clflush
Processor Information for all 4 processors :
  Max Mhz: 2601, Current Mhz: 2601, Mhz Limit: 2601

Memory: 4k page, system-wide physical 3793M (114M free)
TotalPageFile size 12473M (AvailPageFile size 4M)
current process WorkingSet (physical memory assigned to process): 271M, peak: 348M
current process commit charge ("private bytes"): 461M, peak: 464M

vm_info: OpenJDK 64-Bit Server VM (17.0.10+7-LTS) for windows-amd64 JRE (17.0.10+7-LTS), built on Jan 10 2024 19:47:12 by "MicrosoftCorporation" with MS VC++ 16.10 / 16.11 (VS2019)

END.
