#
# There is insufficient memory for the Java Runtime Environment to continue.
# Native memory allocation (mmap) failed to map 159383552 bytes for G1 virtual space
# Possible reasons:
#   The system is out of physical RAM or swap space
#   The process is running with CompressedOops enabled, and the Java Heap may be blocking the growth of the native heap
# Possible solutions:
#   Reduce memory load on the system
#   Increase physical memory or swap space
#   Check if swap backing store is full
#   Decrease Java heap size (-Xmx/-Xms)
#   Decrease number of Java threads
#   Decrease Java thread stack sizes (-Xss)
#   Set larger code cache with -XX:ReservedCodeCacheSize=
#   JVM is running with Unscaled Compressed Oops mode in which the Java heap is
#     placed in the first 4GB address space. The Java Heap base address is the
#     maximum limit for the native heap growth. Please use -XX:HeapBaseMinAddress
#     to set the Java Heap base and to place the Java Heap above 4GB virtual address.
# This output file may be truncated or incomplete.
#
#  Out of Memory Error (os_windows.cpp:3613), pid=16860, tid=15620
#
# JRE version: OpenJDK Runtime Environment Microsoft-8902769 (17.0.10+7) (build 17.0.10+7-LTS)
# Java VM: OpenJDK 64-Bit Server VM Microsoft-8902769 (17.0.10+7-LTS, mixed mode, sharing, tiered, compressed oops, compressed class ptrs, g1 gc, windows-amd64)
# No core dump will be written. Minidumps are not enabled by default on client versions of Windows
#

---------------  S U M M A R Y ------------

Command Line: -XX:MaxMetaspaceSize=512m --add-opens=java.base/java.util=ALL-UNNAMED --add-opens=java.base/java.lang=ALL-UNNAMED --add-opens=java.base/java.lang.invoke=ALL-UNNAMED --add-opens=java.prefs/java.util.prefs=ALL-UNNAMED --add-opens=java.base/java.nio.charset=ALL-UNNAMED --add-opens=java.base/java.net=ALL-UNNAMED --add-opens=java.base/java.util.concurrent.atomic=ALL-UNNAMED -Xmx2048m -Dfile.encoding=windows-1252 -Duser.country=US -Duser.language=en -Duser.variant -javaagent:C:\Users\LENOVO\.gradle\wrapper\dists\gradle-8.3-all\6en3ugtfdg5xnpx44z4qbwgas\gradle-8.3\lib\agents\gradle-instrumentation-agent-8.3.jar org.gradle.launcher.daemon.bootstrap.GradleDaemon 8.3

Host: Intel(R) Core(TM) i5-3320M CPU @ 2.60GHz, 4 cores, 3G,  Windows 10 , 64 bit Build 19041 (10.0.19041.3636)
Time: Sat Mar 23 12:18:07 2024 Pakistan Standard Time elapsed time: 78.917841 seconds (0d 0h 1m 18s)

---------------  T H R E A D  ---------------

Current thread (0x0000026d71991f50):  VMThread "VM Thread" [stack: 0x0000008dd0d00000,0x0000008dd0e00000] [id=15620]

Stack: [0x0000008dd0d00000,0x0000008dd0e00000]
Native frames: (J=compiled Java code, j=interpreted, Vv=VM code, C=native code)
V  [jvm.dll+0x67f829]
V  [jvm.dll+0x83750a]
V  [jvm.dll+0x838fce]
V  [jvm.dll+0x839633]
V  [jvm.dll+0x247cbf]
V  [jvm.dll+0x67c669]
V  [jvm.dll+0x6710da]
V  [jvm.dll+0x309b8b]
V  [jvm.dll+0x311036]
V  [jvm.dll+0x360d5e]
V  [jvm.dll+0x360f8f]
V  [jvm.dll+0x2e0798]
V  [jvm.dll+0x2de974]
V  [jvm.dll+0x2ddf7c]
V  [jvm.dll+0x32200b]
V  [jvm.dll+0x83db2b]
V  [jvm.dll+0x83e871]
V  [jvm.dll+0x83ed8d]
V  [jvm.dll+0x83f164]
V  [jvm.dll+0x83f230]
V  [jvm.dll+0x7e69da]
V  [jvm.dll+0x67e715]
C  [ucrtbase.dll+0x21bb2]
C  [KERNEL32.DLL+0x17344]
C  [ntdll.dll+0x526b1]

VM_Operation (0x0000008dd23f1fc0): G1CollectForAllocation, mode: safepoint, requested by thread 0x0000026d77993e30


---------------  P R O C E S S  ---------------

Threads class SMR info:
_java_thread_list=0x0000026d7a14f6a0, length=64, elements={
0x0000026d51f62ae0, 0x0000026d71994e90, 0x0000026d71997030, 0x0000026d719adab0,
0x0000026d719af590, 0x0000026d719b1e70, 0x0000026d719b2740, 0x0000026d719b33f0,
0x0000026d719be590, 0x0000026d76010dc0, 0x0000026d71983580, 0x0000026d7613d480,
0x0000026d7795c040, 0x0000026d7759df50, 0x0000026d7748ded0, 0x0000026d77992e20,
0x0000026d77714980, 0x0000026d779966b0, 0x0000026d77993e30, 0x0000026d77995c90,
0x0000026d77996bc0, 0x0000026d779961a0, 0x0000026d77994340, 0x0000026d77994850,
0x0000026d77995270, 0x0000026d77995780, 0x0000026d77f46030, 0x0000026d77f46a50,
0x0000026d77f483a0, 0x0000026d77f47980, 0x0000026d77f47e90, 0x0000026d77f47470,
0x0000026d77f488b0, 0x0000026d77f49cf0, 0x0000026d77f48dc0, 0x0000026d77f42880,
0x0000026d77f45b20, 0x0000026d77f497e0, 0x0000026d77f4a200, 0x0000026d77f42d90,
0x0000026d77f441d0, 0x0000026d78475c90, 0x0000026d784766b0, 0x0000026d784775e0,
0x0000026d78478f30, 0x0000026d78478000, 0x0000026d7847b7b0, 0x0000026d78475270,
0x0000026d7847c1d0, 0x0000026d78479950, 0x0000026d7847b2a0, 0x0000026d78479e60,
0x0000026d7847bcc0, 0x0000026d78476bc0, 0x0000026d7847c6e0, 0x0000026d7847a370,
0x0000026d78475780, 0x0000026d7847a880, 0x0000026d784770d0, 0x0000026d7847ad90,
0x0000026d78286be0, 0x0000026d78287600, 0x0000026d782861c0, 0x0000026d78289460
}

Java Threads: ( => current thread )
  0x0000026d51f62ae0 JavaThread "main" [_thread_blocked, id=16704, stack(0x0000008dd0600000,0x0000008dd0700000)]
  0x0000026d71994e90 JavaThread "Reference Handler" daemon [_thread_blocked, id=12952, stack(0x0000008dd0e00000,0x0000008dd0f00000)]
  0x0000026d71997030 JavaThread "Finalizer" daemon [_thread_blocked, id=9896, stack(0x0000008dd0f00000,0x0000008dd1000000)]
  0x0000026d719adab0 JavaThread "Signal Dispatcher" daemon [_thread_blocked, id=1532, stack(0x0000008dd1000000,0x0000008dd1100000)]
  0x0000026d719af590 JavaThread "Attach Listener" daemon [_thread_blocked, id=15152, stack(0x0000008dd1100000,0x0000008dd1200000)]
  0x0000026d719b1e70 JavaThread "Service Thread" daemon [_thread_blocked, id=1888, stack(0x0000008dd1200000,0x0000008dd1300000)]
  0x0000026d719b2740 JavaThread "Monitor Deflation Thread" daemon [_thread_blocked, id=18628, stack(0x0000008dd1300000,0x0000008dd1400000)]
  0x0000026d719b33f0 JavaThread "C2 CompilerThread0" daemon [_thread_in_native, id=20372, stack(0x0000008dd1400000,0x0000008dd1500000)]
  0x0000026d719be590 JavaThread "C1 CompilerThread0" daemon [_thread_blocked, id=14104, stack(0x0000008dd1500000,0x0000008dd1600000)]
  0x0000026d76010dc0 JavaThread "Sweeper thread" daemon [_thread_blocked, id=20440, stack(0x0000008dd1600000,0x0000008dd1700000)]
  0x0000026d71983580 JavaThread "Common-Cleaner" daemon [_thread_blocked, id=1572, stack(0x0000008dd1700000,0x0000008dd1800000)]
  0x0000026d7613d480 JavaThread "Notification Thread" daemon [_thread_blocked, id=4648, stack(0x0000008dd1800000,0x0000008dd1900000)]
  0x0000026d7795c040 JavaThread "Daemon health stats" [_thread_blocked, id=11100, stack(0x0000008dd1d00000,0x0000008dd1e00000)]
  0x0000026d7759df50 JavaThread "Incoming local TCP Connector on port 58012" [_thread_in_native, id=5264, stack(0x0000008dd1e00000,0x0000008dd1f00000)]
  0x0000026d7748ded0 JavaThread "Daemon periodic checks" [_thread_blocked, id=13696, stack(0x0000008dd1f00000,0x0000008dd2000000)]
  0x0000026d77992e20 JavaThread "Daemon" [_thread_blocked, id=4736, stack(0x0000008dd2000000,0x0000008dd2100000)]
  0x0000026d77714980 JavaThread "Handler for socket connection from /127.0.0.1:58012 to /127.0.0.1:58013" [_thread_in_native, id=15036, stack(0x0000008dd2100000,0x0000008dd2200000)]
  0x0000026d779966b0 JavaThread "Cancel handler" [_thread_blocked, id=10188, stack(0x0000008dd2200000,0x0000008dd2300000)]
  0x0000026d77993e30 JavaThread "Daemon worker" [_thread_blocked, id=11060, stack(0x0000008dd2300000,0x0000008dd2400000)]
  0x0000026d77995c90 JavaThread "Asynchronous log dispatcher for DefaultDaemonConnection: socket connection from /127.0.0.1:58012 to /127.0.0.1:58013" [_thread_blocked, id=5008, stack(0x0000008dd2400000,0x0000008dd2500000)]
  0x0000026d77996bc0 JavaThread "Stdin handler" [_thread_blocked, id=18616, stack(0x0000008dd2500000,0x0000008dd2600000)]
  0x0000026d779961a0 JavaThread "Daemon client event forwarder" [_thread_blocked, id=19320, stack(0x0000008dd2600000,0x0000008dd2700000)]
  0x0000026d77994340 JavaThread "Cache worker for journal cache (C:\Users\LENOVO\.gradle\caches\journal-1)" [_thread_blocked, id=15696, stack(0x0000008dd2700000,0x0000008dd2800000)]
  0x0000026d77994850 JavaThread "File lock request listener" [_thread_in_native, id=16544, stack(0x0000008dd2800000,0x0000008dd2900000)]
  0x0000026d77995270 JavaThread "Cache worker for file hash cache (C:\Users\LENOVO\.gradle\caches\8.3\fileHashes)" [_thread_blocked, id=5676, stack(0x0000008dd2900000,0x0000008dd2a00000)]
  0x0000026d77995780 JavaThread "File watcher server" daemon [_thread_blocked, id=12908, stack(0x0000008dd2a00000,0x0000008dd2b00000)]
  0x0000026d77f46030 JavaThread "File watcher consumer" daemon [_thread_blocked, id=15124, stack(0x0000008dd2b00000,0x0000008dd2c00000)]
  0x0000026d77f46a50 JavaThread "Cache worker for checksums cache (D:\bootcamp\secondtask with react native ts\Eventlister\android\.gradle\8.3\checksums)" [_thread_blocked, id=14032, stack(0x0000008dd2d00000,0x0000008dd2e00000)]
  0x0000026d77f483a0 JavaThread "Cache worker for file hash cache (D:\bootcamp\secondtask with react native ts\Eventlister\android\.gradle\8.3\fileHashes)" [_thread_blocked, id=8796, stack(0x0000008dd2e00000,0x0000008dd2f00000)]
  0x0000026d77f47980 JavaThread "Cache worker for cache directory md-supplier (C:\Users\LENOVO\.gradle\caches\8.3\md-supplier)" [_thread_blocked, id=13348, stack(0x0000008dd2f00000,0x0000008dd3000000)]
  0x0000026d77f47e90 JavaThread "Cache worker for file content cache (C:\Users\LENOVO\.gradle\caches\8.3\fileContent)" [_thread_blocked, id=1072, stack(0x0000008dd2c00000,0x0000008dd2d00000)]
  0x0000026d77f47470 JavaThread "Cache worker for cache directory md-rule (C:\Users\LENOVO\.gradle\caches\8.3\md-rule)" [_thread_blocked, id=15884, stack(0x0000008dd3000000,0x0000008dd3100000)]
  0x0000026d77f488b0 JavaThread "Cache worker for execution history cache (C:\Users\LENOVO\.gradle\caches\8.3\executionHistory)" [_thread_blocked, id=2456, stack(0x0000008dd3100000,0x0000008dd3200000)]
  0x0000026d77f49cf0 JavaThread "jar transforms" [_thread_blocked, id=15304, stack(0x0000008dd3200000,0x0000008dd3300000)]
  0x0000026d77f48dc0 JavaThread "jar transforms Thread 2" [_thread_blocked, id=13136, stack(0x0000008dd3300000,0x0000008dd3400000)]
  0x0000026d77f42880 JavaThread "jar transforms Thread 3" [_thread_blocked, id=10432, stack(0x0000008dd3400000,0x0000008dd3500000)]
  0x0000026d77f45b20 JavaThread "jar transforms Thread 4" [_thread_blocked, id=8504, stack(0x0000008dd3500000,0x0000008dd3600000)]
  0x0000026d77f497e0 JavaThread "File lock release action executor Thread 2" [_thread_blocked, id=11608, stack(0x0000008dd3700000,0x0000008dd3800000)]
  0x0000026d77f4a200 JavaThread "Cache worker for kotlin-dsl (C:\Users\LENOVO\.gradle\caches\8.3\kotlin-dsl)" [_thread_blocked, id=18464, stack(0x0000008dd3800000,0x0000008dd3900000)]
  0x0000026d77f42d90 JavaThread "Unconstrained build operations" [_thread_blocked, id=19616, stack(0x0000008dd3900000,0x0000008dd3a00000)]
  0x0000026d77f441d0 JavaThread "Unconstrained build operations Thread 2" [_thread_blocked, id=14624, stack(0x0000008dd3a00000,0x0000008dd3b00000)]
  0x0000026d78475c90 JavaThread "Cache worker for dependencies-accessors (D:\bootcamp\secondtask with react native ts\Eventlister\android\.gradle\8.3\dependencies-accessors)" [_thread_blocked, id=17224, stack(0x0000008dd3b00000,0x0000008dd3c00000)]
  0x0000026d784766b0 JavaThread "Cache worker for Build Output Cleanup Cache (D:\bootcamp\secondtask with react native ts\Eventlister\node_modules\@react-native\gradle-plugin\.gradle\buildOutputCleanup)" [_thread_blocked, id=20352, stack(0x0000008dd3c00000,0x0000008dd3d00000)]
  0x0000026d784775e0 JavaThread "Unconstrained build operations Thread 3" [_thread_blocked, id=6584, stack(0x0000008dd3d00000,0x0000008dd3e00000)]
  0x0000026d78478f30 JavaThread "Unconstrained build operations Thread 4" [_thread_blocked, id=18244, stack(0x0000008dd3e00000,0x0000008dd3f00000)]
  0x0000026d78478000 JavaThread "Unconstrained build operations Thread 5" [_thread_blocked, id=4144, stack(0x0000008dd3f00000,0x0000008dd4000000)]
  0x0000026d7847b7b0 JavaThread "Memory manager" [_thread_blocked, id=20276, stack(0x0000008dd4200000,0x0000008dd4300000)]
  0x0000026d78475270 JavaThread "Cache worker for Build Output Cleanup Cache (D:\bootcamp\secondtask with react native ts\Eventlister\android\.gradle\buildOutputCleanup)" [_thread_blocked, id=10380, stack(0x0000008dd4300000,0x0000008dd4400000)]
  0x0000026d7847c1d0 JavaThread "ForkJoinPool.commonPool-worker-1" daemon [_thread_blocked, id=12496, stack(0x0000008dd4400000,0x0000008dd4500000)]
  0x0000026d78479950 JavaThread "ForkJoinPool.commonPool-worker-2" daemon [_thread_blocked, id=1700, stack(0x0000008dd4500000,0x0000008dd4600000)]
  0x0000026d7847b2a0 JavaThread "ForkJoinPool.commonPool-worker-3" daemon [_thread_blocked, id=16968, stack(0x0000008dd4600000,0x0000008dd4700000)]
  0x0000026d78479e60 JavaThread "included builds" [_thread_blocked, id=15464, stack(0x0000008dd4700000,0x0000008dd4800000)]
  0x0000026d7847bcc0 JavaThread "Execution worker" [_thread_blocked, id=9272, stack(0x0000008dd4800000,0x0000008dd4900000)]
  0x0000026d78476bc0 JavaThread "Execution worker Thread 2" [_thread_blocked, id=9908, stack(0x0000008dd4900000,0x0000008dd4a00000)]
  0x0000026d7847c6e0 JavaThread "Execution worker Thread 3" [_thread_blocked, id=9356, stack(0x0000008dd4a00000,0x0000008dd4b00000)]
  0x0000026d7847a370 JavaThread "Cache worker for execution history cache (D:\bootcamp\secondtask with react native ts\Eventlister\node_modules\@react-native\gradle-plugin\.gradle\8.3\executionHistory)" [_thread_blocked, id=10908, stack(0x0000008dd4b00000,0x0000008dd4c00000)]
  0x0000026d78475780 JavaThread "Unconstrained build operations Thread 6" [_thread_blocked, id=3020, stack(0x0000008dd4c00000,0x0000008dd4d00000)]
  0x0000026d7847a880 JavaThread "Unconstrained build operations Thread 7" [_thread_blocked, id=3304, stack(0x0000008dd4d00000,0x0000008dd4e00000)]
  0x0000026d784770d0 JavaThread "Unconstrained build operations Thread 8" [_thread_blocked, id=10220, stack(0x0000008dd4e00000,0x0000008dd4f00000)]
  0x0000026d7847ad90 JavaThread "Unconstrained build operations Thread 9" [_thread_blocked, id=12016, stack(0x0000008dd4f00000,0x0000008dd5000000)]
  0x0000026d78286be0 JavaThread "Unconstrained build operations Thread 10" [_thread_blocked, id=11300, stack(0x0000008dd5000000,0x0000008dd5100000)]
  0x0000026d78287600 JavaThread "Unconstrained build operations Thread 11" [_thread_blocked, id=12360, stack(0x0000008dd5100000,0x0000008dd5200000)]
  0x0000026d782861c0 JavaThread "Unconstrained build operations Thread 12" [_thread_blocked, id=17724, stack(0x0000008dd5200000,0x0000008dd5300000)]
  0x0000026d78289460 JavaThread "Unconstrained build operations Thread 13" [_thread_blocked, id=5356, stack(0x0000008dd5300000,0x0000008dd5400000)]

Other Threads:
=>0x0000026d71991f50 VMThread "VM Thread" [stack: 0x0000008dd0d00000,0x0000008dd0e00000] [id=15620]
  0x0000026d76179f70 WatcherThread [stack: 0x0000008dd1900000,0x0000008dd1a00000] [id=17220]
  0x0000026d51fbdde0 GCTaskThread "GC Thread#0" [stack: 0x0000008dd0800000,0x0000008dd0900000] [id=10628]
  0x0000026d764337c0 GCTaskThread "GC Thread#1" [stack: 0x0000008dd1a00000,0x0000008dd1b00000] [id=13444]
  0x0000026d76470f10 GCTaskThread "GC Thread#2" [stack: 0x0000008dd1b00000,0x0000008dd1c00000] [id=4296]
  0x0000026d761b1200 GCTaskThread "GC Thread#3" [stack: 0x0000008dd1c00000,0x0000008dd1d00000] [id=18564]
  0x0000026d51fd0c60 ConcurrentGCThread "G1 Main Marker" [stack: 0x0000008dd0900000,0x0000008dd0a00000] [id=5532]
  0x0000026d51fd1d30 ConcurrentGCThread "G1 Conc#0" [stack: 0x0000008dd0a00000,0x0000008dd0b00000] [id=5848]
  0x0000026d52003e20 ConcurrentGCThread "G1 Refine#0" [stack: 0x0000008dd0b00000,0x0000008dd0c00000] [id=18160]
  0x0000026d52004760 ConcurrentGCThread "G1 Service" [stack: 0x0000008dd0c00000,0x0000008dd0d00000] [id=16484]

Threads with active compile tasks:
C2 CompilerThread0    78973 9730       4       groovy.lang.MetaClassImpl::addMetaMethodToIndex (65 bytes)

VM state: at safepoint (normal execution)

VM Mutex/Monitor currently owned by a thread:  ([mutex/lock_event])
[0x0000026d51f5f620] Threads_lock - owner thread: 0x0000026d71991f50
[0x0000026d51f5e420] Heap_lock - owner thread: 0x0000026d77993e30

Heap address: 0x0000000080000000, size: 2048 MB, Compressed Oops mode: 32-bit

CDS archive(s) mapped at: [0x0000026d00000000-0x0000026d00bb0000-0x0000026d00bb0000), size 12255232, SharedBaseAddress: 0x0000026d00000000, ArchiveRelocationMode: 1.
Compressed class space mapped at: 0x0000026d01000000-0x0000026d1b000000, reserved size: 436207616
Narrow klass base: 0x0000026d00000000, Narrow klass shift: 0, Narrow klass range: 0x100000000

GC Precious Log:
 CPUs: 4 total, 4 available
 Memory: 3793M
 Large Page Support: Disabled
 NUMA Support: Disabled
 Compressed Oops: Enabled (32-bit)
 Heap Region Size: 1M
 Heap Min Capacity: 8M
 Heap Initial Capacity: 60M
 Heap Max Capacity: 2G
 Pre-touch: Disabled
 Parallel Workers: 4
 Concurrent Workers: 1
 Concurrent Refinement Workers: 4
 Periodic GC: Disabled

Heap:
 garbage-first heap   total 155648K, used 89786K [0x0000000080000000, 0x0000000100000000)
  region size 1024K, 4 young (4096K), 4 survivors (4096K)
 Metaspace       used 77439K, committed 78208K, reserved 557056K
  class space    used 10744K, committed 11072K, reserved 425984K

Heap Regions: E=young(eden), S=young(survivor), O=old, HS=humongous(starts), HC=humongous(continues), CS=collection set, F=free, OA=open archive, CA=closed archive, TAMS=top-at-mark-start (previous, next)
|   0|0x0000000080000000, 0x0000000080100000, 0x0000000080100000|100%| O|  |TAMS 0x0000000080100000, 0x0000000080100000| Untracked 
|   1|0x0000000080100000, 0x0000000080200000, 0x0000000080200000|100%| O|  |TAMS 0x0000000080200000, 0x0000000080200000| Untracked 
|   2|0x0000000080200000, 0x0000000080300000, 0x0000000080300000|100%|HS|  |TAMS 0x0000000080300000, 0x0000000080300000| Complete 
|   3|0x0000000080300000, 0x0000000080400000, 0x0000000080400000|100%|HC|  |TAMS 0x0000000080400000, 0x0000000080400000| Complete 
|   4|0x0000000080400000, 0x0000000080500000, 0x0000000080500000|100%|HC|  |TAMS 0x0000000080500000, 0x0000000080500000| Complete 
|   5|0x0000000080500000, 0x0000000080600000, 0x0000000080600000|100%|HC|  |TAMS 0x0000000080600000, 0x0000000080600000| Complete 
|   6|0x0000000080600000, 0x0000000080700000, 0x0000000080700000|100%| O|  |TAMS 0x0000000080600000, 0x0000000080700000| Untracked 
|   7|0x0000000080700000, 0x0000000080800000, 0x0000000080800000|100%| O|  |TAMS 0x0000000080800000, 0x0000000080800000| Untracked 
|   8|0x0000000080800000, 0x0000000080900000, 0x0000000080900000|100%| O|  |TAMS 0x0000000080900000, 0x0000000080900000| Untracked 
|   9|0x0000000080900000, 0x0000000080a00000, 0x0000000080a00000|100%| O|  |TAMS 0x0000000080a00000, 0x0000000080a00000| Untracked 
|  10|0x0000000080a00000, 0x0000000080b00000, 0x0000000080b00000|100%| O|  |TAMS 0x0000000080b00000, 0x0000000080b00000| Untracked 
|  11|0x0000000080b00000, 0x0000000080c00000, 0x0000000080c00000|100%| O|  |TAMS 0x0000000080c00000, 0x0000000080c00000| Untracked 
|  12|0x0000000080c00000, 0x0000000080d00000, 0x0000000080d00000|100%| O|  |TAMS 0x0000000080d00000, 0x0000000080d00000| Untracked 
|  13|0x0000000080d00000, 0x0000000080e00000, 0x0000000080e00000|100%| O|  |TAMS 0x0000000080e00000, 0x0000000080e00000| Untracked 
|  14|0x0000000080e00000, 0x0000000080f00000, 0x0000000080f00000|100%| O|  |TAMS 0x0000000080f00000, 0x0000000080f00000| Untracked 
|  15|0x0000000080f00000, 0x0000000081000000, 0x0000000081000000|100%| O|  |TAMS 0x0000000081000000, 0x0000000081000000| Untracked 
|  16|0x0000000081000000, 0x0000000081100000, 0x0000000081100000|100%| O|  |TAMS 0x0000000081100000, 0x0000000081100000| Untracked 
|  17|0x0000000081100000, 0x0000000081200000, 0x0000000081200000|100%| O|  |TAMS 0x0000000081200000, 0x0000000081200000| Untracked 
|  18|0x0000000081200000, 0x0000000081300000, 0x0000000081300000|100%| O|  |TAMS 0x0000000081300000, 0x0000000081300000| Untracked 
|  19|0x0000000081300000, 0x0000000081400000, 0x0000000081400000|100%| O|  |TAMS 0x0000000081400000, 0x0000000081400000| Untracked 
|  20|0x0000000081400000, 0x0000000081500000, 0x0000000081500000|100%| O|  |TAMS 0x0000000081500000, 0x0000000081500000| Untracked 
|  21|0x0000000081500000, 0x0000000081600000, 0x0000000081600000|100%| O|  |TAMS 0x0000000081600000, 0x0000000081600000| Untracked 
|  22|0x0000000081600000, 0x0000000081700000, 0x0000000081700000|100%| O|  |TAMS 0x0000000081700000, 0x0000000081700000| Untracked 
|  23|0x0000000081700000, 0x0000000081800000, 0x0000000081800000|100%| O|  |TAMS 0x0000000081800000, 0x0000000081800000| Untracked 
|  24|0x0000000081800000, 0x0000000081900000, 0x0000000081900000|100%| O|  |TAMS 0x0000000081900000, 0x0000000081900000| Untracked 
|  25|0x0000000081900000, 0x0000000081a00000, 0x0000000081a00000|100%| O|  |TAMS 0x0000000081a00000, 0x0000000081a00000| Untracked 
|  26|0x0000000081a00000, 0x0000000081b00000, 0x0000000081b00000|100%| O|  |TAMS 0x0000000081b00000, 0x0000000081b00000| Untracked 
|  27|0x0000000081b00000, 0x0000000081c00000, 0x0000000081c00000|100%| O|  |TAMS 0x0000000081c00000, 0x0000000081c00000| Untracked 
|  28|0x0000000081c00000, 0x0000000081d00000, 0x0000000081d00000|100%| O|  |TAMS 0x0000000081d00000, 0x0000000081d00000| Untracked 
|  29|0x0000000081d00000, 0x0000000081e00000, 0x0000000081e00000|100%| O|  |TAMS 0x0000000081e00000, 0x0000000081e00000| Untracked 
|  30|0x0000000081e00000, 0x0000000081f00000, 0x0000000081f00000|100%| O|  |TAMS 0x0000000081f00000, 0x0000000081f00000| Untracked 
|  31|0x0000000081f00000, 0x0000000082000000, 0x0000000082000000|100%| O|  |TAMS 0x0000000082000000, 0x0000000082000000| Untracked 
|  32|0x0000000082000000, 0x0000000082100000, 0x0000000082100000|100%| O|  |TAMS 0x0000000082100000, 0x0000000082100000| Untracked 
|  33|0x0000000082100000, 0x0000000082200000, 0x0000000082200000|100%| O|  |TAMS 0x0000000082200000, 0x0000000082200000| Untracked 
|  34|0x0000000082200000, 0x0000000082300000, 0x0000000082300000|100%| O|  |TAMS 0x0000000082300000, 0x0000000082300000| Untracked 
|  35|0x0000000082300000, 0x0000000082400000, 0x0000000082400000|100%| O|  |TAMS 0x0000000082400000, 0x0000000082400000| Untracked 
|  36|0x0000000082400000, 0x0000000082500000, 0x0000000082500000|100%| O|  |TAMS 0x0000000082500000, 0x0000000082500000| Untracked 
|  37|0x0000000082500000, 0x0000000082600000, 0x0000000082600000|100%|HS|  |TAMS 0x0000000082600000, 0x0000000082600000| Complete 
|  38|0x0000000082600000, 0x0000000082700000, 0x0000000082700000|100%|HC|  |TAMS 0x0000000082700000, 0x0000000082700000| Complete 
|  39|0x0000000082700000, 0x0000000082800000, 0x0000000082800000|100%|HS|  |TAMS 0x0000000082800000, 0x0000000082800000| Complete 
|  40|0x0000000082800000, 0x0000000082900000, 0x0000000082900000|100%|HC|  |TAMS 0x0000000082900000, 0x0000000082900000| Complete 
|  41|0x0000000082900000, 0x0000000082a00000, 0x0000000082a00000|100%|HS|  |TAMS 0x0000000082a00000, 0x0000000082a00000| Complete 
|  42|0x0000000082a00000, 0x0000000082b00000, 0x0000000082b00000|100%|HC|  |TAMS 0x0000000082b00000, 0x0000000082b00000| Complete 
|  43|0x0000000082b00000, 0x0000000082c00000, 0x0000000082c00000|100%|HC|  |TAMS 0x0000000082c00000, 0x0000000082c00000| Complete 
|  44|0x0000000082c00000, 0x0000000082d00000, 0x0000000082d00000|100%|HC|  |TAMS 0x0000000082d00000, 0x0000000082d00000| Complete 
|  45|0x0000000082d00000, 0x0000000082e00000, 0x0000000082e00000|100%| O|  |TAMS 0x0000000082e00000, 0x0000000082e00000| Untracked 
|  46|0x0000000082e00000, 0x0000000082f00000, 0x0000000082f00000|100%| O|  |TAMS 0x0000000082f00000, 0x0000000082f00000| Untracked 
|  47|0x0000000082f00000, 0x0000000083000000, 0x0000000083000000|100%| O|  |TAMS 0x0000000083000000, 0x0000000083000000| Untracked 
|  48|0x0000000083000000, 0x0000000083100000, 0x0000000083100000|100%| O|  |TAMS 0x0000000083100000, 0x0000000083100000| Untracked 
|  49|0x0000000083100000, 0x0000000083200000, 0x0000000083200000|100%| O|  |TAMS 0x0000000083200000, 0x0000000083200000| Untracked 
|  50|0x0000000083200000, 0x0000000083300000, 0x0000000083300000|100%| O|  |TAMS 0x0000000083300000, 0x0000000083300000| Untracked 
|  51|0x0000000083300000, 0x0000000083400000, 0x0000000083400000|100%|HS|  |TAMS 0x0000000083400000, 0x0000000083400000| Complete 
|  52|0x0000000083400000, 0x0000000083500000, 0x0000000083500000|100%|HC|  |TAMS 0x0000000083500000, 0x0000000083500000| Complete 
|  53|0x0000000083500000, 0x0000000083600000, 0x0000000083600000|100%|HC|  |TAMS 0x0000000083600000, 0x0000000083600000| Complete 
|  54|0x0000000083600000, 0x0000000083700000, 0x0000000083700000|100%|HC|  |TAMS 0x0000000083700000, 0x0000000083700000| Complete 
|  55|0x0000000083700000, 0x0000000083800000, 0x0000000083800000|100%| O|  |TAMS 0x0000000083800000, 0x0000000083800000| Untracked 
|  56|0x0000000083800000, 0x0000000083900000, 0x0000000083900000|100%| O|  |TAMS 0x0000000083900000, 0x0000000083900000| Untracked 
|  57|0x0000000083900000, 0x0000000083a00000, 0x0000000083a00000|100%| O|  |TAMS 0x0000000083a00000, 0x0000000083a00000| Untracked 
|  58|0x0000000083a00000, 0x0000000083b00000, 0x0000000083b00000|100%| O|  |TAMS 0x0000000083b00000, 0x0000000083b00000| Untracked 
|  59|0x0000000083b00000, 0x0000000083c00000, 0x0000000083c00000|100%| O|  |TAMS 0x0000000083c00000, 0x0000000083c00000| Untracked 
|  60|0x0000000083c00000, 0x0000000083d00000, 0x0000000083d00000|100%| O|  |TAMS 0x0000000083d00000, 0x0000000083d00000| Untracked 
|  61|0x0000000083d00000, 0x0000000083e00000, 0x0000000083e00000|100%| O|  |TAMS 0x0000000083e00000, 0x0000000083e00000| Untracked 
|  62|0x0000000083e00000, 0x0000000083e00000, 0x0000000083f00000|  0%| F|  |TAMS 0x0000000083e00000, 0x0000000083e00000| Untracked 
|  63|0x0000000083f00000, 0x0000000084000000, 0x0000000084000000|100%|HS|  |TAMS 0x0000000084000000, 0x0000000084000000| Complete 
|  64|0x0000000084000000, 0x0000000084100000, 0x0000000084100000|100%|HS|  |TAMS 0x0000000084100000, 0x0000000084100000| Complete 
|  65|0x0000000084100000, 0x0000000084200000, 0x0000000084200000|100%|HS|  |TAMS 0x0000000084200000, 0x0000000084200000| Complete 
|  66|0x0000000084200000, 0x0000000084300000, 0x0000000084300000|100%| O|  |TAMS 0x0000000084200000, 0x0000000084300000| Untracked 
|  67|0x0000000084300000, 0x0000000084400000, 0x0000000084400000|100%|HS|  |TAMS 0x0000000084400000, 0x0000000084400000| Complete 
|  68|0x0000000084400000, 0x0000000084500000, 0x0000000084500000|100%| O|  |TAMS 0x0000000084500000, 0x0000000084500000| Untracked 
|  69|0x0000000084500000, 0x0000000084600000, 0x0000000084600000|100%| O|  |TAMS 0x0000000084600000, 0x0000000084600000| Untracked 
|  70|0x0000000084600000, 0x0000000084700000, 0x0000000084700000|100%| O|  |TAMS 0x0000000084700000, 0x0000000084700000| Untracked 
|  71|0x0000000084700000, 0x0000000084800000, 0x0000000084800000|100%| O|  |TAMS 0x0000000084800000, 0x0000000084800000| Untracked 
|  72|0x0000000084800000, 0x0000000084900000, 0x0000000084900000|100%| O|  |TAMS 0x0000000084900000, 0x0000000084900000| Untracked 
|  73|0x0000000084900000, 0x0000000084a00000, 0x0000000084a00000|100%| O|  |TAMS 0x0000000084a00000, 0x0000000084a00000| Untracked 
|  74|0x0000000084a00000, 0x0000000084b00000, 0x0000000084b00000|100%| O|  |TAMS 0x0000000084b00000, 0x0000000084b00000| Untracked 
|  75|0x0000000084b00000, 0x0000000084c00000, 0x0000000084c00000|100%| O|  |TAMS 0x0000000084c00000, 0x0000000084c00000| Untracked 
|  76|0x0000000084c00000, 0x0000000084d00000, 0x0000000084d00000|100%| O|  |TAMS 0x0000000084d00000, 0x0000000084d00000| Untracked 
|  77|0x0000000084d00000, 0x0000000084e00000, 0x0000000084e00000|100%| O|  |TAMS 0x0000000084e00000, 0x0000000084e00000| Untracked 
|  78|0x0000000084e00000, 0x0000000084f00000, 0x0000000084f00000|100%| O|  |TAMS 0x0000000084e00000, 0x0000000084f00000| Untracked 
|  79|0x0000000084f00000, 0x0000000085000000, 0x0000000085000000|100%| O|  |TAMS 0x0000000084f00000, 0x0000000085000000| Untracked 
|  80|0x0000000085000000, 0x0000000085099600, 0x0000000085100000| 59%| O|  |TAMS 0x0000000085000000, 0x0000000085099600| Untracked 
|  81|0x0000000085100000, 0x0000000085200000, 0x0000000085200000|100%| O|  |TAMS 0x0000000085200000, 0x0000000085200000| Untracked 
|  82|0x0000000085200000, 0x0000000085300000, 0x0000000085300000|100%| O|  |TAMS 0x0000000085300000, 0x0000000085300000| Untracked 
|  83|0x0000000085300000, 0x0000000085400000, 0x0000000085400000|100%| O|  |TAMS 0x0000000085400000, 0x0000000085400000| Untracked 
|  84|0x0000000085400000, 0x0000000085500000, 0x0000000085500000|100%| O|  |TAMS 0x0000000085500000, 0x0000000085500000| Untracked 
|  85|0x0000000085500000, 0x0000000085600000, 0x0000000085600000|100%| O|  |TAMS 0x00000000855c3c00, 0x0000000085600000| Untracked 
|  86|0x0000000085600000, 0x0000000085600000, 0x0000000085700000|  0%| F|  |TAMS 0x0000000085600000, 0x0000000085600000| Untracked 
|  87|0x0000000085700000, 0x0000000085700000, 0x0000000085800000|  0%| F|  |TAMS 0x0000000085700000, 0x0000000085700000| Untracked 
|  88|0x0000000085800000, 0x0000000085800000, 0x0000000085900000|  0%| F|  |TAMS 0x0000000085800000, 0x0000000085800000| Untracked 
|  89|0x0000000085900000, 0x0000000085900000, 0x0000000085a00000|  0%| F|  |TAMS 0x0000000085900000, 0x0000000085900000| Untracked 
|  90|0x0000000085a00000, 0x0000000085a00000, 0x0000000085b00000|  0%| F|  |TAMS 0x0000000085a00000, 0x0000000085a00000| Untracked 
|  91|0x0000000085b00000, 0x0000000085b00000, 0x0000000085c00000|  0%| F|  |TAMS 0x0000000085b00000, 0x0000000085b00000| Untracked 
|  92|0x0000000085c00000, 0x0000000085c00000, 0x0000000085d00000|  0%| F|  |TAMS 0x0000000085c00000, 0x0000000085c00000| Untracked 
|  93|0x0000000085d00000, 0x0000000085d00000, 0x0000000085e00000|  0%| F|  |TAMS 0x0000000085d00000, 0x0000000085d00000| Untracked 
|  94|0x0000000085e00000, 0x0000000085e00000, 0x0000000085f00000|  0%| F|  |TAMS 0x0000000085e00000, 0x0000000085e00000| Untracked 
|  95|0x0000000085f00000, 0x0000000085f00000, 0x0000000086000000|  0%| F|  |TAMS 0x0000000085f00000, 0x0000000085f00000| Untracked 
|  96|0x0000000086000000, 0x0000000086000000, 0x0000000086100000|  0%| F|  |TAMS 0x0000000086000000, 0x0000000086000000| Untracked 
|  97|0x0000000086100000, 0x0000000086100000, 0x0000000086200000|  0%| F|  |TAMS 0x0000000086100000, 0x0000000086100000| Untracked 
|  98|0x0000000086200000, 0x0000000086200000, 0x0000000086300000|  0%| F|  |TAMS 0x0000000086200000, 0x0000000086200000| Untracked 
|  99|0x0000000086300000, 0x0000000086300000, 0x0000000086400000|  0%| F|  |TAMS 0x0000000086300000, 0x0000000086300000| Untracked 
| 100|0x0000000086400000, 0x0000000086400000, 0x0000000086500000|  0%| F|  |TAMS 0x0000000086400000, 0x0000000086400000| Untracked 
| 101|0x0000000086500000, 0x0000000086500000, 0x0000000086600000|  0%| F|  |TAMS 0x0000000086500000, 0x0000000086500000| Untracked 
| 102|0x0000000086600000, 0x0000000086600000, 0x0000000086700000|  0%| F|  |TAMS 0x0000000086600000, 0x0000000086600000| Untracked 
| 103|0x0000000086700000, 0x0000000086700000, 0x0000000086800000|  0%| F|  |TAMS 0x0000000086700000, 0x0000000086700000| Untracked 
| 104|0x0000000086800000, 0x0000000086800000, 0x0000000086900000|  0%| F|  |TAMS 0x0000000086800000, 0x0000000086800000| Untracked 
| 105|0x0000000086900000, 0x0000000086900000, 0x0000000086a00000|  0%| F|  |TAMS 0x0000000086900000, 0x0000000086900000| Untracked 
| 106|0x0000000086a00000, 0x0000000086a00000, 0x0000000086b00000|  0%| F|  |TAMS 0x0000000086a00000, 0x0000000086a00000| Untracked 
| 107|0x0000000086b00000, 0x0000000086b00000, 0x0000000086c00000|  0%| F|  |TAMS 0x0000000086b00000, 0x0000000086b00000| Untracked 
| 108|0x0000000086c00000, 0x0000000086c00000, 0x0000000086d00000|  0%| F|  |TAMS 0x0000000086c00000, 0x0000000086c00000| Untracked 
| 109|0x0000000086d00000, 0x0000000086d00000, 0x0000000086e00000|  0%| F|  |TAMS 0x0000000086d00000, 0x0000000086d00000| Untracked 
| 110|0x0000000086e00000, 0x0000000086e15280, 0x0000000086f00000|  8%| S|CS|TAMS 0x0000000086e00000, 0x0000000086e00000| Complete 
| 111|0x0000000086f00000, 0x0000000087000000, 0x0000000087000000|100%| S|CS|TAMS 0x0000000086f00000, 0x0000000086f00000| Complete 
| 112|0x0000000087000000, 0x0000000087100000, 0x0000000087100000|100%| S|CS|TAMS 0x0000000087000000, 0x0000000087000000| Complete 
| 113|0x0000000087100000, 0x0000000087200000, 0x0000000087200000|100%| S|CS|TAMS 0x0000000087100000, 0x0000000087100000| Complete 
| 114|0x0000000087200000, 0x0000000087200000, 0x0000000087300000|  0%| F|  |TAMS 0x0000000087200000, 0x0000000087200000| Untracked 
| 115|0x0000000087300000, 0x0000000087300000, 0x0000000087400000|  0%| F|  |TAMS 0x0000000087300000, 0x0000000087300000| Untracked 
| 116|0x0000000087400000, 0x0000000087400000, 0x0000000087500000|  0%| F|  |TAMS 0x0000000087400000, 0x0000000087400000| Untracked 
| 117|0x0000000087500000, 0x0000000087500000, 0x0000000087600000|  0%| F|  |TAMS 0x0000000087500000, 0x0000000087500000| Untracked 
| 118|0x0000000087600000, 0x0000000087600000, 0x0000000087700000|  0%| F|  |TAMS 0x0000000087600000, 0x0000000087600000| Untracked 
| 119|0x0000000087700000, 0x0000000087700000, 0x0000000087800000|  0%| F|  |TAMS 0x0000000087700000, 0x0000000087700000| Untracked 
| 120|0x0000000087800000, 0x0000000087800000, 0x0000000087900000|  0%| F|  |TAMS 0x0000000087800000, 0x0000000087800000| Untracked 
| 121|0x0000000087900000, 0x0000000087900000, 0x0000000087a00000|  0%| F|  |TAMS 0x0000000087900000, 0x0000000087900000| Untracked 
| 122|0x0000000087a00000, 0x0000000087a00000, 0x0000000087b00000|  0%| F|  |TAMS 0x0000000087a00000, 0x0000000087a00000| Untracked 
| 123|0x0000000087b00000, 0x0000000087b00000, 0x0000000087c00000|  0%| F|  |TAMS 0x0000000087b00000, 0x0000000087b00000| Untracked 
| 124|0x0000000087c00000, 0x0000000087c00000, 0x0000000087d00000|  0%| F|  |TAMS 0x0000000087c00000, 0x0000000087c00000| Untracked 
| 125|0x0000000087d00000, 0x0000000087d00000, 0x0000000087e00000|  0%| F|  |TAMS 0x0000000087d00000, 0x0000000087d00000| Untracked 
| 126|0x0000000087e00000, 0x0000000087e00000, 0x0000000087f00000|  0%| F|  |TAMS 0x0000000087e00000, 0x0000000087e00000| Untracked 
| 127|0x0000000087f00000, 0x0000000087f00000, 0x0000000088000000|  0%| F|  |TAMS 0x0000000087f00000, 0x0000000087f00000| Untracked 
| 128|0x0000000088000000, 0x0000000088000000, 0x0000000088100000|  0%| F|  |TAMS 0x0000000088000000, 0x0000000088000000| Untracked 
| 129|0x0000000088100000, 0x0000000088100000, 0x0000000088200000|  0%| F|  |TAMS 0x0000000088100000, 0x0000000088100000| Untracked 
| 130|0x0000000088200000, 0x0000000088200000, 0x0000000088300000|  0%| F|  |TAMS 0x0000000088200000, 0x0000000088200000| Untracked 
| 131|0x0000000088300000, 0x0000000088300000, 0x0000000088400000|  0%| F|  |TAMS 0x0000000088300000, 0x0000000088300000| Untracked 
| 132|0x0000000088400000, 0x0000000088400000, 0x0000000088500000|  0%| F|  |TAMS 0x0000000088400000, 0x0000000088400000| Untracked 
| 133|0x0000000088500000, 0x0000000088500000, 0x0000000088600000|  0%| F|  |TAMS 0x0000000088500000, 0x0000000088500000| Untracked 
| 134|0x0000000088600000, 0x0000000088600000, 0x0000000088700000|  0%| F|  |TAMS 0x0000000088600000, 0x0000000088600000| Untracked 
| 135|0x0000000088700000, 0x0000000088700000, 0x0000000088800000|  0%| F|  |TAMS 0x0000000088700000, 0x0000000088700000| Untracked 
| 136|0x0000000088800000, 0x0000000088800000, 0x0000000088900000|  0%| F|  |TAMS 0x0000000088800000, 0x0000000088800000| Untracked 
| 137|0x0000000088900000, 0x0000000088900000, 0x0000000088a00000|  0%| F|  |TAMS 0x0000000088900000, 0x0000000088900000| Untracked 
| 138|0x0000000088a00000, 0x0000000088a00000, 0x0000000088b00000|  0%| F|  |TAMS 0x0000000088a00000, 0x0000000088a00000| Untracked 
| 139|0x0000000088b00000, 0x0000000088b00000, 0x0000000088c00000|  0%| F|  |TAMS 0x0000000088b00000, 0x0000000088b00000| Untracked 
| 140|0x0000000088c00000, 0x0000000088c00000, 0x0000000088d00000|  0%| F|  |TAMS 0x0000000088c00000, 0x0000000088c00000| Untracked 
| 141|0x0000000088d00000, 0x0000000088d00000, 0x0000000088e00000|  0%| F|  |TAMS 0x0000000088d00000, 0x0000000088d00000| Untracked 
| 142|0x0000000088e00000, 0x0000000088e00000, 0x0000000088f00000|  0%| F|  |TAMS 0x0000000088e00000, 0x0000000088e00000| Untracked 
| 143|0x0000000088f00000, 0x0000000088f00000, 0x0000000089000000|  0%| F|  |TAMS 0x0000000088f00000, 0x0000000088f00000| Untracked 
| 144|0x0000000089000000, 0x0000000089000000, 0x0000000089100000|  0%| F|  |TAMS 0x0000000089000000, 0x0000000089000000| Untracked 
| 145|0x0000000089100000, 0x0000000089100000, 0x0000000089200000|  0%| F|  |TAMS 0x0000000089100000, 0x0000000089100000| Untracked 
| 146|0x0000000089200000, 0x0000000089200000, 0x0000000089300000|  0%| F|  |TAMS 0x0000000089200000, 0x0000000089200000| Untracked 
| 147|0x0000000089300000, 0x0000000089300000, 0x0000000089400000|  0%| F|  |TAMS 0x0000000089300000, 0x0000000089300000| Untracked 
| 148|0x0000000089400000, 0x0000000089400000, 0x0000000089500000|  0%| F|  |TAMS 0x0000000089400000, 0x0000000089400000| Untracked 
| 149|0x0000000089500000, 0x0000000089500000, 0x0000000089600000|  0%| F|  |TAMS 0x0000000089500000, 0x0000000089500000| Untracked 
| 150|0x0000000089600000, 0x0000000089600000, 0x0000000089700000|  0%| F|  |TAMS 0x0000000089600000, 0x0000000089600000| Untracked 
| 151|0x0000000089700000, 0x0000000089700000, 0x0000000089800000|  0%| F|  |TAMS 0x0000000089700000, 0x0000000089700000| Untracked 

Card table byte_map: [0x0000026d6ac90000,0x0000026d6b090000] _byte_map_base: 0x0000026d6a890000

Marking Bits (Prev, Next): (CMBitMap*) 0x0000026d51fbf360, (CMBitMap*) 0x0000026d51fbf320
 Prev Bits: [0x0000026d6d490000, 0x0000026d6f490000)
 Next Bits: [0x0000026d6b490000, 0x0000026d6d490000)

Polling page: 0x0000026d5b230000

Metaspace:

Usage:
  Non-class:     65.13 MB used.
      Class:     10.49 MB used.
       Both:     75.62 MB used.

Virtual space:
  Non-class space:      128.00 MB reserved,      65.56 MB ( 51%) committed,  2 nodes.
      Class space:      416.00 MB reserved,      10.81 MB (  3%) committed,  1 nodes.
             Both:      544.00 MB reserved,      76.38 MB ( 14%) committed. 

Chunk freelists:
   Non-Class:  14.11 MB
       Class:  5.19 MB
        Both:  19.30 MB

MaxMetaspaceSize: 512.00 MB
CompressedClassSpaceSize: 416.00 MB
Initial GC threshold: 21.00 MB
Current GC threshold: 124.00 MB
CDS: on
MetaspaceReclaimPolicy: balanced
 - commit_granule_bytes: 65536.
 - commit_granule_words: 8192.
 - virtual_space_node_default_size: 8388608.
 - enlarge_chunks_in_place: 1.
 - new_chunks_are_fully_committed: 0.
 - uncommit_free_chunks: 1.
 - use_allocation_guard: 0.
 - handle_deallocations: 1.


Internal statistics:

num_allocs_failed_limit: 3.
num_arena_births: 896.
num_arena_deaths: 0.
num_vsnodes_births: 3.
num_vsnodes_deaths: 0.
num_space_committed: 1222.
num_space_uncommitted: 0.
num_chunks_returned_to_freelist: 3.
num_chunks_taken_from_freelist: 4056.
num_chunk_merges: 3.
num_chunk_splits: 2702.
num_chunks_enlarged: 1841.
num_inconsistent_stats: 0.

CodeHeap 'non-profiled nmethods': size=120000Kb used=4591Kb max_used=5081Kb free=115409Kb
 bounds [0x0000026d62d20000, 0x0000026d63220000, 0x0000026d6a250000]
CodeHeap 'profiled nmethods': size=120000Kb used=15932Kb max_used=16744Kb free=104067Kb
 bounds [0x0000026d5b250000, 0x0000026d5c2e0000, 0x0000026d62780000]
CodeHeap 'non-nmethods': size=5760Kb used=2379Kb max_used=2426Kb free=3380Kb
 bounds [0x0000026d62780000, 0x0000026d629f0000, 0x0000026d62d20000]
 total_blobs=9142 nmethods=8237 adapters=815
 compilation: enabled
              stopped_count=0, restarted_count=0
 full_count=0

Compilation events (20 events):
Event: 78.749 Thread 0x0000026d719be590 9765       3       org.gradle.internal.vfs.impl.DefaultSnapshotHierarchy$$Lambda$887/0x0000026d016487b0::apply (12 bytes)
Event: 78.750 Thread 0x0000026d719be590 nmethod 9765 0x0000026d5ba4a910 code [0x0000026d5ba4aae0, 0x0000026d5ba4af98]
Event: 78.750 Thread 0x0000026d719be590 9766       3       org.gradle.internal.vfs.impl.DefaultSnapshotHierarchy::lambda$invalidate$0 (25 bytes)
Event: 78.750 Thread 0x0000026d719be590 nmethod 9766 0x0000026d5baf5710 code [0x0000026d5baf58c0, 0x0000026d5baf5bf8]
Event: 78.750 Thread 0x0000026d719be590 9767       3       org.gradle.internal.vfs.impl.DefaultSnapshotHierarchy$$Lambda$888/0x0000026d016489f0::<init> (10 bytes)
Event: 78.750 Thread 0x0000026d719be590 nmethod 9767 0x0000026d5bd3a690 code [0x0000026d5bd3a820, 0x0000026d5bd3a9d8]
Event: 78.750 Thread 0x0000026d719be590 9768       3       org.gradle.internal.watch.vfs.impl.WatchingVirtualFileSystem$BroadcastingChangeHandler::handleChange (15 bytes)
Event: 78.751 Thread 0x0000026d719be590 nmethod 9768 0x0000026d5c1a2190 code [0x0000026d5c1a2360, 0x0000026d5c1a2778]
Event: 78.751 Thread 0x0000026d719be590 9769       3       org.gradle.internal.service.scopes.DefaultFileChangeListeners::broadcastChange (18 bytes)
Event: 78.751 Thread 0x0000026d719be590 nmethod 9769 0x0000026d5b2dfb90 code [0x0000026d5b2dfd60, 0x0000026d5b2e00b8]
Event: 78.751 Thread 0x0000026d719be590 9770   !   3       jdk.proxy1.$Proxy58::handleChange (38 bytes)
Event: 78.751 Thread 0x0000026d719be590 nmethod 9770 0x0000026d5b9fc610 code [0x0000026d5b9fc800, 0x0000026d5b9fceb8]
Event: 78.752 Thread 0x0000026d719be590 9771       3       org.codehaus.groovy.util.ComplexKeyHashMap::resize (103 bytes)
Event: 78.752 Thread 0x0000026d719be590 nmethod 9771 0x0000026d5b425a10 code [0x0000026d5b425be0, 0x0000026d5b4261b8]
Event: 78.763 Thread 0x0000026d719be590 9772       3       org.codehaus.groovy.reflection.CachedClass$1::initValue (5 bytes)
Event: 78.764 Thread 0x0000026d719be590 nmethod 9772 0x0000026d5b37f710 code [0x0000026d5b37f960, 0x0000026d5b380338]
Event: 78.764 Thread 0x0000026d719be590 9773       3       org.codehaus.groovy.reflection.CachedClass$1::initValue (15 bytes)
Event: 78.765 Thread 0x0000026d719be590 nmethod 9773 0x0000026d5b88df90 code [0x0000026d5b88e1e0, 0x0000026d5b88eb38]
Event: 78.765 Thread 0x0000026d719be590 9774       3       org.codehaus.groovy.reflection.CachedClass$1$$Lambda$438/0x0000026d013d7be0::apply (5 bytes)
Event: 78.765 Thread 0x0000026d719be590 nmethod 9774 0x0000026d5b4cf410 code [0x0000026d5b4cf5a0, 0x0000026d5b4cf798]

GC Heap History (20 events):
Event: 57.333 GC heap after
{Heap after GC invocations=57 (full 0):
 garbage-first heap   total 132096K, used 78036K [0x0000000080000000, 0x0000000100000000)
  region size 1024K, 1 young (1024K), 1 survivors (1024K)
 Metaspace       used 66403K, committed 67136K, reserved 491520K
  class space    used 9372K, committed 9728K, reserved 425984K
}
Event: 58.460 GC heap before
{Heap before GC invocations=57 (full 0):
 garbage-first heap   total 132096K, used 98516K [0x0000000080000000, 0x0000000100000000)
  region size 1024K, 22 young (22528K), 1 survivors (1024K)
 Metaspace       used 68335K, committed 69056K, reserved 491520K
  class space    used 9569K, committed 9920K, reserved 425984K
}
Event: 58.464 GC heap after
{Heap after GC invocations=58 (full 0):
 garbage-first heap   total 132096K, used 78459K [0x0000000080000000, 0x0000000100000000)
  region size 1024K, 1 young (1024K), 1 survivors (1024K)
 Metaspace       used 68335K, committed 69056K, reserved 491520K
  class space    used 9569K, committed 9920K, reserved 425984K
}
Event: 60.553 GC heap before
{Heap before GC invocations=59 (full 0):
 garbage-first heap   total 135168K, used 102011K [0x0000000080000000, 0x0000000100000000)
  region size 1024K, 24 young (24576K), 1 survivors (1024K)
 Metaspace       used 70717K, committed 71488K, reserved 491520K
  class space    used 9849K, committed 10240K, reserved 425984K
}
Event: 60.559 GC heap after
{Heap after GC invocations=60 (full 0):
 garbage-first heap   total 135168K, used 82306K [0x0000000080000000, 0x0000000100000000)
  region size 1024K, 3 young (3072K), 3 survivors (3072K)
 Metaspace       used 70717K, committed 71488K, reserved 491520K
  class space    used 9849K, committed 10240K, reserved 425984K
}
Event: 60.606 GC heap before
{Heap before GC invocations=60 (full 0):
 garbage-first heap   total 135168K, used 88450K [0x0000000080000000, 0x0000000100000000)
  region size 1024K, 6 young (6144K), 3 survivors (3072K)
 Metaspace       used 70717K, committed 71488K, reserved 491520K
  class space    used 9849K, committed 10240K, reserved 425984K
}
Event: 60.613 GC heap after
{Heap after GC invocations=61 (full 0):
 garbage-first heap   total 135168K, used 85298K [0x0000000080000000, 0x0000000100000000)
  region size 1024K, 1 young (1024K), 1 survivors (1024K)
 Metaspace       used 70717K, committed 71488K, reserved 491520K
  class space    used 9849K, committed 10240K, reserved 425984K
}
Event: 60.703 GC heap before
{Heap before GC invocations=61 (full 0):
 garbage-first heap   total 135168K, used 87346K [0x0000000080000000, 0x0000000100000000)
  region size 1024K, 4 young (4096K), 1 survivors (1024K)
 Metaspace       used 70726K, committed 71488K, reserved 491520K
  class space    used 9850K, committed 10240K, reserved 425984K
}
Event: 60.706 GC heap after
{Heap after GC invocations=62 (full 0):
 garbage-first heap   total 135168K, used 85758K [0x0000000080000000, 0x0000000100000000)
  region size 1024K, 2 young (2048K), 2 survivors (2048K)
 Metaspace       used 70726K, committed 71488K, reserved 491520K
  class space    used 9850K, committed 10240K, reserved 425984K
}
Event: 61.434 GC heap before
{Heap before GC invocations=63 (full 0):
 garbage-first heap   total 155648K, used 109310K [0x0000000080000000, 0x0000000100000000)
  region size 1024K, 23 young (23552K), 2 survivors (2048K)
 Metaspace       used 72056K, committed 72768K, reserved 491520K
  class space    used 10030K, committed 10368K, reserved 425984K
}
Event: 61.439 GC heap after
{Heap after GC invocations=64 (full 0):
 garbage-first heap   total 155648K, used 87164K [0x0000000080000000, 0x0000000100000000)
  region size 1024K, 2 young (2048K), 2 survivors (2048K)
 Metaspace       used 72056K, committed 72768K, reserved 491520K
  class space    used 10030K, committed 10368K, reserved 425984K
}
Event: 61.560 GC heap before
{Heap before GC invocations=64 (full 0):
 garbage-first heap   total 155648K, used 92284K [0x0000000080000000, 0x0000000100000000)
  region size 1024K, 7 young (7168K), 2 survivors (2048K)
 Metaspace       used 72363K, committed 73088K, reserved 491520K
  class space    used 10073K, committed 10432K, reserved 425984K
}
Event: 61.565 GC heap after
{Heap after GC invocations=65 (full 0):
 garbage-first heap   total 155648K, used 87283K [0x0000000080000000, 0x0000000100000000)
  region size 1024K, 1 young (1024K), 1 survivors (1024K)
 Metaspace       used 72363K, committed 73088K, reserved 491520K
  class space    used 10073K, committed 10432K, reserved 425984K
}
Event: 62.949 GC heap before
{Heap before GC invocations=65 (full 0):
 garbage-first heap   total 155648K, used 122099K [0x0000000080000000, 0x0000000100000000)
  region size 1024K, 35 young (35840K), 1 survivors (1024K)
 Metaspace       used 74913K, committed 75648K, reserved 491520K
  class space    used 10411K, committed 10752K, reserved 425984K
}
Event: 62.954 GC heap after
{Heap after GC invocations=66 (full 0):
 garbage-first heap   total 155648K, used 88737K [0x0000000080000000, 0x0000000100000000)
  region size 1024K, 2 young (2048K), 2 survivors (2048K)
 Metaspace       used 74913K, committed 75648K, reserved 491520K
  class space    used 10411K, committed 10752K, reserved 425984K
}
Event: 63.995 GC heap before
{Heap before GC invocations=67 (full 0):
 garbage-first heap   total 155648K, used 120481K [0x0000000080000000, 0x0000000100000000)
  region size 1024K, 37 young (37888K), 2 survivors (2048K)
 Metaspace       used 77045K, committed 77824K, reserved 557056K
  class space    used 10694K, committed 11072K, reserved 425984K
}
Event: 64.002 GC heap after
{Heap after GC invocations=68 (full 0):
 garbage-first heap   total 155648K, used 87109K [0x0000000080000000, 0x0000000100000000)
  region size 1024K, 5 young (5120K), 5 survivors (5120K)
 Metaspace       used 77045K, committed 77824K, reserved 557056K
  class space    used 10694K, committed 11072K, reserved 425984K
}
Event: 64.026 GC heap before
{Heap before GC invocations=68 (full 0):
 garbage-first heap   total 155648K, used 89157K [0x0000000080000000, 0x0000000100000000)
  region size 1024K, 7 young (7168K), 5 survivors (5120K)
 Metaspace       used 77045K, committed 77824K, reserved 557056K
  class space    used 10694K, committed 11072K, reserved 425984K
}
Event: 64.033 GC heap after
{Heap after GC invocations=69 (full 0):
 garbage-first heap   total 155648K, used 86967K [0x0000000080000000, 0x0000000100000000)
  region size 1024K, 1 young (1024K), 1 survivors (1024K)
 Metaspace       used 77045K, committed 77824K, reserved 557056K
  class space    used 10694K, committed 11072K, reserved 425984K
}
Event: 78.902 GC heap before
{Heap before GC invocations=69 (full 0):
 garbage-first heap   total 155648K, used 124855K [0x0000000080000000, 0x0000000100000000)
  region size 1024K, 38 young (38912K), 1 survivors (1024K)
 Metaspace       used 77439K, committed 78208K, reserved 557056K
  class space    used 10744K, committed 11072K, reserved 425984K
}

Dll operation events (15 events):
Event: 0.072 Loaded shared library C:\Program Files\Microsoft\jdk-17.0.10.7-hotspot\bin\java.dll
Event: 0.321 Loaded shared library C:\Program Files\Microsoft\jdk-17.0.10.7-hotspot\bin\jsvml.dll
Event: 0.457 Loaded shared library C:\Program Files\Microsoft\jdk-17.0.10.7-hotspot\bin\zip.dll
Event: 0.504 Loaded shared library C:\Program Files\Microsoft\jdk-17.0.10.7-hotspot\bin\instrument.dll
Event: 0.574 Loaded shared library C:\Program Files\Microsoft\jdk-17.0.10.7-hotspot\bin\net.dll
Event: 0.611 Loaded shared library C:\Program Files\Microsoft\jdk-17.0.10.7-hotspot\bin\nio.dll
Event: 0.624 Loaded shared library C:\Program Files\Microsoft\jdk-17.0.10.7-hotspot\bin\zip.dll
Event: 1.071 Loaded shared library C:\Program Files\Microsoft\jdk-17.0.10.7-hotspot\bin\jimage.dll
Event: 1.212 Loaded shared library C:\Program Files\Microsoft\jdk-17.0.10.7-hotspot\bin\verify.dll
Event: 1.559 Loaded shared library C:\Users\LENOVO\.gradle\native\68d5fa5c4cc2d200863cafc0d521ce42e7d3e7ee720ec0a83991735586a16f82\windows-amd64\native-platform.dll
Event: 1.567 Loaded shared library C:\Users\LENOVO\.gradle\native\e376f236ea51e6404a007f0833ffe2c6e607c4080706a723a18a27aeea778392\windows-amd64\native-platform-file-events.dll
Event: 3.003 Loaded shared library C:\Program Files\Microsoft\jdk-17.0.10.7-hotspot\bin\management.dll
Event: 3.009 Loaded shared library C:\Program Files\Microsoft\jdk-17.0.10.7-hotspot\bin\management_ext.dll
Event: 3.391 Loaded shared library C:\Program Files\Microsoft\jdk-17.0.10.7-hotspot\bin\extnet.dll
Event: 3.883 Loaded shared library C:\Program Files\Microsoft\jdk-17.0.10.7-hotspot\bin\sunmscapi.dll

Deoptimization events (20 events):
Event: 64.458 Thread 0x0000026d77993e30 Uncommon trap: trap_request=0xffffff45 fr.pc=0x0000026d62f02344 relative=0x00000000000055a4
Event: 64.458 Thread 0x0000026d77993e30 Uncommon trap: reason=unstable_if action=reinterpret pc=0x0000026d62f02344 method=org.codehaus.groovy.runtime.metaclass.MetaMethodIndex.isOverridden(Lgroovy/lang/MetaMethod;Lgroovy/lang/MetaMethod;)Z @ 52 c2
Event: 64.459 Thread 0x0000026d77993e30 DEOPT PACKING pc=0x0000026d62f02344 sp=0x0000008dd23f0bc0
Event: 64.459 Thread 0x0000026d77993e30 DEOPT UNPACKING pc=0x0000026d627d69a3 sp=0x0000008dd23f0bb8 mode 2
Event: 64.508 Thread 0x0000026d77993e30 Uncommon trap: trap_request=0xffffffc6 fr.pc=0x0000026d63053978 relative=0x00000000000004b8
Event: 64.508 Thread 0x0000026d77993e30 Uncommon trap: reason=bimorphic_or_optimized_type_check action=maybe_recompile pc=0x0000026d63053978 method=org.codehaus.groovy.util.SingleKeyHashMap.get(Ljava/lang/Object;)Ljava/lang/Object; @ 43 c2
Event: 64.508 Thread 0x0000026d77993e30 DEOPT PACKING pc=0x0000026d63053978 sp=0x0000008dd23f0dc0
Event: 64.508 Thread 0x0000026d77993e30 DEOPT UNPACKING pc=0x0000026d627d69a3 sp=0x0000008dd23f0d58 mode 2
Event: 64.512 Thread 0x0000026d77993e30 Uncommon trap: trap_request=0xffffffc6 fr.pc=0x0000026d63053978 relative=0x00000000000004b8
Event: 64.512 Thread 0x0000026d77993e30 Uncommon trap: reason=bimorphic_or_optimized_type_check action=maybe_recompile pc=0x0000026d63053978 method=org.codehaus.groovy.util.SingleKeyHashMap.get(Ljava/lang/Object;)Ljava/lang/Object; @ 43 c2
Event: 64.512 Thread 0x0000026d77993e30 DEOPT PACKING pc=0x0000026d63053978 sp=0x0000008dd23f0dc0
Event: 64.512 Thread 0x0000026d77993e30 DEOPT UNPACKING pc=0x0000026d627d69a3 sp=0x0000008dd23f0d58 mode 2
Event: 78.522 Thread 0x0000026d77993e30 Uncommon trap: trap_request=0xffffff45 fr.pc=0x0000026d62f0eb54 relative=0x00000000000012d4
Event: 78.522 Thread 0x0000026d77993e30 Uncommon trap: reason=unstable_if action=reinterpret pc=0x0000026d62f0eb54 method=java.io.BufferedReader.readLine(Z[Z)Ljava/lang/String; @ 209 c2
Event: 78.522 Thread 0x0000026d77993e30 DEOPT PACKING pc=0x0000026d62f0eb54 sp=0x0000008dd23f47b0
Event: 78.522 Thread 0x0000026d77993e30 DEOPT UNPACKING pc=0x0000026d627d69a3 sp=0x0000008dd23f4780 mode 2
Event: 78.702 Thread 0x0000026d77993e30 Uncommon trap: trap_request=0xffffffc6 fr.pc=0x0000026d63166b20 relative=0x0000000000001bc0
Event: 78.702 Thread 0x0000026d77993e30 Uncommon trap: reason=bimorphic_or_optimized_type_check action=maybe_recompile pc=0x0000026d63166b20 method=groovy.lang.MetaClassImpl.filterPropertyMethod(Ljava/lang/Object;ZZ)Ljava/lang/Object; @ 38 c2
Event: 78.702 Thread 0x0000026d77993e30 DEOPT PACKING pc=0x0000026d63166b20 sp=0x0000008dd23f3dc0
Event: 78.702 Thread 0x0000026d77993e30 DEOPT UNPACKING pc=0x0000026d627d69a3 sp=0x0000008dd23f3da8 mode 2

Classes unloaded (0 events):
No events

Classes redefined (0 events):
No events

Internal exceptions (20 events):
Event: 78.649 Thread 0x0000026d77993e30 Exception <a 'java/lang/ClassNotFoundException'{0x0000000087823e08}: org/gradle/api/DefaultTask_DecoratedBeanInfo> (0x0000000087823e08) 
thrown [s\src\hotspot\share\classfile\systemDictionary.cpp, line 256]
Event: 78.650 Thread 0x0000026d77993e30 Exception <a 'java/lang/ClassNotFoundException'{0x000000008783f8f8}: org/gradle/api/DefaultTaskBeanInfo> (0x000000008783f8f8) 
thrown [s\src\hotspot\share\classfile\systemDictionary.cpp, line 256]
Event: 78.652 Thread 0x0000026d77993e30 Exception <a 'java/lang/ClassNotFoundException'{0x000000008785b828}: org/gradle/api/internal/AbstractTaskBeanInfo> (0x000000008785b828) 
thrown [s\src\hotspot\share\classfile\systemDictionary.cpp, line 256]
Event: 78.654 Thread 0x0000026d77993e30 Exception <a 'java/lang/ClassNotFoundException'{0x0000000087877768}: org/gradle/api/internal/AbstractTaskCustomizer> (0x0000000087877768) 
thrown [s\src\hotspot\share\classfile\systemDictionary.cpp, line 256]
Event: 78.659 Thread 0x0000026d77993e30 Exception <a 'java/lang/ClassNotFoundException'{0x00000000878e8f30}: org/gradle/api/DefaultTaskCustomizer> (0x00000000878e8f30) 
thrown [s\src\hotspot\share\classfile\systemDictionary.cpp, line 256]
Event: 78.683 Thread 0x0000026d77993e30 Exception <a 'java/lang/ClassNotFoundException'{0x0000000087762998}: org/gradle/api/DefaultTask_DecoratedCustomizer> (0x0000000087762998) 
thrown [s\src\hotspot\share\classfile\systemDictionary.cpp, line 256]
Event: 78.701 Thread 0x0000026d77993e30 Exception <a 'java/lang/ClassNotFoundException'{0x00000000877e83c8}: java/util/regex/MatcherBeanInfo> (0x00000000877e83c8) 
thrown [s\src\hotspot\share\classfile\systemDictionary.cpp, line 256]
Event: 78.701 Thread 0x0000026d77993e30 Exception <a 'java/lang/ClassNotFoundException'{0x00000000877f2450}: java/util/regex/MatcherCustomizer> (0x00000000877f2450) 
thrown [s\src\hotspot\share\classfile\systemDictionary.cpp, line 256]
Event: 78.727 Thread 0x0000026d77993e30 Exception <a 'java/lang/ClassNotFoundException'{0x00000000876a91b0}: com/android/build/gradle/internal/api/DefaultAndroidSourceSet_DecoratedBeanInfo> (0x00000000876a91b0) 
thrown [s\src\hotspot\share\classfile\systemDictionary.cpp, line 256]
Event: 78.728 Thread 0x0000026d77993e30 Exception <a 'java/lang/ClassNotFoundException'{0x00000000876bb5c8}: com/android/build/gradle/internal/api/DefaultAndroidSourceSetBeanInfo> (0x00000000876bb5c8) 
thrown [s\src\hotspot\share\classfile\systemDictionary.cpp, line 256]
Event: 78.729 Thread 0x0000026d77993e30 Exception <a 'java/lang/ClassNotFoundException'{0x00000000876cda38}: com/android/build/gradle/internal/api/DefaultAndroidSourceSetCustomizer> (0x00000000876cda38) 
thrown [s\src\hotspot\share\classfile\systemDictionary.cpp, line 256]
Event: 78.739 Thread 0x0000026d77993e30 Exception <a 'java/lang/ClassNotFoundException'{0x0000000087540d48}: com/android/build/gradle/internal/api/DefaultAndroidSourceSet_DecoratedCustomizer> (0x0000000087540d48) 
thrown [s\src\hotspot\share\classfile\systemDictionary.cpp, line 256]
Event: 78.760 Thread 0x0000026d77993e30 Exception <a 'java/lang/ClassNotFoundException'{0x00000000875ec580}: com/android/build/gradle/internal/api/DefaultAndroidSourceDirectorySetBeanInfo> (0x00000000875ec580) 
thrown [s\src\hotspot\share\classfile\systemDictionary.cpp, line 256]
Event: 78.761 Thread 0x0000026d77993e30 Exception <a 'java/lang/ClassNotFoundException'{0x00000000875ffd98}: com/android/build/gradle/internal/api/DefaultAndroidSourceDirectorySetCustomizer> (0x00000000875ffd98) 
thrown [s\src\hotspot\share\classfile\systemDictionary.cpp, line 256]
Event: 78.813 Thread 0x0000026d77993e30 Exception <a 'java/lang/ClassNotFoundException'{0x000000008732c688}: com/google/common/collect/SingletonImmutableSetBeanInfo> (0x000000008732c688) 
thrown [s\src\hotspot\share\classfile\systemDictionary.cpp, line 256]
Event: 78.814 Thread 0x0000026d77993e30 Exception <a 'java/lang/ClassNotFoundException'{0x000000008733f998}: com/google/common/collect/ImmutableSetBeanInfo> (0x000000008733f998) 
thrown [s\src\hotspot\share\classfile\systemDictionary.cpp, line 256]
Event: 78.815 Thread 0x0000026d77993e30 Exception <a 'java/lang/ClassNotFoundException'{0x0000000087352d78}: com/google/common/collect/ImmutableCollectionBeanInfo> (0x0000000087352d78) 
thrown [s\src\hotspot\share\classfile\systemDictionary.cpp, line 256]
Event: 78.816 Thread 0x0000026d77993e30 Exception <a 'java/lang/ClassNotFoundException'{0x00000000873661c8}: com/google/common/collect/ImmutableCollectionCustomizer> (0x00000000873661c8) 
thrown [s\src\hotspot\share\classfile\systemDictionary.cpp, line 256]
Event: 78.827 Thread 0x0000026d77993e30 Exception <a 'java/lang/ClassNotFoundException'{0x00000000873c1ce0}: com/google/common/collect/ImmutableSetCustomizer> (0x00000000873c1ce0) 
thrown [s\src\hotspot\share\classfile\systemDictionary.cpp, line 256]
Event: 78.830 Thread 0x0000026d77993e30 Exception <a 'java/lang/ClassNotFoundException'{0x00000000873edb20}: com/google/common/collect/SingletonImmutableSetCustomizer> (0x00000000873edb20) 
thrown [s\src\hotspot\share\classfile\systemDictionary.cpp, line 256]

VM Operations (20 events):
Event: 62.954 Executing VM operation: G1CollectForAllocation done
Event: 63.124 Executing VM operation: G1PauseRemark
Event: 63.130 Executing VM operation: G1PauseRemark done
Event: 63.203 Executing VM operation: G1PauseCleanup
Event: 63.203 Executing VM operation: G1PauseCleanup done
Event: 63.995 Executing VM operation: G1CollectForAllocation
Event: 64.002 Executing VM operation: G1CollectForAllocation done
Event: 64.026 Executing VM operation: G1CollectForAllocation
Event: 64.033 Executing VM operation: G1CollectForAllocation done
Event: 65.047 Executing VM operation: Cleanup
Event: 65.047 Executing VM operation: Cleanup done
Event: 67.070 Executing VM operation: Cleanup
Event: 67.070 Executing VM operation: Cleanup done
Event: 68.075 Executing VM operation: Cleanup
Event: 68.075 Executing VM operation: Cleanup done
Event: 70.095 Executing VM operation: Cleanup
Event: 70.095 Executing VM operation: Cleanup done
Event: 73.126 Executing VM operation: Cleanup
Event: 73.126 Executing VM operation: Cleanup done
Event: 78.901 Executing VM operation: G1CollectForAllocation

Events (20 events):
Event: 62.727 Thread 0x0000026d76010dc0 flushing nmethod 0x0000026d5c1a7c10
Event: 62.727 Thread 0x0000026d76010dc0 flushing nmethod 0x0000026d5c1aba10
Event: 62.727 Thread 0x0000026d76010dc0 flushing nmethod 0x0000026d5c1b1190
Event: 62.727 Thread 0x0000026d76010dc0 flushing nmethod 0x0000026d5c1bde90
Event: 62.728 Thread 0x0000026d76010dc0 flushing nmethod 0x0000026d5c1f7d10
Event: 63.600 loading class jdk/internal/access/foreign/MemorySegmentProxy
Event: 63.600 loading class jdk/internal/access/foreign/MemorySegmentProxy done
Event: 63.711 loading class java/util/regex/Pattern$Pos
Event: 63.711 loading class java/util/regex/Pattern$Pos done
Event: 64.217 loading class java/beans/IntrospectionException
Event: 64.218 loading class java/beans/IntrospectionException done
Event: 71.427 Thread 0x0000026d77f492d0 Thread exited: 0x0000026d77f492d0
Event: 78.700 loading class java/util/regex/MatcherBeanInfo
Event: 78.700 loading class java/util/regex/MatcherBeanInfo done
Event: 78.701 loading class java/util/regex/MatcherBeanInfo
Event: 78.701 loading class java/util/regex/MatcherBeanInfo done
Event: 78.701 loading class java/util/regex/MatcherCustomizer
Event: 78.701 loading class java/util/regex/MatcherCustomizer done
Event: 78.701 loading class java/util/regex/MatcherCustomizer
Event: 78.701 loading class java/util/regex/MatcherCustomizer done


Dynamic libraries:
0x00007ff7731b0000 - 0x00007ff7731be000 	C:\Program Files\Microsoft\jdk-17.0.10.7-hotspot\bin\java.exe
0x00007ff8ba550000 - 0x00007ff8ba748000 	C:\Windows\SYSTEM32\ntdll.dll
0x00007ff8ba1a0000 - 0x00007ff8ba25d000 	C:\Windows\System32\KERNEL32.DLL
0x00007ff8b7e50000 - 0x00007ff8b8146000 	C:\Windows\System32\KERNELBASE.dll
0x00007ff8b8150000 - 0x00007ff8b8250000 	C:\Windows\System32\ucrtbase.dll
0x00007ff8aca20000 - 0x00007ff8aca37000 	C:\Program Files\Microsoft\jdk-17.0.10.7-hotspot\bin\jli.dll
0x00007ff8b8d60000 - 0x00007ff8b8efe000 	C:\Windows\System32\USER32.dll
0x00007ff8b7db0000 - 0x00007ff8b7dd2000 	C:\Windows\System32\win32u.dll
0x00007ff8a8a40000 - 0x00007ff8a8a5b000 	C:\Program Files\Microsoft\jdk-17.0.10.7-hotspot\bin\VCRUNTIME140.dll
0x00007ff8ba040000 - 0x00007ff8ba06b000 	C:\Windows\System32\GDI32.dll
0x00007ff8b8300000 - 0x00007ff8b8417000 	C:\Windows\System32\gdi32full.dll
0x00007ff8aa020000 - 0x00007ff8aa2ba000 	C:\Windows\WinSxS\amd64_microsoft.windows.common-controls_6595b64144ccf1df_6.0.19041.3636_none_60b6a03d71f818d5\COMCTL32.dll
0x00007ff8b7c00000 - 0x00007ff8b7c9d000 	C:\Windows\System32\msvcp_win.dll
0x00007ff8b9e80000 - 0x00007ff8b9f1e000 	C:\Windows\System32\msvcrt.dll
0x00007ff8b9dc0000 - 0x00007ff8b9df2000 	C:\Windows\System32\IMM32.DLL
0x00007ff8b2fd0000 - 0x00007ff8b2fdc000 	C:\Program Files\Microsoft\jdk-17.0.10.7-hotspot\bin\vcruntime140_1.dll
0x00007ff8948d0000 - 0x00007ff89495d000 	C:\Program Files\Microsoft\jdk-17.0.10.7-hotspot\bin\msvcp140.dll
0x00007ff86da40000 - 0x00007ff86e6a5000 	C:\Program Files\Microsoft\jdk-17.0.10.7-hotspot\bin\server\jvm.dll
0x00007ff8b9b00000 - 0x00007ff8b9bb0000 	C:\Windows\System32\ADVAPI32.dll
0x00007ff8b8c40000 - 0x00007ff8b8ce0000 	C:\Windows\System32\sechost.dll
0x00007ff8ba350000 - 0x00007ff8ba475000 	C:\Windows\System32\RPCRT4.dll
0x00007ff8b7d80000 - 0x00007ff8b7da7000 	C:\Windows\System32\bcrypt.dll
0x00007ff8b7150000 - 0x00007ff8b719b000 	C:\Windows\SYSTEM32\POWRPROF.dll
0x00007ff8b2cd0000 - 0x00007ff8b2cd9000 	C:\Windows\SYSTEM32\WSOCK32.dll
0x00007ff8ba130000 - 0x00007ff8ba19b000 	C:\Windows\System32\WS2_32.dll
0x00007ff8a73f0000 - 0x00007ff8a7417000 	C:\Windows\SYSTEM32\WINMM.dll
0x00007ff8a7070000 - 0x00007ff8a707a000 	C:\Windows\SYSTEM32\VERSION.dll
0x00007ff8b7010000 - 0x00007ff8b7022000 	C:\Windows\SYSTEM32\UMPDC.dll
0x00007ff8b5ab0000 - 0x00007ff8b5ac2000 	C:\Windows\SYSTEM32\kernel.appcore.dll
0x00007ff8b28b0000 - 0x00007ff8b28ba000 	C:\Program Files\Microsoft\jdk-17.0.10.7-hotspot\bin\jimage.dll
0x00007ff8a7480000 - 0x00007ff8a7664000 	C:\Windows\SYSTEM32\DBGHELP.DLL
0x00007ff8a72d0000 - 0x00007ff8a7304000 	C:\Windows\SYSTEM32\dbgcore.DLL
0x00007ff8b7cf0000 - 0x00007ff8b7d72000 	C:\Windows\System32\bcryptPrimitives.dll
0x00007ff8b0f80000 - 0x00007ff8b0f8e000 	C:\Program Files\Microsoft\jdk-17.0.10.7-hotspot\bin\instrument.dll
0x00007ff89e290000 - 0x00007ff89e2b5000 	C:\Program Files\Microsoft\jdk-17.0.10.7-hotspot\bin\java.dll
0x00007ff891d30000 - 0x00007ff891e07000 	C:\Program Files\Microsoft\jdk-17.0.10.7-hotspot\bin\jsvml.dll
0x00007ff8b9030000 - 0x00007ff8b979b000 	C:\Windows\System32\SHELL32.dll
0x00007ff8b5cb0000 - 0x00007ff8b644e000 	C:\Windows\SYSTEM32\windows.storage.dll
0x00007ff8b97a0000 - 0x00007ff8b9af3000 	C:\Windows\System32\combase.dll
0x00007ff8b7630000 - 0x00007ff8b765e000 	C:\Windows\SYSTEM32\Wldp.dll
0x00007ff8ba260000 - 0x00007ff8ba32d000 	C:\Windows\System32\OLEAUT32.dll
0x00007ff8ba070000 - 0x00007ff8ba11d000 	C:\Windows\System32\SHCORE.dll
0x00007ff8b9bb0000 - 0x00007ff8b9c05000 	C:\Windows\System32\shlwapi.dll
0x00007ff8b7b30000 - 0x00007ff8b7b55000 	C:\Windows\SYSTEM32\profapi.dll
0x00007ff8a5ee0000 - 0x00007ff8a5ef8000 	C:\Program Files\Microsoft\jdk-17.0.10.7-hotspot\bin\zip.dll
0x00007ff8a82a0000 - 0x00007ff8a82b9000 	C:\Program Files\Microsoft\jdk-17.0.10.7-hotspot\bin\net.dll
0x00007ff8aea60000 - 0x00007ff8aeb6a000 	C:\Windows\SYSTEM32\WINHTTP.dll
0x00007ff8b7390000 - 0x00007ff8b73fa000 	C:\Windows\system32\mswsock.dll
0x00007ff8a7d80000 - 0x00007ff8a7d96000 	C:\Program Files\Microsoft\jdk-17.0.10.7-hotspot\bin\nio.dll
0x00007ff8b40e0000 - 0x00007ff8b40f0000 	C:\Program Files\Microsoft\jdk-17.0.10.7-hotspot\bin\verify.dll
0x00007ff8b1210000 - 0x00007ff8b1237000 	C:\Users\LENOVO\.gradle\native\68d5fa5c4cc2d200863cafc0d521ce42e7d3e7ee720ec0a83991735586a16f82\windows-amd64\native-platform.dll
0x00007ff893910000 - 0x00007ff893a54000 	C:\Users\LENOVO\.gradle\native\e376f236ea51e6404a007f0833ffe2c6e607c4080706a723a18a27aeea778392\windows-amd64\native-platform-file-events.dll
0x00007ff8b1350000 - 0x00007ff8b1359000 	C:\Program Files\Microsoft\jdk-17.0.10.7-hotspot\bin\management.dll
0x00007ff8b1300000 - 0x00007ff8b130b000 	C:\Program Files\Microsoft\jdk-17.0.10.7-hotspot\bin\management_ext.dll
0x00007ff8ba120000 - 0x00007ff8ba128000 	C:\Windows\System32\PSAPI.DLL
0x00007ff8b7580000 - 0x00007ff8b7598000 	C:\Windows\SYSTEM32\CRYPTSP.dll
0x00007ff8b6c50000 - 0x00007ff8b6c84000 	C:\Windows\system32\rsaenh.dll
0x00007ff8b7ab0000 - 0x00007ff8b7ade000 	C:\Windows\SYSTEM32\USERENV.dll
0x00007ff8b75a0000 - 0x00007ff8b75ac000 	C:\Windows\SYSTEM32\CRYPTBASE.dll
0x00007ff8b7030000 - 0x00007ff8b706b000 	C:\Windows\SYSTEM32\IPHLPAPI.DLL
0x00007ff8b9e60000 - 0x00007ff8b9e68000 	C:\Windows\System32\NSI.dll
0x00007ff8af7e0000 - 0x00007ff8af7f7000 	C:\Windows\SYSTEM32\dhcpcsvc6.DLL
0x00007ff8b0a10000 - 0x00007ff8b0a2d000 	C:\Windows\SYSTEM32\dhcpcsvc.DLL
0x00007ff8b7080000 - 0x00007ff8b714b000 	C:\Windows\SYSTEM32\DNSAPI.dll
0x00007ff8acc80000 - 0x00007ff8acc89000 	C:\Program Files\Microsoft\jdk-17.0.10.7-hotspot\bin\extnet.dll
0x00007ff8b11b0000 - 0x00007ff8b11be000 	C:\Program Files\Microsoft\jdk-17.0.10.7-hotspot\bin\sunmscapi.dll
0x00007ff8b8420000 - 0x00007ff8b857d000 	C:\Windows\System32\CRYPT32.dll
0x00007ff8b76a0000 - 0x00007ff8b76c8000 	C:\Windows\SYSTEM32\ncrypt.dll
0x00007ff8b7660000 - 0x00007ff8b769b000 	C:\Windows\SYSTEM32\NTASN1.dll
0x00007ff8b0b00000 - 0x00007ff8b0b07000 	C:\Windows\system32\wshunix.dll
0x00007ff8a53d0000 - 0x00007ff8a53e7000 	C:\Windows\system32\napinsp.dll
0x00007ff8a53b0000 - 0x00007ff8a53cb000 	C:\Windows\system32\pnrpnsp.dll
0x00007ff8a5390000 - 0x00007ff8a53a5000 	C:\Windows\system32\wshbth.dll
0x00007ff8b36d0000 - 0x00007ff8b36ed000 	C:\Windows\system32\NLAapi.dll
0x00007ff8a5370000 - 0x00007ff8a5382000 	C:\Windows\System32\winrnr.dll
0x00007ff8a9bc0000 - 0x00007ff8a9bca000 	C:\Windows\System32\rasadhlp.dll
0x00007ff8a9c20000 - 0x00007ff8a9ca0000 	C:\Windows\System32\fwpuclnt.dll

dbghelp: loaded successfully - version: 4.0.5 - missing functions: none
symbol engine: initialized successfully - sym options: 0x614 - pdb path: .;C:\Program Files\Microsoft\jdk-17.0.10.7-hotspot\bin;C:\Windows\SYSTEM32;C:\Windows\WinSxS\amd64_microsoft.windows.common-controls_6595b64144ccf1df_6.0.19041.3636_none_60b6a03d71f818d5;C:\Program Files\Microsoft\jdk-17.0.10.7-hotspot\bin\server;C:\Users\LENOVO\.gradle\native\68d5fa5c4cc2d200863cafc0d521ce42e7d3e7ee720ec0a83991735586a16f82\windows-amd64;C:\Users\LENOVO\.gradle\native\e376f236ea51e6404a007f0833ffe2c6e607c4080706a723a18a27aeea778392\windows-amd64

VM Arguments:
jvm_args: -XX:MaxMetaspaceSize=512m --add-opens=java.base/java.util=ALL-UNNAMED --add-opens=java.base/java.lang=ALL-UNNAMED --add-opens=java.base/java.lang.invoke=ALL-UNNAMED --add-opens=java.prefs/java.util.prefs=ALL-UNNAMED --add-opens=java.base/java.nio.charset=ALL-UNNAMED --add-opens=java.base/java.net=ALL-UNNAMED --add-opens=java.base/java.util.concurrent.atomic=ALL-UNNAMED -Xmx2048m -Dfile.encoding=windows-1252 -Duser.country=US -Duser.language=en -Duser.variant -javaagent:C:\Users\LENOVO\.gradle\wrapper\dists\gradle-8.3-all\6en3ugtfdg5xnpx44z4qbwgas\gradle-8.3\lib\agents\gradle-instrumentation-agent-8.3.jar 
java_command: org.gradle.launcher.daemon.bootstrap.GradleDaemon 8.3
java_class_path (initial): C:\Users\LENOVO\.gradle\wrapper\dists\gradle-8.3-all\6en3ugtfdg5xnpx44z4qbwgas\gradle-8.3\lib\gradle-launcher-8.3.jar
Launcher Type: SUN_STANDARD

[Global flags]
     intx CICompilerCount                          = 3                                         {product} {ergonomic}
   size_t CompressedClassSpaceSize                 = 436207616                                 {product} {ergonomic}
     uint ConcGCThreads                            = 1                                         {product} {ergonomic}
     uint G1ConcRefinementThreads                  = 4                                         {product} {ergonomic}
   size_t G1HeapRegionSize                         = 1048576                                   {product} {ergonomic}
    uintx GCDrainStackTargetSize                   = 64                                        {product} {ergonomic}
   size_t InitialHeapSize                          = 62914560                                  {product} {ergonomic}
   size_t MarkStackSize                            = 4194304                                   {product} {ergonomic}
   size_t MaxHeapSize                              = 2147483648                                {product} {command line}
   size_t MaxMetaspaceSize                         = 536870912                                 {product} {command line}
   size_t MaxNewSize                               = 1287651328                                {product} {ergonomic}
   size_t MinHeapDeltaBytes                        = 1048576                                   {product} {ergonomic}
   size_t MinHeapSize                              = 8388608                                   {product} {ergonomic}
    uintx NonNMethodCodeHeapSize                   = 5832780                                {pd product} {ergonomic}
    uintx NonProfiledCodeHeapSize                  = 122912730                              {pd product} {ergonomic}
    uintx ProfiledCodeHeapSize                     = 122912730                              {pd product} {ergonomic}
    uintx ReservedCodeCacheSize                    = 251658240                              {pd product} {ergonomic}
     bool SegmentedCodeCache                       = true                                      {product} {ergonomic}
   size_t SoftMaxHeapSize                          = 2147483648                             {manageable} {ergonomic}
     bool UseCompressedClassPointers               = true                           {product lp64_product} {ergonomic}
     bool UseCompressedOops                        = true                           {product lp64_product} {ergonomic}
     bool UseG1GC                                  = true                                      {product} {ergonomic}
     bool UseLargePagesIndividualAllocation        = false                                  {pd product} {ergonomic}

Logging:
Log output configuration:
 #0: stdout all=warning uptime,level,tags
 #1: stderr all=off uptime,level,tags

Environment Variables:
JAVA_HOME=C:\Program Files\Microsoft\jdk-17.0.10.7-hotspot\
CLASSPATH=D:\bootcamp\secondtask with react native ts\Eventlister\android\\gradle\wrapper\gradle-wrapper.jar
PATH=D:\bootcamp\secondtask with react native ts\Eventlister\node_modules\.bin;D:\bootcamp\secondtask with react native ts\Eventlister\node_modules\.bin;D:\bootcamp\secondtask with react native ts\node_modules\.bin;D:\bootcamp\node_modules\.bin;D:\node_modules\.bin;C:\Program Files\nodejs\node_modules\npm\node_modules\@npmcli\run-script\lib\node-gyp-bin;D:\bootcamp\secondtask with react native ts\Eventlister\node_modules\.bin;D:\bootcamp\secondtask with react native ts\Eventlister\node_modules\.bin;D:\bootcamp\secondtask with react native ts\node_modules\.bin;D:\bootcamp\node_modules\.bin;D:\node_modules\.bin;C:\Program Files\nodejs\node_modules\npm\node_modules\@npmcli\run-script\lib\node-gyp-bin;C:\Program Files\Microsoft\jdk-17.0.10.7-hotspot\bin;C:\Python312\Scripts\;C:\Python312\;C:\Windows\system32;C:\Windows;C:\Windows\System32\Wbem;C:\Windows\System32\WindowsPowerShell\v1.0\;C:\Windows\System32\OpenSSH\;C:\Program Files\Git\cmd;C:\Program Files\nodejs\;C:\ProgramData\chocolatey\bin;C:\Users\LENOVO\.console-ninja\.bin;C:\Users\LENOVO\AppData\Local\Microsoft\WindowsApps;C:\Users\LENOVO\AppData\Local\Programs\Microsoft VS Code\bin;C:\Users\LENOVO\AppData\Roaming\npm;C:\Users\LENOVO\AppData\Local\Android\Sdk\platform-tools;
USERNAME=LENOVO
LANG=en_US.UTF-8
OS=Windows_NT
PROCESSOR_IDENTIFIER=Intel64 Family 6 Model 58 Stepping 9, GenuineIntel
TMP=C:\Users\LENOVO\AppData\Local\Temp
TEMP=C:\Users\LENOVO\AppData\Local\Temp



Periodic native trim disabled


---------------  S Y S T E M  ---------------

OS:
 Windows 10 , 64 bit Build 19041 (10.0.19041.3636)
OS uptime: 9 days 5:46 hours

CPU: total 4 (initial active 4) (2 cores per cpu, 2 threads per core) family 6 model 58 stepping 9 microcode 0x21, cx8, cmov, fxsr, ht, mmx, sse, sse2, sse3, ssse3, sse4.1, sse4.2, popcnt, tsc, tscinvbit, avx, aes, erms, clmul, vzeroupper, clflush
Processor Information for all 4 processors :
  Max Mhz: 2601, Current Mhz: 2601, Mhz Limit: 2601

Memory: 4k page, system-wide physical 3793M (265M free)
TotalPageFile size 12473M (AvailPageFile size 129M)
current process WorkingSet (physical memory assigned to process): 277M, peak: 300M
current process commit charge ("private bytes"): 403M, peak: 557M

vm_info: OpenJDK 64-Bit Server VM (17.0.10+7-LTS) for windows-amd64 JRE (17.0.10+7-LTS), built on Jan 10 2024 19:47:12 by "MicrosoftCorporation" with MS VC++ 16.10 / 16.11 (VS2019)

END.
